Running QNS experiments [seed=20260608]...
SPAM protocol: none
[dataset] recording phase coefficients -> /home/mqasimk/IdeaProjects/QNS-2Q/DraftRun_NoSPAM_showcase_cap/phases.npz
Running experiment: C_12_0_MT_1
--- C_12_0_MT_1 completed in 83.20s ---
Running experiment: C_12_0_MT_2
--- C_12_0_MT_2 completed in 75.55s ---
Running experiment: C_12_0_MT_3
--- C_12_0_MT_3 completed in 70.79s ---
Running experiment: C_12_12_MT_1
--- C_12_12_MT_1 completed in 70.82s ---
Running experiment: C_12_12_MT_2
--- C_12_12_MT_2 completed in 70.78s ---
Running experiment: C_1_0_MT_1
--- C_1_0_MT_1 completed in 37.77s ---
Running experiment: C_2_0_MT_1
--- C_2_0_MT_1 completed in 36.67s ---
Running experiment: C_12_0_MT_4
--- C_12_0_MT_4 completed in 71.10s ---
Running experiment: C_1_2_MT_1
--- C_1_2_MT_1 completed in 36.41s ---
Running experiment: C_1_2_MT_2
--- C_1_2_MT_2 completed in 37.31s ---
Running experiment: C_2_1_MT_1
--- C_2_1_MT_1 completed in 37.20s ---
Running experiment: C_2_1_MT_2
--- C_2_1_MT_2 completed in 37.48s ---
Running DC sweep: C_1_0_FIDCDD3 over m=[1, 2, 3, 4, 5, 6, 7, 8, 9, 10, 11, 12, 13, 14, 15, 16]
--- C_1_0_FIDCDD3 sweep done in 29.26s ---
Running DC sweep: C_2_0_CDD3FID over m=[1, 2, 3, 4, 5, 6, 7, 8, 9, 10, 11, 12, 13, 14, 15, 16]
--- C_2_0_CDD3FID sweep done in 28.41s ---
Running DC sweep: C_1_0_FIDFID over m=[1, 2, 3, 4, 5, 6, 7, 8, 9, 10, 11, 12, 13, 14, 15, 16]
--- C_1_0_FIDFID sweep done in 28.71s ---
Running DC sweep: C_2_0_FIDFID over m=[1, 2, 3, 4, 5, 6, 7, 8, 9, 10, 11, 12, 13, 14, 15, 16]
--- C_2_0_FIDFID sweep done in 28.31s ---
Running DC sweep: C_12_0_FID_FID over m=[1, 2, 3, 4, 5, 6, 7, 8, 9, 10, 11, 12, 13, 14, 15, 16]
--- C_12_0_FID_FID sweep done in 55.91s ---
Running DC sweep: C_12_12_FID over m=[1, 2, 3, 4, 5, 6, 7, 8, 9, 10, 11, 12, 13, 14, 15, 16]
--- C_12_12_FID sweep done in 55.90s ---
Running DC sweep: C_1_12_FID over m=[1, 2, 3, 4, 5, 6, 7, 8, 9, 10, 11, 12, 13, 14, 15, 16]
--- C_1_12_FID sweep done in 28.27s ---
Running DC sweep: C_2_12_FID over m=[1, 2, 3, 4, 5, 6, 7, 8, 9, 10, 11, 12, 13, 14, 15, 16]
--- C_2_12_FID sweep done in 28.13s ---
Running DC sweep: C_1_0_CDD1CDD1 over m=[1, 2, 3, 4, 5, 6, 7, 8, 9, 10, 11, 12, 13, 14, 15, 16]
--- C_1_0_CDD1CDD1 sweep done in 30.21s ---
Running DC sweep: C_1_0_CDD1CPMG over m=[1, 2, 3, 4, 5, 6, 7, 8, 9, 10, 11, 12, 13, 14, 15, 16]
--- C_1_0_CDD1CPMG sweep done in 30.12s ---
Results saved to /home/mqasimk/IdeaProjects/QNS-2Q/DraftRun_NoSPAM_showcase_cap
Phase dataset saved to /home/mqasimk/IdeaProjects/QNS-2Q/DraftRun_NoSPAM_showcase_cap/phases.npz (1104 calls)
DC values (reliable?): S_11(0)=5.666e-04(False), S_22(0)=5.667e-04(False), S_1212(0)=6.066e-07(True)
[unfold] self-consistent comb-bias correction (applied bias RMS -> residual RMS, harmonics):
       S11:  8.448e-07 ->  4.237e-07
       S22:  8.887e-07 ->  4.459e-07
     S1212:  3.261e-08 ->  1.654e-08
       S12:  5.782e-07 ->  2.897e-07
      S112:  5.769e-09 ->  3.430e-09
      S212:  5.829e-09 ->  3.597e-09
[systematic] folded sigma_sys per spectrum (forward-model comb bias; RMS over harmonics, |DC bias|):
       S11: harmonic RMS =  4.237e-07  |DC bias| =  0.000e+00  [DC flagged: not determined]
       S22: harmonic RMS =  4.459e-07  |DC bias| =  0.000e+00  [DC flagged: not determined]
     S1212: harmonic RMS =  1.654e-08  |DC bias| =  6.554e-09
       S12: harmonic RMS =  2.897e-07  |DC bias| =  0.000e+00  [DC flagged: not determined]
      S112: harmonic RMS =  3.430e-09  |DC bias| =  0.000e+00  [DC flagged: not determined]
      S212: harmonic RMS =  3.597e-09  |DC bias| =  0.000e+00  [DC flagged: not determined]
Saved combined spectra plot to /home/mqasimk/IdeaProjects/QNS-2Q/DraftRun_NoSPAM_showcase_cap/figures/reconstruction/spectral_reconstruction_all_pub.pdf
Saved cross-spectra plot to /home/mqasimk/IdeaProjects/QNS-2Q/DraftRun_NoSPAM_showcase_cap/figures/reconstruction/spectral_reconstruction_cross_pub.pdf
CAPTURE-ARM-DONE
