[seed=20260608]
M          | Known Inf            | Opt Inf             
--------------------------------------------------------

========================================
Running Optimization for M = 1
========================================
Loading reconstructed spectra from /home/mqasimk/IdeaProjects/QNS-2Q/DraftRun_NoSPAM_featured/specs.npz
  specs spam_protocol: none
[idle] NOTE: flagged (undetermined) DC points in specs: S112, S12, S212
Calculated T2 times (Ideal): Q1=7.71e+02 tau, Q2=7.70e+02 tau
Configuration loaded for M=1.

============================================================
RUNNING OPTIMIZATION PIPELINE
M (Repetitions): 1
Total Pulse Limit: 1000
Pulse Limit Per Repetition: 1000
============================================================

Gate Time: 10240.0 tau (Tg/T2q1=13.2815, Tg/T2q2=13.3069)
  Time-domain setup: pad_factor=1, dt=0.1250 tau, tau/4=0.2500 tau
2026-06-11 13:59:11.201202: E external/xla/xla/service/slow_operation_alarm.cc:73] Trying algorithm eng28{k2=4,k3=0} for conv (f64[1,1,163843]{2,1,0}, u8[0]{0}) custom-call(f64[1,1,81922]{2,1,0}, f64[1,1,81922]{2,1,0}), window={size=81922 pad=81921_81921}, dim_labels=bf0_oi0->bf0, custom_call_target="__cudnn$convForward", backend_config={"operation_queue_id":"0","wait_on_operation_queues":[],"cudnn_conv_backend_config":{"activation_mode":"kNone","conv_result_scale":1,"side_input_scale":0,"leakyrelu_alpha":0},"force_earliest_schedule":false,"reification_cost":[]} is taking a while...
2026-06-11 13:59:29.916992: E external/xla/xla/service/slow_operation_alarm.cc:140] The operation took 19.715993485s
Trying algorithm eng28{k2=4,k3=0} for conv (f64[1,1,163843]{2,1,0}, u8[0]{0}) custom-call(f64[1,1,81922]{2,1,0}, f64[1,1,81922]{2,1,0}), window={size=81922 pad=81921_81921}, dim_labels=bf0_oi0->bf0, custom_call_target="__cudnn$convForward", backend_config={"operation_queue_id":"0","wait_on_operation_queues":[],"cudnn_conv_backend_config":{"activation_mode":"kNone","conv_result_scale":1,"side_input_scale":0,"leakyrelu_alpha":0},"force_earliest_schedule":false,"reification_cost":[]} is taking a while...
2026-06-11 13:59:30.917314: E external/xla/xla/service/slow_operation_alarm.cc:73] Trying algorithm eng28{k2=3,k3=0} for conv (f64[1,1,163843]{2,1,0}, u8[0]{0}) custom-call(f64[1,1,81922]{2,1,0}, f64[1,1,81922]{2,1,0}), window={size=81922 pad=81921_81921}, dim_labels=bf0_oi0->bf0, custom_call_target="__cudnn$convForward", backend_config={"operation_queue_id":"0","wait_on_operation_queues":[],"cudnn_conv_backend_config":{"activation_mode":"kNone","conv_result_scale":1,"side_input_scale":0,"leakyrelu_alpha":0},"force_earliest_schedule":false,"reification_cost":[]} is taking a while...
2026-06-11 13:59:34.637621: E external/xla/xla/service/slow_operation_alarm.cc:140] The operation took 4.720558354s
Trying algorithm eng28{k2=3,k3=0} for conv (f64[1,1,163843]{2,1,0}, u8[0]{0}) custom-call(f64[1,1,81922]{2,1,0}, f64[1,1,81922]{2,1,0}), window={size=81922 pad=81921_81921}, dim_labels=bf0_oi0->bf0, custom_call_target="__cudnn$convForward", backend_config={"operation_queue_id":"0","wait_on_operation_queues":[],"cudnn_conv_backend_config":{"activation_mode":"kNone","conv_result_scale":1,"side_input_scale":0,"leakyrelu_alpha":0},"force_earliest_schedule":false,"reification_cost":[]} is taking a while...
2026-06-11 13:59:35.758078: E external/xla/xla/service/slow_operation_alarm.cc:73] Trying algorithm eng28{k2=0,k3=0} for conv (f64[1,1,163843]{2,1,0}, u8[0]{0}) custom-call(f64[1,1,81922]{2,1,0}, f64[1,1,81922]{2,1,0}), window={size=81922 pad=81921_81921}, dim_labels=bf0_oi0->bf0, custom_call_target="__cudnn$convForward", backend_config={"operation_queue_id":"0","wait_on_operation_queues":[],"cudnn_conv_backend_config":{"activation_mode":"kNone","conv_result_scale":1,"side_input_scale":0,"leakyrelu_alpha":0},"force_earliest_schedule":false,"reification_cost":[]} is taking a while...
2026-06-11 13:59:53.487176: E external/xla/xla/service/slow_operation_alarm.cc:140] The operation took 18.729274565s
Trying algorithm eng28{k2=0,k3=0} for conv (f64[1,1,163843]{2,1,0}, u8[0]{0}) custom-call(f64[1,1,81922]{2,1,0}, f64[1,1,81922]{2,1,0}), window={size=81922 pad=81921_81921}, dim_labels=bf0_oi0->bf0, custom_call_target="__cudnn$convForward", backend_config={"operation_queue_id":"0","wait_on_operation_queues":[],"cudnn_conv_backend_config":{"activation_mode":"kNone","conv_result_scale":1,"side_input_scale":0,"leakyrelu_alpha":0},"force_earliest_schedule":false,"reification_cost":[]} is taking a while...
2026-06-11 13:59:54.487466: E external/xla/xla/service/slow_operation_alarm.cc:73] Trying algorithm eng28{k2=1,k3=0} for conv (f64[1,1,163843]{2,1,0}, u8[0]{0}) custom-call(f64[1,1,81922]{2,1,0}, f64[1,1,81922]{2,1,0}), window={size=81922 pad=81921_81921}, dim_labels=bf0_oi0->bf0, custom_call_target="__cudnn$convForward", backend_config={"operation_queue_id":"0","wait_on_operation_queues":[],"cudnn_conv_backend_config":{"activation_mode":"kNone","conv_result_scale":1,"side_input_scale":0,"leakyrelu_alpha":0},"force_earliest_schedule":false,"reification_cost":[]} is taking a while...
2026-06-11 14:00:31.522262: E external/xla/xla/service/slow_operation_alarm.cc:140] The operation took 38.034986839s
Trying algorithm eng28{k2=1,k3=0} for conv (f64[1,1,163843]{2,1,0}, u8[0]{0}) custom-call(f64[1,1,81922]{2,1,0}, f64[1,1,81922]{2,1,0}), window={size=81922 pad=81921_81921}, dim_labels=bf0_oi0->bf0, custom_call_target="__cudnn$convForward", backend_config={"operation_queue_id":"0","wait_on_operation_queues":[],"cudnn_conv_backend_config":{"activation_mode":"kNone","conv_result_scale":1,"side_input_scale":0,"leakyrelu_alpha":0},"force_earliest_schedule":false,"reification_cost":[]} is taking a while...
  No Pulse (Ideal): 7.499998e-01
Evaluating 134 known sequences...
Using Folded Noise Matrix (M=1)...
  Time-domain setup: pad_factor=1, dt=0.2500 tau, tau/4=0.2500 tau
2026-06-11 14:02:37.678609: E external/xla/xla/service/slow_operation_alarm.cc:73] Trying algorithm eng11{k2=4,k3=0} for conv (f64[1,1,81923]{2,1,0}, u8[0]{0}) custom-call(f64[1,1,40962]{2,1,0}, f64[1,1,40962]{2,1,0}, f64[1]{0}), window={size=40962 pad=40961_40961}, dim_labels=bf0_oi0->bf0, custom_call_target="__cudnn$convBiasActivationForward", backend_config={"operation_queue_id":"0","wait_on_operation_queues":[],"cudnn_conv_backend_config":{"activation_mode":"kNone","conv_result_scale":0.24999374984374614,"side_input_scale":0,"leakyrelu_alpha":0},"force_earliest_schedule":false,"reification_cost":[]} is taking a while...
2026-06-11 14:02:41.784435: E external/xla/xla/service/slow_operation_alarm.cc:140] The operation took 5.105987256s
Trying algorithm eng11{k2=4,k3=0} for conv (f64[1,1,81923]{2,1,0}, u8[0]{0}) custom-call(f64[1,1,40962]{2,1,0}, f64[1,1,40962]{2,1,0}, f64[1]{0}), window={size=40962 pad=40961_40961}, dim_labels=bf0_oi0->bf0, custom_call_target="__cudnn$convBiasActivationForward", backend_config={"operation_queue_id":"0","wait_on_operation_queues":[],"cudnn_conv_backend_config":{"activation_mode":"kNone","conv_result_scale":0.24999374984374614,"side_input_scale":0,"leakyrelu_alpha":0},"force_earliest_schedule":false,"reification_cost":[]} is taking a while...
2026-06-11 14:02:42.784695: E external/xla/xla/service/slow_operation_alarm.cc:73] Trying algorithm eng11{k2=3,k3=0} for conv (f64[1,1,81923]{2,1,0}, u8[0]{0}) custom-call(f64[1,1,40962]{2,1,0}, f64[1,1,40962]{2,1,0}, f64[1]{0}), window={size=40962 pad=40961_40961}, dim_labels=bf0_oi0->bf0, custom_call_target="__cudnn$convBiasActivationForward", backend_config={"operation_queue_id":"0","wait_on_operation_queues":[],"cudnn_conv_backend_config":{"activation_mode":"kNone","conv_result_scale":0.24999374984374614,"side_input_scale":0,"leakyrelu_alpha":0},"force_earliest_schedule":false,"reification_cost":[]} is taking a while...
2026-06-11 14:02:43.020975: E external/xla/xla/service/slow_operation_alarm.cc:140] The operation took 1.236441935s
Trying algorithm eng11{k2=3,k3=0} for conv (f64[1,1,81923]{2,1,0}, u8[0]{0}) custom-call(f64[1,1,40962]{2,1,0}, f64[1,1,40962]{2,1,0}, f64[1]{0}), window={size=40962 pad=40961_40961}, dim_labels=bf0_oi0->bf0, custom_call_target="__cudnn$convBiasActivationForward", backend_config={"operation_queue_id":"0","wait_on_operation_queues":[],"cudnn_conv_backend_config":{"activation_mode":"kNone","conv_result_scale":0.24999374984374614,"side_input_scale":0,"leakyrelu_alpha":0},"force_earliest_schedule":false,"reification_cost":[]} is taking a while...
2026-06-11 14:02:44.062509: E external/xla/xla/service/slow_operation_alarm.cc:73] Trying algorithm eng11{k2=0,k3=0} for conv (f64[1,1,81923]{2,1,0}, u8[0]{0}) custom-call(f64[1,1,40962]{2,1,0}, f64[1,1,40962]{2,1,0}, f64[1]{0}), window={size=40962 pad=40961_40961}, dim_labels=bf0_oi0->bf0, custom_call_target="__cudnn$convBiasActivationForward", backend_config={"operation_queue_id":"0","wait_on_operation_queues":[],"cudnn_conv_backend_config":{"activation_mode":"kNone","conv_result_scale":0.24999374984374614,"side_input_scale":0,"leakyrelu_alpha":0},"force_earliest_schedule":false,"reification_cost":[]} is taking a while...
2026-06-11 14:02:48.003913: E external/xla/xla/service/slow_operation_alarm.cc:140] The operation took 4.941558637s
Trying algorithm eng11{k2=0,k3=0} for conv (f64[1,1,81923]{2,1,0}, u8[0]{0}) custom-call(f64[1,1,40962]{2,1,0}, f64[1,1,40962]{2,1,0}, f64[1]{0}), window={size=40962 pad=40961_40961}, dim_labels=bf0_oi0->bf0, custom_call_target="__cudnn$convBiasActivationForward", backend_config={"operation_queue_id":"0","wait_on_operation_queues":[],"cudnn_conv_backend_config":{"activation_mode":"kNone","conv_result_scale":0.24999374984374614,"side_input_scale":0,"leakyrelu_alpha":0},"force_earliest_schedule":false,"reification_cost":[]} is taking a while...
2026-06-11 14:02:49.004168: E external/xla/xla/service/slow_operation_alarm.cc:73] Trying algorithm eng11{k2=1,k3=0} for conv (f64[1,1,81923]{2,1,0}, u8[0]{0}) custom-call(f64[1,1,40962]{2,1,0}, f64[1,1,40962]{2,1,0}, f64[1]{0}), window={size=40962 pad=40961_40961}, dim_labels=bf0_oi0->bf0, custom_call_target="__cudnn$convBiasActivationForward", backend_config={"operation_queue_id":"0","wait_on_operation_queues":[],"cudnn_conv_backend_config":{"activation_mode":"kNone","conv_result_scale":0.24999374984374614,"side_input_scale":0,"leakyrelu_alpha":0},"force_earliest_schedule":false,"reification_cost":[]} is taking a while...
2026-06-11 14:02:57.768815: E external/xla/xla/service/slow_operation_alarm.cc:140] The operation took 9.764821059s
Trying algorithm eng11{k2=1,k3=0} for conv (f64[1,1,81923]{2,1,0}, u8[0]{0}) custom-call(f64[1,1,40962]{2,1,0}, f64[1,1,40962]{2,1,0}, f64[1]{0}), window={size=40962 pad=40961_40961}, dim_labels=bf0_oi0->bf0, custom_call_target="__cudnn$convBiasActivationForward", backend_config={"operation_queue_id":"0","wait_on_operation_queues":[],"cudnn_conv_backend_config":{"activation_mode":"kNone","conv_result_scale":0.24999374984374614,"side_input_scale":0,"leakyrelu_alpha":0},"force_earliest_schedule":false,"reification_cost":[]} is taking a while...
  Best Known (Char): 7.473798e-01 (mqCDD(n=8, m=2))
  Best Known (Ideal): 7.477360e-01
  Running Random Optimization...
  Randomly selected pulse counts: [(584, 92), (933, 99), (570, 17), (758, 178), (92, 816), (872, 993), (9, 20), (764, 826), (809, 966), (127, 818), (772, 385), (183, 752), (553, 138), (434, 396), (693, 934), (988, 205), (893, 634), (965, 794), (484, 434), (157, 844)]
Using Folded Noise Matrix (M=1)...
  Random Opt (n=584,92): Infidelity = 7.473727e-01
  Random Opt (n=933,99): Infidelity = 7.499168e-01
  Random Opt (n=570,17): Infidelity = 7.474693e-01
  Random Opt (n=758,178): Infidelity = 7.493536e-01
  Random Opt (n=92,816): Infidelity = 7.499999e-01
  Random Opt (n=872,993): Infidelity = 7.499562e-01
  Random Opt (n=9,20): Infidelity = 7.500000e-01
  Random Opt (n=764,826): Infidelity = 7.496032e-01
  Random Opt (n=809,966): Infidelity = 7.498554e-01
  Random Opt (n=127,818): Infidelity = 7.499980e-01
  Random Opt (n=772,385): Infidelity = 7.489008e-01
  Random Opt (n=183,752): Infidelity = 7.499721e-01
  Random Opt (n=553,138): Infidelity = 7.475810e-01
  Random Opt (n=434,396): Infidelity = 7.491079e-01
  Random Opt (n=693,934): Infidelity = 7.482975e-01
  Random Opt (n=988,205): Infidelity = 7.483606e-01
  Random Opt (n=893,634): Infidelity = 7.476899e-01
  Random Opt (n=965,794): Infidelity = 7.496156e-01
  Random Opt (n=484,434): Infidelity = 7.484250e-01
  Random Opt (n=157,844): Infidelity = 7.499934e-01
  Best Optimized (Ideal): 7.467778e-01

Gate Time: 5120.0 tau (Tg/T2q1=6.6407, Tg/T2q2=6.6534)
  Time-domain setup: pad_factor=1, dt=0.1250 tau, tau/4=0.2500 tau
2026-06-11 14:05:44.643207: E external/xla/xla/service/slow_operation_alarm.cc:73] Trying algorithm eng28{k2=4,k3=0} for conv (f64[1,1,81921]{2,1,0}, u8[0]{0}) custom-call(f64[1,1,40961]{2,1,0}, f64[1,1,40961]{2,1,0}), window={size=40961 pad=40960_40960}, dim_labels=bf0_oi0->bf0, custom_call_target="__cudnn$convForward", backend_config={"operation_queue_id":"0","wait_on_operation_queues":[],"cudnn_conv_backend_config":{"activation_mode":"kNone","conv_result_scale":1,"side_input_scale":0,"leakyrelu_alpha":0},"force_earliest_schedule":false,"reification_cost":[]} is taking a while...
2026-06-11 14:05:48.506659: E external/xla/xla/service/slow_operation_alarm.cc:140] The operation took 4.863619972s
Trying algorithm eng28{k2=4,k3=0} for conv (f64[1,1,81921]{2,1,0}, u8[0]{0}) custom-call(f64[1,1,40961]{2,1,0}, f64[1,1,40961]{2,1,0}), window={size=40961 pad=40960_40960}, dim_labels=bf0_oi0->bf0, custom_call_target="__cudnn$convForward", backend_config={"operation_queue_id":"0","wait_on_operation_queues":[],"cudnn_conv_backend_config":{"activation_mode":"kNone","conv_result_scale":1,"side_input_scale":0,"leakyrelu_alpha":0},"force_earliest_schedule":false,"reification_cost":[]} is taking a while...
2026-06-11 14:05:49.506862: E external/xla/xla/service/slow_operation_alarm.cc:73] Trying algorithm eng28{k2=3,k3=0} for conv (f64[1,1,81921]{2,1,0}, u8[0]{0}) custom-call(f64[1,1,40961]{2,1,0}, f64[1,1,40961]{2,1,0}), window={size=40961 pad=40960_40960}, dim_labels=bf0_oi0->bf0, custom_call_target="__cudnn$convForward", backend_config={"operation_queue_id":"0","wait_on_operation_queues":[],"cudnn_conv_backend_config":{"activation_mode":"kNone","conv_result_scale":1,"side_input_scale":0,"leakyrelu_alpha":0},"force_earliest_schedule":false,"reification_cost":[]} is taking a while...
2026-06-11 14:05:49.704633: E external/xla/xla/service/slow_operation_alarm.cc:140] The operation took 1.197892316s
Trying algorithm eng28{k2=3,k3=0} for conv (f64[1,1,81921]{2,1,0}, u8[0]{0}) custom-call(f64[1,1,40961]{2,1,0}, f64[1,1,40961]{2,1,0}), window={size=40961 pad=40960_40960}, dim_labels=bf0_oi0->bf0, custom_call_target="__cudnn$convForward", backend_config={"operation_queue_id":"0","wait_on_operation_queues":[],"cudnn_conv_backend_config":{"activation_mode":"kNone","conv_result_scale":1,"side_input_scale":0,"leakyrelu_alpha":0},"force_earliest_schedule":false,"reification_cost":[]} is taking a while...
2026-06-11 14:05:50.732128: E external/xla/xla/service/slow_operation_alarm.cc:73] Trying algorithm eng28{k2=0,k3=0} for conv (f64[1,1,81921]{2,1,0}, u8[0]{0}) custom-call(f64[1,1,40961]{2,1,0}, f64[1,1,40961]{2,1,0}), window={size=40961 pad=40960_40960}, dim_labels=bf0_oi0->bf0, custom_call_target="__cudnn$convForward", backend_config={"operation_queue_id":"0","wait_on_operation_queues":[],"cudnn_conv_backend_config":{"activation_mode":"kNone","conv_result_scale":1,"side_input_scale":0,"leakyrelu_alpha":0},"force_earliest_schedule":false,"reification_cost":[]} is taking a while...
2026-06-11 14:05:54.402435: E external/xla/xla/service/slow_operation_alarm.cc:140] The operation took 4.670392304s
Trying algorithm eng28{k2=0,k3=0} for conv (f64[1,1,81921]{2,1,0}, u8[0]{0}) custom-call(f64[1,1,40961]{2,1,0}, f64[1,1,40961]{2,1,0}), window={size=40961 pad=40960_40960}, dim_labels=bf0_oi0->bf0, custom_call_target="__cudnn$convForward", backend_config={"operation_queue_id":"0","wait_on_operation_queues":[],"cudnn_conv_backend_config":{"activation_mode":"kNone","conv_result_scale":1,"side_input_scale":0,"leakyrelu_alpha":0},"force_earliest_schedule":false,"reification_cost":[]} is taking a while...
2026-06-11 14:05:55.402661: E external/xla/xla/service/slow_operation_alarm.cc:73] Trying algorithm eng28{k2=1,k3=0} for conv (f64[1,1,81921]{2,1,0}, u8[0]{0}) custom-call(f64[1,1,40961]{2,1,0}, f64[1,1,40961]{2,1,0}), window={size=40961 pad=40960_40960}, dim_labels=bf0_oi0->bf0, custom_call_target="__cudnn$convForward", backend_config={"operation_queue_id":"0","wait_on_operation_queues":[],"cudnn_conv_backend_config":{"activation_mode":"kNone","conv_result_scale":1,"side_input_scale":0,"leakyrelu_alpha":0},"force_earliest_schedule":false,"reification_cost":[]} is taking a while...
2026-06-11 14:06:03.747404: E external/xla/xla/service/slow_operation_alarm.cc:140] The operation took 9.344893694s
Trying algorithm eng28{k2=1,k3=0} for conv (f64[1,1,81921]{2,1,0}, u8[0]{0}) custom-call(f64[1,1,40961]{2,1,0}, f64[1,1,40961]{2,1,0}), window={size=40961 pad=40960_40960}, dim_labels=bf0_oi0->bf0, custom_call_target="__cudnn$convForward", backend_config={"operation_queue_id":"0","wait_on_operation_queues":[],"cudnn_conv_backend_config":{"activation_mode":"kNone","conv_result_scale":1,"side_input_scale":0,"leakyrelu_alpha":0},"force_earliest_schedule":false,"reification_cost":[]} is taking a while...
  No Pulse (Ideal): 7.498695e-01
Evaluating 134 known sequences...
Using Folded Noise Matrix (M=1)...
  Time-domain setup: pad_factor=1, dt=0.2500 tau, tau/4=0.2500 tau
2026-06-11 14:06:54.660202: E external/xla/xla/service/slow_operation_alarm.cc:73] Trying algorithm eng11{k2=4,k3=0} for conv (f64[1,1,40961]{2,1,0}, u8[0]{0}) custom-call(f64[1,1,20481]{2,1,0}, f64[1,1,20481]{2,1,0}, f64[1]{0}), window={size=20481 pad=20480_20480}, dim_labels=bf0_oi0->bf0, custom_call_target="__cudnn$convBiasActivationForward", backend_config={"operation_queue_id":"0","wait_on_operation_queues":[],"cudnn_conv_backend_config":{"activation_mode":"kNone","conv_result_scale":0.24999374984374614,"side_input_scale":0,"leakyrelu_alpha":0},"force_earliest_schedule":false,"reification_cost":[]} is taking a while...
2026-06-11 14:06:54.989611: E external/xla/xla/service/slow_operation_alarm.cc:140] The operation took 1.329563658s
Trying algorithm eng11{k2=4,k3=0} for conv (f64[1,1,40961]{2,1,0}, u8[0]{0}) custom-call(f64[1,1,20481]{2,1,0}, f64[1,1,20481]{2,1,0}, f64[1]{0}), window={size=20481 pad=20480_20480}, dim_labels=bf0_oi0->bf0, custom_call_target="__cudnn$convBiasActivationForward", backend_config={"operation_queue_id":"0","wait_on_operation_queues":[],"cudnn_conv_backend_config":{"activation_mode":"kNone","conv_result_scale":0.24999374984374614,"side_input_scale":0,"leakyrelu_alpha":0},"force_earliest_schedule":false,"reification_cost":[]} is taking a while...
2026-06-11 14:06:56.317952: E external/xla/xla/service/slow_operation_alarm.cc:73] Trying algorithm eng11{k2=0,k3=0} for conv (f64[1,1,40961]{2,1,0}, u8[0]{0}) custom-call(f64[1,1,20481]{2,1,0}, f64[1,1,20481]{2,1,0}, f64[1]{0}), window={size=20481 pad=20480_20480}, dim_labels=bf0_oi0->bf0, custom_call_target="__cudnn$convBiasActivationForward", backend_config={"operation_queue_id":"0","wait_on_operation_queues":[],"cudnn_conv_backend_config":{"activation_mode":"kNone","conv_result_scale":0.24999374984374614,"side_input_scale":0,"leakyrelu_alpha":0},"force_earliest_schedule":false,"reification_cost":[]} is taking a while...
2026-06-11 14:06:56.512769: E external/xla/xla/service/slow_operation_alarm.cc:140] The operation took 1.194967366s
Trying algorithm eng11{k2=0,k3=0} for conv (f64[1,1,40961]{2,1,0}, u8[0]{0}) custom-call(f64[1,1,20481]{2,1,0}, f64[1,1,20481]{2,1,0}, f64[1]{0}), window={size=20481 pad=20480_20480}, dim_labels=bf0_oi0->bf0, custom_call_target="__cudnn$convBiasActivationForward", backend_config={"operation_queue_id":"0","wait_on_operation_queues":[],"cudnn_conv_backend_config":{"activation_mode":"kNone","conv_result_scale":0.24999374984374614,"side_input_scale":0,"leakyrelu_alpha":0},"force_earliest_schedule":false,"reification_cost":[]} is taking a while...
2026-06-11 14:06:57.512951: E external/xla/xla/service/slow_operation_alarm.cc:73] Trying algorithm eng11{k2=1,k3=0} for conv (f64[1,1,40961]{2,1,0}, u8[0]{0}) custom-call(f64[1,1,20481]{2,1,0}, f64[1,1,20481]{2,1,0}, f64[1]{0}), window={size=20481 pad=20480_20480}, dim_labels=bf0_oi0->bf0, custom_call_target="__cudnn$convBiasActivationForward", backend_config={"operation_queue_id":"0","wait_on_operation_queues":[],"cudnn_conv_backend_config":{"activation_mode":"kNone","conv_result_scale":0.24999374984374614,"side_input_scale":0,"leakyrelu_alpha":0},"force_earliest_schedule":false,"reification_cost":[]} is taking a while...
2026-06-11 14:06:58.902072: E external/xla/xla/service/slow_operation_alarm.cc:140] The operation took 2.389274172s
Trying algorithm eng11{k2=1,k3=0} for conv (f64[1,1,40961]{2,1,0}, u8[0]{0}) custom-call(f64[1,1,20481]{2,1,0}, f64[1,1,20481]{2,1,0}, f64[1]{0}), window={size=20481 pad=20480_20480}, dim_labels=bf0_oi0->bf0, custom_call_target="__cudnn$convBiasActivationForward", backend_config={"operation_queue_id":"0","wait_on_operation_queues":[],"cudnn_conv_backend_config":{"activation_mode":"kNone","conv_result_scale":0.24999374984374614,"side_input_scale":0,"leakyrelu_alpha":0},"force_earliest_schedule":false,"reification_cost":[]} is taking a while...
  Best Known (Char): 6.911593e-01 (CDD(10, 8))
  Best Known (Ideal): 6.919784e-01
  Running Random Optimization...
  Randomly selected pulse counts: [(786, 924), (70, 152), (147, 236), (556, 529), (801, 908), (143, 92), (782, 366), (133, 131), (317, 271), (808, 260), (160, 839), (830, 222), (777, 531), (571, 377), (523, 354), (183, 861), (153, 433), (922, 823), (927, 816), (183, 728)]
Using Folded Noise Matrix (M=1)...
  Random Opt (n=786,924): Infidelity = 6.674916e-01
  Random Opt (n=70,152): Infidelity = 7.428688e-01
  Random Opt (n=147,236): Infidelity = 7.230165e-01
  Random Opt (n=556,529): Infidelity = 6.750634e-01
  Random Opt (n=801,908): Infidelity = 6.829494e-01
  Random Opt (n=143,92): Infidelity = 7.408022e-01
  Random Opt (n=782,366): Infidelity = 6.838538e-01
  Random Opt (n=133,131): Infidelity = 7.376810e-01
  Random Opt (n=317,271): Infidelity = 6.986068e-01
  Random Opt (n=808,260): Infidelity = 6.661312e-01
  Random Opt (n=160,839): Infidelity = 7.335953e-01
  Random Opt (n=830,222): Infidelity = 6.808200e-01
  Random Opt (n=777,531): Infidelity = 6.455839e-01
  Random Opt (n=571,377): Infidelity = 6.918864e-01
  Random Opt (n=523,354): Infidelity = 6.990153e-01
  Random Opt (n=183,861): Infidelity = 7.334139e-01
  Random Opt (n=153,433): Infidelity = 7.439614e-01
  Random Opt (n=922,823): Infidelity = 6.768842e-01
  Random Opt (n=927,816): Infidelity = 6.687869e-01
  Random Opt (n=183,728): Infidelity = 6.769044e-01
  Best Optimized (Ideal): 6.076023e-01

Gate Time: 2560.0 tau (Tg/T2q1=3.3204, Tg/T2q2=3.3267)
  Time-domain setup: pad_factor=1, dt=0.1250 tau, tau/4=0.2500 tau
2026-06-11 14:09:20.812070: E external/xla/xla/service/slow_operation_alarm.cc:73] Trying algorithm eng28{k2=4,k3=0} for conv (f64[1,1,40961]{2,1,0}, u8[0]{0}) custom-call(f64[1,1,20481]{2,1,0}, f64[1,1,20481]{2,1,0}), window={size=20481 pad=20480_20480}, dim_labels=bf0_oi0->bf0, custom_call_target="__cudnn$convForward", backend_config={"operation_queue_id":"0","wait_on_operation_queues":[],"cudnn_conv_backend_config":{"activation_mode":"kNone","conv_result_scale":1,"side_input_scale":0,"leakyrelu_alpha":0},"force_earliest_schedule":false,"reification_cost":[]} is taking a while...
2026-06-11 14:09:21.143625: E external/xla/xla/service/slow_operation_alarm.cc:140] The operation took 1.331715289s
Trying algorithm eng28{k2=4,k3=0} for conv (f64[1,1,40961]{2,1,0}, u8[0]{0}) custom-call(f64[1,1,20481]{2,1,0}, f64[1,1,20481]{2,1,0}), window={size=20481 pad=20480_20480}, dim_labels=bf0_oi0->bf0, custom_call_target="__cudnn$convForward", backend_config={"operation_queue_id":"0","wait_on_operation_queues":[],"cudnn_conv_backend_config":{"activation_mode":"kNone","conv_result_scale":1,"side_input_scale":0,"leakyrelu_alpha":0},"force_earliest_schedule":false,"reification_cost":[]} is taking a while...
2026-06-11 14:09:22.471011: E external/xla/xla/service/slow_operation_alarm.cc:73] Trying algorithm eng28{k2=0,k3=0} for conv (f64[1,1,40961]{2,1,0}, u8[0]{0}) custom-call(f64[1,1,20481]{2,1,0}, f64[1,1,20481]{2,1,0}), window={size=20481 pad=20480_20480}, dim_labels=bf0_oi0->bf0, custom_call_target="__cudnn$convForward", backend_config={"operation_queue_id":"0","wait_on_operation_queues":[],"cudnn_conv_backend_config":{"activation_mode":"kNone","conv_result_scale":1,"side_input_scale":0,"leakyrelu_alpha":0},"force_earliest_schedule":false,"reification_cost":[]} is taking a while...
2026-06-11 14:09:22.665717: E external/xla/xla/service/slow_operation_alarm.cc:140] The operation took 1.19485056s
Trying algorithm eng28{k2=0,k3=0} for conv (f64[1,1,40961]{2,1,0}, u8[0]{0}) custom-call(f64[1,1,20481]{2,1,0}, f64[1,1,20481]{2,1,0}), window={size=20481 pad=20480_20480}, dim_labels=bf0_oi0->bf0, custom_call_target="__cudnn$convForward", backend_config={"operation_queue_id":"0","wait_on_operation_queues":[],"cudnn_conv_backend_config":{"activation_mode":"kNone","conv_result_scale":1,"side_input_scale":0,"leakyrelu_alpha":0},"force_earliest_schedule":false,"reification_cost":[]} is taking a while...
2026-06-11 14:09:23.665902: E external/xla/xla/service/slow_operation_alarm.cc:73] Trying algorithm eng28{k2=1,k3=0} for conv (f64[1,1,40961]{2,1,0}, u8[0]{0}) custom-call(f64[1,1,20481]{2,1,0}, f64[1,1,20481]{2,1,0}), window={size=20481 pad=20480_20480}, dim_labels=bf0_oi0->bf0, custom_call_target="__cudnn$convForward", backend_config={"operation_queue_id":"0","wait_on_operation_queues":[],"cudnn_conv_backend_config":{"activation_mode":"kNone","conv_result_scale":1,"side_input_scale":0,"leakyrelu_alpha":0},"force_earliest_schedule":false,"reification_cost":[]} is taking a while...
2026-06-11 14:09:25.054924: E external/xla/xla/service/slow_operation_alarm.cc:140] The operation took 2.389180928s
Trying algorithm eng28{k2=1,k3=0} for conv (f64[1,1,40961]{2,1,0}, u8[0]{0}) custom-call(f64[1,1,20481]{2,1,0}, f64[1,1,20481]{2,1,0}), window={size=20481 pad=20480_20480}, dim_labels=bf0_oi0->bf0, custom_call_target="__cudnn$convForward", backend_config={"operation_queue_id":"0","wait_on_operation_queues":[],"cudnn_conv_backend_config":{"activation_mode":"kNone","conv_result_scale":1,"side_input_scale":0,"leakyrelu_alpha":0},"force_earliest_schedule":false,"reification_cost":[]} is taking a while...
  No Pulse (Ideal): 7.456284e-01
Evaluating 134 known sequences...
Using Folded Noise Matrix (M=1)...
  Time-domain setup: pad_factor=1, dt=0.2500 tau, tau/4=0.2500 tau
  Best Known (Char): 4.460025e-01 (CDD(9, 10))
  Best Known (Ideal): 4.568997e-01
  Running Random Optimization...
  Randomly selected pulse counts: [(770, 759), (482, 947), (118, 424), (213, 277), (852, 864), (632, 628), (894, 607), (254, 870), (896, 390), (674, 544), (569, 100), (922, 580), (339, 313), (232, 483), (677, 214), (592, 200), (607, 640), (344, 554), (186, 102), (415, 772)]
Using Folded Noise Matrix (M=1)...
  Random Opt (n=770,759): Infidelity = 3.450565e-01
  Random Opt (n=482,947): Infidelity = 3.239213e-01
  Random Opt (n=118,424): Infidelity = 6.225964e-01
  Random Opt (n=213,277): Infidelity = 6.098271e-01
  Random Opt (n=852,864): Infidelity = 3.363924e-01
  Random Opt (n=632,628): Infidelity = 3.623983e-01
  Random Opt (n=894,607): Infidelity = 3.239859e-01
  Random Opt (n=254,870): Infidelity = 4.213976e-01
  Random Opt (n=896,390): Infidelity = 4.011257e-01
  Random Opt (n=674,544): Infidelity = 3.317802e-01
  Random Opt (n=569,100): Infidelity = 4.902236e-01
  Random Opt (n=922,580): Infidelity = 3.293502e-01
  Random Opt (n=339,313): Infidelity = 4.311613e-01
  Random Opt (n=232,483): Infidelity = 5.650461e-01
  Random Opt (n=677,214): Infidelity = 5.852772e-01
  Random Opt (n=592,200): Infidelity = 5.788689e-01
  Random Opt (n=607,640): Infidelity = 3.282922e-01
  Random Opt (n=344,554): Infidelity = 3.877235e-01
  Random Opt (n=186,102): Infidelity = 6.153519e-01
  Random Opt (n=415,772): Infidelity = 4.087241e-01
  Best Optimized (Ideal): 3.255209e-01

Gate Time: 1280.0 tau (Tg/T2q1=1.6602, Tg/T2q2=1.6634)
  Time-domain setup: pad_factor=1, dt=0.1250 tau, tau/4=0.2500 tau
  No Pulse (Ideal): 7.148716e-01
Evaluating 134 known sequences...
Using Folded Noise Matrix (M=1)...
  Time-domain setup: pad_factor=1, dt=0.2500 tau, tau/4=0.2500 tau
  Best Known (Char): 1.754736e-01 (CDD(9, 10))
  Best Known (Ideal): 1.781886e-01
  Running Random Optimization...
  Randomly selected pulse counts: [(485, 179), (146, 116), (748, 118), (963, 569), (803, 818), (435, 141), (608, 755), (654, 132), (449, 199), (598, 265), (604, 193), (234, 686), (622, 377), (607, 648), (984, 332), (470, 749), (329, 999), (555, 917), (68, 529), (13, 124)]
Using Folded Noise Matrix (M=1)...
  Random Opt (n=485,179): Infidelity = 2.158715e-01
  Random Opt (n=146,116): Infidelity = 5.288695e-01
  Random Opt (n=748,118): Infidelity = 4.735863e-01
  Random Opt (n=963,569): Infidelity = 1.516255e-01
  Random Opt (n=803,818): Infidelity = 1.527332e-01
  Random Opt (n=435,141): Infidelity = 2.405574e-01
  Random Opt (n=608,755): Infidelity = 1.517364e-01
  Random Opt (n=654,132): Infidelity = 2.706282e-01
  Random Opt (n=449,199): Infidelity = 2.813752e-01
  Random Opt (n=598,265): Infidelity = 1.883000e-01
  Random Opt (n=604,193): Infidelity = 2.289834e-01
  Random Opt (n=234,686): Infidelity = 1.979287e-01
  Random Opt (n=622,377): Infidelity = 1.750116e-01
  Random Opt (n=607,648): Infidelity = 1.576242e-01
  Random Opt (n=984,332): Infidelity = 1.700315e-01
  Random Opt (n=470,749): Infidelity = 1.565018e-01
  Random Opt (n=329,999): Infidelity = 1.483034e-01
  Random Opt (n=555,917): Infidelity = 1.448744e-01
  Random Opt (n=68,529): Infidelity = 2.869367e-01
  Random Opt (n=13,124): Infidelity = 6.019069e-01
  Best Optimized (Ideal): 1.246196e-01

Gate Time: 640.0 tau (Tg/T2q1=0.8301, Tg/T2q2=0.8317)
  Time-domain setup: pad_factor=1, dt=0.1250 tau, tau/4=0.2500 tau
  No Pulse (Ideal): 6.173731e-01
Evaluating 108 known sequences...
Using Folded Noise Matrix (M=1)...
  Time-domain setup: pad_factor=1, dt=0.2500 tau, tau/4=0.2500 tau
  Best Known (Char): 8.762452e-02 (mqCDD(n=8, m=1))
  Best Known (Ideal): 8.822112e-02
  Running Random Optimization...
  Randomly selected pulse counts: [(282, 467), (494, 281), (37, 436), (514, 384), (383, 263), (404, 521), (30, 19), (576, 36), (307, 373), (87, 405), (432, 561), (109, 346), (215, 632), (61, 473), (487, 274), (190, 467), (146, 193), (332, 253), (484, 78), (237, 173)]
Using Folded Noise Matrix (M=1)...
  Random Opt (n=282,467): Infidelity = 7.656623e-02
  Random Opt (n=494,281): Infidelity = 8.055409e-02
  Random Opt (n=37,436): Infidelity = 1.511606e-01
  Random Opt (n=514,384): Infidelity = 7.703853e-02
  Random Opt (n=383,263): Infidelity = 8.706550e-02
  Random Opt (n=404,521): Infidelity = 7.496658e-02
  Random Opt (n=30,19): Infidelity = 2.854976e-01
  Random Opt (n=576,36): Infidelity = 1.678659e-01
  Random Opt (n=307,373): Infidelity = 7.980958e-02
  Random Opt (n=87,405): Infidelity = 1.053501e-01
  Random Opt (n=432,561): Infidelity = 7.314937e-02
  Random Opt (n=109,346): Infidelity = 1.346258e-01
  Random Opt (n=215,632): Infidelity = 7.334209e-02
  Random Opt (n=61,473): Infidelity = 1.642382e-01
  Random Opt (n=487,274): Infidelity = 8.208369e-02
  Random Opt (n=190,467): Infidelity = 7.886043e-02
  Random Opt (n=146,193): Infidelity = 9.725755e-02
  Random Opt (n=332,253): Infidelity = 8.737698e-02
  Random Opt (n=484,78): Infidelity = 1.146386e-01
  Random Opt (n=237,173): Infidelity = 9.636497e-02
  Best Optimized (Ideal): 5.425652e-02

Gate Time: 320.0 tau (Tg/T2q1=0.4150, Tg/T2q2=0.4158)
  Time-domain setup: pad_factor=1, dt=0.1250 tau, tau/4=0.2500 tau
  No Pulse (Ideal): 4.489399e-01
Evaluating 84 known sequences...
Using Folded Noise Matrix (M=1)...
  Time-domain setup: pad_factor=1, dt=0.2500 tau, tau/4=0.2500 tau
  Best Known (Char): 4.542180e-02 (mqCDD(n=7, m=1))
  Best Known (Ideal): 4.568752e-02
  Running Random Optimization...
  Randomly selected pulse counts: [(271, 17), (9, 58), (85, 78), (65, 9), (34, 311), (115, 312), (152, 94), (72, 275), (95, 80), (90, 24), (39, 241), (239, 198), (21, 17), (63, 39), (310, 151), (148, 45), (197, 268), (146, 283), (105, 149), (179, 94)]
Using Folded Noise Matrix (M=1)...
  Random Opt (n=271,17): Infidelity = 9.085617e-02
  Random Opt (n=9,58): Infidelity = 1.564273e-01
  Random Opt (n=85,78): Infidelity = 5.283503e-02
  Random Opt (n=65,9): Infidelity = 1.222869e-01
  Random Opt (n=34,311): Infidelity = 6.042021e-02
  Random Opt (n=115,312): Infidelity = 3.794603e-02
  Random Opt (n=152,94): Infidelity = 4.953901e-02
  Random Opt (n=72,275): Infidelity = 4.132033e-02
  Random Opt (n=95,80): Infidelity = 5.217718e-02
  Random Opt (n=90,24): Infidelity = 1.892690e-01
  Random Opt (n=39,241): Infidelity = 5.522687e-02
  Random Opt (n=239,198): Infidelity = 4.051259e-02
  Random Opt (n=21,17): Infidelity = 1.430712e-01
  Random Opt (n=63,39): Infidelity = 6.629857e-02
  Random Opt (n=310,151): Infidelity = 4.102610e-02
  Random Opt (n=148,45): Infidelity = 6.259000e-02
  Random Opt (n=197,268): Infidelity = 3.854917e-02
  Random Opt (n=146,283): Infidelity = 3.936707e-02
  Random Opt (n=105,149): Infidelity = 4.511356e-02
  Random Opt (n=179,94): Infidelity = 4.846714e-02
  Best Optimized (Ideal): 3.358354e-02
Saved all plotting data to /home/mqasimk/IdeaProjects/QNS-2Q/DraftRun_NoSPAM_featured/plotting_data/plotting_data_id_v4.npz

================================================================================
                        FINAL COMPARISON (Best Overall)                         
================================================================================
Infidelity                | 4.568752e-02              | 3.358354e-02             
Sequence                  | mqCDD(n=7, m=1)^1         | NT(115,312)^1            
================================================================================

To generate plots, run:
  python plot_optimization.py --data-dir /home/mqasimk/IdeaProjects/QNS-2Q/DraftRun_NoSPAM_featured --gate-type id

========================================
Running Optimization for M = 2
========================================
Loading reconstructed spectra from /home/mqasimk/IdeaProjects/QNS-2Q/DraftRun_NoSPAM_featured/specs.npz
  specs spam_protocol: none
[idle] NOTE: flagged (undetermined) DC points in specs: S112, S12, S212
Calculated T2 times (Ideal): Q1=7.71e+02 tau, Q2=7.70e+02 tau
Configuration loaded for M=2.

============================================================
RUNNING OPTIMIZATION PIPELINE
M (Repetitions): 2
Total Pulse Limit: 1000
Pulse Limit Per Repetition: 500
============================================================

Gate Time: 10240.0 tau (Tg/T2q1=13.2815, Tg/T2q2=13.3069)
  Time-domain setup: pad_factor=1, dt=0.1250 tau, tau/4=0.2500 tau
  No Pulse (Ideal): 7.499998e-01
Evaluating 107 known sequences...
Using Folded Noise Matrix (M=2)...
  Time-domain setup: pad_factor=1, dt=0.2500 tau, tau/4=0.2500 tau
  Best Known (Char): 7.473785e-01 (mqCDD(n=7, m=2))
  Best Known (Ideal): 7.477358e-01
  Running Random Optimization...
  Randomly selected pulse counts: [(485, 16), (426, 73), (94, 432), (88, 364), (468, 321), (239, 420), (6, 238), (389, 443), (185, 9), (390, 430), (246, 397), (427, 90), (103, 122), (339, 151), (169, 252), (380, 224), (306, 158), (123, 433), (405, 447), (8, 153)]
Using Folded Noise Matrix (M=2)...
  Random Opt (n=485,16): Infidelity = 7.494614e-01
  Random Opt (n=426,73): Infidelity = 7.499260e-01
  Random Opt (n=94,432): Infidelity = 7.499811e-01
  Random Opt (n=88,364): Infidelity = 7.499509e-01
  Random Opt (n=468,321): Infidelity = 7.478755e-01
  Random Opt (n=239,420): Infidelity = 7.485899e-01
  Random Opt (n=6,238): Infidelity = 7.482893e-01
  Random Opt (n=389,443): Infidelity = 7.496694e-01
  Random Opt (n=185,9): Infidelity = 7.496547e-01
  Random Opt (n=390,430): Infidelity = 7.497307e-01
  Random Opt (n=246,397): Infidelity = 7.483505e-01
  Random Opt (n=427,90): Infidelity = 7.499031e-01
  Random Opt (n=103,122): Infidelity = 7.496707e-01
  Random Opt (n=339,151): Infidelity = 7.477507e-01
  Random Opt (n=169,252): Infidelity = 7.475016e-01
  Random Opt (n=380,224): Infidelity = 7.481550e-01
  Random Opt (n=306,158): Infidelity = 7.469647e-01
  Random Opt (n=123,433): Infidelity = 7.498746e-01
  Random Opt (n=405,447): Infidelity = 7.498899e-01
  Random Opt (n=8,153): Infidelity = 7.498431e-01
  Best Optimized (Ideal): 7.456198e-01

Gate Time: 5120.0 tau (Tg/T2q1=6.6407, Tg/T2q2=6.6534)
  Time-domain setup: pad_factor=1, dt=0.1250 tau, tau/4=0.2500 tau
  No Pulse (Ideal): 7.498696e-01
Evaluating 107 known sequences...
Using Folded Noise Matrix (M=2)...
  Time-domain setup: pad_factor=1, dt=0.2500 tau, tau/4=0.2500 tau
  Best Known (Char): 6.909788e-01 (CDD(9, 7))
  Best Known (Ideal): 6.916173e-01
  Running Random Optimization...
  Randomly selected pulse counts: [(20, 264), (259, 103), (167, 69), (450, 260), (208, 335), (498, 361), (474, 422), (221, 167), (2, 379), (306, 492), (72, 85), (380, 162), (432, 73), (68, 34), (152, 308), (195, 330), (204, 401), (405, 294), (288, 426), (3, 234)]
Using Folded Noise Matrix (M=2)...
  Random Opt (n=20,264): Infidelity = 7.223733e-01
  Random Opt (n=259,103): Infidelity = 6.854889e-01
  Random Opt (n=167,69): Infidelity = 7.174048e-01
  Random Opt (n=450,260): Infidelity = 6.758510e-01
  Random Opt (n=208,335): Infidelity = 6.839774e-01
  Random Opt (n=498,361): Infidelity = 5.494431e-01
  Random Opt (n=474,422): Infidelity = 6.557871e-01
  Random Opt (n=221,167): Infidelity = 7.357695e-01
  Random Opt (n=2,379): Infidelity = 6.862873e-01
  Random Opt (n=306,492): Infidelity = 5.851028e-01
  Random Opt (n=72,85): Infidelity = 7.353494e-01
  Random Opt (n=380,162): Infidelity = 6.602647e-01
  Random Opt (n=432,73): Infidelity = 7.016163e-01
  Random Opt (n=68,34): Infidelity = 7.424787e-01
  Random Opt (n=152,308): Infidelity = 6.590157e-01
  Random Opt (n=195,330): Infidelity = 6.780733e-01
  Random Opt (n=204,401): Infidelity = 7.205191e-01
  Random Opt (n=405,294): Infidelity = 6.283123e-01
  Random Opt (n=288,426): Infidelity = 6.813625e-01
  Random Opt (n=3,234): Infidelity = 7.499546e-01
  Best Optimized (Ideal): 5.562851e-01

Gate Time: 2560.0 tau (Tg/T2q1=3.3204, Tg/T2q2=3.3267)
  Time-domain setup: pad_factor=1, dt=0.1250 tau, tau/4=0.2500 tau
  No Pulse (Ideal): 7.456299e-01
Evaluating 107 known sequences...
Using Folded Noise Matrix (M=2)...
  Time-domain setup: pad_factor=1, dt=0.2500 tau, tau/4=0.2500 tau
  Best Known (Char): 4.464978e-01 (CDD(8, 9))
  Best Known (Ideal): 4.579738e-01
  Running Random Optimization...
  Randomly selected pulse counts: [(157, 86), (235, 369), (358, 58), (214, 245), (230, 272), (152, 73), (152, 155), (448, 370), (351, 442), (114, 195), (173, 63), (411, 208), (10, 278), (280, 203), (215, 198), (237, 372), (218, 293), (14, 285), (260, 154), (346, 495)]
Using Folded Noise Matrix (M=2)...
  Random Opt (n=157,86): Infidelity = 5.548051e-01
  Random Opt (n=235,369): Infidelity = 3.582415e-01
  Random Opt (n=358,58): Infidelity = 4.636544e-01
  Random Opt (n=214,245): Infidelity = 4.459334e-01
  Random Opt (n=230,272): Infidelity = 4.099265e-01
  Random Opt (n=152,73): Infidelity = 5.196335e-01
  Random Opt (n=152,155): Infidelity = 4.641955e-01
  Random Opt (n=448,370): Infidelity = 3.101738e-01
  Random Opt (n=351,442): Infidelity = 3.020409e-01
  Random Opt (n=114,195): Infidelity = 6.065314e-01
  Random Opt (n=173,63): Infidelity = 4.956462e-01
  Random Opt (n=411,208): Infidelity = 4.958117e-01
  Random Opt (n=10,278): Infidelity = 6.026105e-01
  Random Opt (n=280,203): Infidelity = 4.775602e-01
  Random Opt (n=215,198): Infidelity = 5.218610e-01
  Random Opt (n=237,372): Infidelity = 3.453074e-01
  Random Opt (n=218,293): Infidelity = 4.352695e-01
  Random Opt (n=14,285): Infidelity = 5.932735e-01
  Random Opt (n=260,154): Infidelity = 3.820240e-01
  Random Opt (n=346,495): Infidelity = 2.993003e-01
  Best Optimized (Ideal): 2.930184e-01

Gate Time: 1280.0 tau (Tg/T2q1=1.6602, Tg/T2q2=1.6634)
  Time-domain setup: pad_factor=1, dt=0.1250 tau, tau/4=0.2500 tau
  No Pulse (Ideal): 7.148876e-01
Evaluating 107 known sequences...
Using Folded Noise Matrix (M=2)...
  Time-domain setup: pad_factor=1, dt=0.2500 tau, tau/4=0.2500 tau
  Best Known (Char): 1.755663e-01 (CDD(8, 9))
  Best Known (Ideal): 1.780254e-01
  Running Random Optimization...
  Randomly selected pulse counts: [(274, 194), (0, 370), (357, 315), (355, 12), (430, 350), (11, 273), (69, 38), (375, 457), (171, 127), (140, 73), (492, 272), (300, 278), (383, 330), (412, 316), (433, 114), (146, 275), (282, 448), (57, 171), (393, 432), (103, 484)]
Using Folded Noise Matrix (M=2)...
  Random Opt (n=274,194): Infidelity = 1.745367e-01
  Random Opt (n=0,370): Infidelity = 5.235164e-01
  Random Opt (n=357,315): Infidelity = 1.540112e-01
  Random Opt (n=355,12): Infidelity = 3.581169e-01
  Random Opt (n=430,350): Infidelity = 1.477922e-01
  Random Opt (n=11,273): Infidelity = 4.052662e-01
  Random Opt (n=69,38): Infidelity = 3.517843e-01
  Random Opt (n=375,457): Infidelity = 1.439321e-01
  Random Opt (n=171,127): Infidelity = 1.918354e-01
  Random Opt (n=140,73): Infidelity = 2.333568e-01
  Random Opt (n=492,272): Infidelity = 1.536114e-01
  Random Opt (n=300,278): Infidelity = 1.646473e-01
  Random Opt (n=383,330): Infidelity = 1.560587e-01
  Random Opt (n=412,316): Infidelity = 1.550133e-01
  Random Opt (n=433,114): Infidelity = 3.105399e-01
  Random Opt (n=146,275): Infidelity = 1.728024e-01
  Random Opt (n=282,448): Infidelity = 1.450619e-01
  Random Opt (n=57,171): Infidelity = 3.971023e-01
  Random Opt (n=393,432): Infidelity = 1.488583e-01
  Random Opt (n=103,484): Infidelity = 2.206124e-01
  Best Optimized (Ideal): 1.107367e-01

Gate Time: 640.0 tau (Tg/T2q1=0.8301, Tg/T2q2=0.8317)
  Time-domain setup: pad_factor=1, dt=0.1250 tau, tau/4=0.2500 tau
  No Pulse (Ideal): 6.174506e-01
Evaluating 84 known sequences...
Using Folded Noise Matrix (M=2)...
  Time-domain setup: pad_factor=1, dt=0.2500 tau, tau/4=0.2500 tau
  Best Known (Char): 8.760338e-02 (mqCDD(n=7, m=1))
  Best Known (Ideal): 8.837565e-02
  Running Random Optimization...
  Randomly selected pulse counts: [(111, 108), (314, 267), (103, 188), (228, 254), (264, 74), (169, 145), (243, 222), (181, 106), (116, 23), (2, 296), (32, 165), (142, 162), (93, 2), (127, 149), (317, 197), (52, 0), (285, 168), (186, 245), (255, 129), (133, 69)]
Using Folded Noise Matrix (M=2)...
  Random Opt (n=111,108): Infidelity = 9.728121e-02
  Random Opt (n=314,267): Infidelity = 7.114743e-02
  Random Opt (n=103,188): Infidelity = 8.355289e-02
  Random Opt (n=228,254): Infidelity = 7.142799e-02
  Random Opt (n=264,74): Infidelity = 9.645450e-02
  Random Opt (n=169,145): Infidelity = 8.309858e-02
  Random Opt (n=243,222): Infidelity = 7.245629e-02
  Random Opt (n=181,106): Infidelity = 9.101910e-02
  Random Opt (n=116,23): Infidelity = 2.752039e-01
  Random Opt (n=2,296): Infidelity = 3.517751e-01
  Random Opt (n=32,165): Infidelity = 1.389092e-01
  Random Opt (n=142,162): Infidelity = 8.296700e-02
  Random Opt (n=93,2): Infidelity = 3.507255e-01
  Random Opt (n=127,149): Infidelity = 8.437861e-02
  Random Opt (n=317,197): Infidelity = 7.547230e-02
  Random Opt (n=52,0): Infidelity = 4.597760e-01
  Random Opt (n=285,168): Infidelity = 8.072969e-02
  Random Opt (n=186,245): Infidelity = 7.618824e-02
  Random Opt (n=255,129): Infidelity = 8.145136e-02
  Random Opt (n=133,69): Infidelity = 1.030367e-01
  Best Optimized (Ideal): 5.336963e-02

Gate Time: 320.0 tau (Tg/T2q1=0.4150, Tg/T2q2=0.4158)
  Time-domain setup: pad_factor=1, dt=0.1250 tau, tau/4=0.2500 tau
  No Pulse (Ideal): 4.491487e-01
Evaluating 63 known sequences...
Using Folded Noise Matrix (M=2)...
  Time-domain setup: pad_factor=1, dt=0.2500 tau, tau/4=0.2500 tau
  Best Known (Char): 4.554937e-02 (mqCDD(n=6, m=1))
  Best Known (Ideal): 4.557198e-02
  Running Random Optimization...
  Randomly selected pulse counts: [(79, 158), (122, 120), (21, 54), (151, 5), (15, 6), (100, 65), (124, 62), (90, 40), (75, 60), (65, 51), (78, 7), (134, 40), (1, 105), (85, 126), (124, 133), (73, 136), (84, 40), (7, 89), (89, 157), (132, 136)]
Using Folded Noise Matrix (M=2)...
  Random Opt (n=79,158): Infidelity = 3.693938e-02
  Random Opt (n=122,120): Infidelity = 3.806234e-02
  Random Opt (n=21,54): Infidelity = 6.301787e-02
  Random Opt (n=151,5): Infidelity = 1.016786e-01
  Random Opt (n=15,6): Infidelity = 1.371684e-01
  Random Opt (n=100,65): Infidelity = 4.513783e-02
  Random Opt (n=124,62): Infidelity = 4.400540e-02
  Random Opt (n=90,40): Infidelity = 5.197992e-02
  Random Opt (n=75,60): Infidelity = 4.788317e-02
  Random Opt (n=65,51): Infidelity = 4.909020e-02
  Random Opt (n=78,7): Infidelity = 8.952746e-02
  Random Opt (n=134,40): Infidelity = 4.925048e-02
  Random Opt (n=1,105): Infidelity = 1.869230e-01
  Random Opt (n=85,126): Infidelity = 3.881358e-02
  Random Opt (n=124,133): Infidelity = 3.664380e-02
  Random Opt (n=73,136): Infidelity = 3.814652e-02
  Random Opt (n=84,40): Infidelity = 5.215353e-02
  Random Opt (n=7,89): Infidelity = 9.083521e-02
  Random Opt (n=89,157): Infidelity = 3.689760e-02
  Random Opt (n=132,136): Infidelity = 3.635759e-02
  Best Optimized (Ideal): 2.797560e-02
Saved all plotting data to /home/mqasimk/IdeaProjects/QNS-2Q/DraftRun_NoSPAM_featured/plotting_data/plotting_data_id_v4.npz

================================================================================
                        FINAL COMPARISON (Best Overall)                         
================================================================================
Infidelity                | 4.557198e-02              | 2.797560e-02             
Sequence                  | mqCDD(n=6, m=1)^2         | NT(132,136)^2            
================================================================================

To generate plots, run:
  python plot_optimization.py --data-dir /home/mqasimk/IdeaProjects/QNS-2Q/DraftRun_NoSPAM_featured --gate-type id

========================================
Running Optimization for M = 4
========================================
Loading reconstructed spectra from /home/mqasimk/IdeaProjects/QNS-2Q/DraftRun_NoSPAM_featured/specs.npz
  specs spam_protocol: none
[idle] NOTE: flagged (undetermined) DC points in specs: S112, S12, S212
Calculated T2 times (Ideal): Q1=7.71e+02 tau, Q2=7.70e+02 tau
Configuration loaded for M=4.

============================================================
RUNNING OPTIMIZATION PIPELINE
M (Repetitions): 4
Total Pulse Limit: 1000
Pulse Limit Per Repetition: 250
============================================================

Gate Time: 10240.0 tau (Tg/T2q1=13.2815, Tg/T2q2=13.3069)
  Time-domain setup: pad_factor=1, dt=0.1250 tau, tau/4=0.2500 tau
  No Pulse (Ideal): 7.499998e-01
Evaluating 83 known sequences...
Using Folded Noise Matrix (M=4)...
  Time-domain setup: pad_factor=1, dt=0.2500 tau, tau/4=0.2500 tau
  Best Known (Char): 7.473839e-01 (mqCDD(n=6, m=2))
  Best Known (Ideal): 7.477372e-01
  Running Random Optimization...
  Randomly selected pulse counts: [(214, 219), (187, 183), (27, 126), (52, 34), (129, 111), (48, 22), (177, 157), (31, 75), (13, 113), (198, 44), (21, 28), (249, 2), (228, 186), (123, 5), (250, 161), (67, 210), (241, 119), (72, 8), (100, 102), (101, 115)]
Using Folded Noise Matrix (M=4)...
  Random Opt (n=214,219): Infidelity = 7.499798e-01
  Random Opt (n=187,183): Infidelity = 7.495982e-01
  Random Opt (n=27,126): Infidelity = 7.477497e-01
  Random Opt (n=52,34): Infidelity = 7.499609e-01
  Random Opt (n=129,111): Infidelity = 7.475340e-01
  Random Opt (n=48,22): Infidelity = 7.499827e-01
  Random Opt (n=177,157): Infidelity = 7.472659e-01
  Random Opt (n=31,75): Infidelity = 7.498618e-01
  Random Opt (n=13,113): Infidelity = 7.486722e-01
  Random Opt (n=198,44): Infidelity = 7.497219e-01
  Random Opt (n=21,28): Infidelity = 7.499986e-01
  Random Opt (n=249,2): Infidelity = 7.475940e-01
  Random Opt (n=228,186): Infidelity = 7.499483e-01
  Random Opt (n=123,5): Infidelity = 7.482429e-01
  Random Opt (n=250,161): Infidelity = 7.457434e-01
  Random Opt (n=67,210): Infidelity = 7.498614e-01
  Random Opt (n=241,119): Infidelity = 7.477515e-01
  Random Opt (n=72,8): Infidelity = 7.498912e-01
  Random Opt (n=100,102): Infidelity = 7.493217e-01
  Random Opt (n=101,115): Infidelity = 7.487178e-01
  Best Optimized (Ideal): 7.421880e-01

Gate Time: 5120.0 tau (Tg/T2q1=6.6407, Tg/T2q2=6.6534)
  Time-domain setup: pad_factor=1, dt=0.1250 tau, tau/4=0.2500 tau
  No Pulse (Ideal): 7.498697e-01
Evaluating 83 known sequences...
Using Folded Noise Matrix (M=4)...
  Time-domain setup: pad_factor=1, dt=0.2500 tau, tau/4=0.2500 tau
  Best Known (Char): 6.915720e-01 (CDD(8, 6))
  Best Known (Ideal): 6.927180e-01
  Running Random Optimization...
  Randomly selected pulse counts: [(175, 191), (245, 168), (156, 136), (111, 125), (212, 165), (203, 201), (79, 97), (221, 188), (80, 118), (7, 96), (215, 203), (103, 210), (22, 202), (191, 216), (23, 34), (45, 103), (12, 217), (28, 194), (28, 50), (225, 126)]
Using Folded Noise Matrix (M=4)...
  Random Opt (n=175,191): Infidelity = 5.921726e-01
  Random Opt (n=245,168): Infidelity = 5.571702e-01
  Random Opt (n=156,136): Infidelity = 6.415564e-01
  Random Opt (n=111,125): Infidelity = 7.418445e-01
  Random Opt (n=212,165): Infidelity = 6.308766e-01
  Random Opt (n=203,201): Infidelity = 6.903652e-01
  Random Opt (n=79,97): Infidelity = 7.186650e-01
  Random Opt (n=221,188): Infidelity = 6.374161e-01
  Random Opt (n=80,118): Infidelity = 7.224526e-01
  Random Opt (n=7,96): Infidelity = 7.490603e-01
  Random Opt (n=215,203): Infidelity = 6.919643e-01
  Random Opt (n=103,210): Infidelity = 7.363859e-01
  Random Opt (n=22,202): Infidelity = 7.308681e-01
  Random Opt (n=191,216): Infidelity = 6.720570e-01
  Random Opt (n=23,34): Infidelity = 7.413937e-01
  Random Opt (n=45,103): Infidelity = 7.405879e-01
  Random Opt (n=12,217): Infidelity = 7.438099e-01
  Random Opt (n=28,194): Infidelity = 7.040295e-01
  Random Opt (n=28,50): Infidelity = 7.323622e-01
  Random Opt (n=225,126): Infidelity = 6.937761e-01
  Best Optimized (Ideal): 5.637789e-01

Gate Time: 2560.0 tau (Tg/T2q1=3.3204, Tg/T2q2=3.3267)
  Time-domain setup: pad_factor=1, dt=0.1250 tau, tau/4=0.2500 tau
  No Pulse (Ideal): 7.456331e-01
Evaluating 83 known sequences...
Using Folded Noise Matrix (M=4)...
  Time-domain setup: pad_factor=1, dt=0.2500 tau, tau/4=0.2500 tau
  Best Known (Char): 4.453001e-01 (CDD(7, 8))
  Best Known (Ideal): 4.548678e-01
  Running Random Optimization...
  Randomly selected pulse counts: [(35, 42), (103, 155), (205, 49), (75, 1), (28, 34), (180, 76), (67, 57), (106, 76), (218, 209), (75, 65), (190, 210), (103, 162), (201, 161), (157, 40), (104, 165), (237, 49), (108, 147), (159, 17), (28, 205), (102, 67)]
Using Folded Noise Matrix (M=4)...
  Random Opt (n=35,42): Infidelity = 6.112502e-01
  Random Opt (n=103,155): Infidelity = 4.201180e-01
  Random Opt (n=205,49): Infidelity = 5.705664e-01
  Random Opt (n=75,1): Infidelity = 6.226749e-01
  Random Opt (n=28,34): Infidelity = 6.055584e-01
  Random Opt (n=180,76): Infidelity = 3.871512e-01
  Random Opt (n=67,57): Infidelity = 6.354119e-01
  Random Opt (n=106,76): Infidelity = 4.751673e-01
  Random Opt (n=218,209): Infidelity = 3.071029e-01
  Random Opt (n=75,65): Infidelity = 4.955176e-01
  Random Opt (n=190,210): Infidelity = 3.094352e-01
  Random Opt (n=103,162): Infidelity = 4.203280e-01
  Random Opt (n=201,161): Infidelity = 3.174354e-01
  Random Opt (n=157,40): Infidelity = 4.763628e-01
  Random Opt (n=104,165): Infidelity = 4.184825e-01
  Random Opt (n=237,49): Infidelity = 5.690346e-01
  Random Opt (n=108,147): Infidelity = 4.339729e-01
  Random Opt (n=159,17): Infidelity = 5.144127e-01
  Random Opt (n=28,205): Infidelity = 4.883729e-01
  Random Opt (n=102,67): Infidelity = 4.981059e-01
  Best Optimized (Ideal): 2.965539e-01

Gate Time: 1280.0 tau (Tg/T2q1=1.6602, Tg/T2q2=1.6634)
  Time-domain setup: pad_factor=1, dt=0.1250 tau, tau/4=0.2500 tau
  No Pulse (Ideal): 7.149203e-01
Evaluating 83 known sequences...
Using Folded Noise Matrix (M=4)...
  Time-domain setup: pad_factor=1, dt=0.2500 tau, tau/4=0.2500 tau
  Best Known (Char): 1.755077e-01 (CDD(7, 8))
  Best Known (Ideal): 1.786408e-01
  Running Random Optimization...
  Randomly selected pulse counts: [(245, 112), (126, 127), (225, 149), (44, 208), (30, 245), (180, 122), (172, 203), (77, 236), (213, 248), (233, 188), (131, 42), (186, 186), (197, 207), (56, 147), (60, 114), (186, 190), (104, 121), (122, 16), (9, 196), (67, 73)]
Using Folded Noise Matrix (M=4)...
  Random Opt (n=245,112): Infidelity = 1.613010e-01
  Random Opt (n=126,127): Infidelity = 1.783987e-01
  Random Opt (n=225,149): Infidelity = 1.501894e-01
  Random Opt (n=44,208): Infidelity = 2.006382e-01
  Random Opt (n=30,245): Infidelity = 2.924148e-01
  Random Opt (n=180,122): Infidelity = 1.693202e-01
  Random Opt (n=172,203): Infidelity = 1.498395e-01
  Random Opt (n=77,236): Infidelity = 1.497250e-01
  Random Opt (n=213,248): Infidelity = 1.346104e-01
  Random Opt (n=233,188): Infidelity = 1.470645e-01
  Random Opt (n=131,42): Infidelity = 2.256349e-01
  Random Opt (n=186,186): Infidelity = 2.486466e-01
  Random Opt (n=197,207): Infidelity = 1.499379e-01
  Random Opt (n=56,147): Infidelity = 2.334062e-01
  Random Opt (n=60,114): Infidelity = 1.942833e-01
  Random Opt (n=186,190): Infidelity = 1.530446e-01
  Random Opt (n=104,121): Infidelity = 1.715292e-01
  Random Opt (n=122,16): Infidelity = 3.029045e-01
  Random Opt (n=9,196): Infidelity = 3.551760e-01
  Random Opt (n=67,73): Infidelity = 1.989692e-01
  Best Optimized (Ideal): 1.057680e-01

Gate Time: 640.0 tau (Tg/T2q1=0.8301, Tg/T2q2=0.8317)
  Time-domain setup: pad_factor=1, dt=0.1250 tau, tau/4=0.2500 tau
  No Pulse (Ideal): 6.176063e-01
Evaluating 63 known sequences...
Using Folded Noise Matrix (M=4)...
  Time-domain setup: pad_factor=1, dt=0.2500 tau, tau/4=0.2500 tau
  Best Known (Char): 8.796195e-02 (mqCDD(n=6, m=1))
  Best Known (Ideal): 8.804368e-02
  Running Random Optimization...
  Randomly selected pulse counts: [(35, 3), (28, 25), (69, 129), (110, 120), (7, 126), (152, 61), (153, 62), (47, 47), (151, 101), (19, 89), (114, 53), (107, 78), (80, 117), (23, 134), (45, 26), (4, 113), (49, 43), (18, 77), (53, 2), (56, 91)]
Using Folded Noise Matrix (M=4)...
  Random Opt (n=35,3): Infidelity = 2.071681e-01
  Random Opt (n=28,25): Infidelity = 2.268281e-01
  Random Opt (n=69,129): Infidelity = 7.475671e-02
  Random Opt (n=110,120): Infidelity = 7.211431e-02
  Random Opt (n=7,126): Infidelity = 1.579364e-01
  Random Opt (n=152,61): Infidelity = 8.293056e-02
  Random Opt (n=153,62): Infidelity = 8.431991e-02
  Random Opt (n=47,47): Infidelity = 1.473360e-01
  Random Opt (n=151,101): Infidelity = 7.510394e-02
  Random Opt (n=19,89): Infidelity = 1.107406e-01
  Random Opt (n=114,53): Infidelity = 8.703618e-02
  Random Opt (n=107,78): Infidelity = 8.161687e-02
  Random Opt (n=80,117): Infidelity = 7.659349e-02
  Random Opt (n=23,134): Infidelity = 1.026993e-01
  Random Opt (n=45,26): Infidelity = 2.034714e-01
  Random Opt (n=4,113): Infidelity = 2.338076e-01
  Random Opt (n=49,43): Infidelity = 9.791264e-02
  Random Opt (n=18,77): Infidelity = 1.275232e-01
  Random Opt (n=53,2): Infidelity = 2.809155e-01
  Random Opt (n=56,91): Infidelity = 8.465632e-02
  Best Optimized (Ideal): 5.563392e-02

Gate Time: 320.0 tau (Tg/T2q1=0.4150, Tg/T2q2=0.4158)
  Time-domain setup: pad_factor=1, dt=0.1250 tau, tau/4=0.2500 tau
  No Pulse (Ideal): 4.495566e-01
Evaluating 45 known sequences...
Using Folded Noise Matrix (M=4)...
  Time-domain setup: pad_factor=1, dt=0.2500 tau, tau/4=0.2500 tau
  Best Known (Char): 4.547061e-02 (mqCDD(n=5, m=1))
  Best Known (Ideal): 4.537771e-02
  Running Random Optimization...
  Randomly selected pulse counts: [(61, 54), (49, 72), (48, 35), (29, 30), (64, 37), (37, 48), (46, 11), (51, 58), (14, 22), (45, 6), (21, 45), (4, 2), (10, 17), (68, 3), (56, 55), (1, 37), (27, 11), (18, 38), (73, 54), (30, 5)]
Using Folded Noise Matrix (M=4)...
  Random Opt (n=61,54): Infidelity = 3.763945e-02
  Random Opt (n=49,72): Infidelity = 3.838452e-02
  Random Opt (n=48,35): Infidelity = 4.480172e-02
  Random Opt (n=29,30): Infidelity = 4.840518e-02
  Random Opt (n=64,37): Infidelity = 4.125546e-02
  Random Opt (n=37,48): Infidelity = 4.260855e-02
  Random Opt (n=46,11): Infidelity = 6.521944e-02
  Random Opt (n=51,58): Infidelity = 3.962720e-02
  Random Opt (n=14,22): Infidelity = 7.044020e-02
  Random Opt (n=45,6): Infidelity = 1.523018e-01
  Random Opt (n=21,45): Infidelity = 4.378589e-02
  Random Opt (n=4,2): Infidelity = 1.818800e-01
  Random Opt (n=10,17): Infidelity = 7.594021e-02
  Random Opt (n=68,3): Infidelity = 8.670033e-02
  Random Opt (n=56,55): Infidelity = 3.812451e-02
  Random Opt (n=1,37): Infidelity = 1.326531e-01
  Random Opt (n=27,11): Infidelity = 6.698228e-02
  Random Opt (n=18,38): Infidelity = 5.047808e-02
  Random Opt (n=73,54): Infidelity = 3.771982e-02
  Random Opt (n=30,5): Infidelity = 1.613753e-01
  Best Optimized (Ideal): 2.847459e-02
Saved all plotting data to /home/mqasimk/IdeaProjects/QNS-2Q/DraftRun_NoSPAM_featured/plotting_data/plotting_data_id_v4.npz

================================================================================
                        FINAL COMPARISON (Best Overall)                         
================================================================================
Infidelity                | 4.537771e-02              | 2.847459e-02             
Sequence                  | mqCDD(n=5, m=1)^4         | NT(61,54)^4              
================================================================================

To generate plots, run:
  python plot_optimization.py --data-dir /home/mqasimk/IdeaProjects/QNS-2Q/DraftRun_NoSPAM_featured --gate-type id

========================================
Running Optimization for M = 8
========================================
Loading reconstructed spectra from /home/mqasimk/IdeaProjects/QNS-2Q/DraftRun_NoSPAM_featured/specs.npz
  specs spam_protocol: none
[idle] NOTE: flagged (undetermined) DC points in specs: S112, S12, S212
Calculated T2 times (Ideal): Q1=7.71e+02 tau, Q2=7.70e+02 tau
Configuration loaded for M=8.

============================================================
RUNNING OPTIMIZATION PIPELINE
M (Repetitions): 8
Total Pulse Limit: 1000
Pulse Limit Per Repetition: 125
============================================================

Gate Time: 10240.0 tau (Tg/T2q1=13.2815, Tg/T2q2=13.3069)
  Time-domain setup: pad_factor=1, dt=0.1250 tau, tau/4=0.2500 tau
  No Pulse (Ideal): 7.499998e-01
Evaluating 62 known sequences...
Using Folded Noise Matrix (M=8)...
  Time-domain setup: pad_factor=1, dt=0.2500 tau, tau/4=0.2500 tau
  Best Known (Char): 7.473773e-01 (mqCDD(n=5, m=2))
  Best Known (Ideal): 7.477367e-01
  Running Random Optimization...
  Randomly selected pulse counts: [(16, 124), (81, 37), (78, 97), (115, 67), (101, 66), (95, 96), (51, 79), (47, 110), (69, 30), (97, 23), (118, 79), (6, 60), (52, 101), (101, 88), (49, 6), (85, 103), (29, 57), (26, 93), (44, 30), (124, 66)]
Using Folded Noise Matrix (M=8)...
  Random Opt (n=16,124): Infidelity = 7.499571e-01
  Random Opt (n=81,37): Infidelity = 7.469393e-01
  Random Opt (n=78,97): Infidelity = 7.468768e-01
  Random Opt (n=115,67): Infidelity = 7.481000e-01
  Random Opt (n=101,66): Infidelity = 7.480962e-01
  Random Opt (n=95,96): Infidelity = 7.496324e-01
  Random Opt (n=51,79): Infidelity = 7.468814e-01
  Random Opt (n=47,110): Infidelity = 7.495944e-01
  Random Opt (n=69,30): Infidelity = 7.472393e-01
  Random Opt (n=97,23): Infidelity = 7.495625e-01
  Random Opt (n=118,79): Infidelity = 7.474259e-01
  Random Opt (n=6,60): Infidelity = 7.482752e-01
  Random Opt (n=52,101): Infidelity = 7.493936e-01
  Random Opt (n=101,88): Infidelity = 7.497991e-01
  Random Opt (n=49,6): Infidelity = 7.495090e-01
  Random Opt (n=85,103): Infidelity = 7.480871e-01
  Random Opt (n=29,57): Infidelity = 7.483740e-01
  Random Opt (n=26,93): Infidelity = 7.499502e-01
  Random Opt (n=44,30): Infidelity = 7.493944e-01
  Random Opt (n=124,66): Infidelity = 7.460849e-01
  Best Optimized (Ideal): 7.446730e-01

Gate Time: 5120.0 tau (Tg/T2q1=6.6407, Tg/T2q2=6.6534)
  Time-domain setup: pad_factor=1, dt=0.1250 tau, tau/4=0.2500 tau
  No Pulse (Ideal): 7.498698e-01
Evaluating 62 known sequences...
Using Folded Noise Matrix (M=8)...
  Time-domain setup: pad_factor=1, dt=0.2500 tau, tau/4=0.2500 tau
  Best Known (Char): 6.902406e-01 (CDD(7, 5))
  Best Known (Ideal): 6.901393e-01
  Running Random Optimization...
  Randomly selected pulse counts: [(51, 124), (10, 3), (20, 37), (58, 57), (47, 90), (105, 21), (58, 22), (89, 11), (5, 50), (45, 22), (111, 85), (82, 20), (75, 53), (43, 30), (12, 35), (35, 98), (29, 20), (58, 77), (42, 45), (54, 23)]
Using Folded Noise Matrix (M=8)...
  Random Opt (n=51,124): Infidelity = 6.721209e-01
  Random Opt (n=10,3): Infidelity = 7.489481e-01
  Random Opt (n=20,37): Infidelity = 7.234707e-01
  Random Opt (n=58,57): Infidelity = 7.450195e-01
  Random Opt (n=47,90): Infidelity = 6.768112e-01
  Random Opt (n=105,21): Infidelity = 6.919022e-01
  Random Opt (n=58,22): Infidelity = 7.329902e-01
  Random Opt (n=89,11): Infidelity = 6.740978e-01
  Random Opt (n=5,50): Infidelity = 7.497080e-01
  Random Opt (n=45,22): Infidelity = 7.236883e-01
  Random Opt (n=111,85): Infidelity = 6.374644e-01
  Random Opt (n=82,20): Infidelity = 6.731924e-01
  Random Opt (n=75,53): Infidelity = 6.884928e-01
  Random Opt (n=43,30): Infidelity = 7.080852e-01
  Random Opt (n=12,35): Infidelity = 7.281840e-01
  Random Opt (n=35,98): Infidelity = 6.894848e-01
  Random Opt (n=29,20): Infidelity = 7.212603e-01
  Random Opt (n=58,77): Infidelity = 6.848607e-01
  Random Opt (n=42,45): Infidelity = 7.299219e-01
  Random Opt (n=54,23): Infidelity = 7.348210e-01
  Best Optimized (Ideal): 6.400094e-01

Gate Time: 2560.0 tau (Tg/T2q1=3.3204, Tg/T2q2=3.3267)
  Time-domain setup: pad_factor=1, dt=0.1250 tau, tau/4=0.2500 tau
  No Pulse (Ideal): 7.456396e-01
Evaluating 62 known sequences...
Using Folded Noise Matrix (M=8)...
  Time-domain setup: pad_factor=1, dt=0.2500 tau, tau/4=0.2500 tau
  Best Known (Char): 4.484338e-01 (CDD(6, 7))
  Best Known (Ideal): 4.622482e-01
  Running Random Optimization...
  Randomly selected pulse counts: [(49, 42), (97, 30), (6, 70), (86, 13), (81, 7), (123, 101), (46, 63), (72, 125), (71, 45), (35, 60), (46, 37), (96, 5), (32, 100), (91, 18), (52, 81), (38, 40), (7, 74), (117, 42), (14, 108), (91, 67)]
Using Folded Noise Matrix (M=8)...
  Random Opt (n=49,42): Infidelity = 4.536773e-01
  Random Opt (n=97,30): Infidelity = 5.513889e-01
  Random Opt (n=6,70): Infidelity = 5.770503e-01
  Random Opt (n=86,13): Infidelity = 4.719568e-01
  Random Opt (n=81,7): Infidelity = 4.925423e-01
  Random Opt (n=123,101): Infidelity = 3.013668e-01
  Random Opt (n=46,63): Infidelity = 3.957023e-01
  Random Opt (n=72,125): Infidelity = 3.125567e-01
  Random Opt (n=71,45): Infidelity = 3.722682e-01
  Random Opt (n=35,60): Infidelity = 4.398833e-01
  Random Opt (n=46,37): Infidelity = 4.364518e-01
  Random Opt (n=96,5): Infidelity = 5.254509e-01
  Random Opt (n=32,100): Infidelity = 4.357686e-01
  Random Opt (n=91,18): Infidelity = 4.724273e-01
  Random Opt (n=52,81): Infidelity = 4.238415e-01
  Random Opt (n=38,40): Infidelity = 4.738033e-01
  Random Opt (n=7,74): Infidelity = 5.483477e-01
  Random Opt (n=117,42): Infidelity = 3.804067e-01
  Random Opt (n=14,108): Infidelity = 4.914938e-01
  Random Opt (n=91,67): Infidelity = 3.252972e-01
  Best Optimized (Ideal): 2.806084e-01

Gate Time: 1280.0 tau (Tg/T2q1=1.6602, Tg/T2q2=1.6634)
  Time-domain setup: pad_factor=1, dt=0.1250 tau, tau/4=0.2500 tau
  No Pulse (Ideal): 7.149856e-01
Evaluating 62 known sequences...
Using Folded Noise Matrix (M=8)...
  Time-domain setup: pad_factor=1, dt=0.2500 tau, tau/4=0.2500 tau
  Best Known (Char): 1.763109e-01 (CDD(6, 7))
  Best Known (Ideal): 1.774195e-01
  Running Random Optimization...
  Randomly selected pulse counts: [(0, 119), (79, 29), (113, 78), (65, 87), (87, 104), (87, 49), (58, 28), (87, 54), (112, 118), (121, 40), (24, 123), (52, 50), (114, 23), (96, 53), (110, 13), (75, 17), (17, 11), (102, 121), (52, 69), (48, 13)]
Using Folded Noise Matrix (M=8)...
  Random Opt (n=0,119): Infidelity = 5.176311e-01
  Random Opt (n=79,29): Infidelity = 2.088327e-01
  Random Opt (n=113,78): Infidelity = 1.543245e-01
  Random Opt (n=65,87): Infidelity = 1.563147e-01
  Random Opt (n=87,104): Infidelity = 1.485272e-01
  Random Opt (n=87,49): Infidelity = 1.710563e-01
  Random Opt (n=58,28): Infidelity = 3.049344e-01
  Random Opt (n=87,54): Infidelity = 1.723837e-01
  Random Opt (n=112,118): Infidelity = 1.407049e-01
  Random Opt (n=121,40): Infidelity = 1.787427e-01
  Random Opt (n=24,123): Infidelity = 2.090081e-01
  Random Opt (n=52,50): Infidelity = 1.840381e-01
  Random Opt (n=114,23): Infidelity = 2.060815e-01
  Random Opt (n=96,53): Infidelity = 1.687417e-01
  Random Opt (n=110,13): Infidelity = 5.113450e-01
  Random Opt (n=75,17): Infidelity = 2.277402e-01
  Random Opt (n=17,11): Infidelity = 4.619361e-01
  Random Opt (n=102,121): Infidelity = 1.434261e-01
  Random Opt (n=52,69): Infidelity = 1.658236e-01
  Random Opt (n=48,13): Infidelity = 5.216337e-01
  Best Optimized (Ideal): 1.080262e-01

Gate Time: 640.0 tau (Tg/T2q1=0.8301, Tg/T2q2=0.8317)
  Time-domain setup: pad_factor=1, dt=0.1250 tau, tau/4=0.2500 tau
  No Pulse (Ideal): 6.179135e-01
Evaluating 45 known sequences...
Using Folded Noise Matrix (M=8)...
  Time-domain setup: pad_factor=1, dt=0.2500 tau, tau/4=0.2500 tau
  Best Known (Char): 8.773485e-02 (mqCDD(n=5, m=1))
  Best Known (Ideal): 8.759437e-02
  Running Random Optimization...
  Randomly selected pulse counts: [(34, 15), (22, 59), (45, 56), (9, 52), (12, 7), (59, 52), (63, 4), (52, 38), (36, 7), (28, 31), (13, 19), (42, 72), (20, 20), (36, 21), (57, 38), (24, 17), (64, 40), (1, 48), (10, 72), (29, 76)]
Using Folded Noise Matrix (M=8)...
  Random Opt (n=34,15): Infidelity = 1.052613e-01
  Random Opt (n=22,59): Infidelity = 8.175989e-02
  Random Opt (n=45,56): Infidelity = 7.742684e-02
  Random Opt (n=9,52): Infidelity = 1.087274e-01
  Random Opt (n=12,7): Infidelity = 2.262178e-01
  Random Opt (n=59,52): Infidelity = 7.494115e-02
  Random Opt (n=63,4): Infidelity = 2.111809e-01
  Random Opt (n=52,38): Infidelity = 8.848231e-02
  Random Opt (n=36,7): Infidelity = 1.866434e-01
  Random Opt (n=28,31): Infidelity = 9.218501e-02
  Random Opt (n=13,19): Infidelity = 1.475338e-01
  Random Opt (n=42,72): Infidelity = 7.696740e-02
  Random Opt (n=20,20): Infidelity = 1.636729e-01
  Random Opt (n=36,21): Infidelity = 9.797922e-02
  Random Opt (n=57,38): Infidelity = 8.380794e-02
  Random Opt (n=24,17): Infidelity = 1.061152e-01
  Random Opt (n=64,40): Infidelity = 8.135965e-02
  Random Opt (n=1,48): Infidelity = 2.248037e-01
  Random Opt (n=10,72): Infidelity = 1.178267e-01
  Random Opt (n=29,76): Infidelity = 7.498991e-02
  Best Optimized (Ideal): 5.683135e-02

Gate Time: 320.0 tau (Tg/T2q1=0.4150, Tg/T2q2=0.4158)
  Time-domain setup: pad_factor=1, dt=0.1250 tau, tau/4=0.2500 tau
  No Pulse (Ideal): 4.503324e-01
Evaluating 30 known sequences...
Using Folded Noise Matrix (M=8)...
  Time-domain setup: pad_factor=1, dt=0.2500 tau, tau/4=0.2500 tau
  Best Known (Char): 4.451519e-02 (mqCDD(n=4, m=1))
  Best Known (Ideal): 4.371235e-02
  Running Random Optimization...
  Randomly selected pulse counts: [(37, 28), (15, 25), (37, 20), (32, 9), (25, 4), (2, 11), (31, 21), (15, 11), (2, 30), (16, 36), (18, 21), (23, 13), (33, 17), (32, 38), (7, 6), (28, 11), (23, 33), (26, 9), (36, 38), (27, 35)]
Using Folded Noise Matrix (M=8)...
  Random Opt (n=37,28): Infidelity = 3.873679e-02
  Random Opt (n=15,25): Infidelity = 4.179570e-02
  Random Opt (n=37,20): Infidelity = 4.175895e-02
  Random Opt (n=32,9): Infidelity = 4.818095e-02
  Random Opt (n=25,4): Infidelity = 9.938750e-02
  Random Opt (n=2,11): Infidelity = 1.239110e-01
  Random Opt (n=31,21): Infidelity = 4.018930e-02
  Random Opt (n=15,11): Infidelity = 4.893252e-02
  Random Opt (n=2,30): Infidelity = 1.157977e-01
  Random Opt (n=16,36): Infidelity = 4.232530e-02
  Random Opt (n=18,21): Infidelity = 4.500483e-02
  Random Opt (n=23,13): Infidelity = 4.647720e-02
  Random Opt (n=33,17): Infidelity = 4.097073e-02
  Random Opt (n=32,38): Infidelity = 3.707022e-02
  Random Opt (n=7,6): Infidelity = 7.741669e-02
  Random Opt (n=28,11): Infidelity = 4.754518e-02
  Random Opt (n=23,33): Infidelity = 3.749466e-02
  Random Opt (n=26,9): Infidelity = 4.978894e-02
  Random Opt (n=36,38): Infidelity = 3.717407e-02
  Random Opt (n=27,35): Infidelity = 3.771703e-02
  Best Optimized (Ideal): 2.853163e-02
Saved all plotting data to /home/mqasimk/IdeaProjects/QNS-2Q/DraftRun_NoSPAM_featured/plotting_data/plotting_data_id_v4.npz

================================================================================
                        FINAL COMPARISON (Best Overall)                         
================================================================================
Infidelity                | 4.371235e-02              | 2.853163e-02             
Sequence                  | mqCDD(n=4, m=1)^8         | NT(32,38)^8              
================================================================================

To generate plots, run:
  python plot_optimization.py --data-dir /home/mqasimk/IdeaProjects/QNS-2Q/DraftRun_NoSPAM_featured --gate-type id

========================================
Running Optimization for M = 16
========================================
Loading reconstructed spectra from /home/mqasimk/IdeaProjects/QNS-2Q/DraftRun_NoSPAM_featured/specs.npz
  specs spam_protocol: none
[idle] NOTE: flagged (undetermined) DC points in specs: S112, S12, S212
Calculated T2 times (Ideal): Q1=7.71e+02 tau, Q2=7.70e+02 tau
Configuration loaded for M=16.

============================================================
RUNNING OPTIMIZATION PIPELINE
M (Repetitions): 16
Total Pulse Limit: 1000
Pulse Limit Per Repetition: 62
============================================================

Gate Time: 10240.0 tau (Tg/T2q1=13.2815, Tg/T2q2=13.3069)
  Time-domain setup: pad_factor=1, dt=0.1250 tau, tau/4=0.2500 tau
  No Pulse (Ideal): 7.499998e-01
Evaluating 44 known sequences...
Using Frequency Comb Approximation (M=16)...
