Loading reconstructed spectra from /home/mqasimk/IdeaProjects/QNS-2Q/DraftRun_NoSPAM_featured/specs.npz
  specs spam_protocol: none
[cz] NOTE: flagged (undetermined) DC points in specs: S112, S12, S212
Calculated T2 times (Ideal): Q1=7.71e+02 tau, Q2=7.70e+02 tau
Running CZ Optimization (v2) [seed=20260608]...

Gate Time: 40.0 tau (Tg/T2q1=0.0519, Tg/T2q2=0.0520)
  Time-domain setup: pad_factor=1, dt=0.1250 tau, tau/4=0.2500 tau
  No Pulse (Ideal): 5.392437e-02
  Time-domain setup: pad_factor=1, dt=0.2500 tau, tau/4=0.2500 tau
  Best Known (Char): 6.878861e-03 (CDD(5, 5))
  Best Known (Ideal): 5.520745e-03
  Auto-selected pulse counts: [38, 37, 36, 20, 19, 18]
  Optimizing n=(38, 38)...
    New Best Opt: 5.733126e-03
  Optimizing n=(38, 37)...
    New Best Opt: 5.002920e-03
  Optimizing n=(38, 36)...
    New Best Opt: 4.995600e-03
  Optimizing n=(38, 20)...
  Optimizing n=(38, 19)...
  Optimizing n=(38, 18)...
  Optimizing n=(37, 38)...
    New Best Opt: 4.917297e-03
  Optimizing n=(37, 37)...
  Optimizing n=(37, 36)...
  Optimizing n=(37, 20)...
  Optimizing n=(37, 19)...
  Optimizing n=(37, 18)...
  Optimizing n=(36, 38)...
    New Best Opt: 4.861527e-03
  Optimizing n=(36, 37)...
  Optimizing n=(36, 36)...
  Optimizing n=(36, 20)...
  Optimizing n=(36, 19)...
  Optimizing n=(36, 18)...
  Optimizing n=(20, 38)...
  Optimizing n=(20, 37)...
  Optimizing n=(20, 36)...
  Optimizing n=(20, 20)...
  Optimizing n=(20, 19)...
  Optimizing n=(20, 18)...
  Optimizing n=(19, 38)...
  Optimizing n=(19, 37)...
  Optimizing n=(19, 36)...
  Optimizing n=(19, 20)...
  Optimizing n=(19, 19)...
  Optimizing n=(19, 18)...
  Optimizing n=(18, 38)...
  Optimizing n=(18, 37)...
  Optimizing n=(18, 36)...
  Optimizing n=(18, 20)...
  Optimizing n=(18, 19)...
  Optimizing n=(18, 18)...
  Best Opt (Ideal): 3.585429e-03

Gate Time: 80.0 tau (Tg/T2q1=0.1038, Tg/T2q2=0.1040)
  Time-domain setup: pad_factor=1, dt=0.1250 tau, tau/4=0.2500 tau
  No Pulse (Ideal): 1.294969e-01
  Time-domain setup: pad_factor=1, dt=0.2500 tau, tau/4=0.2500 tau
  Best Known (Char): 1.528681e-02 (CDD(6, 6))
  Best Known (Ideal): 1.170368e-02
  Auto-selected pulse counts: [78, 77, 76, 40, 39, 38]
  Optimizing n=(78, 78)...
    New Best Opt: 1.267279e-02
  Optimizing n=(78, 77)...
    New Best Opt: 9.551829e-03
  Optimizing n=(78, 76)...
  Optimizing n=(78, 40)...
  Optimizing n=(78, 39)...
  Optimizing n=(78, 38)...
  Optimizing n=(77, 78)...
  Optimizing n=(77, 77)...
  Optimizing n=(77, 76)...
  Optimizing n=(77, 40)...
  Optimizing n=(77, 39)...
  Optimizing n=(77, 38)...
  Optimizing n=(76, 78)...
  Optimizing n=(76, 77)...
  Optimizing n=(76, 76)...
  Optimizing n=(76, 40)...
  Optimizing n=(76, 39)...
  Optimizing n=(76, 38)...
  Optimizing n=(40, 78)...
  Optimizing n=(40, 77)...
  Optimizing n=(40, 76)...
  Optimizing n=(40, 40)...
  Optimizing n=(40, 39)...
  Optimizing n=(40, 38)...
  Optimizing n=(39, 78)...
  Optimizing n=(39, 77)...
  Optimizing n=(39, 76)...
  Optimizing n=(39, 40)...
  Optimizing n=(39, 39)...
  Optimizing n=(39, 38)...
  Optimizing n=(38, 78)...
  Optimizing n=(38, 77)...
  Optimizing n=(38, 76)...
  Optimizing n=(38, 40)...
  Optimizing n=(38, 39)...
  Optimizing n=(38, 38)...
  Best Opt (Ideal): 7.063033e-03

Gate Time: 160.0 tau (Tg/T2q1=0.2075, Tg/T2q2=0.2079)
  Time-domain setup: pad_factor=1, dt=0.1250 tau, tau/4=0.2500 tau
  No Pulse (Ideal): 2.664287e-01
  Time-domain setup: pad_factor=1, dt=0.2500 tau, tau/4=0.2500 tau
  Best Known (Char): 3.353638e-02 (CDD(7, 7))
  Best Known (Ideal): 2.417391e-02
  Auto-selected pulse counts: [150, 149, 148, 76, 75, 74]
  Optimizing n=(150, 150)...
    New Best Opt: 1.992754e-02
  Optimizing n=(150, 149)...
    New Best Opt: 1.957085e-02
  Optimizing n=(150, 148)...
  Optimizing n=(150, 76)...
  Optimizing n=(150, 75)...
  Optimizing n=(150, 74)...
  Optimizing n=(149, 150)...
  Optimizing n=(149, 149)...
  Optimizing n=(149, 148)...
  Optimizing n=(149, 76)...
  Optimizing n=(149, 75)...
  Optimizing n=(149, 74)...
  Optimizing n=(148, 150)...
    New Best Opt: 1.899940e-02
  Optimizing n=(148, 149)...
  Optimizing n=(148, 148)...
  Optimizing n=(148, 76)...
  Optimizing n=(148, 75)...
  Optimizing n=(148, 74)...
  Optimizing n=(76, 150)...
  Optimizing n=(76, 149)...
  Optimizing n=(76, 148)...
  Optimizing n=(76, 76)...
  Optimizing n=(76, 75)...
  Optimizing n=(76, 74)...
  Optimizing n=(75, 150)...
  Optimizing n=(75, 149)...
  Optimizing n=(75, 148)...
  Optimizing n=(75, 76)...
  Optimizing n=(75, 75)...
  Optimizing n=(75, 74)...
  Optimizing n=(74, 150)...
  Optimizing n=(74, 149)...
  Optimizing n=(74, 148)...
  Optimizing n=(74, 76)...
  Optimizing n=(74, 75)...
  Optimizing n=(74, 74)...
  Best Opt (Ideal): 1.407018e-02

Gate Time: 320.0 tau (Tg/T2q1=0.4150, Tg/T2q2=0.4158)
  Time-domain setup: pad_factor=1, dt=0.1250 tau, tau/4=0.2500 tau
  No Pulse (Ideal): 4.489399e-01
  Time-domain setup: pad_factor=1, dt=0.2500 tau, tau/4=0.2500 tau
  Best Known (Char): 8.976949e-02 (CDD(7, 7))
  Best Known (Ideal): 7.419722e-02
  Auto-selected pulse counts: [150, 149, 148, 76, 75, 74]
  Optimizing n=(150, 150)...
    New Best Opt: 5.013561e-02
  Optimizing n=(150, 149)...
  Optimizing n=(150, 148)...
  Optimizing n=(150, 76)...
  Optimizing n=(150, 75)...
  Optimizing n=(150, 74)...
  Optimizing n=(149, 150)...
  Optimizing n=(149, 149)...
  Optimizing n=(149, 148)...
  Optimizing n=(149, 76)...
  Optimizing n=(149, 75)...
  Optimizing n=(149, 74)...
  Optimizing n=(148, 150)...
  Optimizing n=(148, 149)...
  Optimizing n=(148, 148)...
  Optimizing n=(148, 76)...
  Optimizing n=(148, 75)...
  Optimizing n=(148, 74)...
  Optimizing n=(76, 150)...
  Optimizing n=(76, 149)...
  Optimizing n=(76, 148)...
  Optimizing n=(76, 76)...
  Optimizing n=(76, 75)...
  Optimizing n=(76, 74)...
  Optimizing n=(75, 150)...
  Optimizing n=(75, 149)...
  Optimizing n=(75, 148)...
  Optimizing n=(75, 76)...
  Optimizing n=(75, 75)...
  Optimizing n=(75, 74)...
  Optimizing n=(74, 150)...
  Optimizing n=(74, 149)...
  Optimizing n=(74, 148)...
  Optimizing n=(74, 76)...
  Optimizing n=(74, 75)...
  Optimizing n=(74, 74)...
  Best Opt (Ideal): 4.414249e-02

Gate Time: 640.0 tau (Tg/T2q1=0.8301, Tg/T2q2=0.8317)
  Time-domain setup: pad_factor=1, dt=0.1250 tau, tau/4=0.2500 tau
  No Pulse (Ideal): 6.173731e-01
  Time-domain setup: pad_factor=1, dt=0.2500 tau, tau/4=0.2500 tau
  Best Known (Char): 2.551184e-01 (CDD(7, 7))
  Best Known (Ideal): 2.318313e-01
  Auto-selected pulse counts: [150, 149, 148, 76, 75, 74]
  Optimizing n=(150, 150)...
    New Best Opt: 1.617978e-01
  Optimizing n=(150, 149)...
    New Best Opt: 1.591107e-01
  Optimizing n=(150, 148)...
  Optimizing n=(150, 76)...
  Optimizing n=(150, 75)...
  Optimizing n=(150, 74)...
  Optimizing n=(149, 150)...
  Optimizing n=(149, 149)...
  Optimizing n=(149, 148)...
  Optimizing n=(149, 76)...
  Optimizing n=(149, 75)...
  Optimizing n=(149, 74)...
  Optimizing n=(148, 150)...
  Optimizing n=(148, 149)...
  Optimizing n=(148, 148)...
    New Best Opt: 1.566640e-01
  Optimizing n=(148, 76)...
  Optimizing n=(148, 75)...
  Optimizing n=(148, 74)...
  Optimizing n=(76, 150)...
  Optimizing n=(76, 149)...
  Optimizing n=(76, 148)...
  Optimizing n=(76, 76)...
  Optimizing n=(76, 75)...
  Optimizing n=(76, 74)...
  Optimizing n=(75, 150)...
  Optimizing n=(75, 149)...
  Optimizing n=(75, 148)...
  Optimizing n=(75, 76)...
  Optimizing n=(75, 75)...
  Optimizing n=(75, 74)...
  Optimizing n=(74, 150)...
  Optimizing n=(74, 149)...
  Optimizing n=(74, 148)...
  Optimizing n=(74, 76)...
  Optimizing n=(74, 75)...
  Optimizing n=(74, 74)...
  Best Opt (Ideal): 1.547483e-01

Gate Time: 1280.0 tau (Tg/T2q1=1.6602, Tg/T2q2=1.6634)
  Time-domain setup: pad_factor=1, dt=0.1250 tau, tau/4=0.2500 tau
  No Pulse (Ideal): 7.148716e-01
  Time-domain setup: pad_factor=1, dt=0.2500 tau, tau/4=0.2500 tau
  Best Known (Char): 5.073449e-01 (CDD(6, 6))
  Best Known (Ideal): 4.795880e-01
  Auto-selected pulse counts: [150, 149, 148, 76, 75, 74]
  Optimizing n=(150, 150)...
    New Best Opt: 4.688347e-01
  Optimizing n=(150, 149)...
    New Best Opt: 4.652313e-01
  Optimizing n=(150, 148)...
    New Best Opt: 4.481183e-01
  Optimizing n=(150, 76)...
  Optimizing n=(150, 75)...
  Optimizing n=(150, 74)...
  Optimizing n=(149, 150)...
  Optimizing n=(149, 149)...
  Optimizing n=(149, 148)...
  Optimizing n=(149, 76)...
  Optimizing n=(149, 75)...
  Optimizing n=(149, 74)...
  Optimizing n=(148, 150)...
  Optimizing n=(148, 149)...
  Optimizing n=(148, 148)...
  Optimizing n=(148, 76)...
  Optimizing n=(148, 75)...
  Optimizing n=(148, 74)...
  Optimizing n=(76, 150)...
  Optimizing n=(76, 149)...
  Optimizing n=(76, 148)...
  Optimizing n=(76, 76)...
  Optimizing n=(76, 75)...
  Optimizing n=(76, 74)...
  Optimizing n=(75, 150)...
  Optimizing n=(75, 149)...
  Optimizing n=(75, 148)...
  Optimizing n=(75, 76)...
  Optimizing n=(75, 75)...
  Optimizing n=(75, 74)...
  Optimizing n=(74, 150)...
  Optimizing n=(74, 149)...
  Optimizing n=(74, 148)...
  Optimizing n=(74, 76)...
  Optimizing n=(74, 75)...
  Optimizing n=(74, 74)...
  Best Opt (Ideal): 4.447392e-01

Gate Time: 2560.0 tau (Tg/T2q1=3.3204, Tg/T2q2=3.3267)
  Time-domain setup: pad_factor=1, dt=0.1250 tau, tau/4=0.2500 tau
2026-06-11 15:04:53.474803: E external/xla/xla/service/slow_operation_alarm.cc:73] Trying algorithm eng28{k2=4,k3=0} for conv (f64[1,1,40961]{2,1,0}, u8[0]{0}) custom-call(f64[1,1,20481]{2,1,0}, f64[1,1,20481]{2,1,0}), window={size=20481 pad=20480_20480}, dim_labels=bf0_oi0->bf0, custom_call_target="__cudnn$convForward", backend_config={"operation_queue_id":"0","wait_on_operation_queues":[],"cudnn_conv_backend_config":{"activation_mode":"kNone","conv_result_scale":1,"side_input_scale":0,"leakyrelu_alpha":0},"force_earliest_schedule":false,"reification_cost":[]} is taking a while...
2026-06-11 15:04:53.774166: E external/xla/xla/service/slow_operation_alarm.cc:140] The operation took 1.299537668s
Trying algorithm eng28{k2=4,k3=0} for conv (f64[1,1,40961]{2,1,0}, u8[0]{0}) custom-call(f64[1,1,20481]{2,1,0}, f64[1,1,20481]{2,1,0}), window={size=20481 pad=20480_20480}, dim_labels=bf0_oi0->bf0, custom_call_target="__cudnn$convForward", backend_config={"operation_queue_id":"0","wait_on_operation_queues":[],"cudnn_conv_backend_config":{"activation_mode":"kNone","conv_result_scale":1,"side_input_scale":0,"leakyrelu_alpha":0},"force_earliest_schedule":false,"reification_cost":[]} is taking a while...
2026-06-11 15:04:55.102299: E external/xla/xla/service/slow_operation_alarm.cc:73] Trying algorithm eng28{k2=0,k3=0} for conv (f64[1,1,40961]{2,1,0}, u8[0]{0}) custom-call(f64[1,1,20481]{2,1,0}, f64[1,1,20481]{2,1,0}), window={size=20481 pad=20480_20480}, dim_labels=bf0_oi0->bf0, custom_call_target="__cudnn$convForward", backend_config={"operation_queue_id":"0","wait_on_operation_queues":[],"cudnn_conv_backend_config":{"activation_mode":"kNone","conv_result_scale":1,"side_input_scale":0,"leakyrelu_alpha":0},"force_earliest_schedule":false,"reification_cost":[]} is taking a while...
2026-06-11 15:04:55.297758: E external/xla/xla/service/slow_operation_alarm.cc:140] The operation took 1.195733302s
Trying algorithm eng28{k2=0,k3=0} for conv (f64[1,1,40961]{2,1,0}, u8[0]{0}) custom-call(f64[1,1,20481]{2,1,0}, f64[1,1,20481]{2,1,0}), window={size=20481 pad=20480_20480}, dim_labels=bf0_oi0->bf0, custom_call_target="__cudnn$convForward", backend_config={"operation_queue_id":"0","wait_on_operation_queues":[],"cudnn_conv_backend_config":{"activation_mode":"kNone","conv_result_scale":1,"side_input_scale":0,"leakyrelu_alpha":0},"force_earliest_schedule":false,"reification_cost":[]} is taking a while...
2026-06-11 15:04:56.297896: E external/xla/xla/service/slow_operation_alarm.cc:73] Trying algorithm eng28{k2=1,k3=0} for conv (f64[1,1,40961]{2,1,0}, u8[0]{0}) custom-call(f64[1,1,20481]{2,1,0}, f64[1,1,20481]{2,1,0}), window={size=20481 pad=20480_20480}, dim_labels=bf0_oi0->bf0, custom_call_target="__cudnn$convForward", backend_config={"operation_queue_id":"0","wait_on_operation_queues":[],"cudnn_conv_backend_config":{"activation_mode":"kNone","conv_result_scale":1,"side_input_scale":0,"leakyrelu_alpha":0},"force_earliest_schedule":false,"reification_cost":[]} is taking a while...
2026-06-11 15:04:57.688816: E external/xla/xla/service/slow_operation_alarm.cc:140] The operation took 2.391019399s
Trying algorithm eng28{k2=1,k3=0} for conv (f64[1,1,40961]{2,1,0}, u8[0]{0}) custom-call(f64[1,1,20481]{2,1,0}, f64[1,1,20481]{2,1,0}), window={size=20481 pad=20480_20480}, dim_labels=bf0_oi0->bf0, custom_call_target="__cudnn$convForward", backend_config={"operation_queue_id":"0","wait_on_operation_queues":[],"cudnn_conv_backend_config":{"activation_mode":"kNone","conv_result_scale":1,"side_input_scale":0,"leakyrelu_alpha":0},"force_earliest_schedule":false,"reification_cost":[]} is taking a while...
  No Pulse (Ideal): 7.456284e-01
  Time-domain setup: pad_factor=1, dt=0.2500 tau, tau/4=0.2500 tau
  Best Known (Char): 6.531799e-01 (CDD(7, 7))
  Best Known (Ideal): 6.274923e-01
  Auto-selected pulse counts: [150, 149, 148, 76, 75, 74]
  Optimizing n=(150, 150)...
    New Best Opt: 6.750693e-01
  Optimizing n=(150, 149)...
    New Best Opt: 6.561816e-01
  Optimizing n=(150, 148)...
    New Best Opt: 6.559216e-01
  Optimizing n=(150, 76)...
  Optimizing n=(150, 75)...
  Optimizing n=(150, 74)...
  Optimizing n=(149, 150)...
    New Best Opt: 6.531431e-01
  Optimizing n=(149, 149)...
    New Best Opt: 6.514459e-01
  Optimizing n=(149, 148)...
  Optimizing n=(149, 76)...
  Optimizing n=(149, 75)...
  Optimizing n=(149, 74)...
  Optimizing n=(148, 150)...
  Optimizing n=(148, 149)...
  Optimizing n=(148, 148)...
  Optimizing n=(148, 76)...
  Optimizing n=(148, 75)...
  Optimizing n=(148, 74)...
  Optimizing n=(76, 150)...
  Optimizing n=(76, 149)...
  Optimizing n=(76, 148)...
  Optimizing n=(76, 76)...
  Optimizing n=(76, 75)...
  Optimizing n=(76, 74)...
  Optimizing n=(75, 150)...
  Optimizing n=(75, 149)...
  Optimizing n=(75, 148)...
  Optimizing n=(75, 76)...
  Optimizing n=(75, 75)...
  Optimizing n=(75, 74)...
  Optimizing n=(74, 150)...
  Optimizing n=(74, 149)...
  Optimizing n=(74, 148)...
  Optimizing n=(74, 76)...
  Optimizing n=(74, 75)...
  Optimizing n=(74, 74)...
  Best Opt (Ideal): 6.492377e-01
Saved all plotting data to /home/mqasimk/IdeaProjects/QNS-2Q/DraftRun_NoSPAM_featured/plotting_data/plotting_data_cz_v2.npz

To generate plots, run:
  python plot_optimization.py --data-dir /home/mqasimk/IdeaProjects/QNS-2Q/DraftRun_NoSPAM_featured --gate-type cz
