[cz] max_pulses=0: pulse count limited only by the minimum separation tau (n <= T_seq/tau - 1 per qubit)
Loading reconstructed spectra from /home/mqasimk/IdeaProjects/QNS-2Q/DraftRun_SPAM_featured_reference/specs.npz
  specs spam_protocol: none
[cz] WARNING: spectra model_version='unknown' != current noise model 'anchored-tarucha-20260610'; the ideal benchmark uses the CURRENT model -- regenerate Stage 1/2.
Calculated T2 times (Ideal): Q1=7.71e+02 tau, Q2=7.70e+02 tau
Running CZ Optimization (v2) [seed=20260608]...

Gate Time: 40.0 tau (Tg/T2q1=0.0519, Tg/T2q2=0.0520)
  Time-domain setup: pad_factor=1, dt=0.1250 tau, tau/4=0.2500 tau
  No Pulse (Ideal): 5.392437e-02
  Time-domain setup: pad_factor=1, dt=0.2500 tau, tau/4=0.2500 tau
  Best Known (Char): 5.536942e-03 (CDD(5, 5))
  Best Known (Ideal): 5.520745e-03
  Auto-selected pulse counts: [38, 37, 36, 20, 19, 18]
  Optimizing n=(38, 38)...
    New Best Opt: 4.037568e-03
  Optimizing n=(38, 37)...
    New Best Opt: 3.686333e-03
  Optimizing n=(38, 36)...
    New Best Opt: 3.600403e-03
  Optimizing n=(38, 20)...
  Optimizing n=(38, 19)...
  Optimizing n=(38, 18)...
  Optimizing n=(37, 38)...
  Optimizing n=(37, 37)...
  Optimizing n=(37, 36)...
  Optimizing n=(37, 20)...
  Optimizing n=(37, 19)...
  Optimizing n=(37, 18)...
  Optimizing n=(36, 38)...
    New Best Opt: 3.505596e-03
  Optimizing n=(36, 37)...
  Optimizing n=(36, 36)...
  Optimizing n=(36, 20)...
  Optimizing n=(36, 19)...
  Optimizing n=(36, 18)...
  Optimizing n=(20, 38)...
  Optimizing n=(20, 37)...
  Optimizing n=(20, 36)...
  Optimizing n=(20, 20)...
  Optimizing n=(20, 19)...
  Optimizing n=(20, 18)...
  Optimizing n=(19, 38)...
  Optimizing n=(19, 37)...
  Optimizing n=(19, 36)...
  Optimizing n=(19, 20)...
  Optimizing n=(19, 19)...
  Optimizing n=(19, 18)...
  Optimizing n=(18, 38)...
  Optimizing n=(18, 37)...
  Optimizing n=(18, 36)...
  Optimizing n=(18, 20)...
  Optimizing n=(18, 19)...
  Optimizing n=(18, 18)...
  Best Opt (Ideal): 3.585429e-03

Gate Time: 80.0 tau (Tg/T2q1=0.1038, Tg/T2q2=0.1040)
  Time-domain setup: pad_factor=1, dt=0.1250 tau, tau/4=0.2500 tau
  No Pulse (Ideal): 1.294969e-01
  Time-domain setup: pad_factor=1, dt=0.2500 tau, tau/4=0.2500 tau
  Best Known (Char): 1.173947e-02 (CDD(6, 6))
  Best Known (Ideal): 1.170368e-02
  Auto-selected pulse counts: [78, 77, 76, 40, 39, 38]
  Optimizing n=(78, 78)...
    New Best Opt: 8.431364e-03
  Optimizing n=(78, 77)...
    New Best Opt: 6.961718e-03
  Optimizing n=(78, 76)...
  Optimizing n=(78, 40)...
  Optimizing n=(78, 39)...
  Optimizing n=(78, 38)...
  Optimizing n=(77, 78)...
  Optimizing n=(77, 77)...
  Optimizing n=(77, 76)...
  Optimizing n=(77, 40)...
  Optimizing n=(77, 39)...
  Optimizing n=(77, 38)...
  Optimizing n=(76, 78)...
    New Best Opt: 6.786099e-03
  Optimizing n=(76, 77)...
  Optimizing n=(76, 76)...
  Optimizing n=(76, 40)...
  Optimizing n=(76, 39)...
  Optimizing n=(76, 38)...
  Optimizing n=(40, 78)...
  Optimizing n=(40, 77)...
  Optimizing n=(40, 76)...
  Optimizing n=(40, 40)...
  Optimizing n=(40, 39)...
  Optimizing n=(40, 38)...
  Optimizing n=(39, 78)...
  Optimizing n=(39, 77)...
  Optimizing n=(39, 76)...
  Optimizing n=(39, 40)...
  Optimizing n=(39, 39)...
  Optimizing n=(39, 38)...
  Optimizing n=(38, 78)...
  Optimizing n=(38, 77)...
  Optimizing n=(38, 76)...
  Optimizing n=(38, 40)...
  Optimizing n=(38, 39)...
  Optimizing n=(38, 38)...
  Best Opt (Ideal): 6.890293e-03

Gate Time: 160.0 tau (Tg/T2q1=0.2075, Tg/T2q2=0.2079)
  Time-domain setup: pad_factor=1, dt=0.1250 tau, tau/4=0.2500 tau
  No Pulse (Ideal): 2.664287e-01
  Time-domain setup: pad_factor=1, dt=0.2500 tau, tau/4=0.2500 tau
  Best Known (Char): 2.390082e-02 (CDD(7, 7))
  Best Known (Ideal): 2.417391e-02
  Auto-selected pulse counts: [158, 157, 156, 80, 79, 78]
  Optimizing n=(158, 158)...
    New Best Opt: 1.731088e-02
  Optimizing n=(158, 157)...
    New Best Opt: 1.417762e-02
  Optimizing n=(158, 156)...
    New Best Opt: 1.380374e-02
  Optimizing n=(158, 80)...
  Optimizing n=(158, 79)...
  Optimizing n=(158, 78)...
  Optimizing n=(157, 158)...
  Optimizing n=(157, 157)...
  Optimizing n=(157, 156)...
  Optimizing n=(157, 80)...
  Optimizing n=(157, 79)...
  Optimizing n=(157, 78)...
  Optimizing n=(156, 158)...
  Optimizing n=(156, 157)...
  Optimizing n=(156, 156)...
  Optimizing n=(156, 80)...
  Optimizing n=(156, 79)...
  Optimizing n=(156, 78)...
  Optimizing n=(80, 158)...
  Optimizing n=(80, 157)...
  Optimizing n=(80, 156)...
  Optimizing n=(80, 80)...
  Optimizing n=(80, 79)...
  Optimizing n=(80, 78)...
  Optimizing n=(79, 158)...
  Optimizing n=(79, 157)...
  Optimizing n=(79, 156)...
  Optimizing n=(79, 80)...
  Optimizing n=(79, 79)...
  Optimizing n=(79, 78)...
  Optimizing n=(78, 158)...
  Optimizing n=(78, 157)...
  Optimizing n=(78, 156)...
  Optimizing n=(78, 80)...
  Optimizing n=(78, 79)...
  Optimizing n=(78, 78)...
  Best Opt (Ideal): 1.382736e-02

Gate Time: 320.0 tau (Tg/T2q1=0.4150, Tg/T2q2=0.4158)
  Time-domain setup: pad_factor=1, dt=0.1250 tau, tau/4=0.2500 tau
  No Pulse (Ideal): 4.489399e-01
  Time-domain setup: pad_factor=1, dt=0.2500 tau, tau/4=0.2500 tau
  Best Known (Char): 4.785567e-02 (CDD(8, 8))
  Best Known (Ideal): 4.882616e-02
  Auto-selected pulse counts: [318, 317, 316, 160, 159, 158]
  Optimizing n=(318, 318)...
    New Best Opt: 3.551180e-02
  Optimizing n=(318, 317)...
    New Best Opt: 2.793336e-02
  Optimizing n=(318, 316)...
    New Best Opt: 2.768746e-02
  Optimizing n=(318, 160)...
  Optimizing n=(318, 159)...
  Optimizing n=(318, 158)...
  Optimizing n=(317, 318)...
    New Best Opt: 2.768718e-02
  Optimizing n=(317, 317)...
  Optimizing n=(317, 316)...
  Optimizing n=(317, 160)...
  Optimizing n=(317, 159)...
  Optimizing n=(317, 158)...
  Optimizing n=(316, 318)...
  Optimizing n=(316, 317)...
  Optimizing n=(316, 316)...
  Optimizing n=(316, 160)...
  Optimizing n=(316, 159)...
  Optimizing n=(316, 158)...
  Optimizing n=(160, 318)...
  Optimizing n=(160, 317)...
  Optimizing n=(160, 316)...
  Optimizing n=(160, 160)...
  Optimizing n=(160, 159)...
  Optimizing n=(160, 158)...
  Optimizing n=(159, 318)...
  Optimizing n=(159, 317)...
  Optimizing n=(159, 316)...
  Optimizing n=(159, 160)...
  Optimizing n=(159, 159)...
  Optimizing n=(159, 158)...
  Optimizing n=(158, 318)...
  Optimizing n=(158, 317)...
  Optimizing n=(158, 316)...
  Optimizing n=(158, 160)...
  Optimizing n=(158, 159)...
  Optimizing n=(158, 158)...
  Best Opt (Ideal): 2.836207e-02

Gate Time: 640.0 tau (Tg/T2q1=0.8301, Tg/T2q2=0.8317)
  Time-domain setup: pad_factor=1, dt=0.1250 tau, tau/4=0.2500 tau
  No Pulse (Ideal): 6.173731e-01
  Time-domain setup: pad_factor=1, dt=0.2500 tau, tau/4=0.2500 tau
  Best Known (Char): 9.348488e-02 (CDD(9, 9))
  Best Known (Ideal): 9.546540e-02
  Auto-selected pulse counts: [638, 637, 636, 320, 319, 318]
  Optimizing n=(638, 638)...
    New Best Opt: 7.083958e-02
  Optimizing n=(638, 637)...
    New Best Opt: 5.533679e-02
  Optimizing n=(638, 636)...
    New Best Opt: 5.515977e-02
  Optimizing n=(638, 320)...
  Optimizing n=(638, 319)...
  Optimizing n=(638, 318)...
  Optimizing n=(637, 638)...
    New Best Opt: 5.450423e-02
  Optimizing n=(637, 637)...
  Optimizing n=(637, 636)...
    New Best Opt: 5.437052e-02
  Optimizing n=(637, 320)...
  Optimizing n=(637, 319)...
  Optimizing n=(637, 318)...
  Optimizing n=(636, 638)...
  Optimizing n=(636, 637)...
    New Best Opt: 5.372716e-02
  Optimizing n=(636, 636)...
  Optimizing n=(636, 320)...
  Optimizing n=(636, 319)...
  Optimizing n=(636, 318)...
  Optimizing n=(320, 638)...
  Optimizing n=(320, 637)...
  Optimizing n=(320, 636)...
  Optimizing n=(320, 320)...
  Optimizing n=(320, 319)...
  Optimizing n=(320, 318)...
  Optimizing n=(319, 638)...
  Optimizing n=(319, 637)...
  Optimizing n=(319, 636)...
  Optimizing n=(319, 320)...
  Optimizing n=(319, 319)...
  Optimizing n=(319, 318)...
  Optimizing n=(318, 638)...
  Optimizing n=(318, 637)...
  Optimizing n=(318, 636)...
  Optimizing n=(318, 320)...
  Optimizing n=(318, 319)...
  Optimizing n=(318, 318)...
  Best Opt (Ideal): 5.549013e-02

Gate Time: 1280.0 tau (Tg/T2q1=1.6602, Tg/T2q2=1.6634)
  Time-domain setup: pad_factor=1, dt=0.1250 tau, tau/4=0.2500 tau
  No Pulse (Ideal): 7.148716e-01
  Time-domain setup: pad_factor=1, dt=0.2500 tau, tau/4=0.2500 tau
  Best Known (Char): 1.760701e-01 (CDD(10, 10))
  Best Known (Ideal): 1.794798e-01
  Auto-selected pulse counts: [1278, 1277, 1276, 640, 639, 638]
  Optimizing n=(1278, 1278)...
    New Best Opt: 1.350885e-01
  Optimizing n=(1278, 1277)...
    New Best Opt: 1.055427e-01
  Optimizing n=(1278, 1276)...
  Optimizing n=(1278, 640)...
  Optimizing n=(1278, 639)...
  Optimizing n=(1278, 638)...
  Optimizing n=(1277, 1278)...
  Optimizing n=(1277, 1277)...
  Optimizing n=(1277, 1276)...
  Optimizing n=(1277, 640)...
  Optimizing n=(1277, 639)...
  Optimizing n=(1277, 638)...
  Optimizing n=(1276, 1278)...
  Optimizing n=(1276, 1277)...
  Optimizing n=(1276, 1276)...
  Optimizing n=(1276, 640)...
  Optimizing n=(1276, 639)...
  Optimizing n=(1276, 638)...
  Optimizing n=(640, 1278)...
  Optimizing n=(640, 1277)...
  Optimizing n=(640, 1276)...
  Optimizing n=(640, 640)...
  Optimizing n=(640, 639)...
  Optimizing n=(640, 638)...
  Optimizing n=(639, 1278)...
  Optimizing n=(639, 1277)...
  Optimizing n=(639, 1276)...
  Optimizing n=(639, 640)...
  Optimizing n=(639, 639)...
  Optimizing n=(639, 638)...
  Optimizing n=(638, 1278)...
  Optimizing n=(638, 1277)...
  Optimizing n=(638, 1276)...
  Optimizing n=(638, 640)...
  Optimizing n=(638, 639)...
  Optimizing n=(638, 638)...
  Best Opt (Ideal): 1.090521e-01

Gate Time: 2560.0 tau (Tg/T2q1=3.3204, Tg/T2q2=3.3267)
  Time-domain setup: pad_factor=1, dt=0.1250 tau, tau/4=0.2500 tau
  No Pulse (Ideal): 7.456284e-01
  Time-domain setup: pad_factor=1, dt=0.2500 tau, tau/4=0.2500 tau
  Best Known (Char): 3.110405e-01 (CDD(11, 11))
  Best Known (Ideal): 3.155625e-01
  Auto-selected pulse counts: [2558, 2557, 2556, 1280, 1279, 1278]
  Optimizing n=(2558, 2558)...
    New Best Opt: 2.472608e-01
  Optimizing n=(2558, 2557)...
    New Best Opt: 1.913529e-01
  Optimizing n=(2558, 2556)...
  Optimizing n=(2558, 1280)...
  Optimizing n=(2558, 1279)...
  Optimizing n=(2558, 1278)...
  Optimizing n=(2557, 2558)...
    New Best Opt: 1.909201e-01
  Optimizing n=(2557, 2557)...
  Optimizing n=(2557, 2556)...
  Optimizing n=(2557, 1280)...
  Optimizing n=(2557, 1279)...
  Optimizing n=(2557, 1278)...
  Optimizing n=(2556, 2558)...
  Optimizing n=(2556, 2557)...
  Optimizing n=(2556, 2556)...
  Optimizing n=(2556, 1280)...
  Optimizing n=(2556, 1279)...
  Optimizing n=(2556, 1278)...
  Optimizing n=(1280, 2558)...
  Optimizing n=(1280, 2557)...
  Optimizing n=(1280, 2556)...
  Optimizing n=(1280, 1280)...
  Optimizing n=(1280, 1279)...
  Optimizing n=(1280, 1278)...
  Optimizing n=(1279, 2558)...
  Optimizing n=(1279, 2557)...
  Optimizing n=(1279, 2556)...
  Optimizing n=(1279, 1280)...
  Optimizing n=(1279, 1279)...
  Optimizing n=(1279, 1278)...
  Optimizing n=(1278, 2558)...
  Optimizing n=(1278, 2557)...
  Optimizing n=(1278, 2556)...
  Optimizing n=(1278, 1280)...
  Optimizing n=(1278, 1279)...
  Optimizing n=(1278, 1278)...
  Best Opt (Ideal): 2.000189e-01
Saved all plotting data to /home/mqasimk/IdeaProjects/QNS-2Q/DraftRun_SPAM_featured_reference/plotting_data/plotting_data_cz_v2_uncapped.npz

To generate plots, run:
  python plot_optimization.py --data-dir /home/mqasimk/IdeaProjects/QNS-2Q/DraftRun_SPAM_featured_reference --gate-type cz
