[gate iv / featured] CZ probe at gate-time factors [2, 0, -1] (Tg = 80, 320, 640 tau), ground-truth spectra
Loading simulated spectra from /home/mqasimk/IdeaProjects/QNS-2Q/DraftRun_NoSPAM_featured/simulated_spectra.npz
Calculated T2 times (Ideal): Q1=7.71e+02 s, Q2=7.70e+02 s
Running CZ Optimization (v2) [seed=20260608]...

Gate Time: 80.0 tau (Tg/T2q1=0.1038, Tg/T2q2=0.1040)
  Time-domain setup: pad_factor=1, dt=0.1250 tau, tau/4=0.2500 tau
  No Pulse (Ideal): 1.294969e-01
  Time-domain setup: pad_factor=1, dt=0.2500 tau, tau/4=0.2500 tau
  Best Known (Char): 1.136814e-02 (CDD(6, 6))
  Best Known (Ideal): 1.170368e-02
  Auto-selected pulse counts: [78, 77, 76, 40, 39, 38]
  Optimizing n=(78, 78)...
    New Best Opt: 8.318678e-03
  Optimizing n=(78, 77)...
    New Best Opt: 7.182273e-03
  Optimizing n=(78, 76)...
    New Best Opt: 6.758916e-03
  Optimizing n=(78, 40)...
  Optimizing n=(78, 39)...
  Optimizing n=(78, 38)...
  Optimizing n=(77, 78)...
  Optimizing n=(77, 77)...
  Optimizing n=(77, 76)...
  Optimizing n=(77, 40)...
  Optimizing n=(77, 39)...
  Optimizing n=(77, 38)...
  Optimizing n=(76, 78)...
    New Best Opt: 6.612987e-03
  Optimizing n=(76, 77)...
  Optimizing n=(76, 76)...
  Optimizing n=(76, 40)...
  Optimizing n=(76, 39)...
  Optimizing n=(76, 38)...
  Optimizing n=(40, 78)...
  Optimizing n=(40, 77)...
  Optimizing n=(40, 76)...
  Optimizing n=(40, 40)...
  Optimizing n=(40, 39)...
  Optimizing n=(40, 38)...
  Optimizing n=(39, 78)...
  Optimizing n=(39, 77)...
  Optimizing n=(39, 76)...
  Optimizing n=(39, 40)...
  Optimizing n=(39, 39)...
  Optimizing n=(39, 38)...
  Optimizing n=(38, 78)...
  Optimizing n=(38, 77)...
  Optimizing n=(38, 76)...
  Optimizing n=(38, 40)...
  Optimizing n=(38, 39)...
  Optimizing n=(38, 38)...
  Best Opt (Ideal): 6.856201e-03

Gate Time: 320.0 tau (Tg/T2q1=0.4150, Tg/T2q2=0.4158)
  Time-domain setup: pad_factor=1, dt=0.1250 tau, tau/4=0.2500 tau
  No Pulse (Ideal): 4.489399e-01
  Time-domain setup: pad_factor=1, dt=0.2500 tau, tau/4=0.2500 tau
  Best Known (Char): 7.160550e-02 (CDD(7, 7))
  Best Known (Ideal): 7.419722e-02
  Auto-selected pulse counts: [150, 149, 148, 76, 75, 74]
  Optimizing n=(150, 150)...
    New Best Opt: 4.685545e-02
  Optimizing n=(150, 149)...
    New Best Opt: 4.433855e-02
  Optimizing n=(150, 148)...
    New Best Opt: 4.382626e-02
  Optimizing n=(150, 76)...
  Optimizing n=(150, 75)...
  Optimizing n=(150, 74)...
  Optimizing n=(149, 150)...
  Optimizing n=(149, 149)...
  Optimizing n=(149, 148)...
  Optimizing n=(149, 76)...
  Optimizing n=(149, 75)...
  Optimizing n=(149, 74)...
  Optimizing n=(148, 150)...
    New Best Opt: 4.301463e-02
  Optimizing n=(148, 149)...
  Optimizing n=(148, 148)...
  Optimizing n=(148, 76)...
  Optimizing n=(148, 75)...
  Optimizing n=(148, 74)...
  Optimizing n=(76, 150)...
  Optimizing n=(76, 149)...
  Optimizing n=(76, 148)...
  Optimizing n=(76, 76)...
  Optimizing n=(76, 75)...
  Optimizing n=(76, 74)...
  Optimizing n=(75, 150)...
  Optimizing n=(75, 149)...
  Optimizing n=(75, 148)...
  Optimizing n=(75, 76)...
  Optimizing n=(75, 75)...
  Optimizing n=(75, 74)...
  Optimizing n=(74, 150)...
  Optimizing n=(74, 149)...
  Optimizing n=(74, 148)...
  Optimizing n=(74, 76)...
  Optimizing n=(74, 75)...
  Optimizing n=(74, 74)...
  Best Opt (Ideal): 4.376814e-02

Gate Time: 640.0 tau (Tg/T2q1=0.8301, Tg/T2q2=0.8317)
  Time-domain setup: pad_factor=1, dt=0.1250 tau, tau/4=0.2500 tau
  No Pulse (Ideal): 6.173731e-01
  Time-domain setup: pad_factor=1, dt=0.2500 tau, tau/4=0.2500 tau
  Best Known (Char): 2.256311e-01 (CDD(7, 7))
  Best Known (Ideal): 2.318313e-01
  Auto-selected pulse counts: [150, 149, 148, 76, 75, 74]
  Optimizing n=(150, 150)...
    New Best Opt: 1.716002e-01
  Optimizing n=(150, 149)...
    New Best Opt: 1.629841e-01
  Optimizing n=(150, 148)...
  Optimizing n=(150, 76)...
  Optimizing n=(150, 75)...
  Optimizing n=(150, 74)...
  Optimizing n=(149, 150)...
  Optimizing n=(149, 149)...
  Optimizing n=(149, 148)...
  Optimizing n=(149, 76)...
  Optimizing n=(149, 75)...
  Optimizing n=(149, 74)...
  Optimizing n=(148, 150)...
  Optimizing n=(148, 149)...
  Optimizing n=(148, 148)...
  Optimizing n=(148, 76)...
  Optimizing n=(148, 75)...
  Optimizing n=(148, 74)...
  Optimizing n=(76, 150)...
  Optimizing n=(76, 149)...
  Optimizing n=(76, 148)...
  Optimizing n=(76, 76)...
  Optimizing n=(76, 75)...
  Optimizing n=(76, 74)...
  Optimizing n=(75, 150)...
  Optimizing n=(75, 149)...
  Optimizing n=(75, 148)...
  Optimizing n=(75, 76)...
  Optimizing n=(75, 75)...
  Optimizing n=(75, 74)...
  Optimizing n=(74, 150)...
  Optimizing n=(74, 149)...
  Optimizing n=(74, 148)...
  Optimizing n=(74, 76)...
  Optimizing n=(74, 75)...
  Optimizing n=(74, 74)...
  Best Opt (Ideal): 1.641763e-01
Saved all plotting data to /home/mqasimk/IdeaProjects/QNS-2Q/DraftRun_NoSPAM_featured/plotting_data/plotting_data_cz_v2.npz

To generate plots, run:
  python plot_optimization.py --data-dir /home/mqasimk/IdeaProjects/QNS-2Q/DraftRun_NoSPAM_featured --gate-type cz
[gate v / featured] ZZ-channel share of the gate error at Tg = 320 tau
Loading simulated spectra from /home/mqasimk/IdeaProjects/QNS-2Q/DraftRun_NoSPAM_featured/simulated_spectra.npz
Calculated T2 times (Ideal): Q1=7.71e+02 s, Q2=7.70e+02 s
  Time-domain setup: pad_factor=1, dt=0.2500 tau, tau/4=0.2500 tau
  Time-domain setup: pad_factor=1, dt=0.1250 tau, tau/4=0.2500 tau
  Time-domain setup: pad_factor=1, dt=0.1250 tau, tau/4=0.2500 tau
  no-pulse (FID): infidelity 4.4894e-01 -> 4.4356e-01 without ZZ channel (ZZ+cross share 1.2%)
  Time-domain setup: pad_factor=1, dt=0.1250 tau, tau/4=0.2500 tau
  Time-domain setup: pad_factor=1, dt=0.1250 tau, tau/4=0.2500 tau
  best known (CDD(7, 7)): infidelity 7.4197e-02 -> 5.9034e-02 without ZZ channel (ZZ+cross share 20.4%)
[gate v / featured] done
