[cz] max_pulses=0: pulse count limited only by the minimum separation tau (n <= T_seq/tau - 1 per qubit)
Loading reconstructed spectra from /home/mqasimk/IdeaProjects/QNS-2Q/DraftRun_NoSPAM_featured/specs.npz
  specs spam_protocol: none
[cz] NOTE: flagged (undetermined) DC points in specs: S112, S12, S212
Calculated T2 times (Ideal): Q1=7.71e+02 tau, Q2=7.70e+02 tau
Running CZ Optimization (v2) [seed=20260608]...

Gate Time: 40.0 tau (Tg/T2q1=0.0519, Tg/T2q2=0.0520)
  Time-domain setup: pad_factor=1, dt=0.1250 tau, tau/4=0.2500 tau
  No Pulse (Ideal): 5.392437e-02
  Time-domain setup: pad_factor=1, dt=0.2500 tau, tau/4=0.2500 tau
  Best Known (Char): 6.878861e-03 (CDD(5, 5))
  Best Known (Ideal): 5.520745e-03
  Auto-selected pulse counts: [38, 37, 36, 20, 19, 18]
  Optimizing n=(38, 38)...
    New Best Opt: 5.733126e-03
  Optimizing n=(38, 37)...
    New Best Opt: 5.002920e-03
  Optimizing n=(38, 36)...
    New Best Opt: 4.995600e-03
  Optimizing n=(38, 20)...
  Optimizing n=(38, 19)...
  Optimizing n=(38, 18)...
  Optimizing n=(37, 38)...
    New Best Opt: 4.917297e-03
  Optimizing n=(37, 37)...
  Optimizing n=(37, 36)...
  Optimizing n=(37, 20)...
  Optimizing n=(37, 19)...
  Optimizing n=(37, 18)...
  Optimizing n=(36, 38)...
    New Best Opt: 4.861527e-03
  Optimizing n=(36, 37)...
  Optimizing n=(36, 36)...
  Optimizing n=(36, 20)...
  Optimizing n=(36, 19)...
  Optimizing n=(36, 18)...
  Optimizing n=(20, 38)...
  Optimizing n=(20, 37)...
  Optimizing n=(20, 36)...
  Optimizing n=(20, 20)...
  Optimizing n=(20, 19)...
  Optimizing n=(20, 18)...
  Optimizing n=(19, 38)...
  Optimizing n=(19, 37)...
  Optimizing n=(19, 36)...
  Optimizing n=(19, 20)...
  Optimizing n=(19, 19)...
  Optimizing n=(19, 18)...
  Optimizing n=(18, 38)...
  Optimizing n=(18, 37)...
  Optimizing n=(18, 36)...
  Optimizing n=(18, 20)...
  Optimizing n=(18, 19)...
  Optimizing n=(18, 18)...
  Best Opt (Ideal): 3.585429e-03

Gate Time: 80.0 tau (Tg/T2q1=0.1038, Tg/T2q2=0.1040)
  Time-domain setup: pad_factor=1, dt=0.1250 tau, tau/4=0.2500 tau
  No Pulse (Ideal): 1.294969e-01
  Time-domain setup: pad_factor=1, dt=0.2500 tau, tau/4=0.2500 tau
  Best Known (Char): 1.528681e-02 (CDD(6, 6))
  Best Known (Ideal): 1.170368e-02
  Auto-selected pulse counts: [78, 77, 76, 40, 39, 38]
  Optimizing n=(78, 78)...
    New Best Opt: 1.267279e-02
  Optimizing n=(78, 77)...
    New Best Opt: 9.551829e-03
  Optimizing n=(78, 76)...
  Optimizing n=(78, 40)...
  Optimizing n=(78, 39)...
  Optimizing n=(78, 38)...
  Optimizing n=(77, 78)...
  Optimizing n=(77, 77)...
  Optimizing n=(77, 76)...
  Optimizing n=(77, 40)...
  Optimizing n=(77, 39)...
  Optimizing n=(77, 38)...
  Optimizing n=(76, 78)...
  Optimizing n=(76, 77)...
  Optimizing n=(76, 76)...
  Optimizing n=(76, 40)...
  Optimizing n=(76, 39)...
  Optimizing n=(76, 38)...
  Optimizing n=(40, 78)...
  Optimizing n=(40, 77)...
  Optimizing n=(40, 76)...
  Optimizing n=(40, 40)...
  Optimizing n=(40, 39)...
  Optimizing n=(40, 38)...
  Optimizing n=(39, 78)...
  Optimizing n=(39, 77)...
  Optimizing n=(39, 76)...
  Optimizing n=(39, 40)...
  Optimizing n=(39, 39)...
  Optimizing n=(39, 38)...
  Optimizing n=(38, 78)...
  Optimizing n=(38, 77)...
  Optimizing n=(38, 76)...
  Optimizing n=(38, 40)...
  Optimizing n=(38, 39)...
  Optimizing n=(38, 38)...
  Best Opt (Ideal): 7.063033e-03

Gate Time: 160.0 tau (Tg/T2q1=0.2075, Tg/T2q2=0.2079)
  Time-domain setup: pad_factor=1, dt=0.1250 tau, tau/4=0.2500 tau
  No Pulse (Ideal): 2.664287e-01
  Time-domain setup: pad_factor=1, dt=0.2500 tau, tau/4=0.2500 tau
  Best Known (Char): 3.353638e-02 (CDD(7, 7))
  Best Known (Ideal): 2.417391e-02
  Auto-selected pulse counts: [158, 157, 156, 80, 79, 78]
  Optimizing n=(158, 158)...
    New Best Opt: 2.810741e-02
  Optimizing n=(158, 157)...
    New Best Opt: 2.031717e-02
  Optimizing n=(158, 156)...
    New Best Opt: 1.887825e-02
  Optimizing n=(158, 80)...
  Optimizing n=(158, 79)...
  Optimizing n=(158, 78)...
  Optimizing n=(157, 158)...
  Optimizing n=(157, 157)...
  Optimizing n=(157, 156)...
  Optimizing n=(157, 80)...
  Optimizing n=(157, 79)...
  Optimizing n=(157, 78)...
  Optimizing n=(156, 158)...
  Optimizing n=(156, 157)...
  Optimizing n=(156, 156)...
  Optimizing n=(156, 80)...
  Optimizing n=(156, 79)...
  Optimizing n=(156, 78)...
  Optimizing n=(80, 158)...
  Optimizing n=(80, 157)...
  Optimizing n=(80, 156)...
  Optimizing n=(80, 80)...
  Optimizing n=(80, 79)...
  Optimizing n=(80, 78)...
  Optimizing n=(79, 158)...
  Optimizing n=(79, 157)...
  Optimizing n=(79, 156)...
  Optimizing n=(79, 80)...
  Optimizing n=(79, 79)...
  Optimizing n=(79, 78)...
  Optimizing n=(78, 158)...
  Optimizing n=(78, 157)...
  Optimizing n=(78, 156)...
  Optimizing n=(78, 80)...
  Optimizing n=(78, 79)...
  Optimizing n=(78, 78)...
  Best Opt (Ideal): 1.382736e-02

Gate Time: 320.0 tau (Tg/T2q1=0.4150, Tg/T2q2=0.4158)
  Time-domain setup: pad_factor=1, dt=0.1250 tau, tau/4=0.2500 tau
  No Pulse (Ideal): 4.489399e-01
  Time-domain setup: pad_factor=1, dt=0.2500 tau, tau/4=0.2500 tau
  Best Known (Char): 6.951811e-02 (CDD(8, 8))
  Best Known (Ideal): 4.882616e-02
  Auto-selected pulse counts: [318, 317, 316, 160, 159, 158]
  Optimizing n=(318, 318)...
    New Best Opt: 6.002133e-02
  Optimizing n=(318, 317)...
    New Best Opt: 4.083421e-02
  Optimizing n=(318, 316)...
    New Best Opt: 3.932051e-02
  Optimizing n=(318, 160)...
  Optimizing n=(318, 159)...
  Optimizing n=(318, 158)...
  Optimizing n=(317, 318)...
  Optimizing n=(317, 317)...
  Optimizing n=(317, 316)...
  Optimizing n=(317, 160)...
  Optimizing n=(317, 159)...
  Optimizing n=(317, 158)...
  Optimizing n=(316, 318)...
  Optimizing n=(316, 317)...
  Optimizing n=(316, 316)...
  Optimizing n=(316, 160)...
  Optimizing n=(316, 159)...
  Optimizing n=(316, 158)...
  Optimizing n=(160, 318)...
  Optimizing n=(160, 317)...
  Optimizing n=(160, 316)...
  Optimizing n=(160, 160)...
  Optimizing n=(160, 159)...
  Optimizing n=(160, 158)...
  Optimizing n=(159, 318)...
    New Best Opt: 3.921718e-02
  Optimizing n=(159, 317)...
  Optimizing n=(159, 316)...
    New Best Opt: 3.876952e-02
  Optimizing n=(159, 160)...
  Optimizing n=(159, 159)...
  Optimizing n=(159, 158)...
  Optimizing n=(158, 318)...
  Optimizing n=(158, 317)...
    New Best Opt: 3.862716e-02
  Optimizing n=(158, 316)...
  Optimizing n=(158, 160)...
  Optimizing n=(158, 159)...
  Optimizing n=(158, 158)...
  Best Opt (Ideal): 3.283598e-02

Gate Time: 640.0 tau (Tg/T2q1=0.8301, Tg/T2q2=0.8317)
  Time-domain setup: pad_factor=1, dt=0.1250 tau, tau/4=0.2500 tau
  No Pulse (Ideal): 6.173731e-01
  Time-domain setup: pad_factor=1, dt=0.2500 tau, tau/4=0.2500 tau
  Best Known (Char): 1.369760e-01 (CDD(9, 9))
  Best Known (Ideal): 9.546540e-02
  Auto-selected pulse counts: [638, 637, 636, 320, 319, 318]
  Optimizing n=(638, 638)...
    New Best Opt: 1.211871e-01
  Optimizing n=(638, 637)...
    New Best Opt: 8.276438e-02
  Optimizing n=(638, 636)...
    New Best Opt: 8.008584e-02
  Optimizing n=(638, 320)...
  Optimizing n=(638, 319)...
  Optimizing n=(638, 318)...
  Optimizing n=(637, 638)...
  Optimizing n=(637, 637)...
  Optimizing n=(637, 636)...
  Optimizing n=(637, 320)...
  Optimizing n=(637, 319)...
  Optimizing n=(637, 318)...
  Optimizing n=(636, 638)...
  Optimizing n=(636, 637)...
    New Best Opt: 7.941244e-02
  Optimizing n=(636, 636)...
  Optimizing n=(636, 320)...
  Optimizing n=(636, 319)...
  Optimizing n=(636, 318)...
  Optimizing n=(320, 638)...
    New Best Opt: 7.659668e-02
  Optimizing n=(320, 637)...
  Optimizing n=(320, 636)...
    New Best Opt: 7.521109e-02
  Optimizing n=(320, 320)...
  Optimizing n=(320, 319)...
  Optimizing n=(320, 318)...
  Optimizing n=(319, 638)...
  Optimizing n=(319, 637)...
    New Best Opt: 7.512923e-02
  Optimizing n=(319, 636)...
  Optimizing n=(319, 320)...
  Optimizing n=(319, 319)...
  Optimizing n=(319, 318)...
  Optimizing n=(318, 638)...
    New Best Opt: 7.463012e-02
  Optimizing n=(318, 637)...
  Optimizing n=(318, 636)...
  Optimizing n=(318, 320)...
  Optimizing n=(318, 319)...
  Optimizing n=(318, 318)...
  Best Opt (Ideal): 6.375220e-02

Gate Time: 1280.0 tau (Tg/T2q1=1.6602, Tg/T2q2=1.6634)
  Time-domain setup: pad_factor=1, dt=0.1250 tau, tau/4=0.2500 tau
  No Pulse (Ideal): 7.148716e-01
  Time-domain setup: pad_factor=1, dt=0.2500 tau, tau/4=0.2500 tau
  Best Known (Char): 2.528066e-01 (CDD(10, 10))
  Best Known (Ideal): 1.794798e-01
  Auto-selected pulse counts: [1278, 1277, 1276, 640, 639, 638]
  Optimizing n=(1278, 1278)...
    New Best Opt: 2.254167e-01
  Optimizing n=(1278, 1277)...
    New Best Opt: 1.591493e-01
  Optimizing n=(1278, 1276)...
  Optimizing n=(1278, 640)...
  Optimizing n=(1278, 639)...
    New Best Opt: 1.569845e-01
  Optimizing n=(1278, 638)...
  Optimizing n=(1277, 1278)...
  Optimizing n=(1277, 1277)...
  Optimizing n=(1277, 1276)...
  Optimizing n=(1277, 640)...
  Optimizing n=(1277, 639)...
  Optimizing n=(1277, 638)...
  Optimizing n=(1276, 1278)...
  Optimizing n=(1276, 1277)...
  Optimizing n=(1276, 1276)...
  Optimizing n=(1276, 640)...
  Optimizing n=(1276, 639)...
  Optimizing n=(1276, 638)...
    New Best Opt: 1.566229e-01
  Optimizing n=(640, 1278)...
    New Best Opt: 1.444025e-01
  Optimizing n=(640, 1277)...
    New Best Opt: 1.432109e-01
  Optimizing n=(640, 1276)...
  Optimizing n=(640, 640)...
  Optimizing n=(640, 639)...
  Optimizing n=(640, 638)...
  Optimizing n=(639, 1278)...
    New Best Opt: 1.425852e-01
  Optimizing n=(639, 1277)...
  Optimizing n=(639, 1276)...
  Optimizing n=(639, 640)...
  Optimizing n=(639, 639)...
  Optimizing n=(639, 638)...
  Optimizing n=(638, 1278)...
    New Best Opt: 1.418761e-01
  Optimizing n=(638, 1277)...
  Optimizing n=(638, 1276)...
  Optimizing n=(638, 640)...
  Optimizing n=(638, 639)...
  Optimizing n=(638, 638)...
  Best Opt (Ideal): 1.228454e-01
Saved all plotting data to /home/mqasimk/IdeaProjects/QNS-2Q/DraftRun_NoSPAM_featured/plotting_data/plotting_data_cz_v2_uncapped.npz

To generate plots, run:
  python plot_optimization.py --data-dir /home/mqasimk/IdeaProjects/QNS-2Q/DraftRun_NoSPAM_featured --gate-type cz
