[cz] max_pulses=0: pulse count limited only by the minimum separation tau (n <= T_seq/tau - 1 per qubit)
Loading reconstructed spectra from /home/mqasimk/IdeaProjects/QNS-2Q/DraftRun_NoSPAM_featured/specs.npz
  specs spam_protocol: none
[cz] NOTE: flagged (undetermined) DC points in specs: S112, S12, S212
Calculated T2 times (Ideal): Q1=7.71e+02 tau, Q2=7.70e+02 tau
Running CZ Optimization (v2) [seed=20260608]...

Gate Time: 2560.0 tau (Tg/T2q1=3.3204, Tg/T2q2=3.3267)
  Time-domain setup: pad_factor=1, dt=0.1250 tau, tau/4=0.2500 tau
  No Pulse (Ideal): 7.456284e-01
  Time-domain setup: pad_factor=1, dt=0.2500 tau, tau/4=0.2500 tau
  Best Known (Char): 4.221517e-01 (CDD(11, 11))
  Best Known (Ideal): 3.155625e-01
  Auto-selected pulse counts: [2558, 2557, 2556, 1280, 1279, 1278]
  Optimizing n=(2558, 2558)...
    New Best Opt: 3.877891e-01
  Optimizing n=(2558, 2557)...
    New Best Opt: 2.866146e-01
  Optimizing n=(2558, 2556)...
  Optimizing n=(2558, 1280)...
    New Best Opt: 2.816338e-01
  Optimizing n=(2558, 1279)...
    New Best Opt: 2.788335e-01
  Optimizing n=(2558, 1278)...
  Optimizing n=(2557, 2558)...
  Optimizing n=(2557, 2557)...
  Optimizing n=(2557, 2556)...
  Optimizing n=(2557, 1280)...
  Optimizing n=(2557, 1279)...
  Optimizing n=(2557, 1278)...
  Optimizing n=(2556, 2558)...
  Optimizing n=(2556, 2557)...
  Optimizing n=(2556, 2556)...
  Optimizing n=(2556, 1280)...
  Optimizing n=(2556, 1279)...
  Optimizing n=(2556, 1278)...
  Optimizing n=(1280, 2558)...
    New Best Opt: 2.564525e-01
  Optimizing n=(1280, 2557)...
  Optimizing n=(1280, 2556)...
  Optimizing n=(1280, 1280)...
  Optimizing n=(1280, 1279)...
  Optimizing n=(1280, 1278)...
  Optimizing n=(1279, 2558)...
  Optimizing n=(1279, 2557)...
  Optimizing n=(1279, 2556)...
  Optimizing n=(1279, 1280)...
  Optimizing n=(1279, 1279)...
  Optimizing n=(1279, 1278)...
  Optimizing n=(1278, 2558)...
    New Best Opt: 2.562617e-01
  Optimizing n=(1278, 2557)...
  Optimizing n=(1278, 2556)...
  Optimizing n=(1278, 1280)...
  Optimizing n=(1278, 1279)...
  Optimizing n=(1278, 1278)...
  Best Opt (Ideal): 2.260477e-01
Saved all plotting data to /home/mqasimk/IdeaProjects/QNS-2Q/DraftRun_NoSPAM_featured/plotting_data/plotting_data_cz_v2_uncapped2560.npz

To generate plots, run:
  python plot_optimization.py --data-dir /home/mqasimk/IdeaProjects/QNS-2Q/DraftRun_NoSPAM_featured --gate-type cz
