[seed=20260608]
M          | Known Inf            | Opt Inf             
--------------------------------------------------------

========================================
Running Optimization for M = 1
========================================
Loading reconstructed spectra from /home/mqasimk/IdeaProjects/QNS-2Q/DraftRun_NoSPAM_featured/specs.npz
  specs spam_protocol: none
[idle] NOTE: flagged (undetermined) DC points in specs: S112, S12, S212
[idle] max_pulses=0: pulse count limited only by the minimum separation tau (n <= T_seq/tau - 1 per qubit per repetition)
Calculated T2 times (Ideal): Q1=7.71e+02 tau, Q2=7.70e+02 tau
Configuration loaded for M=1.

============================================================
RUNNING OPTIMIZATION PIPELINE
M (Repetitions): 1
Total Pulse Limit: 1000000000
Pulse Limit Per Repetition: 1000000000
============================================================

Gate Time: 10240.0 tau (Tg/T2q1=13.2815, Tg/T2q2=13.3069)
  Time-domain setup: pad_factor=1, dt=0.1250 tau, tau/4=0.2500 tau
  No Pulse (Ideal): 7.499998e-01
Evaluating 234 known sequences...
Using Folded Noise Matrix (M=1)...
  Time-domain setup: pad_factor=1, dt=0.2500 tau, tau/4=0.2500 tau
  Best Known (Char): 6.201484e-01 (mqCDD(n=12, m=1))
  Best Known (Ideal): 6.339523e-01
  Running Random Optimization...
  NOTE: SLSQP dim guard clips the NT search at this (Tg, M): per-qubit max 10238 -> 1300 (max_dim=2600); the separation limit is reachable at M >= 8
  Randomly selected pulse counts: [(584, 1116), (933, 99), (570, 17), (1202, 92), (816, 993), (1033, 1044), (1151, 818), (385, 1007), (1207, 752), (553, 138), (434, 934), (988, 1229), (893, 965), (794, 1181), (924, 1094), (152, 147), (1260, 556), (529, 908), (143, 1116), (782, 366)]
Using Folded Noise Matrix (M=1)...
  Random Opt (n=584,1116): Infidelity = 7.404758e-01
  Random Opt (n=933,99): Infidelity = 7.499168e-01
  Random Opt (n=570,17): Infidelity = 7.474693e-01
  Random Opt (n=1202,92): Infidelity = 7.345943e-01
  Random Opt (n=816,993): Infidelity = 7.498604e-01
  Random Opt (n=1033,1044): Infidelity = 7.441410e-01
  Random Opt (n=1151,818): Infidelity = 7.370206e-01
  Random Opt (n=385,1007): Infidelity = 7.493918e-01
  Random Opt (n=1207,752): Infidelity = 7.348347e-01
  Random Opt (n=553,138): Infidelity = 7.475810e-01
  Random Opt (n=434,934): Infidelity = 7.491989e-01
  Random Opt (n=988,1229): Infidelity = 7.357415e-01
  Random Opt (n=893,965): Infidelity = 7.499907e-01
  Random Opt (n=794,1181): Infidelity = 7.381338e-01
  Random Opt (n=924,1094): Infidelity = 7.448098e-01
  Random Opt (n=152,147): Infidelity = 7.499837e-01
  Random Opt (n=1260,556): Infidelity = 7.311408e-01
  Random Opt (n=529,908): Infidelity = 7.478054e-01
  Random Opt (n=143,1116): Infidelity = 7.430411e-01
  Random Opt (n=782,366): Infidelity = 7.490905e-01
  Best Optimized (Ideal): 7.262468e-01

Gate Time: 5120.0 tau (Tg/T2q1=6.6407, Tg/T2q2=6.6534)
  Time-domain setup: pad_factor=1, dt=0.1250 tau, tau/4=0.2500 tau
  No Pulse (Ideal): 7.498695e-01
Evaluating 198 known sequences...
Using Folded Noise Matrix (M=1)...
  Time-domain setup: pad_factor=1, dt=0.2500 tau, tau/4=0.2500 tau
  Best Known (Char): 4.558021e-01 (mqCDD(n=11, m=1))
  Best Known (Ideal): 4.650931e-01
  Running Random Optimization...
  NOTE: SLSQP dim guard clips the NT search at this (Tg, M): per-qubit max 5118 -> 1300 (max_dim=2600); the separation limit is reachable at M >= 4
  Randomly selected pulse counts: [(1157, 1155), (1295, 808), (1284, 160), (222, 777), (531, 571), (377, 523), (354, 1207), (1177, 433), (183, 728), (770, 759), (947, 1142), (213, 277), (864, 632), (628, 1278), (870, 390), (674, 1124), (922, 580), (1256, 677), (1238, 200), (607, 640)]
Using Folded Noise Matrix (M=1)...
  Random Opt (n=1157,1155): Infidelity = 5.705014e-01
  Random Opt (n=1295,808): Infidelity = 6.113488e-01
  Random Opt (n=1284,160): Infidelity = 6.311859e-01
  Random Opt (n=222,777): Infidelity = 6.826534e-01
  Random Opt (n=531,571): Infidelity = 6.514589e-01
  Random Opt (n=377,523): Infidelity = 7.107231e-01
  Random Opt (n=354,1207): Infidelity = 6.421883e-01
  Random Opt (n=1177,433): Infidelity = 6.468223e-01
  Random Opt (n=183,728): Infidelity = 6.769044e-01
  Random Opt (n=770,759): Infidelity = 6.282480e-01
  Random Opt (n=947,1142): Infidelity = 5.528594e-01
  Random Opt (n=213,277): Infidelity = 7.150195e-01
  Random Opt (n=864,632): Infidelity = 6.337710e-01
  Random Opt (n=628,1278): Infidelity = 5.595618e-01
  Random Opt (n=870,390): Infidelity = 7.085184e-01
  Random Opt (n=674,1124): Infidelity = 5.771455e-01
  Random Opt (n=922,580): Infidelity = 6.218915e-01
  Random Opt (n=1256,677): Infidelity = 5.405986e-01
  Random Opt (n=1238,200): Infidelity = 6.241941e-01
  Random Opt (n=607,640): Infidelity = 6.256147e-01
  Best Optimized (Ideal): 5.428351e-01

Gate Time: 2560.0 tau (Tg/T2q1=3.3204, Tg/T2q2=3.3267)
  Time-domain setup: pad_factor=1, dt=0.1250 tau, tau/4=0.2500 tau
  No Pulse (Ideal): 7.456284e-01
Evaluating 165 known sequences...
Using Folded Noise Matrix (M=1)...
  Time-domain setup: pad_factor=1, dt=0.2500 tau, tau/4=0.2500 tau
  Best Known (Char): 2.877727e-01 (mqCDD(n=10, m=1))
  Best Known (Ideal): 2.919947e-01
  Running Random Optimization...
  NOTE: SLSQP dim guard clips the NT search at this (Tg, M): per-qubit max 2558 -> 1300 (max_dim=2600); the separation limit is reachable at M >= 2
  Randomly selected pulse counts: [(554, 1210), (102, 415), (772, 485), (1203, 146), (1140, 748), (1142, 569), (803, 818), (141, 608), (755, 1156), (199, 598), (265, 193), (1258, 622), (377, 329), (68, 13), (1148, 282), (281, 1061), (384, 383), (994, 263), (521, 1054), (19, 999)]
Using Folded Noise Matrix (M=1)...
  Random Opt (n=554,1210): Infidelity = 2.999599e-01
  Random Opt (n=102,415): Infidelity = 6.312275e-01
  Random Opt (n=772,485): Infidelity = 3.471206e-01
  Random Opt (n=1203,146): Infidelity = 4.590215e-01
  Random Opt (n=1140,748): Infidelity = 3.056649e-01
  Random Opt (n=1142,569): Infidelity = 3.241977e-01
  Random Opt (n=803,818): Infidelity = 3.368530e-01
  Random Opt (n=141,608): Infidelity = 4.761910e-01
  Random Opt (n=755,1156): Infidelity = 2.913533e-01
  Random Opt (n=199,598): Infidelity = 5.380168e-01
  Random Opt (n=265,193): Infidelity = 6.204814e-01
  Random Opt (n=1258,622): Infidelity = 3.161374e-01
  Random Opt (n=377,329): Infidelity = 4.217024e-01
  Random Opt (n=68,13): Infidelity = 7.100904e-01
  Random Opt (n=1148,282): Infidelity = 3.872123e-01
  Random Opt (n=281,1061): Infidelity = 3.787254e-01
  Random Opt (n=384,383): Infidelity = 4.522104e-01
  Random Opt (n=994,263): Infidelity = 4.357448e-01
  Random Opt (n=521,1054): Infidelity = 3.002208e-01
  Random Opt (n=19,999): Infidelity = 5.817867e-01
  Best Optimized (Ideal): 2.782527e-01

Gate Time: 1280.0 tau (Tg/T2q1=1.6602, Tg/T2q2=1.6634)
  Time-domain setup: pad_factor=1, dt=0.1250 tau, tau/4=0.2500 tau
  No Pulse (Ideal): 7.148716e-01
Evaluating 135 known sequences...
Using Folded Noise Matrix (M=1)...
  Time-domain setup: pad_factor=1, dt=0.2500 tau, tau/4=0.2500 tau
  Best Known (Char): 1.636722e-01 (mqCDD(n=9, m=1))
  Best Known (Ideal): 1.653499e-01
  Running Random Optimization...
  Randomly selected pulse counts: [(576, 36), (307, 373), (1111, 405), (954, 432), (657, 854), (561, 1133), (346, 1239), (804, 61), (487, 1214), (646, 146), (1217, 332), (855, 741), (1277, 1102), (1261, 173), (896, 529), (521, 928), (352, 1089), (9, 34), (964, 312), (94, 584)]
Using Folded Noise Matrix (M=1)...
  Random Opt (n=576,36): Infidelity = 3.609222e-01
  Random Opt (n=307,373): Infidelity = 1.813551e-01
  Random Opt (n=1111,405): Infidelity = 1.636557e-01
  Random Opt (n=954,432): Infidelity = 1.610983e-01
  Random Opt (n=657,854): Infidelity = 1.451799e-01
  Random Opt (n=561,1133): Infidelity = 1.413951e-01
  Random Opt (n=346,1239): Infidelity = 1.419338e-01
  Random Opt (n=804,61): Infidelity = 2.828604e-01
  Random Opt (n=487,1214): Infidelity = 1.415844e-01
  Random Opt (n=646,146): Infidelity = 2.229569e-01
  Random Opt (n=1217,332): Infidelity = 1.691774e-01
  Random Opt (n=855,741): Infidelity = 1.496464e-01
  Random Opt (n=1277,1102): Infidelity = 1.326941e-01
  Random Opt (n=1261,173): Infidelity = 2.023032e-01
  Random Opt (n=896,529): Infidelity = 1.547312e-01
  Random Opt (n=521,928): Infidelity = 1.467178e-01
  Random Opt (n=352,1089): Infidelity = 1.458822e-01
  Random Opt (n=9,34): Infidelity = 6.034371e-01
  Random Opt (n=964,312): Infidelity = 1.716822e-01
  Random Opt (n=94,584): Infidelity = 3.237046e-01
  Best Optimized (Ideal): 9.852673e-02

Gate Time: 640.0 tau (Tg/T2q1=0.8301, Tg/T2q2=0.8317)
  Time-domain setup: pad_factor=1, dt=0.1250 tau, tau/4=0.2500 tau
  No Pulse (Ideal): 6.173731e-01
Evaluating 108 known sequences...
Using Folded Noise Matrix (M=1)...
  Time-domain setup: pad_factor=1, dt=0.2500 tau, tau/4=0.2500 tau
  Best Known (Char): 8.762452e-02 (mqCDD(n=8, m=1))
  Best Known (Ideal): 8.822112e-02
  Running Random Optimization...
  Randomly selected pulse counts: [(344, 325), (335, 322), (607, 592), (602, 536), (446, 39), (506, 382), (21, 347), (17, 63), (551, 321), (151, 319), (45, 404), (283, 617), (392, 149), (179, 94), (528, 585), (94, 88), (321, 420), (6, 238), (185, 521), (390, 430)]
Using Folded Noise Matrix (M=1)...
  Random Opt (n=344,325): Infidelity = 8.372710e-02
  Random Opt (n=335,322): Infidelity = 8.297144e-02
  Random Opt (n=607,592): Infidelity = 6.929869e-02
  Random Opt (n=602,536): Infidelity = 6.975876e-02
  Random Opt (n=446,39): Infidelity = 1.622059e-01
  Random Opt (n=506,382): Infidelity = 7.678938e-02
  Random Opt (n=21,347): Infidelity = 2.056939e-01
  Random Opt (n=17,63): Infidelity = 3.109241e-01
  Random Opt (n=551,321): Infidelity = 7.854056e-02
  Random Opt (n=151,319): Infidelity = 8.885514e-02
  Random Opt (n=45,404): Infidelity = 1.785949e-01
  Random Opt (n=283,617): Infidelity = 7.189423e-02
  Random Opt (n=392,149): Infidelity = 1.005737e-01
  Random Opt (n=179,94): Infidelity = 1.204143e-01
  Random Opt (n=528,585): Infidelity = 7.140310e-02
  Random Opt (n=94,88): Infidelity = 1.491022e-01
  Random Opt (n=321,420): Infidelity = 7.907144e-02
  Random Opt (n=6,238): Infidelity = 3.254460e-01
  Random Opt (n=185,521): Infidelity = 7.615859e-02
  Random Opt (n=390,430): Infidelity = 7.577385e-02
  Best Optimized (Ideal): 5.262109e-02

Gate Time: 320.0 tau (Tg/T2q1=0.4150, Tg/T2q2=0.4158)
  Time-domain setup: pad_factor=1, dt=0.1250 tau, tau/4=0.2500 tau
  No Pulse (Ideal): 4.489399e-01
Evaluating 84 known sequences...
Using Folded Noise Matrix (M=1)...
  Time-domain setup: pad_factor=1, dt=0.2500 tau, tau/4=0.2500 tau
  Best Known (Char): 4.542180e-02 (mqCDD(n=7, m=1))
  Best Known (Ideal): 4.568752e-02
  Running Random Optimization...
  Randomly selected pulse counts: [(246, 90), (103, 122), (151, 169), (252, 224), (306, 158), (123, 8), (153, 20), (264, 259), (103, 167), (69, 260), (208, 221), (167, 2), (306, 72), (85, 162), (73, 68), (34, 152), (308, 195), (204, 294), (288, 3), (234, 157)]
Using Folded Noise Matrix (M=1)...
  Random Opt (n=246,90): Infidelity = 4.654565e-02
  Random Opt (n=103,122): Infidelity = 4.701732e-02
  Random Opt (n=151,169): Infidelity = 4.276931e-02
  Random Opt (n=252,224): Infidelity = 3.828704e-02
  Random Opt (n=306,158): Infidelity = 4.046340e-02
  Random Opt (n=123,8): Infidelity = 1.238596e-01
  Random Opt (n=153,20): Infidelity = 1.052426e-01
  Random Opt (n=264,259): Infidelity = 3.637006e-02
  Random Opt (n=103,167): Infidelity = 4.416442e-02
  Random Opt (n=69,260): Infidelity = 4.167691e-02
  Random Opt (n=208,221): Infidelity = 3.892082e-02
  Random Opt (n=167,2): Infidelity = 2.063649e-01
  Random Opt (n=306,72): Infidelity = 5.005387e-02
  Random Opt (n=85,162): Infidelity = 4.516921e-02
  Random Opt (n=73,68): Infidelity = 5.699892e-02
  Random Opt (n=34,152): Infidelity = 6.692281e-02
  Random Opt (n=308,195): Infidelity = 3.899972e-02
  Random Opt (n=204,294): Infidelity = 3.751571e-02
  Random Opt (n=288,3): Infidelity = 1.716453e-01
  Random Opt (n=234,157): Infidelity = 4.172760e-02
  Best Optimized (Ideal): 2.819716e-02
Saved all plotting data to /home/mqasimk/IdeaProjects/QNS-2Q/DraftRun_NoSPAM_featured/plotting_data/plotting_data_id_v4_uncapped.npz

================================================================================
                        FINAL COMPARISON (Best Overall)                         
================================================================================
Infidelity                | 4.568752e-02              | 2.819716e-02             
Sequence                  | mqCDD(n=7, m=1)^1         | NT(264,259)^1            
================================================================================

To generate plots, run:
  python plot_optimization.py --data-dir /home/mqasimk/IdeaProjects/QNS-2Q/DraftRun_NoSPAM_featured --gate-type id

========================================
Running Optimization for M = 2
========================================
Loading reconstructed spectra from /home/mqasimk/IdeaProjects/QNS-2Q/DraftRun_NoSPAM_featured/specs.npz
  specs spam_protocol: none
[idle] NOTE: flagged (undetermined) DC points in specs: S112, S12, S212
[idle] max_pulses=0: pulse count limited only by the minimum separation tau (n <= T_seq/tau - 1 per qubit per repetition)
Calculated T2 times (Ideal): Q1=7.71e+02 tau, Q2=7.70e+02 tau
Configuration loaded for M=2.

============================================================
RUNNING OPTIMIZATION PIPELINE
M (Repetitions): 2
Total Pulse Limit: 1000000000
Pulse Limit Per Repetition: 500000000
============================================================

Gate Time: 10240.0 tau (Tg/T2q1=13.2815, Tg/T2q2=13.3069)
  Time-domain setup: pad_factor=1, dt=0.1250 tau, tau/4=0.2500 tau
  No Pulse (Ideal): 7.499998e-01
Evaluating 198 known sequences...
Using Folded Noise Matrix (M=2)...
  Time-domain setup: pad_factor=1, dt=0.2500 tau, tau/4=0.2500 tau
  Best Known (Char): 6.201384e-01 (mqCDD(n=11, m=1))
  Best Known (Ideal): 6.341239e-01
  Running Random Optimization...
  NOTE: SLSQP dim guard clips the NT search at this (Tg, M): per-qubit max 5118 -> 1300 (max_dim=2600); the separation limit is reachable at M >= 8
  Randomly selected pulse counts: [(1110, 1259), (369, 358), (58, 726), (757, 1179), (448, 882), (442, 626), (707, 685), (1087, 923), (720, 522), (790, 792), (203, 215), (749, 1242), (526, 285), (1284, 1218), (827, 942), (350, 1035), (550, 171), (639, 73), (784, 812), (330, 114)]
Using Folded Noise Matrix (M=2)...
  Random Opt (n=1110,1259): Infidelity = 6.667389e-01
  Random Opt (n=369,358): Infidelity = 7.494753e-01
  Random Opt (n=58,726): Infidelity = 7.352374e-01
  Random Opt (n=757,1179): Infidelity = 7.006920e-01
  Random Opt (n=448,882): Infidelity = 7.498699e-01
  Random Opt (n=442,626): Infidelity = 7.367343e-01
  Random Opt (n=707,685): Infidelity = 7.254151e-01
  Random Opt (n=1087,923): Infidelity = 7.074489e-01
  Random Opt (n=720,522): Infidelity = 7.276630e-01
  Random Opt (n=790,792): Infidelity = 7.400782e-01
  Random Opt (n=203,215): Infidelity = 7.491280e-01
  Random Opt (n=749,1242): Infidelity = 6.958503e-01
  Random Opt (n=526,285): Infidelity = 7.397205e-01
  Random Opt (n=1284,1218): Infidelity = 6.648283e-01
  Random Opt (n=827,942): Infidelity = 7.358065e-01
  Random Opt (n=350,1035): Infidelity = 7.232357e-01
  Random Opt (n=550,171): Infidelity = 7.383590e-01
  Random Opt (n=639,73): Infidelity = 7.316249e-01
  Random Opt (n=784,812): Infidelity = 7.384759e-01
  Random Opt (n=330,114): Infidelity = 7.473108e-01
  Best Optimized (Ideal): 6.714977e-01

Gate Time: 5120.0 tau (Tg/T2q1=6.6407, Tg/T2q2=6.6534)
  Time-domain setup: pad_factor=1, dt=0.1250 tau, tau/4=0.2500 tau
  No Pulse (Ideal): 7.498696e-01
Evaluating 165 known sequences...
Using Folded Noise Matrix (M=2)...
  Time-domain setup: pad_factor=1, dt=0.2500 tau, tau/4=0.2500 tau
  Best Known (Char): 4.558411e-01 (mqCDD(n=10, m=1))
  Best Known (Ideal): 4.651831e-01
  Running Random Optimization...
  NOTE: SLSQP dim guard clips the NT search at this (Tg, M): per-qubit max 2558 -> 1300 (max_dim=2600); the separation limit is reachable at M >= 4
  Randomly selected pulse counts: [(146, 1299), (57, 905), (103, 996), (440, 623), (108, 826), (1291, 862), (925, 405), (615, 188), (987, 911), (228, 1278), (776, 367), (968, 981), (1012, 1098), (915, 435), (1193, 1267), (734, 445), (858, 106), (1047, 1015), (296, 893), (439, 382)]
Using Folded Noise Matrix (M=2)...
  Random Opt (n=146,1299): Infidelity = 5.926724e-01
  Random Opt (n=57,905): Infidelity = 6.426012e-01
  Random Opt (n=103,996): Infidelity = 6.265154e-01
  Random Opt (n=440,623): Infidelity = 5.981350e-01
  Random Opt (n=108,826): Infidelity = 6.320778e-01
  Random Opt (n=1291,862): Infidelity = 4.768809e-01
  Random Opt (n=925,405): Infidelity = 6.100225e-01
  Random Opt (n=615,188): Infidelity = 6.442797e-01
  Random Opt (n=987,911): Infidelity = 4.763209e-01
  Random Opt (n=228,1278): Infidelity = 6.297116e-01
  Random Opt (n=776,367): Infidelity = 5.419291e-01
  Random Opt (n=968,981): Infidelity = 5.104825e-01
  Random Opt (n=1012,1098): Infidelity = 4.641369e-01
  Random Opt (n=915,435): Infidelity = 6.294750e-01
  Random Opt (n=1193,1267): Infidelity = 4.521364e-01
  Random Opt (n=734,445): Infidelity = 6.299457e-01
  Random Opt (n=858,106): Infidelity = 6.148888e-01
  Random Opt (n=1047,1015): Infidelity = 4.657425e-01
  Random Opt (n=296,893): Infidelity = 5.615517e-01
  Random Opt (n=439,382): Infidelity = 6.341992e-01
  Best Optimized (Ideal): 4.055546e-01

Gate Time: 2560.0 tau (Tg/T2q1=3.3204, Tg/T2q2=3.3267)
  Time-domain setup: pad_factor=1, dt=0.1250 tau, tau/4=0.2500 tau
  No Pulse (Ideal): 7.456299e-01
Evaluating 135 known sequences...
Using Folded Noise Matrix (M=2)...
  Time-domain setup: pad_factor=1, dt=0.2500 tau, tau/4=0.2500 tau
  Best Known (Char): 2.877620e-01 (mqCDD(n=9, m=1))
  Best Known (Ideal): 2.921449e-01
  Running Random Optimization...
  Randomly selected pulse counts: [(1189, 947), (654, 162), (93, 1026), (1151, 661), (829, 197), (52, 878), (1024, 186), (986, 767), (641, 502), (645, 167), (122, 376), (566, 939), (502, 1175), (198, 1011), (1193, 1039), (204, 612), (380, 62), (492, 346), (1064, 169), (572, 321)]
Using Folded Noise Matrix (M=2)...
  Random Opt (n=1189,947): Infidelity = 2.468298e-01
  Random Opt (n=654,162): Infidelity = 3.611059e-01
  Random Opt (n=93,1026): Infidelity = 4.570229e-01
  Random Opt (n=1151,661): Infidelity = 2.649252e-01
  Random Opt (n=829,197): Infidelity = 4.153701e-01
  Random Opt (n=52,878): Infidelity = 4.649914e-01
  Random Opt (n=1024,186): Infidelity = 3.428557e-01
  Random Opt (n=986,767): Infidelity = 2.640045e-01
  Random Opt (n=641,502): Infidelity = 2.873389e-01
  Random Opt (n=645,167): Infidelity = 3.577057e-01
  Random Opt (n=122,376): Infidelity = 4.923357e-01
  Random Opt (n=566,939): Infidelity = 2.647719e-01
  Random Opt (n=502,1175): Infidelity = 2.526577e-01
  Random Opt (n=198,1011): Infidelity = 3.409052e-01
  Random Opt (n=1193,1039): Infidelity = 2.400870e-01
  Random Opt (n=204,612): Infidelity = 3.854928e-01
  Random Opt (n=380,62): Infidelity = 4.515646e-01
  Random Opt (n=492,346): Infidelity = 3.139835e-01
  Random Opt (n=1064,169): Infidelity = 3.442940e-01
  Random Opt (n=572,321): Infidelity = 3.154939e-01
  Best Optimized (Ideal): 1.862497e-01

Gate Time: 1280.0 tau (Tg/T2q1=1.6602, Tg/T2q2=1.6634)
  Time-domain setup: pad_factor=1, dt=0.1250 tau, tau/4=0.2500 tau
  No Pulse (Ideal): 7.148876e-01
Evaluating 108 known sequences...
Using Folded Noise Matrix (M=2)...
  Time-domain setup: pad_factor=1, dt=0.2500 tau, tau/4=0.2500 tau
  Best Known (Char): 1.637551e-01 (mqCDD(n=8, m=1))
  Best Known (Ideal): 1.652733e-01
  Running Random Optimization...
  Randomly selected pulse counts: [(563, 334), (263, 471), (257, 341), (382, 493), (441, 506), (133, 329), (486, 392), (340, 296), (263, 228), (601, 225), (157, 201), (388, 392), (214, 187), (27, 638), (308, 385), (111, 507), (560, 278), (413, 75), (269, 625), (44, 21)]
Using Folded Noise Matrix (M=2)...
  Random Opt (n=563,334): Infidelity = 1.492581e-01
  Random Opt (n=263,471): Infidelity = 1.445587e-01
  Random Opt (n=257,341): Infidelity = 1.567924e-01
  Random Opt (n=382,493): Infidelity = 1.450411e-01
  Random Opt (n=441,506): Infidelity = 1.328289e-01
  Random Opt (n=133,329): Infidelity = 1.654144e-01
  Random Opt (n=486,392): Infidelity = 1.460995e-01
  Random Opt (n=340,296): Infidelity = 1.585514e-01
  Random Opt (n=263,228): Infidelity = 1.683488e-01
  Random Opt (n=601,225): Infidelity = 1.595203e-01
  Random Opt (n=157,201): Infidelity = 1.736508e-01
  Random Opt (n=388,392): Infidelity = 1.690528e-01
  Random Opt (n=214,187): Infidelity = 1.785381e-01
  Random Opt (n=27,638): Infidelity = 2.921532e-01
  Random Opt (n=308,385): Infidelity = 1.518472e-01
  Random Opt (n=111,507): Infidelity = 2.308629e-01
  Random Opt (n=560,278): Infidelity = 1.525971e-01
  Random Opt (n=413,75): Infidelity = 2.164892e-01
  Random Opt (n=269,625): Infidelity = 1.376491e-01
  Random Opt (n=44,21): Infidelity = 4.448636e-01
  Best Optimized (Ideal): 1.045573e-01

Gate Time: 640.0 tau (Tg/T2q1=0.8301, Tg/T2q2=0.8317)
  Time-domain setup: pad_factor=1, dt=0.1250 tau, tau/4=0.2500 tau
  No Pulse (Ideal): 6.174506e-01
Evaluating 84 known sequences...
Using Folded Noise Matrix (M=2)...
  Time-domain setup: pad_factor=1, dt=0.2500 tau, tau/4=0.2500 tau
  Best Known (Char): 8.760338e-02 (mqCDD(n=7, m=1))
  Best Known (Ideal): 8.837565e-02
  Running Random Optimization...
  Randomly selected pulse counts: [(284, 258), (228, 186), (261, 161), (241, 119), (264, 100), (102, 101), (115, 175), (156, 136), (111, 212), (165, 201), (79, 188), (263, 103), (210, 22), (202, 191), (279, 34), (301, 103), (12, 28), (284, 306), (126, 35), (42, 49)]
Using Folded Noise Matrix (M=2)...
  Random Opt (n=284,258): Infidelity = 7.483064e-02
  Random Opt (n=228,186): Infidelity = 7.729537e-02
  Random Opt (n=261,161): Infidelity = 7.823846e-02
  Random Opt (n=241,119): Infidelity = 8.416525e-02
  Random Opt (n=264,100): Infidelity = 8.771825e-02
  Random Opt (n=102,101): Infidelity = 1.023901e-01
  Random Opt (n=115,175): Infidelity = 8.415974e-02
  Random Opt (n=156,136): Infidelity = 8.594997e-02
  Random Opt (n=111,212): Infidelity = 8.062202e-02
  Random Opt (n=165,201): Infidelity = 7.873949e-02
  Random Opt (n=79,188): Infidelity = 8.367116e-02
  Random Opt (n=263,103): Infidelity = 8.643670e-02
  Random Opt (n=210,22): Infidelity = 2.429501e-01
  Random Opt (n=202,191): Infidelity = 8.002131e-02
  Random Opt (n=279,34): Infidelity = 1.426747e-01
  Random Opt (n=301,103): Infidelity = 8.644792e-02
  Random Opt (n=12,28): Infidelity = 4.430652e-01
  Random Opt (n=284,306): Infidelity = 7.181138e-02
  Random Opt (n=126,35): Infidelity = 1.302694e-01
  Random Opt (n=42,49): Infidelity = 1.857895e-01
  Best Optimized (Ideal): 5.128585e-02

Gate Time: 320.0 tau (Tg/T2q1=0.4150, Tg/T2q2=0.4158)
  Time-domain setup: pad_factor=1, dt=0.1250 tau, tau/4=0.2500 tau
  No Pulse (Ideal): 4.491487e-01
Evaluating 63 known sequences...
Using Folded Noise Matrix (M=2)...
  Time-domain setup: pad_factor=1, dt=0.2500 tau, tau/4=0.2500 tau
  Best Known (Char): 4.554936e-02 (mqCDD(n=6, m=1))
  Best Known (Ideal): 4.557198e-02
  Running Random Optimization...
  Randomly selected pulse counts: [(75, 1), (28, 34), (76, 67), (57, 106), (76, 75), (65, 103), (157, 40), (104, 49), (108, 147), (17, 28), (102, 67), (112, 126), (127, 149), (44, 30), (122, 77), (131, 42), (56, 147), (60, 114), (104, 121), (122, 16)]
Using Folded Noise Matrix (M=2)...
  Random Opt (n=75,1): Infidelity = 1.743864e-01
  Random Opt (n=28,34): Infidelity = 7.558941e-02
  Random Opt (n=76,67): Infidelity = 4.496527e-02
  Random Opt (n=57,106): Infidelity = 4.128734e-02
  Random Opt (n=76,75): Infidelity = 4.574586e-02
  Random Opt (n=65,103): Infidelity = 4.151536e-02
  Random Opt (n=157,40): Infidelity = 4.875022e-02
  Random Opt (n=104,49): Infidelity = 4.757556e-02
  Random Opt (n=108,147): Infidelity = 3.589571e-02
  Random Opt (n=17,28): Infidelity = 1.140522e-01
  Random Opt (n=102,67): Infidelity = 4.491229e-02
  Random Opt (n=112,126): Infidelity = 3.778702e-02
  Random Opt (n=127,149): Infidelity = 3.547459e-02
  Random Opt (n=44,30): Infidelity = 6.594687e-02
  Random Opt (n=122,77): Infidelity = 4.145760e-02
  Random Opt (n=131,42): Infidelity = 4.816878e-02
  Random Opt (n=56,147): Infidelity = 3.902920e-02
  Random Opt (n=60,114): Infidelity = 4.272589e-02
  Random Opt (n=104,121): Infidelity = 3.847578e-02
  Random Opt (n=122,16): Infidelity = 9.248778e-02
  Best Optimized (Ideal): 2.673136e-02
Saved all plotting data to /home/mqasimk/IdeaProjects/QNS-2Q/DraftRun_NoSPAM_featured/plotting_data/plotting_data_id_v4_uncapped.npz

================================================================================
                        FINAL COMPARISON (Best Overall)                         
================================================================================
Infidelity                | 4.557198e-02              | 2.673136e-02             
Sequence                  | mqCDD(n=6, m=1)^2         | NT(127,149)^2            
================================================================================

To generate plots, run:
  python plot_optimization.py --data-dir /home/mqasimk/IdeaProjects/QNS-2Q/DraftRun_NoSPAM_featured --gate-type id

========================================
Running Optimization for M = 4
========================================
Loading reconstructed spectra from /home/mqasimk/IdeaProjects/QNS-2Q/DraftRun_NoSPAM_featured/specs.npz
  specs spam_protocol: none
[idle] NOTE: flagged (undetermined) DC points in specs: S112, S12, S212
[idle] max_pulses=0: pulse count limited only by the minimum separation tau (n <= T_seq/tau - 1 per qubit per repetition)
Calculated T2 times (Ideal): Q1=7.71e+02 tau, Q2=7.70e+02 tau
Configuration loaded for M=4.

============================================================
RUNNING OPTIMIZATION PIPELINE
M (Repetitions): 4
Total Pulse Limit: 1000000000
Pulse Limit Per Repetition: 250000000
============================================================

Gate Time: 10240.0 tau (Tg/T2q1=13.2815, Tg/T2q2=13.3069)
  Time-domain setup: pad_factor=1, dt=0.1250 tau, tau/4=0.2500 tau
  No Pulse (Ideal): 7.499998e-01
Evaluating 165 known sequences...
Using Folded Noise Matrix (M=4)...
  Time-domain setup: pad_factor=1, dt=0.2500 tau, tau/4=0.2500 tau
  Best Known (Char): 6.201815e-01 (mqCDD(n=10, m=1))
  Best Known (Ideal): 6.341522e-01
  Running Random Optimization...
  NOTE: SLSQP dim guard clips the NT search at this (Tg, M): per-qubit max 2558 -> 1300 (max_dim=2600); the separation limit is reachable at M >= 8
  Randomly selected pulse counts: [(9, 196), (841, 291), (25, 622), (203, 7), (732, 126), (408, 715), (921, 47), (1071, 1240), (226, 959), (434, 676), (869, 531), (1113, 53), (696, 1277), (535, 991), (134, 1005), (45, 4), (49, 43), (530, 514), (1080, 1203), (997, 354)]
Using Folded Noise Matrix (M=4)...
  Random Opt (n=9,196): Infidelity = 7.499990e-01
  Random Opt (n=841,291): Infidelity = 6.859269e-01
  Random Opt (n=25,622): Infidelity = 7.208792e-01
  Random Opt (n=203,7): Infidelity = 7.498696e-01
  Random Opt (n=732,126): Infidelity = 6.997994e-01
  Random Opt (n=408,715): Infidelity = 7.015340e-01
  Random Opt (n=921,47): Infidelity = 7.008014e-01
  Random Opt (n=1071,1240): Infidelity = 6.221857e-01
  Random Opt (n=226,959): Infidelity = 7.071026e-01
  Random Opt (n=434,676): Infidelity = 7.091330e-01
  Random Opt (n=869,531): Infidelity = 6.633469e-01
  Random Opt (n=1113,53): Infidelity = 6.962172e-01
  Random Opt (n=696,1277): Infidelity = 6.316845e-01
  Random Opt (n=535,991): Infidelity = 6.535386e-01
  Random Opt (n=134,1005): Infidelity = 7.029799e-01
  Random Opt (n=45,4): Infidelity = 7.499851e-01
  Random Opt (n=49,43): Infidelity = 7.499581e-01
  Random Opt (n=530,514): Infidelity = 6.915989e-01
  Random Opt (n=1080,1203): Infidelity = 6.300816e-01
  Random Opt (n=997,354): Infidelity = 6.798048e-01
  Best Optimized (Ideal): 5.934476e-01

Gate Time: 5120.0 tau (Tg/T2q1=6.6407, Tg/T2q2=6.6534)
  Time-domain setup: pad_factor=1, dt=0.1250 tau, tau/4=0.2500 tau
  No Pulse (Ideal): 7.498697e-01
Evaluating 135 known sequences...
Using Folded Noise Matrix (M=4)...
  Time-domain setup: pad_factor=1, dt=0.2500 tau, tau/4=0.2500 tau
  Best Known (Char): 4.557912e-01 (mqCDD(n=9, m=1))
  Best Known (Ideal): 4.653797e-01
  Running Random Optimization...
  Randomly selected pulse counts: [(822, 200), (541, 37), (1274, 358), (1142, 217), (662, 1142), (374, 239), (774, 789), (1069, 1154), (479, 1092), (515, 248), (1208, 337), (823, 1153), (634, 864), (421, 1179), (638, 402), (166, 457), (1078, 1246), (30, 389), (764, 81), (37, 97)]
Using Folded Noise Matrix (M=4)...
  Random Opt (n=822,200): Infidelity = 5.928872e-01
  Random Opt (n=541,37): Infidelity = 6.255872e-01
  Random Opt (n=1274,358): Infidelity = 4.636269e-01
  Random Opt (n=1142,217): Infidelity = 6.143236e-01
  Random Opt (n=662,1142): Infidelity = 4.175253e-01
  Random Opt (n=374,239): Infidelity = 5.302175e-01
  Random Opt (n=774,789): Infidelity = 4.430261e-01
  Random Opt (n=1069,1154): Infidelity = 3.944186e-01
  Random Opt (n=479,1092): Infidelity = 4.185904e-01
  Random Opt (n=515,248): Infidelity = 5.183076e-01
  Random Opt (n=1208,337): Infidelity = 4.679806e-01
  Random Opt (n=823,1153): Infidelity = 4.134451e-01
  Random Opt (n=634,864): Infidelity = 4.331575e-01
  Random Opt (n=421,1179): Infidelity = 4.155642e-01
  Random Opt (n=638,402): Infidelity = 4.800547e-01
  Random Opt (n=166,457): Infidelity = 5.427766e-01
  Random Opt (n=1078,1246): Infidelity = 3.960885e-01
  Random Opt (n=30,389): Infidelity = 6.479765e-01
  Random Opt (n=764,81): Infidelity = 6.024832e-01
  Random Opt (n=37,97): Infidelity = 7.434726e-01
  Best Optimized (Ideal): 3.236231e-01

Gate Time: 2560.0 tau (Tg/T2q1=3.3204, Tg/T2q2=3.3267)
  Time-domain setup: pad_factor=1, dt=0.1250 tau, tau/4=0.2500 tau
  No Pulse (Ideal): 7.456331e-01
Evaluating 108 known sequences...
Using Folded Noise Matrix (M=4)...
  Time-domain setup: pad_factor=1, dt=0.2500 tau, tau/4=0.2500 tau
  Best Known (Char): 2.879474e-01 (mqCDD(n=8, m=1))
  Best Known (Ideal): 2.919457e-01
  Running Random Optimization...
  Randomly selected pulse counts: [(627, 450), (224, 179), (591, 622), (453, 609), (374, 591), (564, 101), (357, 49), (85, 103), (313, 282), (158, 51), (252, 138), (218, 617), (533, 89), (267, 389), (178, 45), (150, 341), (466, 331), (43, 414), (12, 291), (354, 413)]
Using Folded Noise Matrix (M=4)...
  Random Opt (n=627,450): Infidelity = 2.465864e-01
  Random Opt (n=224,179): Infidelity = 3.113951e-01
  Random Opt (n=591,622): Infidelity = 2.359797e-01
  Random Opt (n=453,609): Infidelity = 2.387021e-01
  Random Opt (n=374,591): Infidelity = 2.480522e-01
  Random Opt (n=564,101): Infidelity = 4.557574e-01
  Random Opt (n=357,49): Infidelity = 5.639566e-01
  Random Opt (n=85,103): Infidelity = 5.350561e-01
  Random Opt (n=313,282): Infidelity = 2.831382e-01
  Random Opt (n=158,51): Infidelity = 5.830166e-01
  Random Opt (n=252,138): Infidelity = 3.377544e-01
  Random Opt (n=218,617): Infidelity = 2.518905e-01
  Random Opt (n=533,89): Infidelity = 3.424565e-01
  Random Opt (n=267,389): Infidelity = 2.788875e-01
  Random Opt (n=178,45): Infidelity = 5.404167e-01
  Random Opt (n=150,341): Infidelity = 2.935582e-01
  Random Opt (n=466,331): Infidelity = 2.719364e-01
  Random Opt (n=43,414): Infidelity = 4.469463e-01
  Random Opt (n=12,291): Infidelity = 5.407720e-01
  Random Opt (n=354,413): Infidelity = 2.715233e-01
  Best Optimized (Ideal): 1.830454e-01

Gate Time: 1280.0 tau (Tg/T2q1=1.6602, Tg/T2q2=1.6634)
  Time-domain setup: pad_factor=1, dt=0.1250 tau, tau/4=0.2500 tau
  No Pulse (Ideal): 7.149203e-01
Evaluating 84 known sequences...
Using Folded Noise Matrix (M=4)...
  Time-domain setup: pad_factor=1, dt=0.2500 tau, tau/4=0.2500 tau
  Best Known (Char): 1.636363e-01 (mqCDD(n=7, m=1))
  Best Known (Ideal): 1.656381e-01
  Running Random Optimization...
  Randomly selected pulse counts: [(58, 205), (173, 54), (305, 298), (225, 198), (86, 13), (302, 63), (253, 71), (173, 35), (316, 46), (37, 224), (288, 274), (308, 209), (38, 40), (245, 298), (270, 108), (67, 119), (157, 241), (193, 215), (232, 305), (58, 156)]
Using Folded Noise Matrix (M=4)...
  Random Opt (n=58,205): Infidelity = 1.948154e-01
  Random Opt (n=173,54): Infidelity = 3.482336e-01
  Random Opt (n=305,298): Infidelity = 1.323337e-01
  Random Opt (n=225,198): Infidelity = 1.513206e-01
  Random Opt (n=86,13): Infidelity = 3.091510e-01
  Random Opt (n=302,63): Infidelity = 1.785912e-01
  Random Opt (n=253,71): Infidelity = 1.772004e-01
  Random Opt (n=173,35): Infidelity = 2.261200e-01
  Random Opt (n=316,46): Infidelity = 2.125718e-01
  Random Opt (n=37,224): Infidelity = 1.989491e-01
  Random Opt (n=288,274): Infidelity = 1.347485e-01
  Random Opt (n=308,209): Infidelity = 1.410831e-01
  Random Opt (n=38,40): Infidelity = 2.962527e-01
  Random Opt (n=245,298): Infidelity = 1.338557e-01
  Random Opt (n=270,108): Infidelity = 1.635543e-01
  Random Opt (n=67,119): Infidelity = 1.792141e-01
  Random Opt (n=157,241): Infidelity = 1.431624e-01
  Random Opt (n=193,215): Infidelity = 1.416101e-01
  Random Opt (n=232,305): Infidelity = 1.391003e-01
  Random Opt (n=58,156): Infidelity = 2.020408e-01
  Best Optimized (Ideal): 1.014404e-01

Gate Time: 640.0 tau (Tg/T2q1=0.8301, Tg/T2q2=0.8317)
  Time-domain setup: pad_factor=1, dt=0.1250 tau, tau/4=0.2500 tau
  No Pulse (Ideal): 6.176063e-01
Evaluating 63 known sequences...
Using Folded Noise Matrix (M=4)...
  Time-domain setup: pad_factor=1, dt=0.2500 tau, tau/4=0.2500 tau
  Best Known (Char): 8.796195e-02 (mqCDD(n=6, m=1))
  Best Known (Ideal): 8.804368e-02
  Running Random Optimization...
  Randomly selected pulse counts: [(54, 118), (121, 40), (152, 52), (23, 96), (110, 141), (75, 17), (145, 139), (52, 48), (141, 34), (143, 150), (45, 137), (118, 115), (52, 126), (140, 135), (59, 52), (4, 113), (52, 36), (7, 28), (13, 19), (72, 20)]
Using Folded Noise Matrix (M=4)...
  Random Opt (n=54,118): Infidelity = 8.032724e-02
  Random Opt (n=121,40): Infidelity = 9.605883e-02
  Random Opt (n=152,52): Infidelity = 8.821912e-02
  Random Opt (n=23,96): Infidelity = 1.090797e-01
  Random Opt (n=110,141): Infidelity = 7.399662e-02
  Random Opt (n=75,17): Infidelity = 1.285383e-01
  Random Opt (n=145,139): Infidelity = 7.019879e-02
  Random Opt (n=52,48): Infidelity = 9.981356e-02
  Random Opt (n=141,34): Infidelity = 1.063533e-01
  Random Opt (n=143,150): Infidelity = 7.030629e-02
  Random Opt (n=45,137): Infidelity = 8.354592e-02
  Random Opt (n=118,115): Infidelity = 7.388922e-02
  Random Opt (n=52,126): Infidelity = 7.880346e-02
  Random Opt (n=140,135): Infidelity = 7.166982e-02
  Random Opt (n=59,52): Infidelity = 9.516956e-02
  Random Opt (n=4,113): Infidelity = 2.338076e-01
  Random Opt (n=52,36): Infidelity = 1.092482e-01
  Random Opt (n=7,28): Infidelity = 2.493702e-01
  Random Opt (n=13,19): Infidelity = 2.833190e-01
  Random Opt (n=72,20): Infidelity = 1.321970e-01
  Best Optimized (Ideal): 5.239319e-02

Gate Time: 320.0 tau (Tg/T2q1=0.4150, Tg/T2q2=0.4158)
  Time-domain setup: pad_factor=1, dt=0.1250 tau, tau/4=0.2500 tau
  No Pulse (Ideal): 4.495566e-01
Evaluating 45 known sequences...
Using Folded Noise Matrix (M=4)...
  Time-domain setup: pad_factor=1, dt=0.2500 tau, tau/4=0.2500 tau
  Best Known (Char): 4.547061e-02 (mqCDD(n=5, m=1))
  Best Known (Ideal): 4.537771e-02
  Running Random Optimization...
  Randomly selected pulse counts: [(20, 36), (21, 57), (38, 24), (17, 64), (40, 1), (48, 10), (72, 29), (76, 63), (50, 15), (25, 37), (20, 73), (68, 66), (75, 50), (31, 21), (15, 11), (50, 2), (36, 53), (23, 13), (17, 38), (71, 70)]
Using Folded Noise Matrix (M=4)...
  Random Opt (n=20,36): Infidelity = 5.064480e-02
  Random Opt (n=21,57): Infidelity = 4.123153e-02
  Random Opt (n=38,24): Infidelity = 5.205683e-02
  Random Opt (n=17,64): Infidelity = 4.165939e-02
  Random Opt (n=40,1): Infidelity = 1.157770e-01
  Random Opt (n=48,10): Infidelity = 7.334028e-02
  Random Opt (n=72,29): Infidelity = 4.372963e-02
  Random Opt (n=76,63): Infidelity = 3.704491e-02
  Random Opt (n=50,15): Infidelity = 5.417522e-02
  Random Opt (n=25,37): Infidelity = 4.518051e-02
  Random Opt (n=20,73): Infidelity = 4.214541e-02
  Random Opt (n=68,66): Infidelity = 3.711916e-02
  Random Opt (n=75,50): Infidelity = 3.958375e-02
  Random Opt (n=31,21): Infidelity = 5.035649e-02
  Random Opt (n=15,11): Infidelity = 6.811602e-02
  Random Opt (n=50,2): Infidelity = 1.228539e-01
  Random Opt (n=36,53): Infidelity = 4.074085e-02
  Random Opt (n=23,13): Infidelity = 1.204176e-01
  Random Opt (n=17,38): Infidelity = 4.825195e-02
  Random Opt (n=71,70): Infidelity = 3.944260e-02
  Best Optimized (Ideal): 2.722345e-02
Saved all plotting data to /home/mqasimk/IdeaProjects/QNS-2Q/DraftRun_NoSPAM_featured/plotting_data/plotting_data_id_v4_uncapped.npz

================================================================================
                        FINAL COMPARISON (Best Overall)                         
================================================================================
Infidelity                | 4.537771e-02              | 2.722345e-02             
Sequence                  | mqCDD(n=5, m=1)^4         | NT(76,63)^4              
================================================================================

To generate plots, run:
  python plot_optimization.py --data-dir /home/mqasimk/IdeaProjects/QNS-2Q/DraftRun_NoSPAM_featured --gate-type id

========================================
Running Optimization for M = 8
========================================
Loading reconstructed spectra from /home/mqasimk/IdeaProjects/QNS-2Q/DraftRun_NoSPAM_featured/specs.npz
  specs spam_protocol: none
[idle] NOTE: flagged (undetermined) DC points in specs: S112, S12, S212
[idle] max_pulses=0: pulse count limited only by the minimum separation tau (n <= T_seq/tau - 1 per qubit per repetition)
Calculated T2 times (Ideal): Q1=7.71e+02 tau, Q2=7.70e+02 tau
Configuration loaded for M=8.

============================================================
RUNNING OPTIMIZATION PIPELINE
M (Repetitions): 8
Total Pulse Limit: 1000000000
Pulse Limit Per Repetition: 125000000
============================================================

Gate Time: 10240.0 tau (Tg/T2q1=13.2815, Tg/T2q2=13.3069)
  Time-domain setup: pad_factor=1, dt=0.1250 tau, tau/4=0.2500 tau
  No Pulse (Ideal): 7.499998e-01
Evaluating 135 known sequences...
Using Folded Noise Matrix (M=8)...
  Time-domain setup: pad_factor=1, dt=0.2500 tau, tau/4=0.2500 tau
  Best Known (Char): 6.201233e-01 (mqCDD(n=9, m=1))
  Best Known (Ideal): 6.342921e-01
  Running Random Optimization...
  Randomly selected pulse counts: [(348, 1035), (187, 817), (727, 999), (26, 46), (475, 608), (158, 547), (896, 703), (247, 848), (700, 16), (839, 1141), (596, 1035), (577, 285), (868, 666), (401, 1076), (807, 28), (1136, 156), (543, 523), (335, 493), (660, 1070), (191, 56)]
Using Folded Noise Matrix (M=8)...
  Random Opt (n=348,1035): Infidelity = 6.044573e-01
  Random Opt (n=187,817): Infidelity = 6.595608e-01
  Random Opt (n=727,999): Infidelity = 5.988006e-01
  Random Opt (n=26,46): Infidelity = 7.494368e-01
  Random Opt (n=475,608): Infidelity = 6.306645e-01
  Random Opt (n=158,547): Infidelity = 6.783495e-01
  Random Opt (n=896,703): Infidelity = 6.061155e-01
  Random Opt (n=247,848): Infidelity = 6.243134e-01
  Random Opt (n=700,16): Infidelity = 6.949937e-01
  Random Opt (n=839,1141): Infidelity = 5.961963e-01
  Random Opt (n=596,1035): Infidelity = 5.952164e-01
  Random Opt (n=577,285): Infidelity = 6.584128e-01
  Random Opt (n=868,666): Infidelity = 6.120791e-01
  Random Opt (n=401,1076): Infidelity = 5.983361e-01
  Random Opt (n=807,28): Infidelity = 6.926782e-01
  Random Opt (n=1136,156): Infidelity = 6.774934e-01
  Random Opt (n=543,523): Infidelity = 6.332016e-01
  Random Opt (n=335,493): Infidelity = 6.434943e-01
  Random Opt (n=660,1070): Infidelity = 5.945314e-01
  Random Opt (n=191,56): Infidelity = 7.296781e-01
  Best Optimized (Ideal): 5.445736e-01

Gate Time: 5120.0 tau (Tg/T2q1=6.6407, Tg/T2q2=6.6534)
  Time-domain setup: pad_factor=1, dt=0.1250 tau, tau/4=0.2500 tau
  No Pulse (Ideal): 7.498698e-01
Evaluating 108 known sequences...
Using Folded Noise Matrix (M=8)...
  Time-domain setup: pad_factor=1, dt=0.2500 tau, tau/4=0.2500 tau
  Best Known (Char): 4.560526e-01 (mqCDD(n=8, m=1))
  Best Known (Ideal): 4.651068e-01
  Running Random Optimization...
  Randomly selected pulse counts: [(229, 617), (385, 318), (213, 233), (101, 306), (619, 350), (88, 66), (155, 494), (6, 185), (518, 284), (330, 429), (491, 128), (355, 247), (587, 204), (628, 406), (273, 237), (516, 608), (100, 493), (90, 322), (139, 393), (20, 132)]
Using Folded Noise Matrix (M=8)...
  Random Opt (n=229,617): Infidelity = 4.120074e-01
  Random Opt (n=385,318): Infidelity = 4.429726e-01
  Random Opt (n=213,233): Infidelity = 4.756763e-01
  Random Opt (n=101,306): Infidelity = 5.566613e-01
  Random Opt (n=619,350): Infidelity = 4.269090e-01
  Random Opt (n=88,66): Infidelity = 6.501056e-01
  Random Opt (n=155,494): Infidelity = 4.280837e-01
  Random Opt (n=6,185): Infidelity = 6.564811e-01
  Random Opt (n=518,284): Infidelity = 4.374523e-01
  Random Opt (n=330,429): Infidelity = 4.271012e-01
  Random Opt (n=491,128): Infidelity = 4.910251e-01
  Random Opt (n=355,247): Infidelity = 4.691360e-01
  Random Opt (n=587,204): Infidelity = 4.597876e-01
  Random Opt (n=628,406): Infidelity = 4.193322e-01
  Random Opt (n=273,237): Infidelity = 4.652556e-01
  Random Opt (n=516,608): Infidelity = 3.969534e-01
  Random Opt (n=100,493): Infidelity = 5.215684e-01
  Random Opt (n=90,322): Infidelity = 5.241964e-01
  Random Opt (n=139,393): Infidelity = 4.670116e-01
  Random Opt (n=20,132): Infidelity = 6.663302e-01
  Best Optimized (Ideal): 3.262495e-01

Gate Time: 2560.0 tau (Tg/T2q1=3.3204, Tg/T2q2=3.3267)
  Time-domain setup: pad_factor=1, dt=0.1250 tau, tau/4=0.2500 tau
  No Pulse (Ideal): 7.456396e-01
Evaluating 84 known sequences...
Using Folded Noise Matrix (M=8)...
  Time-domain setup: pad_factor=1, dt=0.2500 tau, tau/4=0.2500 tau
  Best Known (Char): 2.876984e-01 (mqCDD(n=7, m=1))
  Best Known (Ideal): 2.925655e-01
  Running Random Optimization...
  Randomly selected pulse counts: [(178, 309), (307, 242), (217, 161), (63, 242), (285, 5), (289, 273), (15, 7), (23, 202), (174, 4), (52, 218), (56, 218), (203, 244), (75, 241), (124, 66), (255, 93), (236, 67), (101, 262), (75, 37), (281, 282), (279, 10)]
Using Folded Noise Matrix (M=8)...
  Random Opt (n=178,309): Infidelity = 2.469299e-01
  Random Opt (n=307,242): Infidelity = 2.433465e-01
  Random Opt (n=217,161): Infidelity = 2.726593e-01
  Random Opt (n=63,242): Infidelity = 2.619046e-01
  Random Opt (n=285,5): Infidelity = 5.089736e-01
  Random Opt (n=289,273): Infidelity = 2.403940e-01
  Random Opt (n=15,7): Infidelity = 6.029366e-01
  Random Opt (n=23,202): Infidelity = 4.766744e-01
  Random Opt (n=174,4): Infidelity = 5.505904e-01
  Random Opt (n=52,218): Infidelity = 3.749318e-01
  Random Opt (n=56,218): Infidelity = 3.675371e-01
  Random Opt (n=203,244): Infidelity = 2.567228e-01
  Random Opt (n=75,241): Infidelity = 2.687838e-01
  Random Opt (n=124,66): Infidelity = 3.437901e-01
  Random Opt (n=255,93): Infidelity = 2.896708e-01
  Random Opt (n=236,67): Infidelity = 3.104854e-01
  Random Opt (n=101,262): Infidelity = 2.586948e-01
  Random Opt (n=75,37): Infidelity = 3.795594e-01
  Random Opt (n=281,282): Infidelity = 2.633755e-01
  Random Opt (n=279,10): Infidelity = 4.839327e-01
  Best Optimized (Ideal): 1.866675e-01

Gate Time: 1280.0 tau (Tg/T2q1=1.6602, Tg/T2q2=1.6634)
  Time-domain setup: pad_factor=1, dt=0.1250 tau, tau/4=0.2500 tau
  No Pulse (Ideal): 7.149856e-01
Evaluating 63 known sequences...
Using Folded Noise Matrix (M=8)...
  Time-domain setup: pad_factor=1, dt=0.2500 tau, tau/4=0.2500 tau
  Best Known (Char): 1.643844e-01 (mqCDD(n=6, m=1))
  Best Known (Ideal): 1.649632e-01
  Running Random Optimization...
  Randomly selected pulse counts: [(129, 145), (134, 56), (130, 93), (39, 132), (20, 8), (46, 3), (91, 4), (140, 1), (58, 98), (108, 57), (72, 134), (156, 146), (25, 23), (31, 47), (126, 121), (90, 31), (62, 10), (98, 129), (155, 73), (117, 5)]
Using Folded Noise Matrix (M=8)...
  Random Opt (n=129,145): Infidelity = 1.295074e-01
  Random Opt (n=134,56): Infidelity = 1.645778e-01
  Random Opt (n=130,93): Infidelity = 1.455854e-01
  Random Opt (n=39,132): Infidelity = 1.447714e-01
  Random Opt (n=20,8): Infidelity = 3.655210e-01
  Random Opt (n=46,3): Infidelity = 3.361096e-01
  Random Opt (n=91,4): Infidelity = 3.679572e-01
  Random Opt (n=140,1): Infidelity = 4.128084e-01
  Random Opt (n=58,98): Infidelity = 1.597479e-01
  Random Opt (n=108,57): Infidelity = 1.614184e-01
  Random Opt (n=72,134): Infidelity = 1.428089e-01
  Random Opt (n=156,146): Infidelity = 1.318992e-01
  Random Opt (n=25,23): Infidelity = 2.863494e-01
  Random Opt (n=31,47): Infidelity = 1.774017e-01
  Random Opt (n=126,121): Infidelity = 1.382544e-01
  Random Opt (n=90,31): Infidelity = 1.880257e-01
  Random Opt (n=62,10): Infidelity = 3.636967e-01
  Random Opt (n=98,129): Infidelity = 1.436208e-01
  Random Opt (n=155,73): Infidelity = 1.494929e-01
  Random Opt (n=117,5): Infidelity = 3.139239e-01
  Best Optimized (Ideal): 1.000269e-01

Gate Time: 640.0 tau (Tg/T2q1=0.8301, Tg/T2q2=0.8317)
  Time-domain setup: pad_factor=1, dt=0.1250 tau, tau/4=0.2500 tau
  No Pulse (Ideal): 6.179135e-01
Evaluating 45 known sequences...
Using Folded Noise Matrix (M=8)...
  Time-domain setup: pad_factor=1, dt=0.2500 tau, tau/4=0.2500 tau
  Best Known (Char): 8.773485e-02 (mqCDD(n=5, m=1))
  Best Known (Ideal): 8.759437e-02
  Running Random Optimization...
  Randomly selected pulse counts: [(24, 10), (76, 54), (32, 38), (59, 15), (12, 57), (61, 65), (5, 45), (4, 18), (74, 69), (26, 22), (59, 67), (69, 4), (54, 3), (50, 48), (55, 58), (10, 6), (19, 53), (46, 48), (74, 69), (63, 46)]
Using Folded Noise Matrix (M=8)...
  Random Opt (n=24,10): Infidelity = 1.463776e-01
  Random Opt (n=76,54): Infidelity = 7.500322e-02
  Random Opt (n=32,38): Infidelity = 8.857209e-02
  Random Opt (n=59,15): Infidelity = 9.719596e-02
  Random Opt (n=12,57): Infidelity = 1.221045e-01
  Random Opt (n=61,65): Infidelity = 7.026173e-02
  Random Opt (n=5,45): Infidelity = 1.912859e-01
  Random Opt (n=4,18): Infidelity = 2.219256e-01
  Random Opt (n=74,69): Infidelity = 6.965988e-02
  Random Opt (n=26,22): Infidelity = 1.040433e-01
  Random Opt (n=59,67): Infidelity = 6.909689e-02
  Random Opt (n=69,4): Infidelity = 2.120558e-01
  Random Opt (n=54,3): Infidelity = 1.584660e-01
  Random Opt (n=50,48): Infidelity = 8.284850e-02
  Random Opt (n=55,58): Infidelity = 7.424396e-02
  Random Opt (n=10,6): Infidelity = 2.878031e-01
  Random Opt (n=19,53): Infidelity = 7.903644e-02
  Random Opt (n=46,48): Infidelity = 8.305411e-02
  Random Opt (n=74,69): Infidelity = 6.965988e-02
  Random Opt (n=63,46): Infidelity = 7.835454e-02
  Best Optimized (Ideal): 5.291843e-02

Gate Time: 320.0 tau (Tg/T2q1=0.4150, Tg/T2q2=0.4158)
  Time-domain setup: pad_factor=1, dt=0.1250 tau, tau/4=0.2500 tau
  No Pulse (Ideal): 4.503324e-01
Evaluating 30 known sequences...
Using Folded Noise Matrix (M=8)...
  Time-domain setup: pad_factor=1, dt=0.2500 tau, tau/4=0.2500 tau
  Best Known (Char): 4.451518e-02 (mqCDD(n=4, m=1))
  Best Known (Ideal): 4.371235e-02
  Running Random Optimization...
  Randomly selected pulse counts: [(27, 2), (35, 30), (3, 29), (24, 5), (32, 30), (14, 18), (4, 7), (19, 28), (28, 2), (22, 32), (31, 6), (34, 7), (22, 29), (20, 7), (6, 11), (30, 23), (35, 7), (27, 34), (27, 14), (0, 28)]
Using Folded Noise Matrix (M=8)...
  Random Opt (n=27,2): Infidelity = 1.226859e-01
  Random Opt (n=35,30): Infidelity = 3.876266e-02
  Random Opt (n=3,29): Infidelity = 7.445674e-02
  Random Opt (n=24,5): Infidelity = 6.642434e-02
  Random Opt (n=32,30): Infidelity = 3.965448e-02
  Random Opt (n=14,18): Infidelity = 5.019792e-02
  Random Opt (n=4,7): Infidelity = 9.564526e-02
  Random Opt (n=19,28): Infidelity = 4.108097e-02
  Random Opt (n=28,2): Infidelity = 1.241015e-01
  Random Opt (n=22,32): Infidelity = 4.078401e-02
  Random Opt (n=31,6): Infidelity = 7.167633e-02
  Random Opt (n=34,7): Infidelity = 5.203234e-02
  Random Opt (n=22,29): Infidelity = 4.017298e-02
  Random Opt (n=20,7): Infidelity = 5.586107e-02
  Random Opt (n=6,11): Infidelity = 7.061543e-02
  Random Opt (n=30,23): Infidelity = 4.139425e-02
  Random Opt (n=35,7): Infidelity = 5.194825e-02
  Random Opt (n=27,34): Infidelity = 3.715600e-02
  Random Opt (n=27,14): Infidelity = 4.724424e-02
  Random Opt (n=0,28): Infidelity = 2.835980e-01
  Best Optimized (Ideal): 2.884577e-02
Saved all plotting data to /home/mqasimk/IdeaProjects/QNS-2Q/DraftRun_NoSPAM_featured/plotting_data/plotting_data_id_v4_uncapped.npz

================================================================================
                        FINAL COMPARISON (Best Overall)                         
================================================================================
Infidelity                | 4.371235e-02              | 2.884577e-02             
Sequence                  | mqCDD(n=4, m=1)^8         | NT(27,34)^8              
================================================================================

To generate plots, run:
  python plot_optimization.py --data-dir /home/mqasimk/IdeaProjects/QNS-2Q/DraftRun_NoSPAM_featured --gate-type id

========================================
Running Optimization for M = 16
========================================
Loading reconstructed spectra from /home/mqasimk/IdeaProjects/QNS-2Q/DraftRun_NoSPAM_featured/specs.npz
  specs spam_protocol: none
[idle] NOTE: flagged (undetermined) DC points in specs: S112, S12, S212
[idle] max_pulses=0: pulse count limited only by the minimum separation tau (n <= T_seq/tau - 1 per qubit per repetition)
Calculated T2 times (Ideal): Q1=7.71e+02 tau, Q2=7.70e+02 tau
Configuration loaded for M=16.

============================================================
RUNNING OPTIMIZATION PIPELINE
M (Repetitions): 16
Total Pulse Limit: 1000000000
Pulse Limit Per Repetition: 62500000
============================================================

Gate Time: 10240.0 tau (Tg/T2q1=13.2815, Tg/T2q2=13.3069)
  Time-domain setup: pad_factor=1, dt=0.1250 tau, tau/4=0.2500 tau
  No Pulse (Ideal): 7.499998e-01
Evaluating 108 known sequences...
Using Frequency Comb Approximation (M=16)...
  Best Known (Char): 6.157914e-01 (mqCDD(n=8, m=1))
  Best Known (Ideal): 6.340973e-01
  Running Random Optimization...
  Randomly selected pulse counts: [(434, 569), (322, 542), (166, 523), (497, 174), (605, 99), (93, 252), (401, 0), (335, 168), (561, 451), (121, 528), (354, 576), (178, 4), (154, 598), (460, 91), (531, 432), (227, 518), (200, 255), (235, 355), (255, 527), (0, 588)]
Using Frequency Comb Approximation (M=16)...
  Random Opt (n=434,569): Infidelity = 5.462427e-01
  Random Opt (n=322,542): Infidelity = 5.770603e-01
  Random Opt (n=166,523): Infidelity = 5.888187e-01
  Random Opt (n=497,174): Infidelity = 6.254921e-01
  Random Opt (n=605,99): Infidelity = 6.721673e-01
  Random Opt (n=93,252): Infidelity = 6.759085e-01
  Random Opt (n=401,0): Infidelity = 6.810819e-01
  Random Opt (n=335,168): Infidelity = 6.195857e-01
  Random Opt (n=561,451): Infidelity = 5.464704e-01
  Random Opt (n=121,528): Infidelity = 6.028226e-01
  Random Opt (n=354,576): Infidelity = 5.723965e-01
  Random Opt (n=178,4): Infidelity = 7.032437e-01
  Random Opt (n=154,598): Infidelity = 5.820880e-01
  Random Opt (n=460,91): Infidelity = 6.532262e-01
  Random Opt (n=531,432): Infidelity = 5.447511e-01
  Random Opt (n=227,518): Infidelity = 5.857018e-01
  Random Opt (n=200,255): Infidelity = 5.905603e-01
  Random Opt (n=235,355): Infidelity = 6.144189e-01
  Random Opt (n=255,527): Infidelity = 5.749720e-01
  Random Opt (n=0,588): Infidelity = 6.272843e-01
  Best Optimized (Ideal): 5.085661e-01

Gate Time: 5120.0 tau (Tg/T2q1=6.6407, Tg/T2q2=6.6534)
  Time-domain setup: pad_factor=1, dt=0.1250 tau, tau/4=0.2500 tau
  No Pulse (Ideal): 7.498702e-01
Evaluating 84 known sequences...
Using Frequency Comb Approximation (M=16)...
  Best Known (Char): 4.505454e-01 (mqCDD(n=7, m=1))
  Best Known (Ideal): 4.658514e-01
  Running Random Optimization...
  Randomly selected pulse counts: [(213, 115), (211, 188), (279, 173), (15, 115), (272, 264), (27, 104), (24, 167), (299, 134), (194, 8), (123, 78), (57, 38), (128, 131), (67, 146), (180, 245), (277, 286), (61, 263), (169, 74), (294, 96), (121, 269), (283, 85)]
Using Frequency Comb Approximation (M=16)...
  Random Opt (n=213,115): Infidelity = 4.434610e-01
  Random Opt (n=211,188): Infidelity = 4.060352e-01
  Random Opt (n=279,173): Infidelity = 4.121004e-01
  Random Opt (n=15,115): Infidelity = 6.093986e-01
  Random Opt (n=272,264): Infidelity = 3.571480e-01
  Random Opt (n=27,104): Infidelity = 5.999792e-01
  Random Opt (n=24,167): Infidelity = 6.106049e-01
  Random Opt (n=299,134): Infidelity = 4.254042e-01
  Random Opt (n=194,8): Infidelity = 6.028181e-01
  Random Opt (n=123,78): Infidelity = 4.589162e-01
  Random Opt (n=57,38): Infidelity = 5.687661e-01
  Random Opt (n=128,131): Infidelity = 4.176445e-01
  Random Opt (n=67,146): Infidelity = 4.548414e-01
  Random Opt (n=180,245): Infidelity = 4.004331e-01
  Random Opt (n=277,286): Infidelity = 3.408371e-01
  Random Opt (n=61,263): Infidelity = 4.245666e-01
  Random Opt (n=169,74): Infidelity = 4.794685e-01
  Random Opt (n=294,96): Infidelity = 4.471799e-01
  Random Opt (n=121,269): Infidelity = 4.038904e-01
  Random Opt (n=283,85): Infidelity = 4.562381e-01
  Best Optimized (Ideal): 3.120630e-01

Gate Time: 2560.0 tau (Tg/T2q1=3.3204, Tg/T2q2=3.3267)
  Time-domain setup: pad_factor=1, dt=0.1250 tau, tau/4=0.2500 tau
  No Pulse (Ideal): 7.456525e-01
Evaluating 63 known sequences...
Using Frequency Comb Approximation (M=16)...
  Best Known (Char): 2.841882e-01 (mqCDD(n=6, m=1))
  Best Known (Ideal): 2.914806e-01
  Running Random Optimization...
  Randomly selected pulse counts: [(52, 91), (128, 120), (18, 96), (9, 48), (75, 76), (76, 26), (66, 84), (85, 136), (88, 55), (75, 119), (30, 88), (72, 83), (76, 45), (61, 120), (36, 115), (35, 104), (107, 52), (50, 10), (42, 132), (51, 82)]
Using Frequency Comb Approximation (M=16)...
  Random Opt (n=52,91): Infidelity = 2.703074e-01
  Random Opt (n=128,120): Infidelity = 2.299494e-01
  Random Opt (n=18,96): Infidelity = 3.499269e-01
  Random Opt (n=9,48): Infidelity = 4.409949e-01
  Random Opt (n=75,76): Infidelity = 2.575266e-01
  Random Opt (n=76,26): Infidelity = 3.429665e-01
  Random Opt (n=66,84): Infidelity = 2.670522e-01
  Random Opt (n=85,136): Infidelity = 2.389246e-01
  Random Opt (n=88,55): Infidelity = 2.842322e-01
  Random Opt (n=75,119): Infidelity = 2.469359e-01
  Random Opt (n=30,88): Infidelity = 2.945195e-01
  Random Opt (n=72,83): Infidelity = 2.636313e-01
  Random Opt (n=76,45): Infidelity = 2.899393e-01
  Random Opt (n=61,120): Infidelity = 2.492286e-01
  Random Opt (n=36,115): Infidelity = 2.572218e-01
  Random Opt (n=35,104): Infidelity = 2.698889e-01
  Random Opt (n=107,52): Infidelity = 2.801461e-01
  Random Opt (n=50,10): Infidelity = 4.411538e-01
  Random Opt (n=42,132): Infidelity = 2.516657e-01
  Random Opt (n=51,82): Infidelity = 2.748912e-01
  Best Optimized (Ideal): 1.939654e-01

Gate Time: 1280.0 tau (Tg/T2q1=1.6602, Tg/T2q2=1.6634)
  Time-domain setup: pad_factor=1, dt=0.1250 tau, tau/4=0.2500 tau
  No Pulse (Ideal): 7.151152e-01
Evaluating 45 known sequences...
Using Folded Noise Matrix (M=16)...
  Time-domain setup: pad_factor=1, dt=0.2500 tau, tau/4=0.2500 tau
  Best Known (Char): 1.639037e-01 (mqCDD(n=5, m=1))
  Best Known (Ideal): 1.640983e-01
  Running Random Optimization...
  Randomly selected pulse counts: [(70, 54), (51, 55), (41, 60), (70, 4), (69, 26), (56, 74), (17, 44), (48, 69), (16, 2), (24, 45), (17, 10), (51, 72), (0, 20), (60, 51), (24, 66), (63, 30), (60, 68), (20, 27), (16, 68), (43, 36)]
Using Folded Noise Matrix (M=16)...
  Random Opt (n=70,54): Infidelity = 1.528944e-01
  Random Opt (n=51,55): Infidelity = 1.417417e-01
  Random Opt (n=41,60): Infidelity = 1.498062e-01
  Random Opt (n=70,4): Infidelity = 3.579629e-01
  Random Opt (n=69,26): Infidelity = 1.677804e-01
  Random Opt (n=56,74): Infidelity = 1.375458e-01
  Random Opt (n=17,44): Infidelity = 1.681874e-01
  Random Opt (n=48,69): Infidelity = 1.416534e-01
  Random Opt (n=16,2): Infidelity = 3.898658e-01
  Random Opt (n=24,45): Infidelity = 1.632592e-01
  Random Opt (n=17,10): Infidelity = 2.561075e-01
  Random Opt (n=51,72): Infidelity = 1.414371e-01
  Random Opt (n=0,20): Infidelity = 5.481105e-01
  Random Opt (n=60,51): Infidelity = 1.475365e-01
  Random Opt (n=24,66): Infidelity = 1.513732e-01
  Random Opt (n=63,30): Infidelity = 1.620087e-01
  Random Opt (n=60,68): Infidelity = 1.397428e-01
  Random Opt (n=20,27): Infidelity = 1.839857e-01
  Random Opt (n=16,68): Infidelity = 1.677012e-01
  Random Opt (n=43,36): Infidelity = 1.613907e-01
  Best Optimized (Ideal): 1.085054e-01

Gate Time: 640.0 tau (Tg/T2q1=0.8301, Tg/T2q2=0.8317)
  Time-domain setup: pad_factor=1, dt=0.1250 tau, tau/4=0.2500 tau
  No Pulse (Ideal): 6.185104e-01
Evaluating 30 known sequences...
Using Folded Noise Matrix (M=16)...
  Time-domain setup: pad_factor=1, dt=0.2500 tau, tau/4=0.2500 tau
  Best Known (Char): 8.569621e-02 (mqCDD(n=4, m=1))
  Best Known (Ideal): 8.445973e-02
  Running Random Optimization...
  Randomly selected pulse counts: [(5, 25), (17, 30), (4, 21), (11, 6), (4, 32), (6, 25), (35, 13), (13, 38), (4, 7), (14, 35), (15, 35), (23, 32), (12, 13), (11, 17), (26, 25), (33, 31), (3, 18), (25, 1), (32, 5), (5, 9)]
Using Folded Noise Matrix (M=16)...
  Random Opt (n=5,25): Infidelity = 1.073919e-01
  Random Opt (n=17,30): Infidelity = 7.909268e-02
  Random Opt (n=4,21): Infidelity = 1.561710e-01
  Random Opt (n=11,6): Infidelity = 1.393723e-01
  Random Opt (n=4,32): Infidelity = 1.509090e-01
  Random Opt (n=6,25): Infidelity = 1.190362e-01
  Random Opt (n=35,13): Infidelity = 8.584424e-02
  Random Opt (n=13,38): Infidelity = 7.575568e-02
  Random Opt (n=4,7): Infidelity = 1.758829e-01
  Random Opt (n=14,35): Infidelity = 8.161811e-02
  Random Opt (n=15,35): Infidelity = 7.523547e-02
  Random Opt (n=23,32): Infidelity = 7.621644e-02
  Random Opt (n=12,13): Infidelity = 9.941500e-02
  Random Opt (n=11,17): Infidelity = 8.807135e-02
  Random Opt (n=26,25): Infidelity = 7.746658e-02
  Random Opt (n=33,31): Infidelity = 6.982412e-02
  Random Opt (n=3,18): Infidelity = 1.474047e-01
  Random Opt (n=25,1): Infidelity = 1.612737e-01
  Random Opt (n=32,5): Infidelity = 1.152441e-01
  Random Opt (n=5,9): Infidelity = 1.245823e-01
  Best Optimized (Ideal): 5.328112e-02

Gate Time: 320.0 tau (Tg/T2q1=0.4150, Tg/T2q2=0.4158)
  Time-domain setup: pad_factor=1, dt=0.1250 tau, tau/4=0.2500 tau
  No Pulse (Ideal): 4.518662e-01
Evaluating 18 known sequences...
Using Folded Noise Matrix (M=16)...
  Time-domain setup: pad_factor=1, dt=0.2500 tau, tau/4=0.2500 tau
  Best Known (Char): 4.535011e-02 (mqCDD(n=3, m=1))
  Best Known (Ideal): 4.411463e-02
  Running Random Optimization...
  Randomly selected pulse counts: [(3, 15), (5, 13), (17, 2), (0, 13), (18, 3), (4, 1), (12, 11), (16, 4), (18, 7), (18, 5), (0, 11), (11, 7), (10, 1), (0, 5), (16, 13), (6, 8), (0, 16), (8, 17), (2, 0), (10, 12)]
Using Folded Noise Matrix (M=16)...
  Random Opt (n=3,15): Infidelity = 4.115180e-02
  Random Opt (n=5,13): Infidelity = 4.098966e-02
  Random Opt (n=17,2): Infidelity = 1.235981e-01
  Random Opt (n=0,13): Infidelity = 2.844637e-01
  Random Opt (n=18,3): Infidelity = 5.494166e-02
  Random Opt (n=4,1): Infidelity = 1.307006e-01
  Random Opt (n=12,11): Infidelity = 4.593046e-02
  Random Opt (n=16,4): Infidelity = 7.394514e-02
  Random Opt (n=18,7): Infidelity = 4.600650e-02
  Random Opt (n=18,5): Infidelity = 4.909391e-02
  Random Opt (n=0,11): Infidelity = 2.861893e-01
  Random Opt (n=11,7): Infidelity = 4.571036e-02
  Random Opt (n=10,1): Infidelity = 1.138887e-01
  Random Opt (n=0,5): Infidelity = 2.920442e-01
  Random Opt (n=16,13): Infidelity = 3.951089e-02
  Random Opt (n=6,8): Infidelity = 6.633916e-02
  Random Opt (n=0,16): Infidelity = 2.862270e-01
  Random Opt (n=8,17): Infidelity = 4.528642e-02
  Random Opt (n=2,0): Infidelity = 3.335844e-01
  Random Opt (n=10,12): Infidelity = 5.156699e-02
  Best Optimized (Ideal): 3.148074e-02
Saved all plotting data to /home/mqasimk/IdeaProjects/QNS-2Q/DraftRun_NoSPAM_featured/plotting_data/plotting_data_id_v4_uncapped.npz

================================================================================
                        FINAL COMPARISON (Best Overall)                         
================================================================================
Infidelity                | 4.411463e-02              | 3.148074e-02             
Sequence                  | mqCDD(n=3, m=1)^16        | NT(16,13)^16             
================================================================================

To generate plots, run:
  python plot_optimization.py --data-dir /home/mqasimk/IdeaProjects/QNS-2Q/DraftRun_NoSPAM_featured --gate-type id

========================================
Running Optimization for M = 32
========================================
Loading reconstructed spectra from /home/mqasimk/IdeaProjects/QNS-2Q/DraftRun_NoSPAM_featured/specs.npz
  specs spam_protocol: none
[idle] NOTE: flagged (undetermined) DC points in specs: S112, S12, S212
[idle] max_pulses=0: pulse count limited only by the minimum separation tau (n <= T_seq/tau - 1 per qubit per repetition)
Calculated T2 times (Ideal): Q1=7.71e+02 tau, Q2=7.70e+02 tau
Configuration loaded for M=32.

============================================================
RUNNING OPTIMIZATION PIPELINE
M (Repetitions): 32
Total Pulse Limit: 1000000000
Pulse Limit Per Repetition: 31250000
============================================================

Gate Time: 10240.0 tau (Tg/T2q1=13.2815, Tg/T2q2=13.3069)
  Time-domain setup: pad_factor=1, dt=0.1250 tau, tau/4=0.2500 tau
  No Pulse (Ideal): 7.499998e-01
Evaluating 84 known sequences...
Using Frequency Comb Approximation (M=32)...
  Best Known (Char): 6.155852e-01 (mqCDD(n=7, m=1))
  Best Known (Ideal): 6.346108e-01
  Running Random Optimization...
  Randomly selected pulse counts: [(3, 77), (118, 206), (282, 294), (189, 202), (225, 62), (286, 135), (12, 142), (201, 115), (14, 283), (87, 63), (218, 238), (302, 113), (245, 269), (136, 91), (87, 53), (172, 29), (28, 136), (265, 196), (114, 301), (113, 178)]
Using Frequency Comb Approximation (M=32)...
  Random Opt (n=3,77): Infidelity = 7.197098e-01
  Random Opt (n=118,206): Infidelity = 5.788548e-01
  Random Opt (n=282,294): Infidelity = 4.890729e-01
  Random Opt (n=189,202): Infidelity = 5.327971e-01
  Random Opt (n=225,62): Infidelity = 6.444208e-01
  Random Opt (n=286,135): Infidelity = 5.960790e-01
  Random Opt (n=12,142): Infidelity = 6.976788e-01
  Random Opt (n=201,115): Infidelity = 5.971853e-01
  Random Opt (n=14,283): Infidelity = 6.650480e-01
  Random Opt (n=87,63): Infidelity = 6.002794e-01
  Random Opt (n=218,238): Infidelity = 5.151685e-01
  Random Opt (n=302,113): Infidelity = 6.092312e-01
  Random Opt (n=245,269): Infidelity = 5.094305e-01
  Random Opt (n=136,91): Infidelity = 6.027952e-01
  Random Opt (n=87,53): Infidelity = 6.992452e-01
  Random Opt (n=172,29): Infidelity = 6.894325e-01
  Random Opt (n=28,136): Infidelity = 6.998771e-01
  Random Opt (n=265,196): Infidelity = 5.782143e-01
  Random Opt (n=114,301): Infidelity = 5.778899e-01
  Random Opt (n=113,178): Infidelity = 5.799671e-01
  Best Optimized (Ideal): 4.778161e-01

Gate Time: 5120.0 tau (Tg/T2q1=6.6407, Tg/T2q2=6.6534)
  Time-domain setup: pad_factor=1, dt=0.1250 tau, tau/4=0.2500 tau
  No Pulse (Ideal): 7.498709e-01
Evaluating 63 known sequences...
Using Frequency Comb Approximation (M=32)...
  Best Known (Char): 4.513471e-01 (mqCDD(n=6, m=1))
  Best Known (Ideal): 4.645864e-01
  Running Random Optimization...
  Randomly selected pulse counts: [(61, 28), (62, 51), (85, 152), (101, 64), (131, 133), (3, 104), (74, 131), (71, 56), (87, 70), (154, 59), (14, 90), (2, 137), (77, 38), (60, 131), (33, 97), (96, 53), (71, 7), (77, 145), (88, 77), (142, 145)]
Using Frequency Comb Approximation (M=32)...
  Random Opt (n=61,28): Infidelity = 4.984133e-01
  Random Opt (n=62,51): Infidelity = 4.383580e-01
  Random Opt (n=85,152): Infidelity = 3.888733e-01
  Random Opt (n=101,64): Infidelity = 4.406849e-01
  Random Opt (n=131,133): Infidelity = 3.541654e-01
  Random Opt (n=3,104): Infidelity = 6.077803e-01
  Random Opt (n=74,131): Infidelity = 3.998168e-01
  Random Opt (n=71,56): Infidelity = 4.335164e-01
  Random Opt (n=87,70): Infidelity = 4.377009e-01
  Random Opt (n=154,59): Infidelity = 4.335098e-01
  Random Opt (n=14,90): Infidelity = 5.623775e-01
  Random Opt (n=2,137): Infidelity = 6.044533e-01
  Random Opt (n=77,38): Infidelity = 4.573326e-01
  Random Opt (n=60,131): Infidelity = 4.055818e-01
  Random Opt (n=33,97): Infidelity = 4.235180e-01
  Random Opt (n=96,53): Infidelity = 4.506001e-01
  Random Opt (n=71,7): Infidelity = 5.892673e-01
  Random Opt (n=77,145): Infidelity = 3.932647e-01
  Random Opt (n=88,77): Infidelity = 4.078237e-01
  Random Opt (n=142,145): Infidelity = 3.381869e-01
  Best Optimized (Ideal): 3.104506e-01

Gate Time: 2560.0 tau (Tg/T2q1=3.3204, Tg/T2q2=3.3267)
  Time-domain setup: pad_factor=1, dt=0.1250 tau, tau/4=0.2500 tau
  No Pulse (Ideal): 7.456781e-01
Evaluating 45 known sequences...
Using Frequency Comb Approximation (M=32)...
  Best Known (Char): 2.839362e-01 (mqCDD(n=5, m=1))
  Best Known (Ideal): 2.900811e-01
  Running Random Optimization...
  Randomly selected pulse counts: [(29, 38), (16, 16), (69, 12), (1, 54), (61, 69), (29, 15), (57, 36), (49, 4), (54, 69), (76, 14), (17, 20), (29, 27), (56, 24), (3, 61), (63, 23), (53, 12), (28, 64), (12, 63), (47, 77), (10, 49)]
Using Frequency Comb Approximation (M=32)...
  Random Opt (n=29,38): Infidelity = 2.736566e-01
  Random Opt (n=16,16): Infidelity = 3.054285e-01
  Random Opt (n=69,12): Infidelity = 3.311902e-01
  Random Opt (n=1,54): Infidelity = 4.939178e-01
  Random Opt (n=61,69): Infidelity = 2.245535e-01
  Random Opt (n=29,15): Infidelity = 3.057611e-01
  Random Opt (n=57,36): Infidelity = 2.613330e-01
  Random Opt (n=49,4): Infidelity = 4.258256e-01
  Random Opt (n=54,69): Infidelity = 2.292303e-01
  Random Opt (n=76,14): Infidelity = 3.195098e-01
  Random Opt (n=17,20): Infidelity = 2.986481e-01
  Random Opt (n=29,27): Infidelity = 2.880587e-01
  Random Opt (n=56,24): Infidelity = 2.846325e-01
  Random Opt (n=3,61): Infidelity = 4.196387e-01
  Random Opt (n=63,23): Infidelity = 2.815772e-01
  Random Opt (n=53,12): Infidelity = 3.350384e-01
  Random Opt (n=28,64): Infidelity = 2.494601e-01
  Random Opt (n=12,63): Infidelity = 3.151077e-01
  Random Opt (n=47,77): Infidelity = 2.301697e-01
  Random Opt (n=10,49): Infidelity = 3.296128e-01
  Best Optimized (Ideal): 1.885199e-01

Gate Time: 1280.0 tau (Tg/T2q1=1.6602, Tg/T2q2=1.6634)
  Time-domain setup: pad_factor=1, dt=0.1250 tau, tau/4=0.2500 tau
  No Pulse (Ideal): 7.153692e-01
Evaluating 30 known sequences...
Using Folded Noise Matrix (M=32)...
  Time-domain setup: pad_factor=1, dt=0.2500 tau, tau/4=0.2500 tau
  Best Known (Char): 1.601391e-01 (mqCDD(n=4, m=1))
  Best Known (Ideal): 1.586153e-01
  Running Random Optimization...
  Randomly selected pulse counts: [(31, 13), (8, 28), (18, 16), (21, 36), (34, 21), (22, 22), (23, 32), (32, 28), (2, 32), (29, 18), (15, 9), (1, 18), (8, 27), (21, 1), (24, 19), (3, 18), (31, 24), (28, 2), (37, 30), (16, 13)]
Using Folded Noise Matrix (M=32)...
  Random Opt (n=31,13): Infidelity = 1.588376e-01
  Random Opt (n=8,28): Infidelity = 1.807443e-01
  Random Opt (n=18,16): Infidelity = 1.846421e-01
  Random Opt (n=21,36): Infidelity = 1.410092e-01
  Random Opt (n=34,21): Infidelity = 1.478771e-01
  Random Opt (n=22,22): Infidelity = 2.588216e-01
  Random Opt (n=23,32): Infidelity = 1.439685e-01
  Random Opt (n=32,28): Infidelity = 1.440454e-01
  Random Opt (n=2,32): Infidelity = 3.447061e-01
  Random Opt (n=29,18): Infidelity = 1.621733e-01
  Random Opt (n=15,9): Infidelity = 1.803453e-01
  Random Opt (n=1,18): Infidelity = 2.963146e-01
  Random Opt (n=8,27): Infidelity = 1.746723e-01
  Random Opt (n=21,1): Infidelity = 2.798051e-01
  Random Opt (n=24,19): Infidelity = 1.614943e-01
  Random Opt (n=3,18): Infidelity = 2.561937e-01
  Random Opt (n=31,24): Infidelity = 1.518943e-01
  Random Opt (n=28,2): Infidelity = 3.576164e-01
  Random Opt (n=37,30): Infidelity = 1.430656e-01
  Random Opt (n=16,13): Infidelity = 1.790703e-01
  Best Optimized (Ideal): 1.140961e-01

Gate Time: 640.0 tau (Tg/T2q1=0.8301, Tg/T2q2=0.8317)
  Time-domain setup: pad_factor=1, dt=0.1250 tau, tau/4=0.2500 tau
  No Pulse (Ideal): 6.196927e-01
Evaluating 18 known sequences...
Using Folded Noise Matrix (M=32)...
  Time-domain setup: pad_factor=1, dt=0.2500 tau, tau/4=0.2500 tau
  Best Known (Char): 8.672843e-02 (mqCDD(n=3, m=1))
  Best Known (Ideal): 8.491942e-02
  Running Random Optimization...
  Randomly selected pulse counts: [(12, 2), (0, 2), (9, 13), (16, 16), (1, 18), (1, 2), (10, 18), (2, 14), (7, 9), (3, 5), (10, 7), (14, 9), (10, 10), (18, 6), (12, 16), (2, 15), (12, 10), (13, 7), (5, 5), (16, 10)]
Using Folded Noise Matrix (M=32)...
  Random Opt (n=12,2): Infidelity = 2.287739e-01
  Random Opt (n=0,2): Infidelity = 5.180822e-01
  Random Opt (n=9,13): Infidelity = 7.703647e-02
  Random Opt (n=16,16): Infidelity = 1.364374e-01
  Random Opt (n=1,18): Infidelity = 1.383941e-01
  Random Opt (n=1,2): Infidelity = 2.705870e-01
  Random Opt (n=10,18): Infidelity = 9.160466e-02
  Random Opt (n=2,14): Infidelity = 1.950539e-01
  Random Opt (n=7,9): Infidelity = 8.339525e-02
  Random Opt (n=3,5): Infidelity = 9.630029e-02
  Random Opt (n=10,7): Infidelity = 9.524899e-02
  Random Opt (n=14,9): Infidelity = 8.759314e-02
  Random Opt (n=10,10): Infidelity = 1.550010e-01
  Random Opt (n=18,6): Infidelity = 1.226187e-01
  Random Opt (n=12,16): Infidelity = 9.097394e-02
  Random Opt (n=2,15): Infidelity = 1.822477e-01
  Random Opt (n=12,10): Infidelity = 1.022294e-01
  Random Opt (n=13,7): Infidelity = 8.333670e-02
  Random Opt (n=5,5): Infidelity = 1.482408e-01
  Random Opt (n=16,10): Infidelity = 9.458185e-02
  Best Optimized (Ideal): 6.239646e-02

Gate Time: 320.0 tau (Tg/T2q1=0.4150, Tg/T2q2=0.4158)
  Time-domain setup: pad_factor=1, dt=0.1250 tau, tau/4=0.2500 tau
  No Pulse (Ideal): 4.549575e-01
Evaluating 9 known sequences...
Using Folded Noise Matrix (M=32)...
  Time-domain setup: pad_factor=1, dt=0.2500 tau, tau/4=0.2500 tau
  Best Known (Char): 4.195385e-02 (mqCDD(n=2, m=1))
  Best Known (Ideal): 4.565924e-02
  Running Random Optimization...
  Randomly selected pulse counts: [(0, 3), (1, 2), (1, 8), (7, 5), (0, 8), (2, 4), (8, 7), (5, 7), (5, 4), (7, 6), (1, 3), (2, 6), (0, 5), (5, 8), (8, 8), (8, 3), (4, 2), (7, 0), (0, 3), (6, 2)]
Using Folded Noise Matrix (M=32)...
  Random Opt (n=0,3): Infidelity = 2.936378e-01
  Random Opt (n=1,2): Infidelity = 9.841472e-02
  Random Opt (n=1,8): Infidelity = 5.866749e-02
  Random Opt (n=7,5): Infidelity = 4.010587e-02
  Random Opt (n=0,8): Infidelity = 3.026273e-01
  Random Opt (n=2,4): Infidelity = 1.101444e-01
  Random Opt (n=8,7): Infidelity = 5.504099e-02
  Random Opt (n=5,7): Infidelity = 3.907490e-02
  Random Opt (n=5,4): Infidelity = 6.256410e-02
  Random Opt (n=7,6): Infidelity = 5.116385e-02
  Random Opt (n=1,3): Infidelity = 4.995399e-02
  Random Opt (n=2,6): Infidelity = 9.965813e-02
  Random Opt (n=0,5): Infidelity = 2.905598e-01
  Random Opt (n=5,8): Infidelity = 5.650946e-02
  Random Opt (n=8,8): Infidelity = 9.938466e-02
  Random Opt (n=8,3): Infidelity = 6.041083e-02
  Random Opt (n=4,2): Infidelity = 1.139637e-01
  Random Opt (n=7,0): Infidelity = 2.882016e-01
  Random Opt (n=0,3): Infidelity = 2.936378e-01
  Random Opt (n=6,2): Infidelity = 1.058656e-01
  Best Optimized (Ideal): 2.974995e-02
Saved all plotting data to /home/mqasimk/IdeaProjects/QNS-2Q/DraftRun_NoSPAM_featured/plotting_data/plotting_data_id_v4_uncapped.npz

================================================================================
                        FINAL COMPARISON (Best Overall)                         
================================================================================
Infidelity                | 4.565924e-02              | 2.974995e-02             
Sequence                  | mqCDD(n=2, m=1)^32        | NT(5,7)^32               
================================================================================

To generate plots, run:
  python plot_optimization.py --data-dir /home/mqasimk/IdeaProjects/QNS-2Q/DraftRun_NoSPAM_featured --gate-type id

========================================
Running Optimization for M = 64
========================================
Loading reconstructed spectra from /home/mqasimk/IdeaProjects/QNS-2Q/DraftRun_NoSPAM_featured/specs.npz
  specs spam_protocol: none
[idle] NOTE: flagged (undetermined) DC points in specs: S112, S12, S212
[idle] max_pulses=0: pulse count limited only by the minimum separation tau (n <= T_seq/tau - 1 per qubit per repetition)
Calculated T2 times (Ideal): Q1=7.71e+02 tau, Q2=7.70e+02 tau
Configuration loaded for M=64.

============================================================
RUNNING OPTIMIZATION PIPELINE
M (Repetitions): 64
Total Pulse Limit: 1000000000
Pulse Limit Per Repetition: 15625000
============================================================

Gate Time: 10240.0 tau (Tg/T2q1=13.2815, Tg/T2q2=13.3069)
  Time-domain setup: pad_factor=1, dt=0.1250 tau, tau/4=0.2500 tau
  No Pulse (Ideal): 7.499998e-01
Evaluating 63 known sequences...
Using Frequency Comb Approximation (M=64)...
  Best Known (Char): 6.162420e-01 (mqCDD(n=6, m=1))
  Best Known (Ideal): 6.337648e-01
  Running Random Optimization...
  Randomly selected pulse counts: [(27, 76), (97, 142), (141, 32), (94, 30), (24, 111), (3, 70), (81, 100), (101, 138), (94, 56), (1, 50), (82, 131), (70, 65), (60, 1), (96, 101), (84, 114), (12, 138), (94, 8), (23, 126), (41, 114), (72, 99)]
Using Frequency Comb Approximation (M=64)...
  Random Opt (n=27,76): Infidelity = 6.275685e-01
  Random Opt (n=97,142): Infidelity = 5.503598e-01
  Random Opt (n=141,32): Infidelity = 6.338739e-01
  Random Opt (n=94,30): Infidelity = 6.301384e-01
  Random Opt (n=24,111): Infidelity = 6.453027e-01
  Random Opt (n=3,70): Infidelity = 6.909494e-01
  Random Opt (n=81,100): Infidelity = 5.467238e-01
  Random Opt (n=101,138): Infidelity = 5.476564e-01
  Random Opt (n=94,56): Infidelity = 5.959280e-01
  Random Opt (n=1,50): Infidelity = 7.052100e-01
  Random Opt (n=82,131): Infidelity = 5.592619e-01
  Random Opt (n=70,65): Infidelity = 5.729300e-01
  Random Opt (n=60,1): Infidelity = 6.951315e-01
  Random Opt (n=96,101): Infidelity = 5.287952e-01
  Random Opt (n=84,114): Infidelity = 5.550527e-01
  Random Opt (n=12,138): Infidelity = 6.664832e-01
  Random Opt (n=94,8): Infidelity = 6.860622e-01
  Random Opt (n=23,126): Infidelity = 6.392634e-01
  Random Opt (n=41,114): Infidelity = 5.997747e-01
  Random Opt (n=72,99): Infidelity = 5.630230e-01
  Best Optimized (Ideal): 5.350069e-01

Gate Time: 5120.0 tau (Tg/T2q1=6.6407, Tg/T2q2=6.6534)
  Time-domain setup: pad_factor=1, dt=0.1250 tau, tau/4=0.2500 tau
  No Pulse (Ideal): 7.498722e-01
Evaluating 45 known sequences...
Using Frequency Comb Approximation (M=64)...
  Best Known (Char): 4.509195e-01 (mqCDD(n=5, m=1))
  Best Known (Ideal): 4.628441e-01
  Running Random Optimization...
  Randomly selected pulse counts: [(14, 3), (16, 47), (13, 17), (69, 73), (46, 41), (72, 48), (45, 3), (11, 26), (34, 53), (56, 78), (64, 14), (65, 41), (54, 21), (45, 12), (55, 28), (51, 64), (34, 66), (61, 4), (12, 6), (60, 52)]
Using Frequency Comb Approximation (M=64)...
  Random Opt (n=14,3): Infidelity = 6.242596e-01
  Random Opt (n=16,47): Infidelity = 4.195289e-01
  Random Opt (n=13,17): Infidelity = 5.162541e-01
  Random Opt (n=69,73): Infidelity = 3.695163e-01
  Random Opt (n=46,41): Infidelity = 3.965267e-01
  Random Opt (n=72,48): Infidelity = 4.064282e-01
  Random Opt (n=45,3): Infidelity = 5.821953e-01
  Random Opt (n=11,26): Infidelity = 5.419872e-01
  Random Opt (n=34,53): Infidelity = 4.172785e-01
  Random Opt (n=56,78): Infidelity = 3.815356e-01
  Random Opt (n=64,14): Infidelity = 4.946151e-01
  Random Opt (n=65,41): Infidelity = 4.151388e-01
  Random Opt (n=54,21): Infidelity = 4.608440e-01
  Random Opt (n=45,12): Infidelity = 5.158722e-01
  Random Opt (n=55,28): Infidelity = 4.427748e-01
  Random Opt (n=51,64): Infidelity = 3.706596e-01
  Random Opt (n=34,66): Infidelity = 4.022039e-01
  Random Opt (n=61,4): Infidelity = 5.742325e-01
  Random Opt (n=12,6): Infidelity = 6.201045e-01
  Random Opt (n=60,52): Infidelity = 3.957725e-01
  Best Optimized (Ideal): 3.237642e-01

Gate Time: 2560.0 tau (Tg/T2q1=3.3204, Tg/T2q2=3.3267)
  Time-domain setup: pad_factor=1, dt=0.1250 tau, tau/4=0.2500 tau
  No Pulse (Ideal): 7.457285e-01
Evaluating 30 known sequences...
Using Frequency Comb Approximation (M=64)...
  Best Known (Char): 2.769445e-01 (mqCDD(n=4, m=1))
  Best Known (Ideal): 2.817283e-01
  Running Random Optimization...
  Randomly selected pulse counts: [(20, 18), (1, 2), (30, 19), (11, 21), (25, 38), (20, 21), (29, 29), (22, 35), (1, 18), (28, 25), (17, 28), (4, 26), (14, 14), (12, 1), (36, 38), (31, 0), (35, 32), (18, 17), (6, 19), (23, 11)]
Using Frequency Comb Approximation (M=64)...
  Random Opt (n=20,18): Infidelity = 2.723928e-01
  Random Opt (n=1,2): Infidelity = 5.506856e-01
  Random Opt (n=30,19): Infidelity = 2.567480e-01
  Random Opt (n=11,21): Infidelity = 2.733780e-01
  Random Opt (n=25,38): Infidelity = 2.299406e-01
  Random Opt (n=20,21): Infidelity = 2.496884e-01
  Random Opt (n=29,29): Infidelity = 2.272005e-01
  Random Opt (n=22,35): Infidelity = 2.346872e-01
  Random Opt (n=1,18): Infidelity = 4.440279e-01
  Random Opt (n=28,25): Infidelity = 2.349341e-01
  Random Opt (n=17,28): Infidelity = 2.510128e-01
  Random Opt (n=4,26): Infidelity = 3.727381e-01
  Random Opt (n=14,14): Infidelity = 2.786121e-01
  Random Opt (n=12,1): Infidelity = 4.383660e-01
  Random Opt (n=36,38): Infidelity = 2.212098e-01
  Random Opt (n=31,0): Infidelity = 5.662117e-01
  Random Opt (n=35,32): Infidelity = 2.212855e-01
  Random Opt (n=18,17): Infidelity = 2.603607e-01
  Random Opt (n=6,19): Infidelity = 3.380957e-01
  Random Opt (n=23,11): Infidelity = 2.886270e-01
  Best Optimized (Ideal): 1.911587e-01

Gate Time: 1280.0 tau (Tg/T2q1=1.6602, Tg/T2q2=1.6634)
  Time-domain setup: pad_factor=1, dt=0.1250 tau, tau/4=0.2500 tau
  No Pulse (Ideal): 7.158714e-01
Evaluating 18 known sequences...
Using Folded Noise Matrix (M=64)...
  Time-domain setup: pad_factor=1, dt=0.2500 tau, tau/4=0.2500 tau
  Best Known (Char): 1.612321e-01 (mqCDD(n=3, m=1))
  Best Known (Ideal): 1.591334e-01
  Running Random Optimization...
  Randomly selected pulse counts: [(3, 14), (6, 15), (16, 0), (10, 13), (9, 3), (7, 4), (1, 15), (6, 12), (6, 9), (16, 5), (2, 6), (16, 11), (10, 9), (1, 7), (8, 10), (9, 3), (1, 0), (0, 3), (5, 0), (17, 1)]
Using Folded Noise Matrix (M=64)...
  Random Opt (n=3,14): Infidelity = 1.627064e-01
  Random Opt (n=6,15): Infidelity = 1.906909e-01
  Random Opt (n=16,0): Infidelity = 5.279272e-01
  Random Opt (n=10,13): Infidelity = 1.576624e-01
  Random Opt (n=9,3): Infidelity = 1.880172e-01
  Random Opt (n=7,4): Infidelity = 2.505112e-01
  Random Opt (n=1,15): Infidelity = 2.299120e-01
  Random Opt (n=6,12): Infidelity = 2.212838e-01
  Random Opt (n=6,9): Infidelity = 2.056940e-01
  Random Opt (n=16,5): Infidelity = 1.714519e-01
  Random Opt (n=2,6): Infidelity = 3.759506e-01
  Random Opt (n=16,11): Infidelity = 1.503616e-01
  Random Opt (n=10,9): Infidelity = 1.679813e-01
  Random Opt (n=1,7): Infidelity = 2.524142e-01
  Random Opt (n=8,10): Infidelity = 1.937643e-01
  Random Opt (n=9,3): Infidelity = 1.880172e-01
  Random Opt (n=1,0): Infidelity = 5.766813e-01
  Random Opt (n=0,3): Infidelity = 5.470328e-01
  Random Opt (n=5,0): Infidelity = 5.316461e-01
  Random Opt (n=17,1): Infidelity = 2.985352e-01
  Best Optimized (Ideal): 1.220550e-01

Gate Time: 640.0 tau (Tg/T2q1=0.8301, Tg/T2q2=0.8317)
  Time-domain setup: pad_factor=1, dt=0.1250 tau, tau/4=0.2500 tau
  No Pulse (Ideal): 6.220445e-01
Evaluating 9 known sequences...
Using Folded Noise Matrix (M=64)...
  Time-domain setup: pad_factor=1, dt=0.2500 tau, tau/4=0.2500 tau
  Best Known (Char): 8.047923e-02 (mqCDD(n=2, m=1))
  Best Known (Ideal): 8.813319e-02
  Running Random Optimization...
  Randomly selected pulse counts: [(1, 8), (0, 4), (7, 5), (3, 2), (5, 1), (8, 6), (7, 8), (3, 5), (5, 5), (2, 0), (7, 7), (2, 0), (2, 2), (2, 6), (4, 2), (5, 6), (5, 1), (7, 1), (8, 6), (6, 0)]
Using Folded Noise Matrix (M=64)...
  Random Opt (n=1,8): Infidelity = 1.129553e-01
  Random Opt (n=0,4): Infidelity = 4.600110e-01
  Random Opt (n=7,5): Infidelity = 7.778228e-02
  Random Opt (n=3,2): Infidelity = 1.825971e-01
  Random Opt (n=5,1): Infidelity = 1.083397e-01
  Random Opt (n=8,6): Infidelity = 1.355371e-01
  Random Opt (n=7,8): Infidelity = 1.075413e-01
  Random Opt (n=3,5): Infidelity = 8.361173e-02
  Random Opt (n=5,5): Infidelity = 1.359937e-01
  Random Opt (n=2,0): Infidelity = 4.932819e-01
  Random Opt (n=7,7): Infidelity = 1.273938e-01
  Random Opt (n=2,0): Infidelity = 4.932819e-01
  Random Opt (n=2,2): Infidelity = 2.996613e-01
  Random Opt (n=2,6): Infidelity = 1.893388e-01
  Random Opt (n=4,2): Infidelity = 2.143689e-01
  Random Opt (n=5,6): Infidelity = 1.008750e-01
  Random Opt (n=5,1): Infidelity = 1.083397e-01
  Random Opt (n=7,1): Infidelity = 9.835042e-02
  Random Opt (n=8,6): Infidelity = 1.355371e-01
  Random Opt (n=6,0): Infidelity = 4.480667e-01
  Best Optimized (Ideal): 5.868738e-02

Gate Time: 320.0 tau (Tg/T2q1=0.4150, Tg/T2q2=0.4158)
  Time-domain setup: pad_factor=1, dt=0.1250 tau, tau/4=0.2500 tau
  No Pulse (Ideal): 4.610308e-01
Evaluating 3 known sequences...
Using Folded Noise Matrix (M=64)...
  Time-domain setup: pad_factor=1, dt=0.2500 tau, tau/4=0.2500 tau
  Best Known (Char): 4.117738e-02 (mqCDD(n=1, m=1))
  Best Known (Ideal): 3.757531e-02
  Running Random Optimization...
  Randomly selected pulse counts: [(1, 2), (3, 3), (3, 0), (3, 3), (0, 2), (1, 1), (2, 1), (1, 0), (1, 2), (3, 1), (3, 3), (3, 2), (0, 3), (1, 0), (3, 2), (3, 0), (0, 1), (3, 0), (3, 1), (2, 2)]
Using Folded Noise Matrix (M=64)...
  Random Opt (n=1,2): Infidelity = 8.601993e-02
  Random Opt (n=3,3): Infidelity = 6.658673e-02
  Random Opt (n=3,0): Infidelity = 2.971582e-01
  Random Opt (n=3,3): Infidelity = 6.658673e-02
  Random Opt (n=0,2): Infidelity = 3.337624e-01
  Random Opt (n=1,1): Infidelity = 7.532319e-02
  Random Opt (n=2,1): Infidelity = 8.680215e-02
  Random Opt (n=1,0): Infidelity = 2.999518e-01
  Random Opt (n=1,2): Infidelity = 8.601993e-02
  Random Opt (n=3,1): Infidelity = 4.487066e-02
  Random Opt (n=3,3): Infidelity = 6.658673e-02
  Random Opt (n=3,2): Infidelity = 8.394315e-02
  Random Opt (n=0,3): Infidelity = 2.969899e-01
  Random Opt (n=1,0): Infidelity = 2.999518e-01
  Random Opt (n=3,2): Infidelity = 8.394315e-02
  Random Opt (n=3,0): Infidelity = 2.971582e-01
  Random Opt (n=0,1): Infidelity = 3.024769e-01
  Random Opt (n=3,0): Infidelity = 2.971582e-01
  Random Opt (n=3,1): Infidelity = 4.487066e-02
  Random Opt (n=2,2): Infidelity = 1.515326e-01
  Best Optimized (Ideal): 3.828435e-02
Saved all plotting data to /home/mqasimk/IdeaProjects/QNS-2Q/DraftRun_NoSPAM_featured/plotting_data/plotting_data_id_v4_uncapped.npz

================================================================================
                        FINAL COMPARISON (Best Overall)                         
================================================================================
Infidelity                | 3.757531e-02              | 3.828435e-02             
Sequence                  | mqCDD(n=1, m=1)^64        | NT(3,1)^64               
================================================================================

To generate plots, run:
  python plot_optimization.py --data-dir /home/mqasimk/IdeaProjects/QNS-2Q/DraftRun_NoSPAM_featured --gate-type id

========================================
Running Optimization for M = 128
========================================
Loading reconstructed spectra from /home/mqasimk/IdeaProjects/QNS-2Q/DraftRun_NoSPAM_featured/specs.npz
  specs spam_protocol: none
[idle] NOTE: flagged (undetermined) DC points in specs: S112, S12, S212
[idle] max_pulses=0: pulse count limited only by the minimum separation tau (n <= T_seq/tau - 1 per qubit per repetition)
Calculated T2 times (Ideal): Q1=7.71e+02 tau, Q2=7.70e+02 tau
Configuration loaded for M=128.

============================================================
RUNNING OPTIMIZATION PIPELINE
M (Repetitions): 128
Total Pulse Limit: 1000000000
Pulse Limit Per Repetition: 7812500
============================================================

Gate Time: 10240.0 tau (Tg/T2q1=13.2815, Tg/T2q2=13.3069)
  Time-domain setup: pad_factor=1, dt=0.1250 tau, tau/4=0.2500 tau
  No Pulse (Ideal): 7.499998e-01
Evaluating 45 known sequences...
Using Frequency Comb Approximation (M=128)...
  Best Known (Char): 6.157002e-01 (mqCDD(n=5, m=1))
  Best Known (Ideal): 6.323811e-01
  Running Random Optimization...
  Randomly selected pulse counts: [(74, 49), (20, 57), (34, 65), (60, 2), (45, 66), (76, 0), (51, 48), (66, 32), (54, 75), (59, 22), (45, 23), (2, 67), (11, 41), (46, 59), (18, 65), (69, 46), (29, 68), (57, 75), (39, 54), (34, 33)]
Using Frequency Comb Approximation (M=128)...
  Random Opt (n=74,49): Infidelity = 5.692536e-01
  Random Opt (n=20,57): Infidelity = 5.790031e-01
  Random Opt (n=34,65): Infidelity = 5.702446e-01
  Random Opt (n=60,2): Infidelity = 6.790336e-01
  Random Opt (n=45,66): Infidelity = 5.441957e-01
  Random Opt (n=76,0): Infidelity = 6.689252e-01
  Random Opt (n=51,48): Infidelity = 5.340141e-01
  Random Opt (n=66,32): Infidelity = 5.999846e-01
  Random Opt (n=54,75): Infidelity = 5.608718e-01
  Random Opt (n=59,22): Infidelity = 6.111548e-01
  Random Opt (n=45,23): Infidelity = 6.066192e-01
  Random Opt (n=2,67): Infidelity = 6.628084e-01
  Random Opt (n=11,41): Infidelity = 6.569402e-01
  Random Opt (n=46,59): Infidelity = 5.435034e-01
  Random Opt (n=18,65): Infidelity = 5.841733e-01
  Random Opt (n=69,46): Infidelity = 5.712893e-01
  Random Opt (n=29,68): Infidelity = 5.804631e-01
  Random Opt (n=57,75): Infidelity = 5.582951e-01
  Random Opt (n=39,54): Infidelity = 5.496166e-01
  Random Opt (n=34,33): Infidelity = 5.689928e-01
  Best Optimized (Ideal): 5.341583e-01

Gate Time: 5120.0 tau (Tg/T2q1=6.6407, Tg/T2q2=6.6534)
  Time-domain setup: pad_factor=1, dt=0.1250 tau, tau/4=0.2500 tau
  No Pulse (Ideal): 7.498748e-01
Evaluating 30 known sequences...
Using Frequency Comb Approximation (M=128)...
  Best Known (Char): 4.432186e-01 (mqCDD(n=4, m=1))
  Best Known (Ideal): 4.530876e-01
  Running Random Optimization...
  Randomly selected pulse counts: [(14, 25), (31, 17), (20, 11), (27, 35), (34, 12), (2, 28), (8, 28), (35, 34), (35, 8), (11, 24), (17, 16), (15, 13), (12, 3), (2, 25), (2, 13), (11, 26), (21, 1), (9, 35), (13, 38), (35, 2)]
Using Frequency Comb Approximation (M=128)...
  Random Opt (n=14,25): Infidelity = 4.242471e-01
  Random Opt (n=31,17): Infidelity = 4.240552e-01
  Random Opt (n=20,11): Infidelity = 4.450217e-01
  Random Opt (n=27,35): Infidelity = 3.813035e-01
  Random Opt (n=34,12): Infidelity = 4.509044e-01
  Random Opt (n=2,28): Infidelity = 5.738319e-01
  Random Opt (n=8,28): Infidelity = 4.210402e-01
  Random Opt (n=35,34): Infidelity = 3.483269e-01
  Random Opt (n=35,8): Infidelity = 4.712072e-01
  Random Opt (n=11,24): Infidelity = 4.234139e-01
  Random Opt (n=17,16): Infidelity = 4.201930e-01
  Random Opt (n=15,13): Infidelity = 4.333974e-01
  Random Opt (n=12,3): Infidelity = 5.781652e-01
  Random Opt (n=2,25): Infidelity = 5.776326e-01
  Random Opt (n=2,13): Infidelity = 6.091959e-01
  Random Opt (n=11,26): Infidelity = 4.285604e-01
  Random Opt (n=21,1): Infidelity = 5.831792e-01
  Random Opt (n=9,35): Infidelity = 4.096156e-01
  Random Opt (n=13,38): Infidelity = 4.014029e-01
  Random Opt (n=35,2): Infidelity = 5.712442e-01
  Best Optimized (Ideal): 3.165467e-01

Gate Time: 2560.0 tau (Tg/T2q1=3.3204, Tg/T2q2=3.3267)
  Time-domain setup: pad_factor=1, dt=0.1250 tau, tau/4=0.2500 tau
  No Pulse (Ideal): 7.458276e-01
Evaluating 18 known sequences...
Using Frequency Comb Approximation (M=128)...
  Best Known (Char): 2.771115e-01 (mqCDD(n=3, m=1))
  Best Known (Ideal): 2.822052e-01
  Running Random Optimization...
  Randomly selected pulse counts: [(11, 2), (9, 9), (3, 17), (13, 13), (5, 3), (9, 6), (3, 4), (13, 6), (2, 11), (7, 5), (2, 7), (17, 7), (16, 1), (15, 17), (13, 14), (11, 12), (7, 0), (10, 1), (3, 8), (7, 3)]
Using Frequency Comb Approximation (M=128)...
  Random Opt (n=11,2): Infidelity = 4.326480e-01
  Random Opt (n=9,9): Infidelity = 2.564924e-01
  Random Opt (n=3,17): Infidelity = 2.461861e-01
  Random Opt (n=13,13): Infidelity = 2.259538e-01
  Random Opt (n=5,3): Infidelity = 3.240153e-01
  Random Opt (n=9,6): Infidelity = 2.937532e-01
  Random Opt (n=3,4): Infidelity = 3.054222e-01
  Random Opt (n=13,6): Infidelity = 2.857162e-01
  Random Opt (n=2,11): Infidelity = 3.774940e-01
  Random Opt (n=7,5): Infidelity = 2.987576e-01
  Random Opt (n=2,7): Infidelity = 3.969373e-01
  Random Opt (n=17,7): Infidelity = 2.648083e-01
  Random Opt (n=16,1): Infidelity = 4.277340e-01
  Random Opt (n=15,17): Infidelity = 2.237278e-01
  Random Opt (n=13,14): Infidelity = 2.231804e-01
  Random Opt (n=11,12): Infidelity = 2.383956e-01
  Random Opt (n=7,0): Infidelity = 5.792528e-01
  Random Opt (n=10,1): Infidelity = 4.371850e-01
  Random Opt (n=3,8): Infidelity = 2.900344e-01
  Random Opt (n=7,3): Infidelity = 3.107541e-01
  Best Optimized (Ideal): 1.936926e-01

Gate Time: 1280.0 tau (Tg/T2q1=1.6602, Tg/T2q2=1.6634)
  Time-domain setup: pad_factor=1, dt=0.1250 tau, tau/4=0.2500 tau
  No Pulse (Ideal): 7.168579e-01
Evaluating 9 known sequences...
Using Folded Noise Matrix (M=128)...
  Time-domain setup: pad_factor=1, dt=0.2500 tau, tau/4=0.2500 tau
  Best Known (Char): 1.506396e-01 (mqCDD(n=2, m=1))
  Best Known (Ideal): 1.650965e-01
  Running Random Optimization...
  Randomly selected pulse counts: [(6, 0), (3, 3), (8, 2), (5, 7), (2, 1), (0, 8), (5, 6), (8, 4), (4, 3), (2, 7), (3, 3), (5, 8), (4, 3), (0, 2), (7, 3), (7, 5), (1, 8), (4, 0), (1, 5), (7, 1)]
Using Folded Noise Matrix (M=128)...
  Random Opt (n=6,0): Infidelity = 5.505967e-01
  Random Opt (n=3,3): Infidelity = 2.630128e-01
  Random Opt (n=8,2): Infidelity = 3.682126e-01
  Random Opt (n=5,7): Infidelity = 1.434627e-01
  Random Opt (n=2,1): Infidelity = 3.222633e-01
  Random Opt (n=0,8): Infidelity = 5.569657e-01
  Random Opt (n=5,6): Infidelity = 1.868390e-01
  Random Opt (n=8,4): Infidelity = 2.740870e-01
  Random Opt (n=4,3): Infidelity = 2.205434e-01
  Random Opt (n=2,7): Infidelity = 2.849820e-01
  Random Opt (n=3,3): Infidelity = 2.630128e-01
  Random Opt (n=5,8): Infidelity = 2.044397e-01
  Random Opt (n=4,3): Infidelity = 2.205434e-01
  Random Opt (n=0,2): Infidelity = 6.197661e-01
  Random Opt (n=7,3): Infidelity = 1.575403e-01
  Random Opt (n=7,5): Infidelity = 1.468760e-01
  Random Opt (n=1,8): Infidelity = 2.078052e-01
  Random Opt (n=4,0): Infidelity = 5.656088e-01
  Random Opt (n=1,5): Infidelity = 1.695791e-01
  Random Opt (n=7,1): Infidelity = 1.805891e-01
  Best Optimized (Ideal): 1.112204e-01

Gate Time: 640.0 tau (Tg/T2q1=0.8301, Tg/T2q2=0.8317)
  Time-domain setup: pad_factor=1, dt=0.1250 tau, tau/4=0.2500 tau
  No Pulse (Ideal): 6.266201e-01
Evaluating 3 known sequences...
Using Folded Noise Matrix (M=128)...
  Time-domain setup: pad_factor=1, dt=0.2500 tau, tau/4=0.2500 tau
  Best Known (Char): 7.971467e-02 (mqCDD(n=1, m=1))
  Best Known (Ideal): 7.287448e-02
  Running Random Optimization...
  Randomly selected pulse counts: [(1, 3), (3, 3), (0, 3), (3, 3), (2, 3), (0, 3), (3, 1), (0, 2), (2, 2), (1, 0), (0, 1), (0, 2), (3, 2), (2, 1), (2, 0), (2, 0), (1, 3), (0, 2), (2, 0), (1, 1)]
Using Folded Noise Matrix (M=128)...
  Random Opt (n=1,3): Infidelity = 7.971467e-02
  Random Opt (n=3,3): Infidelity = 1.321072e-01
  Random Opt (n=0,3): Infidelity = 4.362951e-01
  Random Opt (n=3,3): Infidelity = 1.321072e-01
  Random Opt (n=2,3): Infidelity = 1.554095e-01
  Random Opt (n=0,3): Infidelity = 4.362951e-01
  Random Opt (n=3,1): Infidelity = 8.655002e-02
  Random Opt (n=0,2): Infidelity = 4.936004e-01
  Random Opt (n=2,2): Infidelity = 2.815067e-01
  Random Opt (n=1,0): Infidelity = 4.430555e-01
  Random Opt (n=0,1): Infidelity = 4.446991e-01
  Random Opt (n=0,2): Infidelity = 4.936004e-01
  Random Opt (n=3,2): Infidelity = 1.611295e-01
  Random Opt (n=2,1): Infidelity = 1.649825e-01
  Random Opt (n=2,0): Infidelity = 4.930698e-01
  Random Opt (n=2,0): Infidelity = 4.930698e-01
  Random Opt (n=1,3): Infidelity = 7.971467e-02
  Random Opt (n=0,2): Infidelity = 4.936004e-01
  Random Opt (n=2,0): Infidelity = 4.930698e-01
  Random Opt (n=1,1): Infidelity = 1.476296e-01
  Best Optimized (Ideal): 7.287448e-02

Gate Time: 320.0 tau (Tg/T2q1=0.4150, Tg/T2q2=0.4158)
  Time-domain setup: pad_factor=1, dt=0.1250 tau, tau/4=0.2500 tau
  No Pulse (Ideal): 4.728987e-01
  No valid known sequences found.
  Running Random Optimization...
  Randomly selected pulse counts: [(0, 1), (1, 1), (1, 1), (0, 1), (1, 0), (0, 0), (0, 0), (1, 0), (1, 1), (1, 0), (0, 0), (0, 0), (0, 1), (0, 1), (0, 1), (1, 0), (0, 1), (1, 1), (0, 1), (1, 1)]
Using Folded Noise Matrix (M=128)...
  Time-domain setup: pad_factor=1, dt=0.2500 tau, tau/4=0.2500 tau
  Random Opt (n=0,1): Infidelity = 3.153892e-01
  Random Opt (n=1,1): Infidelity = 7.387555e-02
  Random Opt (n=1,1): Infidelity = 7.387555e-02
  Random Opt (n=0,1): Infidelity = 3.153892e-01
  Random Opt (n=1,0): Infidelity = 3.155040e-01
  Random Opt failed for n=0,0: not enough values to unpack (expected 2, got 0)
  Random Opt failed for n=0,0: not enough values to unpack (expected 2, got 0)
  Random Opt (n=1,0): Infidelity = 3.155040e-01
  Random Opt (n=1,1): Infidelity = 7.387555e-02
  Random Opt (n=1,0): Infidelity = 3.155040e-01
  Random Opt failed for n=0,0: not enough values to unpack (expected 2, got 0)
  Random Opt failed for n=0,0: not enough values to unpack (expected 2, got 0)
  Random Opt (n=0,1): Infidelity = 3.153892e-01
  Random Opt (n=0,1): Infidelity = 3.153892e-01
  Random Opt (n=0,1): Infidelity = 3.153892e-01
  Random Opt (n=1,0): Infidelity = 3.155040e-01
  Random Opt (n=0,1): Infidelity = 3.153892e-01
  Random Opt (n=1,1): Infidelity = 7.387555e-02
  Random Opt (n=0,1): Infidelity = 3.153892e-01
  Random Opt (n=1,1): Infidelity = 7.387555e-02
  Best Optimized (Ideal): 4.258446e-02
Saved all plotting data to /home/mqasimk/IdeaProjects/QNS-2Q/DraftRun_NoSPAM_featured/plotting_data/plotting_data_id_v4_uncapped.npz

================================================================================
                        FINAL COMPARISON (Best Overall)                         
================================================================================
Infidelity                | 7.287448e-02              | 4.258446e-02             
Sequence                  | mqCDD(n=1, m=1)^128       | NT(1,1)^128              
================================================================================

To generate plots, run:
  python plot_optimization.py --data-dir /home/mqasimk/IdeaProjects/QNS-2Q/DraftRun_NoSPAM_featured --gate-type id

============================================================
SUMMARY OF RESULTS (Longest Gate Time)
M          | Known Inf            | Opt Inf              | No Pulse Inf        
------------------------------------------------------------------------------
1          | 4.568752e-02         | 2.819716e-02         | 4.489399e-01        
2          | 4.557198e-02         | 2.673136e-02         | 4.491487e-01        
4          | 4.537771e-02         | 2.722345e-02         | 4.495566e-01        
8          | 4.371235e-02         | 2.884577e-02         | 4.503324e-01        
16         | 4.411463e-02         | 3.148074e-02         | 4.518662e-01        
32         | 4.565924e-02         | 2.974995e-02         | 4.549575e-01        
64         | 3.757531e-02         | 3.828435e-02         | 4.610308e-01        
128        | 1.000000e+00         | 4.258446e-02         | 4.728987e-01        
============================================================
Saved all optimization data to /home/mqasimk/IdeaProjects/QNS-2Q/DraftRun_NoSPAM_featured/optimization_data_all_M_uncapped.npz

To generate plots, run:
  python plot_optimization.py --data-dir /home/mqasimk/IdeaProjects/QNS-2Q/DraftRun_NoSPAM_featured --gate-type id --all-m
