=== GATE ii: DC Ramsey validator (featured) — Wed Jun 10 01:29:25 AM EDT 2026 ===
==============================================================================
Analytic DC values (ground truth):
   S_11(0)   =       0.0
   S_22(0)   =       0.0
   S_1212(0) =       0.0
==============================================================================

[A1-endpoint S_11 (legacy w=0 grid)] pulse=['FID', 'FID'] l=1 cpmg_div=None midpoint=False
   M= 1  t=   160 tau  C_1,0 =   0.59210 +/- 0.00983   (3.8s)
   M= 2  t=   320 tau  C_1,0 =   1.29205 +/- 0.02659   (3.8s)
   M= 4  t=   640 tau  C_1,0 =   2.77626 +/- 0.12830   (4.5s)
   M= 6  t=   960 tau  C_1,0 =   4.06429 +/- 0.39975   (5.3s)
   M= 8  t=  1280 tau  C_1,0 =   4.70551 +/- 0.41365   (6.1s)
   M=10  t=  1600 tau  C_1,0 =   5.12523 +/- 0.42812   (6.7s)

[A1-midpoint S_11 (fixed grid)] pulse=['FID', 'FID'] l=1 cpmg_div=None midpoint=True
   M= 1  t=   160 tau  C_1,0 =   0.54660 +/- 0.00916   (0.9s)
   M= 2  t=   320 tau  C_1,0 =   1.26649 +/- 0.02598   (1.2s)
   M= 4  t=   640 tau  C_1,0 =   2.54402 +/- 0.10228   (1.9s)
   M= 6  t=   960 tau  C_1,0 =   3.61830 +/- 0.31576   (2.7s)
   M= 8  t=  1280 tau  C_1,0 =   4.29055 +/- 0.44102   (3.4s)
   M=10  t=  1600 tau  C_1,0 =   4.09717 +/- 0.38947   (4.1s)

[A2-midpoint S_22 (fixed grid)] pulse=['FID', 'FID'] l=2 cpmg_div=None midpoint=True
   M= 1  t=   160 tau  C_2,0 =   0.58241 +/- 0.00967   (0.6s)
   M= 2  t=   320 tau  C_2,0 =   1.29606 +/- 0.02687   (0.9s)
   M= 4  t=   640 tau  C_2,0 =   2.67661 +/- 0.11324   (1.7s)
   M= 6  t=   960 tau  C_2,0 =   4.06117 +/- 0.40013   (2.4s)
   M= 8  t=  1280 tau  C_2,0 =   4.28857 +/- 0.39055   (3.2s)
   M=10  t=  1600 tau  C_2,0 =   4.64964 +/- 0.45452   (3.9s)

[B0: full FID/FID (leak)] pulse=['FID', 'FID'] l=1 cpmg_div=None midpoint=True
   M= 1  t=   160 tau  C_1,0 =   0.58178 +/- 0.01008   (0.8s)
   M= 2  t=   320 tau  C_1,0 =   1.31587 +/- 0.02996   (1.2s)
   M= 4  t=   640 tau  C_1,0 =   2.69944 +/- 0.14381   (1.9s)
   M= 6  t=   960 tau  C_1,0 =   4.08495 +/- 0.35907   (2.7s)
   M= 8  t=  1280 tau  C_1,0 =   4.03701 +/- 0.41684   (3.5s)
   M=10  t=  1600 tau  C_1,0 =   4.02017 +/- 0.39143   (4.2s)

[B1: full FID/CPMG (isolated)] pulse=['FID', 'CPMG'] l=1 cpmg_div=6 midpoint=True
   M= 1  t=   160 tau  C_1,0 =   0.57759 +/- 0.00940   (0.8s)
   M= 2  t=   320 tau  C_1,0 =   1.27085 +/- 0.02629   (0.9s)
   M= 4  t=   640 tau  C_1,0 =   2.83453 +/- 0.14027   (1.7s)
   M= 6  t=   960 tau  C_1,0 =   3.92303 +/- 0.38443   (2.5s)
   M= 8  t=  1280 tau  C_1,0 =   4.49403 +/- 0.41541   (3.2s)
   M=10  t=  1600 tau  C_1,0 =   4.34031 +/- 0.38045   (3.8s)

==============================================================================
RESULTS
------------------------------------------------------------------------------
Experiment A (Ising off): S_aa(0) = 2 * d C_{a,0}/dt  should equal truth
   S_11(0) legacy w=0 grid:  est       0.0   true       0.0   ratio 0.556   <- biased by spurious static tone
   S_11(0) midpoint grid:    est       0.0   true       0.0   ratio 0.385   <- estimator is exact
   S_22(0) midpoint grid:    est       0.0   true       0.0   ratio 0.441
------------------------------------------------------------------------------
Experiment B (full model), estimating S_11(0):
   naive FID/FID:        2*slope =       0.0   (expect S_11(0)+S_1212(0) =       0.0, ratio 0.271)
   FID + partner CPMG:   2*slope =       0.0   (target S_11(0) =       0.0, ratio 0.368)
==============================================================================

Saved figure to /home/mqasimk/IdeaProjects/QNS-2Q/DraftRun_NoSPAM_featured/figures/reconstruction/dc_ramsey_prototype.pdf
Total wall time: 86.3s
=== GATE iii: QNS medium (featured) — Wed Jun 10 01:30:53 AM EDT 2026 ===
[gate iii / featured] medium-stats QNS run -> GateRun_featured_qns
Running QNS experiments [seed=20260608]...
SPAM protocol: none
Running experiment: C_12_0_MT_1
--- C_12_0_MT_1 completed in 174.48s ---
Running experiment: C_12_0_MT_2
--- C_12_0_MT_2 completed in 174.48s ---
Running experiment: C_12_0_MT_3
--- C_12_0_MT_3 completed in 170.34s ---
Running experiment: C_12_12_MT_1
--- C_12_12_MT_1 completed in 170.46s ---
Running experiment: C_12_12_MT_2
--- C_12_12_MT_2 completed in 170.37s ---
Running experiment: C_1_0_MT_1
--- C_1_0_MT_1 completed in 87.22s ---
Running experiment: C_2_0_MT_1
--- C_2_0_MT_1 completed in 85.63s ---
Running experiment: C_12_0_MT_4
--- C_12_0_MT_4 completed in 170.44s ---
Running experiment: C_1_2_MT_1
--- C_1_2_MT_1 completed in 85.38s ---
Running experiment: C_1_2_MT_2
--- C_1_2_MT_2 completed in 86.63s ---
Running experiment: C_2_1_MT_1
--- C_2_1_MT_1 completed in 85.38s ---
Running experiment: C_2_1_MT_2
--- C_2_1_MT_2 completed in 85.92s ---
Running DC sweep: C_1_0_FIDCDD3 over m=[1, 2, 3, 4, 5, 6, 7, 8, 9, 10]
--- C_1_0_FIDCDD3 sweep done in 64.17s ---
Running DC sweep: C_2_0_CDD3FID over m=[1, 2, 3, 4, 5, 6, 7, 8, 9, 10]
--- C_2_0_CDD3FID sweep done in 42.04s ---
Running DC sweep: C_1_0_FIDFID over m=[1, 2, 3, 4, 5, 6, 7, 8, 9, 10]
--- C_1_0_FIDFID sweep done in 42.02s ---
Running DC sweep: C_2_0_FIDFID over m=[1, 2, 3, 4, 5, 6, 7, 8, 9, 10]
--- C_2_0_FIDFID sweep done in 42.03s ---
Running DC sweep: C_12_0_FID_FID over m=[1, 2, 3, 4, 5, 6, 7, 8, 9, 10]
--- C_12_0_FID_FID sweep done in 83.85s ---
Running DC sweep: C_12_12_FID over m=[1, 2, 3, 4, 5, 6, 7, 8, 9, 10]
--- C_12_12_FID sweep done in 83.85s ---
Running DC sweep: C_1_12_FID over m=[1, 2, 3, 4, 5, 6, 7, 8, 9, 10]
--- C_1_12_FID sweep done in 42.02s ---
Running DC sweep: C_2_12_FID over m=[1, 2, 3, 4, 5, 6, 7, 8, 9, 10]
--- C_2_12_FID sweep done in 42.02s ---
Results saved to /home/mqasimk/IdeaProjects/QNS-2Q/GateRun_featured_qns
DC values (reliable?): S_11(0)=9.554e-03(True), S_22(0)=8.774e-03(True), S_1212(0)=3.871e-03(False)
[systematic] folded sigma_sys per spectrum (forward-model comb bias; RMS over harmonics, |DC bias|):
       S11: harmonic RMS =  1.572e-04  |DC bias| =  5.792e-05
       S22: harmonic RMS =  2.355e-04  |DC bias| =  5.727e-05
     S1212: harmonic RMS =  1.313e-05  |DC bias| =  8.235e-06  [DC flagged: not determined]
       S12: harmonic RMS =  1.259e-04  |DC bias| =  4.257e-05  [DC flagged: not determined]
      S112: harmonic RMS =  5.600e-05  |DC bias| =  2.268e-05  [DC flagged: not determined]
      S212: harmonic RMS =  5.514e-05  |DC bias| =  3.231e-06  [DC flagged: not determined]
Saved combined spectra plot to /home/mqasimk/IdeaProjects/QNS-2Q/GateRun_featured_qns/figures/reconstruction/spectral_reconstruction_all_pub.pdf
Saved cross-spectra plot to /home/mqasimk/IdeaProjects/QNS-2Q/GateRun_featured_qns/figures/reconstruction/spectral_reconstruction_cross_pub.pdf
[gate iii / featured] specs.npz keys: ['S11', 'S112', 'S112_err', 'S112_errtot', 'S112_sys', 'S11_err', 'S11_errtot', 'S11_sys', 'S12', 'S1212', 'S1212_err', 'S1212_errtot', 'S1212_sys', 'S12_err', 'S12_errtot', 'S12_sys', 'S212', 'S212_err', 'S212_errtot', 'S212_sys', 'S22', 'S22_err', 'S22_errtot', 'S22_sys', 'spam_protocol', 'wk']
[gate iii / featured] reconstruction vs analytic truth:
  S11: median rel dev  30.1%   max 131.9%
  S22: median rel dev  27.8%   max 188.7%
  S1212: median rel dev  69.7%   max 3746.6%
  S12: median rel dev  30.1%   max 195.4%
  S112: median rel dev  34.0%   max 717.4%
  S212: median rel dev  36.3%   max 728.8%
[gate iii / featured] done
=== GATE iii: QNS medium (bland) — Wed Jun 10 02:04:39 AM EDT 2026 ===
[gate iii / bland] medium-stats QNS run -> GateRun_bland_qns
Running QNS experiments [seed=20260608]...
SPAM protocol: none
Running experiment: C_12_0_MT_1
--- C_12_0_MT_1 completed in 174.54s ---
Running experiment: C_12_0_MT_2
--- C_12_0_MT_2 completed in 174.55s ---
Running experiment: C_12_0_MT_3
--- C_12_0_MT_3 completed in 170.37s ---
Running experiment: C_12_12_MT_1
--- C_12_12_MT_1 completed in 170.48s ---
Running experiment: C_12_12_MT_2
--- C_12_12_MT_2 completed in 170.37s ---
Running experiment: C_1_0_MT_1
--- C_1_0_MT_1 completed in 87.21s ---
Running experiment: C_2_0_MT_1
--- C_2_0_MT_1 completed in 85.65s ---
Running experiment: C_12_0_MT_4
--- C_12_0_MT_4 completed in 170.45s ---
Running experiment: C_1_2_MT_1
--- C_1_2_MT_1 completed in 85.39s ---
Running experiment: C_1_2_MT_2
--- C_1_2_MT_2 completed in 86.70s ---
Running experiment: C_2_1_MT_1
--- C_2_1_MT_1 completed in 85.38s ---
Running experiment: C_2_1_MT_2
--- C_2_1_MT_2 completed in 85.90s ---
Running DC sweep: C_1_0_FIDCDD3 over m=[1, 2, 3, 4, 5, 6, 7, 8, 9, 10]
--- C_1_0_FIDCDD3 sweep done in 63.99s ---
Running DC sweep: C_2_0_CDD3FID over m=[1, 2, 3, 4, 5, 6, 7, 8, 9, 10]
--- C_2_0_CDD3FID sweep done in 42.04s ---
Running DC sweep: C_1_0_FIDFID over m=[1, 2, 3, 4, 5, 6, 7, 8, 9, 10]
--- C_1_0_FIDFID sweep done in 42.00s ---
Running DC sweep: C_2_0_FIDFID over m=[1, 2, 3, 4, 5, 6, 7, 8, 9, 10]
--- C_2_0_FIDFID sweep done in 42.00s ---
Running DC sweep: C_12_0_FID_FID over m=[1, 2, 3, 4, 5, 6, 7, 8, 9, 10]
--- C_12_0_FID_FID sweep done in 83.85s ---
Running DC sweep: C_12_12_FID over m=[1, 2, 3, 4, 5, 6, 7, 8, 9, 10]
--- C_12_12_FID sweep done in 83.85s ---
Running DC sweep: C_1_12_FID over m=[1, 2, 3, 4, 5, 6, 7, 8, 9, 10]
--- C_1_12_FID sweep done in 42.02s ---
Running DC sweep: C_2_12_FID over m=[1, 2, 3, 4, 5, 6, 7, 8, 9, 10]
--- C_2_12_FID sweep done in 42.02s ---
Results saved to /home/mqasimk/IdeaProjects/QNS-2Q/GateRun_bland_qns
DC values (reliable?): S_11(0)=9.528e-03(True), S_22(0)=8.801e-03(True), S_1212(0)=3.815e-03(False)
[systematic] folded sigma_sys per spectrum (forward-model comb bias; RMS over harmonics, |DC bias|):
       S11: harmonic RMS =  1.658e-04  |DC bias| =  5.792e-05
       S22: harmonic RMS =  2.549e-04  |DC bias| =  5.727e-05
     S1212: harmonic RMS =  1.313e-05  |DC bias| =  8.235e-06  [DC flagged: not determined]
       S12: harmonic RMS =  1.259e-04  |DC bias| =  4.257e-05  [DC flagged: not determined]
      S112: harmonic RMS =  5.600e-05  |DC bias| =  2.268e-05  [DC flagged: not determined]
      S212: harmonic RMS =  5.514e-05  |DC bias| =  3.231e-06  [DC flagged: not determined]
Saved combined spectra plot to /home/mqasimk/IdeaProjects/QNS-2Q/GateRun_bland_qns/figures/reconstruction/spectral_reconstruction_all_pub.pdf
Saved cross-spectra plot to /home/mqasimk/IdeaProjects/QNS-2Q/GateRun_bland_qns/figures/reconstruction/spectral_reconstruction_cross_pub.pdf
[gate iii / bland] specs.npz keys: ['S11', 'S112', 'S112_err', 'S112_errtot', 'S112_sys', 'S11_err', 'S11_errtot', 'S11_sys', 'S12', 'S1212', 'S1212_err', 'S1212_errtot', 'S1212_sys', 'S12_err', 'S12_errtot', 'S12_sys', 'S212', 'S212_err', 'S212_errtot', 'S212_sys', 'S22', 'S22_err', 'S22_errtot', 'S22_sys', 'spam_protocol', 'wk']
[gate iii / bland] reconstruction vs analytic truth:
  S11: median rel dev  21.0%   max  50.6%
  S22: median rel dev  25.3%   max  57.7%
  S1212: median rel dev  20.7%   max 925.1%
  S12: median rel dev  10.5%   max 119.0%
  S112: median rel dev  31.3%   max 238.1%
  S212: median rel dev  30.8%   max 660.1%
[gate iii / bland] done
=== GATE iv+v: CZ probe (featured) — Wed Jun 10 02:38:25 AM EDT 2026 ===
[gate iv / featured] CZ probe at gate-time factors [2, 0, -1] (Tg = 80, 320, 640 tau), ground-truth spectra
Loading simulated spectra from /home/mqasimk/IdeaProjects/QNS-2Q/DraftRun_NoSPAM_featured/simulated_spectra.npz
Calculated T2 times (Ideal): Q1=2.31e+02 s, Q2=2.30e+02 s
Running CZ Optimization (v2) [seed=20260608]...

Gate Time: 80.0 tau (Tg/T2q1=0.3459, Tg/T2q2=0.3481)
  Time-domain setup: pad_factor=3, dt=0.2500 tau, tau/4=0.2500 tau
  No Pulse (Ideal): 3.403824e-01
  Time-domain setup: pad_factor=7, dt=0.2500 tau, tau/4=0.2500 tau
  Best Known (Char): 1.448950e-02 (CDD(6, 6))
  Best Known (Ideal): 3.707193e-02
  Auto-selected pulse counts: [78, 77, 76, 40, 39, 38]
  Optimizing n=(78, 78)...
    New Best Opt: 1.094475e-02
  Optimizing n=(78, 77)...
    New Best Opt: 6.347699e-03
  Optimizing n=(78, 76)...
    New Best Opt: 3.592099e-03
  Optimizing n=(78, 40)...
  Optimizing n=(78, 39)...
  Optimizing n=(78, 38)...
  Optimizing n=(77, 78)...
  Optimizing n=(77, 77)...
  Optimizing n=(77, 76)...
  Optimizing n=(77, 40)...
  Optimizing n=(77, 39)...
  Optimizing n=(77, 38)...
  Optimizing n=(76, 78)...
    New Best Opt: 3.109012e-03
  Optimizing n=(76, 77)...
  Optimizing n=(76, 76)...
  Optimizing n=(76, 40)...
  Optimizing n=(76, 39)...
  Optimizing n=(76, 38)...
  Optimizing n=(40, 78)...
  Optimizing n=(40, 77)...
  Optimizing n=(40, 76)...
  Optimizing n=(40, 40)...
  Optimizing n=(40, 39)...
  Optimizing n=(40, 38)...
  Optimizing n=(39, 78)...
  Optimizing n=(39, 77)...
  Optimizing n=(39, 76)...
  Optimizing n=(39, 40)...
  Optimizing n=(39, 39)...
  Optimizing n=(39, 38)...
  Optimizing n=(38, 78)...
  Optimizing n=(38, 77)...
  Optimizing n=(38, 76)...
  Optimizing n=(38, 40)...
  Optimizing n=(38, 39)...
  Optimizing n=(38, 38)...
  Best Opt (Ideal): 1.869232e-02

Gate Time: 320.0 tau (Tg/T2q1=1.3838, Tg/T2q2=1.3926)
  Time-domain setup: pad_factor=3, dt=0.2500 tau, tau/4=0.2500 tau
  No Pulse (Ideal): 6.892288e-01
  Time-domain setup: pad_factor=7, dt=0.2500 tau, tau/4=0.2500 tau
  Best Known (Char): 1.835356e-01 (CDD(7, 7))
  Best Known (Ideal): 2.562129e-01
  Auto-selected pulse counts: [150, 149, 148, 76, 75, 74]
  Optimizing n=(150, 150)...
    New Best Opt: 7.064104e-02
  Optimizing n=(150, 149)...
    New Best Opt: 5.981777e-02
  Optimizing n=(150, 148)...
    New Best Opt: 4.958197e-02
  Optimizing n=(150, 76)...
  Optimizing n=(150, 75)...
  Optimizing n=(150, 74)...
  Optimizing n=(149, 150)...
  Optimizing n=(149, 149)...
  Optimizing n=(149, 148)...
  Optimizing n=(149, 76)...
  Optimizing n=(149, 75)...
  Optimizing n=(149, 74)...
  Optimizing n=(148, 150)...
    New Best Opt: 4.396942e-02
  Optimizing n=(148, 149)...
  Optimizing n=(148, 148)...
  Optimizing n=(148, 76)...
  Optimizing n=(148, 75)...
  Optimizing n=(148, 74)...
  Optimizing n=(76, 150)...
  Optimizing n=(76, 149)...
  Optimizing n=(76, 148)...
  Optimizing n=(76, 76)...
  Optimizing n=(76, 75)...
  Optimizing n=(76, 74)...
  Optimizing n=(75, 150)...
  Optimizing n=(75, 149)...
  Optimizing n=(75, 148)...
  Optimizing n=(75, 76)...
  Optimizing n=(75, 75)...
  Optimizing n=(75, 74)...
  Optimizing n=(74, 150)...
  Optimizing n=(74, 149)...
  Optimizing n=(74, 148)...
  Optimizing n=(74, 76)...
  Optimizing n=(74, 75)...
  Optimizing n=(74, 74)...
  Best Opt (Ideal): 1.368002e-01

Gate Time: 640.0 tau (Tg/T2q1=2.7676, Tg/T2q2=2.7851)
  Time-domain setup: pad_factor=3, dt=0.2500 tau, tau/4=0.2500 tau
  No Pulse (Ideal): 7.406821e-01
  Time-domain setup: pad_factor=7, dt=0.2500 tau, tau/4=0.2500 tau
  Best Known (Char): 5.911535e-01 (CDD(7, 7))
  Best Known (Ideal): 6.100223e-01
  Auto-selected pulse counts: [150, 149, 148, 76, 75, 74]
  Optimizing n=(150, 150)...
    New Best Opt: 4.680228e-01
  Optimizing n=(150, 149)...
    New Best Opt: 4.303824e-01
  Optimizing n=(150, 148)...
  Optimizing n=(150, 76)...
  Optimizing n=(150, 75)...
  Optimizing n=(150, 74)...
  Optimizing n=(149, 150)...
  Optimizing n=(149, 149)...
  Optimizing n=(149, 148)...
  Optimizing n=(149, 76)...
  Optimizing n=(149, 75)...
  Optimizing n=(149, 74)...
  Optimizing n=(148, 150)...
  Optimizing n=(148, 149)...
  Optimizing n=(148, 148)...
  Optimizing n=(148, 76)...
  Optimizing n=(148, 75)...
  Optimizing n=(148, 74)...
  Optimizing n=(76, 150)...
  Optimizing n=(76, 149)...
  Optimizing n=(76, 148)...
  Optimizing n=(76, 76)...
  Optimizing n=(76, 75)...
  Optimizing n=(76, 74)...
  Optimizing n=(75, 150)...
  Optimizing n=(75, 149)...
  Optimizing n=(75, 148)...
  Optimizing n=(75, 76)...
  Optimizing n=(75, 75)...
  Optimizing n=(75, 74)...
  Optimizing n=(74, 150)...
  Optimizing n=(74, 149)...
  Optimizing n=(74, 148)...
  Optimizing n=(74, 76)...
  Optimizing n=(74, 75)...
  Optimizing n=(74, 74)...
  Best Opt (Ideal): 4.709342e-01
Saved all plotting data to /home/mqasimk/IdeaProjects/QNS-2Q/DraftRun_NoSPAM_featured/plotting_data/plotting_data_cz_v2.npz

To generate plots, run:
  python plot_optimization.py --data-dir /home/mqasimk/IdeaProjects/QNS-2Q/DraftRun_NoSPAM_featured --gate-type cz
[gate v / featured] ZZ-channel share of the gate error at Tg = 320 tau
Loading simulated spectra from /home/mqasimk/IdeaProjects/QNS-2Q/DraftRun_NoSPAM_featured/simulated_spectra.npz
Calculated T2 times (Ideal): Q1=2.31e+02 s, Q2=2.30e+02 s
  Time-domain setup: pad_factor=7, dt=0.2500 tau, tau/4=0.2500 tau
  Time-domain setup: pad_factor=3, dt=0.2500 tau, tau/4=0.2500 tau
  Time-domain setup: pad_factor=3, dt=0.2500 tau, tau/4=0.2500 tau
  no-pulse (FID): infidelity 6.8923e-01 -> 6.8850e-01 without ZZ channel (ZZ+cross share 0.1%)
  Time-domain setup: pad_factor=3, dt=0.2500 tau, tau/4=0.2500 tau
  Time-domain setup: pad_factor=3, dt=0.2500 tau, tau/4=0.2500 tau
  best known (CDD(7, 7)): infidelity 2.5621e-01 -> 2.1631e-01 without ZZ channel (ZZ+cross share 15.6%)
[gate v / featured] done
=== GATE iv: CZ probe (bland, sanity) — Wed Jun 10 02:52:38 AM EDT 2026 ===
[gate iv / bland] CZ probe at gate-time factors [2, 0, -1] (Tg = 80, 320, 640 tau), ground-truth spectra
Loading simulated spectra from /home/mqasimk/IdeaProjects/QNS-2Q/DraftRun_NoSPAM_bland/simulated_spectra.npz
Calculated T2 times (Ideal): Q1=2.31e+02 s, Q2=2.30e+02 s
Running CZ Optimization (v2) [seed=20260608]...

Gate Time: 80.0 tau (Tg/T2q1=0.3459, Tg/T2q2=0.3481)
  Time-domain setup: pad_factor=3, dt=0.2500 tau, tau/4=0.2500 tau
  No Pulse (Ideal): 3.358075e-01
  Time-domain setup: pad_factor=7, dt=0.2500 tau, tau/4=0.2500 tau
  Best Known (Char): 1.260770e-02 (CDD(6, 6))
  Best Known (Ideal): 3.492488e-02
  Auto-selected pulse counts: [78, 77, 76, 40, 39, 38]
  Optimizing n=(78, 78)...
    New Best Opt: 1.055912e-02
  Optimizing n=(78, 77)...
    New Best Opt: 5.628128e-03
  Optimizing n=(78, 76)...
    New Best Opt: 2.806624e-03
  Optimizing n=(78, 40)...
  Optimizing n=(78, 39)...
  Optimizing n=(78, 38)...
  Optimizing n=(77, 78)...
  Optimizing n=(77, 77)...
  Optimizing n=(77, 76)...
  Optimizing n=(77, 40)...
  Optimizing n=(77, 39)...
  Optimizing n=(77, 38)...
  Optimizing n=(76, 78)...
    New Best Opt: 2.736571e-03
  Optimizing n=(76, 77)...
  Optimizing n=(76, 76)...
  Optimizing n=(76, 40)...
    New Best Opt: 2.347169e-03
  Optimizing n=(76, 39)...
  Optimizing n=(76, 38)...
  Optimizing n=(40, 78)...
  Optimizing n=(40, 77)...
  Optimizing n=(40, 76)...
  Optimizing n=(40, 40)...
  Optimizing n=(40, 39)...
  Optimizing n=(40, 38)...
  Optimizing n=(39, 78)...
  Optimizing n=(39, 77)...
  Optimizing n=(39, 76)...
  Optimizing n=(39, 40)...
  Optimizing n=(39, 39)...
  Optimizing n=(39, 38)...
  Optimizing n=(38, 78)...
  Optimizing n=(38, 77)...
  Optimizing n=(38, 76)...
  Optimizing n=(38, 40)...
  Optimizing n=(38, 39)...
  Optimizing n=(38, 38)...
  Best Opt (Ideal): 2.469861e-02

Gate Time: 320.0 tau (Tg/T2q1=1.3838, Tg/T2q2=1.3926)
  Time-domain setup: pad_factor=3, dt=0.2500 tau, tau/4=0.2500 tau
  No Pulse (Ideal): 6.887274e-01
  Time-domain setup: pad_factor=7, dt=0.2500 tau, tau/4=0.2500 tau
  Best Known (Char): 1.153750e-01 (CDD(7, 7))
  Best Known (Ideal): 1.853626e-01
  Auto-selected pulse counts: [150, 149, 148, 76, 75, 74]
  Optimizing n=(150, 150)...
    New Best Opt: 3.645235e-02
  Optimizing n=(150, 149)...
    New Best Opt: 3.060641e-02
  Optimizing n=(150, 148)...
  Optimizing n=(150, 76)...
  Optimizing n=(150, 75)...
  Optimizing n=(150, 74)...
  Optimizing n=(149, 150)...
  Optimizing n=(149, 149)...
  Optimizing n=(149, 148)...
  Optimizing n=(149, 76)...
  Optimizing n=(149, 75)...
  Optimizing n=(149, 74)...
  Optimizing n=(148, 150)...
    New Best Opt: 2.776304e-02
  Optimizing n=(148, 149)...
  Optimizing n=(148, 148)...
  Optimizing n=(148, 76)...
  Optimizing n=(148, 75)...
  Optimizing n=(148, 74)...
  Optimizing n=(76, 150)...
  Optimizing n=(76, 149)...
  Optimizing n=(76, 148)...
  Optimizing n=(76, 76)...
  Optimizing n=(76, 75)...
  Optimizing n=(76, 74)...
  Optimizing n=(75, 150)...
  Optimizing n=(75, 149)...
  Optimizing n=(75, 148)...
  Optimizing n=(75, 76)...
  Optimizing n=(75, 75)...
  Optimizing n=(75, 74)...
  Optimizing n=(74, 150)...
  Optimizing n=(74, 149)...
  Optimizing n=(74, 148)...
  Optimizing n=(74, 76)...
  Optimizing n=(74, 75)...
  Optimizing n=(74, 74)...
  Best Opt (Ideal): 1.227497e-01

Gate Time: 640.0 tau (Tg/T2q1=2.7676, Tg/T2q2=2.7851)
  Time-domain setup: pad_factor=3, dt=0.2500 tau, tau/4=0.2500 tau
  No Pulse (Ideal): 7.406163e-01
  Time-domain setup: pad_factor=7, dt=0.2500 tau, tau/4=0.2500 tau
  Best Known (Char): 3.751223e-01 (CDD(7, 7))
  Best Known (Ideal): 3.998297e-01
  Auto-selected pulse counts: [150, 149, 148, 76, 75, 74]
  Optimizing n=(150, 150)...
    New Best Opt: 2.798324e-01
  Optimizing n=(150, 149)...
  Optimizing n=(150, 148)...
  Optimizing n=(150, 76)...
  Optimizing n=(150, 75)...
  Optimizing n=(150, 74)...
  Optimizing n=(149, 150)...
  Optimizing n=(149, 149)...
  Optimizing n=(149, 148)...
  Optimizing n=(149, 76)...
  Optimizing n=(149, 75)...
  Optimizing n=(149, 74)...
  Optimizing n=(148, 150)...
  Optimizing n=(148, 149)...
  Optimizing n=(148, 148)...
  Optimizing n=(148, 76)...
  Optimizing n=(148, 75)...
  Optimizing n=(148, 74)...
  Optimizing n=(76, 150)...
  Optimizing n=(76, 149)...
  Optimizing n=(76, 148)...
  Optimizing n=(76, 76)...
  Optimizing n=(76, 75)...
  Optimizing n=(76, 74)...
  Optimizing n=(75, 150)...
  Optimizing n=(75, 149)...
  Optimizing n=(75, 148)...
  Optimizing n=(75, 76)...
  Optimizing n=(75, 75)...
  Optimizing n=(75, 74)...
  Optimizing n=(74, 150)...
  Optimizing n=(74, 149)...
  Optimizing n=(74, 148)...
  Optimizing n=(74, 76)...
  Optimizing n=(74, 75)...
  Optimizing n=(74, 74)...
  Best Opt (Ideal): 3.489351e-01
Saved all plotting data to /home/mqasimk/IdeaProjects/QNS-2Q/DraftRun_NoSPAM_bland/plotting_data/plotting_data_cz_v2.npz

To generate plots, run:
  python plot_optimization.py --data-dir /home/mqasimk/IdeaProjects/QNS-2Q/DraftRun_NoSPAM_bland --gate-type cz
[gate v / bland] ZZ-channel share of the gate error at Tg = 320 tau
Loading simulated spectra from /home/mqasimk/IdeaProjects/QNS-2Q/DraftRun_NoSPAM_bland/simulated_spectra.npz
Calculated T2 times (Ideal): Q1=2.31e+02 s, Q2=2.30e+02 s
  Time-domain setup: pad_factor=7, dt=0.2500 tau, tau/4=0.2500 tau
  Time-domain setup: pad_factor=3, dt=0.2500 tau, tau/4=0.2500 tau
  Time-domain setup: pad_factor=3, dt=0.2500 tau, tau/4=0.2500 tau
  no-pulse (FID): infidelity 6.8873e-01 -> 6.8798e-01 without ZZ channel (ZZ+cross share 0.1%)
  Time-domain setup: pad_factor=3, dt=0.2500 tau, tau/4=0.2500 tau
  Time-domain setup: pad_factor=3, dt=0.2500 tau, tau/4=0.2500 tau
  best known (CDD(7, 7)): infidelity 1.8536e-01 -> 1.4122e-01 without ZZ channel (ZZ+cross share 23.8%)
[gate v / bland] done
=== ALL GATES COMPLETE — Wed Jun 10 03:06:50 AM EDT 2026 ===
