[seed=20260608]
M          | Known Inf            | Opt Inf             
--------------------------------------------------------

========================================
Running Optimization for M = 1
========================================
Loading reconstructed spectra from /home/mqasimk/IdeaProjects/QNS-2Q/DraftRun_SPAM_featured_reference/specs.npz
  specs spam_protocol: none
[idle] WARNING: spectra model_version='unknown' != current noise model 'anchored-tarucha-20260610'; the ideal benchmark uses the CURRENT model -- regenerate Stage 1/2.
[idle] max_pulses=0: pulse count limited only by the minimum separation tau (n <= T_seq/tau - 1 per qubit per repetition)
Calculated T2 times (Ideal): Q1=7.71e+02 tau, Q2=7.70e+02 tau
Configuration loaded for M=1.

============================================================
RUNNING OPTIMIZATION PIPELINE
M (Repetitions): 1
Total Pulse Limit: 1000000000
Pulse Limit Per Repetition: 1000000000
============================================================

Gate Time: 10240.0 tau (Tg/T2q1=13.2815, Tg/T2q2=13.3069)
  Time-domain setup: pad_factor=1, dt=0.1250 tau, tau/4=0.2500 tau
  No Pulse (Ideal): 7.499998e-01
Evaluating 234 known sequences...
Using Folded Noise Matrix (M=1)...
  Time-domain setup: pad_factor=1, dt=0.2500 tau, tau/4=0.2500 tau
  Best Known (Char): 6.095284e-01 (mqCDD(n=12, m=1))
  Best Known (Ideal): 6.339523e-01
  Running Random Optimization...
  NOTE: SLSQP dim guard clips the NT search at this (Tg, M): per-qubit max 10238 -> 1300 (max_dim=2600); the separation limit is reachable at M >= 8
  Randomly selected pulse counts: [(584, 1116), (933, 99), (570, 17), (1202, 92), (816, 993), (1033, 1044), (1151, 818), (385, 1007), (1207, 752), (553, 138), (434, 934), (988, 1229), (893, 965), (794, 1181), (924, 1094), (152, 147), (1260, 556), (529, 908), (143, 1116), (782, 366)]
Using Folded Noise Matrix (M=1)...
  Random Opt (n=584,1116): Infidelity = 7.393365e-01
  Random Opt (n=933,99): Infidelity = 7.499272e-01
  Random Opt (n=570,17): Infidelity = 7.468536e-01
  Random Opt (n=1202,92): Infidelity = 7.284846e-01
  Random Opt (n=816,993): Infidelity = 7.498531e-01
  Random Opt (n=1033,1044): Infidelity = 7.407864e-01
  Random Opt (n=1151,818): Infidelity = 7.303432e-01
  Random Opt (n=385,1007): Infidelity = 7.486131e-01
  Random Opt (n=1207,752): Infidelity = 7.291684e-01
  Random Opt (n=553,138): Infidelity = 7.470698e-01
  Random Opt (n=434,934): Infidelity = 7.482903e-01
  Random Opt (n=988,1229): Infidelity = 7.359236e-01
  Random Opt (n=893,965): Infidelity = 7.499918e-01
  Random Opt (n=794,1181): Infidelity = 7.376344e-01
  Random Opt (n=924,1094): Infidelity = 7.453371e-01
  Random Opt (n=152,147): Infidelity = 7.499926e-01
  Random Opt (n=1260,556): Infidelity = 7.260373e-01
  Random Opt (n=529,908): Infidelity = 7.471216e-01
  Random Opt (n=143,1116): Infidelity = 7.423845e-01
  Random Opt (n=782,366): Infidelity = 7.488114e-01
  Best Optimized (Ideal): 7.262468e-01

Gate Time: 5120.0 tau (Tg/T2q1=6.6407, Tg/T2q2=6.6534)
  Time-domain setup: pad_factor=1, dt=0.1250 tau, tau/4=0.2500 tau
  No Pulse (Ideal): 7.498695e-01
Evaluating 198 known sequences...
Using Folded Noise Matrix (M=1)...
  Time-domain setup: pad_factor=1, dt=0.2500 tau, tau/4=0.2500 tau
  Best Known (Char): 4.385477e-01 (mqCDD(n=11, m=1))
  Best Known (Ideal): 4.650931e-01
  Running Random Optimization...
  NOTE: SLSQP dim guard clips the NT search at this (Tg, M): per-qubit max 5118 -> 1300 (max_dim=2600); the separation limit is reachable at M >= 4
  Randomly selected pulse counts: [(1157, 1155), (1295, 808), (1284, 160), (222, 777), (531, 571), (377, 523), (354, 1207), (1177, 433), (183, 728), (770, 759), (947, 1142), (213, 277), (864, 632), (628, 1278), (870, 390), (674, 1124), (922, 580), (1256, 677), (1238, 200), (607, 640)]
Using Folded Noise Matrix (M=1)...
  Random Opt (n=1157,1155): Infidelity = 5.276650e-01
  Random Opt (n=1295,808): Infidelity = 6.003150e-01
  Random Opt (n=1284,160): Infidelity = 6.275175e-01
  Random Opt (n=222,777): Infidelity = 6.765126e-01
  Random Opt (n=531,571): Infidelity = 6.419943e-01
  Random Opt (n=377,523): Infidelity = 7.072001e-01
  Random Opt (n=354,1207): Infidelity = 6.342229e-01
  Random Opt (n=1177,433): Infidelity = 6.396068e-01
  Random Opt (n=183,728): Infidelity = 6.686516e-01
  Random Opt (n=770,759): Infidelity = 5.958667e-01
  Random Opt (n=947,1142): Infidelity = 5.503643e-01
  Random Opt (n=213,277): Infidelity = 7.087841e-01
  Random Opt (n=864,632): Infidelity = 6.346964e-01
  Random Opt (n=628,1278): Infidelity = 5.536561e-01
  Random Opt (n=870,390): Infidelity = 7.058156e-01
  Random Opt (n=674,1124): Infidelity = 5.402408e-01
  Random Opt (n=922,580): Infidelity = 6.249235e-01
  Random Opt (n=1256,677): Infidelity = 5.408703e-01
  Random Opt (n=1238,200): Infidelity = 6.112781e-01
  Random Opt (n=607,640): Infidelity = 6.087142e-01
  Best Optimized (Ideal): 5.397866e-01

Gate Time: 2560.0 tau (Tg/T2q1=3.3204, Tg/T2q2=3.3267)
  Time-domain setup: pad_factor=1, dt=0.1250 tau, tau/4=0.2500 tau
  No Pulse (Ideal): 7.456284e-01
Evaluating 165 known sequences...
Using Folded Noise Matrix (M=1)...
  Time-domain setup: pad_factor=1, dt=0.2500 tau, tau/4=0.2500 tau
  Best Known (Char): 2.720047e-01 (mqCDD(n=10, m=1))
  Best Known (Ideal): 2.919947e-01
  Running Random Optimization...
  NOTE: SLSQP dim guard clips the NT search at this (Tg, M): per-qubit max 2558 -> 1300 (max_dim=2600); the separation limit is reachable at M >= 2
  Randomly selected pulse counts: [(554, 1210), (102, 415), (772, 485), (1203, 146), (1140, 748), (1142, 569), (803, 818), (141, 608), (755, 1156), (199, 598), (265, 193), (1258, 622), (377, 329), (68, 13), (1148, 282), (281, 1061), (384, 383), (994, 263), (521, 1054), (19, 999)]
Using Folded Noise Matrix (M=1)...
  Random Opt (n=554,1210): Infidelity = 2.931436e-01
  Random Opt (n=102,415): Infidelity = 6.148483e-01
  Random Opt (n=772,485): Infidelity = 3.336955e-01
  Random Opt (n=1203,146): Infidelity = 4.299742e-01
  Random Opt (n=1140,748): Infidelity = 2.740561e-01
  Random Opt (n=1142,569): Infidelity = 2.900485e-01
  Random Opt (n=803,818): Infidelity = 3.080021e-01
  Random Opt (n=141,608): Infidelity = 4.646557e-01
  Random Opt (n=755,1156): Infidelity = 2.730500e-01
  Random Opt (n=199,598): Infidelity = 5.310404e-01
  Random Opt (n=265,193): Infidelity = 6.139021e-01
  Random Opt (n=1258,622): Infidelity = 2.839595e-01
  Random Opt (n=377,329): Infidelity = 4.092643e-01
  Random Opt (n=68,13): Infidelity = 7.096921e-01
  Random Opt (n=1148,282): Infidelity = 3.595832e-01
  Random Opt (n=281,1061): Infidelity = 3.623929e-01
  Random Opt (n=384,383): Infidelity = 4.143335e-01
  Random Opt (n=994,263): Infidelity = 4.156061e-01
  Random Opt (n=521,1054): Infidelity = 3.069290e-01
  Random Opt (n=19,999): Infidelity = 5.840109e-01
  Best Optimized (Ideal): 2.782527e-01

Gate Time: 1280.0 tau (Tg/T2q1=1.6602, Tg/T2q2=1.6634)
  Time-domain setup: pad_factor=1, dt=0.1250 tau, tau/4=0.2500 tau
  No Pulse (Ideal): 7.148716e-01
Evaluating 135 known sequences...
Using Folded Noise Matrix (M=1)...
  Time-domain setup: pad_factor=1, dt=0.2500 tau, tau/4=0.2500 tau
  Best Known (Char): 1.529589e-01 (mqCDD(n=9, m=1))
  Best Known (Ideal): 1.653499e-01
  Running Random Optimization...
  Randomly selected pulse counts: [(576, 36), (307, 373), (1111, 405), (954, 432), (657, 854), (561, 1133), (346, 1239), (804, 61), (487, 1214), (646, 146), (1217, 332), (855, 741), (1277, 1102), (1261, 173), (896, 529), (521, 928), (352, 1089), (9, 34), (964, 312), (94, 584)]
Using Folded Noise Matrix (M=1)...
  Random Opt (n=576,36): Infidelity = 3.717166e-01
  Random Opt (n=307,373): Infidelity = 1.783473e-01
  Random Opt (n=1111,405): Infidelity = 1.351411e-01
  Random Opt (n=954,432): Infidelity = 1.353379e-01
  Random Opt (n=657,854): Infidelity = 1.182535e-01
  Random Opt (n=561,1133): Infidelity = 1.209403e-01
  Random Opt (n=346,1239): Infidelity = 1.343253e-01
  Random Opt (n=804,61): Infidelity = 2.600070e-01
  Random Opt (n=487,1214): Infidelity = 1.226801e-01
  Random Opt (n=646,146): Infidelity = 2.011087e-01
  Random Opt (n=1217,332): Infidelity = 1.412155e-01
  Random Opt (n=855,741): Infidelity = 1.093084e-01
  Random Opt (n=1277,1102): Infidelity = 9.647667e-02
  Random Opt (n=1261,173): Infidelity = 1.758972e-01
  Random Opt (n=896,529): Infidelity = 1.283689e-01
  Random Opt (n=521,928): Infidelity = 1.283351e-01
  Random Opt (n=352,1089): Infidelity = 1.375028e-01
  Random Opt (n=9,34): Infidelity = 6.226400e-01
  Random Opt (n=964,312): Infidelity = 1.487418e-01
  Random Opt (n=94,584): Infidelity = 3.163904e-01
  Best Optimized (Ideal): 9.852673e-02

Gate Time: 640.0 tau (Tg/T2q1=0.8301, Tg/T2q2=0.8317)
  Time-domain setup: pad_factor=1, dt=0.1250 tau, tau/4=0.2500 tau
  No Pulse (Ideal): 6.173731e-01
Evaluating 108 known sequences...
Using Folded Noise Matrix (M=1)...
  Time-domain setup: pad_factor=1, dt=0.2500 tau, tau/4=0.2500 tau
  Best Known (Char): 8.139439e-02 (mqCDD(n=8, m=1))
  Best Known (Ideal): 8.822112e-02
  Running Random Optimization...
  Randomly selected pulse counts: [(344, 325), (335, 322), (607, 592), (602, 536), (446, 39), (506, 382), (21, 347), (17, 63), (551, 321), (151, 319), (45, 404), (283, 617), (392, 149), (179, 94), (528, 585), (94, 88), (321, 420), (6, 238), (185, 521), (390, 430)]
Using Folded Noise Matrix (M=1)...
  Random Opt (n=344,325): Infidelity = 6.795852e-02
  Random Opt (n=335,322): Infidelity = 6.923697e-02
  Random Opt (n=607,592): Infidelity = 5.090251e-02
  Random Opt (n=602,536): Infidelity = 5.262032e-02
  Random Opt (n=446,39): Infidelity = 1.436444e-01
  Random Opt (n=506,382): Infidelity = 5.950287e-02
  Random Opt (n=21,347): Infidelity = 1.924247e-01
  Random Opt (n=17,63): Infidelity = 3.113446e-01
  Random Opt (n=551,321): Infidelity = 6.167504e-02
  Random Opt (n=151,319): Infidelity = 8.551727e-02
  Random Opt (n=45,404): Infidelity = 1.736558e-01
  Random Opt (n=283,617): Infidelity = 5.992262e-02
  Random Opt (n=392,149): Infidelity = 8.391324e-02
  Random Opt (n=179,94): Infidelity = 1.146522e-01
  Random Opt (n=528,585): Infidelity = 4.783114e-02
  Random Opt (n=94,88): Infidelity = 1.409780e-01
  Random Opt (n=321,420): Infidelity = 6.406686e-02
  Random Opt (n=6,238): Infidelity = 3.262997e-01
  Random Opt (n=185,521): Infidelity = 7.073238e-02
  Random Opt (n=390,430): Infidelity = 6.009376e-02
  Best Optimized (Ideal): 5.188777e-02

Gate Time: 320.0 tau (Tg/T2q1=0.4150, Tg/T2q2=0.4158)
  Time-domain setup: pad_factor=1, dt=0.1250 tau, tau/4=0.2500 tau
  No Pulse (Ideal): 4.489399e-01
Evaluating 84 known sequences...
Using Folded Noise Matrix (M=1)...
  Time-domain setup: pad_factor=1, dt=0.2500 tau, tau/4=0.2500 tau
  Best Known (Char): 4.204479e-02 (mqCDD(n=7, m=1))
  Best Known (Ideal): 4.568752e-02
  Running Random Optimization...
  Randomly selected pulse counts: [(246, 90), (103, 122), (151, 169), (252, 224), (306, 158), (123, 8), (153, 20), (264, 259), (103, 167), (69, 260), (208, 221), (167, 2), (306, 72), (85, 162), (73, 68), (34, 152), (308, 195), (204, 294), (288, 3), (234, 157)]
Using Folded Noise Matrix (M=1)...
  Random Opt (n=246,90): Infidelity = 3.878733e-02
  Random Opt (n=103,122): Infidelity = 4.317846e-02
  Random Opt (n=151,169): Infidelity = 3.596776e-02
  Random Opt (n=252,224): Infidelity = 2.638273e-02
  Random Opt (n=306,158): Infidelity = 3.135393e-02
  Random Opt (n=123,8): Infidelity = 1.353302e-01
  Random Opt (n=153,20): Infidelity = 9.759830e-02
  Random Opt (n=264,259): Infidelity = 2.881271e-02
  Random Opt (n=103,167): Infidelity = 3.990897e-02
  Random Opt (n=69,260): Infidelity = 4.040358e-02
  Random Opt (n=208,221): Infidelity = 2.972618e-02
  Random Opt (n=167,2): Infidelity = 2.095903e-01
  Random Opt (n=306,72): Infidelity = 4.080730e-02
  Random Opt (n=85,162): Infidelity = 4.252927e-02
  Random Opt (n=73,68): Infidelity = 5.655456e-02
  Random Opt (n=34,152): Infidelity = 6.335763e-02
  Random Opt (n=308,195): Infidelity = 2.950744e-02
  Random Opt (n=204,294): Infidelity = 2.856329e-02
  Random Opt (n=288,3): Infidelity = 1.791121e-01
  Random Opt (n=234,157): Infidelity = 3.344428e-02
  Best Optimized (Ideal): 2.808299e-02
Saved all plotting data to /home/mqasimk/IdeaProjects/QNS-2Q/DraftRun_SPAM_featured_reference/plotting_data/plotting_data_id_v4_uncapped.npz

================================================================================
                        FINAL COMPARISON (Best Overall)                         
================================================================================
Infidelity                | 4.568752e-02              | 2.808299e-02             
Sequence                  | mqCDD(n=7, m=1)^1         | NT(252,224)^1            
================================================================================

To generate plots, run:
  python plot_optimization.py --data-dir /home/mqasimk/IdeaProjects/QNS-2Q/DraftRun_SPAM_featured_reference --gate-type id

========================================
Running Optimization for M = 2
========================================
Loading reconstructed spectra from /home/mqasimk/IdeaProjects/QNS-2Q/DraftRun_SPAM_featured_reference/specs.npz
  specs spam_protocol: none
[idle] WARNING: spectra model_version='unknown' != current noise model 'anchored-tarucha-20260610'; the ideal benchmark uses the CURRENT model -- regenerate Stage 1/2.
[idle] max_pulses=0: pulse count limited only by the minimum separation tau (n <= T_seq/tau - 1 per qubit per repetition)
Calculated T2 times (Ideal): Q1=7.71e+02 tau, Q2=7.70e+02 tau
Configuration loaded for M=2.

============================================================
RUNNING OPTIMIZATION PIPELINE
M (Repetitions): 2
Total Pulse Limit: 1000000000
Pulse Limit Per Repetition: 500000000
============================================================

Gate Time: 10240.0 tau (Tg/T2q1=13.2815, Tg/T2q2=13.3069)
  Time-domain setup: pad_factor=1, dt=0.1250 tau, tau/4=0.2500 tau
  No Pulse (Ideal): 7.499998e-01
Evaluating 198 known sequences...
Using Folded Noise Matrix (M=2)...
  Time-domain setup: pad_factor=1, dt=0.2500 tau, tau/4=0.2500 tau
  Best Known (Char): 6.095058e-01 (mqCDD(n=11, m=1))
  Best Known (Ideal): 6.341239e-01
  Running Random Optimization...
  NOTE: SLSQP dim guard clips the NT search at this (Tg, M): per-qubit max 5118 -> 1300 (max_dim=2600); the separation limit is reachable at M >= 8
  Randomly selected pulse counts: [(1110, 1259), (369, 358), (58, 726), (757, 1179), (448, 882), (442, 626), (707, 685), (1087, 923), (720, 522), (790, 792), (203, 215), (749, 1242), (526, 285), (1284, 1218), (827, 942), (350, 1035), (550, 171), (639, 73), (784, 812), (330, 114)]
Using Folded Noise Matrix (M=2)...
  Random Opt (n=1110,1259): Infidelity = 6.650568e-01
  Random Opt (n=369,358): Infidelity = 7.490324e-01
  Random Opt (n=58,726): Infidelity = 7.347782e-01
  Random Opt (n=757,1179): Infidelity = 6.840149e-01
  Random Opt (n=448,882): Infidelity = 7.498799e-01
  Random Opt (n=442,626): Infidelity = 7.370053e-01
  Random Opt (n=707,685): Infidelity = 7.157100e-01
  Random Opt (n=1087,923): Infidelity = 7.052761e-01
  Random Opt (n=720,522): Infidelity = 7.218648e-01
  Random Opt (n=790,792): Infidelity = 7.318003e-01
  Random Opt (n=203,215): Infidelity = 7.473997e-01
  Random Opt (n=749,1242): Infidelity = 6.866363e-01
  Random Opt (n=526,285): Infidelity = 7.377046e-01
  Random Opt (n=1284,1218): Infidelity = 6.697805e-01
  Random Opt (n=827,942): Infidelity = 7.348909e-01
  Random Opt (n=350,1035): Infidelity = 7.243315e-01
  Random Opt (n=550,171): Infidelity = 7.358645e-01
  Random Opt (n=639,73): Infidelity = 7.268889e-01
  Random Opt (n=784,812): Infidelity = 7.320971e-01
  Random Opt (n=330,114): Infidelity = 7.457582e-01
  Best Optimized (Ideal): 6.728211e-01

Gate Time: 5120.0 tau (Tg/T2q1=6.6407, Tg/T2q2=6.6534)
  Time-domain setup: pad_factor=1, dt=0.1250 tau, tau/4=0.2500 tau
  No Pulse (Ideal): 7.498696e-01
Evaluating 165 known sequences...
Using Folded Noise Matrix (M=2)...
  Time-domain setup: pad_factor=1, dt=0.2500 tau, tau/4=0.2500 tau
  Best Known (Char): 4.386165e-01 (mqCDD(n=10, m=1))
  Best Known (Ideal): 4.651831e-01
  Running Random Optimization...
  NOTE: SLSQP dim guard clips the NT search at this (Tg, M): per-qubit max 2558 -> 1300 (max_dim=2600); the separation limit is reachable at M >= 4
  Randomly selected pulse counts: [(146, 1299), (57, 905), (103, 996), (440, 623), (108, 826), (1291, 862), (925, 405), (615, 188), (987, 911), (228, 1278), (776, 367), (968, 981), (1012, 1098), (915, 435), (1193, 1267), (734, 445), (858, 106), (1047, 1015), (296, 893), (439, 382)]
Using Folded Noise Matrix (M=2)...
  Random Opt (n=146,1299): Infidelity = 5.922205e-01
  Random Opt (n=57,905): Infidelity = 6.459738e-01
  Random Opt (n=103,996): Infidelity = 6.193366e-01
  Random Opt (n=440,623): Infidelity = 6.074858e-01
  Random Opt (n=108,826): Infidelity = 6.253099e-01
  Random Opt (n=1291,862): Infidelity = 4.227715e-01
  Random Opt (n=925,405): Infidelity = 5.883320e-01
  Random Opt (n=615,188): Infidelity = 6.367552e-01
  Random Opt (n=987,911): Infidelity = 4.386190e-01
  Random Opt (n=228,1278): Infidelity = 6.341917e-01
  Random Opt (n=776,367): Infidelity = 5.216715e-01
  Random Opt (n=968,981): Infidelity = 4.608824e-01
  Random Opt (n=1012,1098): Infidelity = 4.248356e-01
  Random Opt (n=915,435): Infidelity = 6.092181e-01
  Random Opt (n=1193,1267): Infidelity = 4.031758e-01
  Random Opt (n=734,445): Infidelity = 6.219688e-01
  Random Opt (n=858,106): Infidelity = 5.908627e-01
  Random Opt (n=1047,1015): Infidelity = 4.460564e-01
  Random Opt (n=296,893): Infidelity = 5.449766e-01
  Random Opt (n=439,382): Infidelity = 6.367334e-01
  Best Optimized (Ideal): 4.055546e-01

Gate Time: 2560.0 tau (Tg/T2q1=3.3204, Tg/T2q2=3.3267)
  Time-domain setup: pad_factor=1, dt=0.1250 tau, tau/4=0.2500 tau
  No Pulse (Ideal): 7.456299e-01
Evaluating 135 known sequences...
Using Folded Noise Matrix (M=2)...
  Time-domain setup: pad_factor=1, dt=0.2500 tau, tau/4=0.2500 tau
  Best Known (Char): 2.719572e-01 (mqCDD(n=9, m=1))
  Best Known (Ideal): 2.921449e-01
  Running Random Optimization...
  Randomly selected pulse counts: [(1189, 947), (654, 162), (93, 1026), (1151, 661), (829, 197), (52, 878), (1024, 186), (986, 767), (641, 502), (645, 167), (122, 376), (566, 939), (502, 1175), (198, 1011), (1193, 1039), (204, 612), (380, 62), (492, 346), (1064, 169), (572, 321)]
Using Folded Noise Matrix (M=2)...
  Random Opt (n=1189,947): Infidelity = 1.893401e-01
  Random Opt (n=654,162): Infidelity = 3.313576e-01
  Random Opt (n=93,1026): Infidelity = 4.526172e-01
  Random Opt (n=1151,661): Infidelity = 2.144846e-01
  Random Opt (n=829,197): Infidelity = 3.817034e-01
  Random Opt (n=52,878): Infidelity = 4.462772e-01
  Random Opt (n=1024,186): Infidelity = 3.059854e-01
  Random Opt (n=986,767): Infidelity = 2.082265e-01
  Random Opt (n=641,502): Infidelity = 2.519675e-01
  Random Opt (n=645,167): Infidelity = 3.277168e-01
  Random Opt (n=122,376): Infidelity = 4.934606e-01
  Random Opt (n=566,939): Infidelity = 2.301602e-01
  Random Opt (n=502,1175): Infidelity = 2.214645e-01
  Random Opt (n=198,1011): Infidelity = 3.290795e-01
  Random Opt (n=1193,1039): Infidelity = 1.844554e-01
  Random Opt (n=204,612): Infidelity = 3.747914e-01
  Random Opt (n=380,62): Infidelity = 4.390963e-01
  Random Opt (n=492,346): Infidelity = 2.891481e-01
  Random Opt (n=1064,169): Infidelity = 3.067856e-01
  Random Opt (n=572,321): Infidelity = 2.840720e-01
  Best Optimized (Ideal): 1.862497e-01

Gate Time: 1280.0 tau (Tg/T2q1=1.6602, Tg/T2q2=1.6634)
  Time-domain setup: pad_factor=1, dt=0.1250 tau, tau/4=0.2500 tau
  No Pulse (Ideal): 7.148876e-01
Evaluating 108 known sequences...
Using Folded Noise Matrix (M=2)...
  Time-domain setup: pad_factor=1, dt=0.2500 tau, tau/4=0.2500 tau
  Best Known (Char): 1.530929e-01 (mqCDD(n=8, m=1))
  Best Known (Ideal): 1.652733e-01
  Running Random Optimization...
  Randomly selected pulse counts: [(563, 334), (263, 471), (257, 341), (382, 493), (441, 506), (133, 329), (486, 392), (340, 296), (263, 228), (601, 225), (157, 201), (388, 392), (214, 187), (27, 638), (308, 385), (111, 507), (560, 278), (413, 75), (269, 625), (44, 21)]
Using Folded Noise Matrix (M=2)...
  Random Opt (n=563,334): Infidelity = 1.183136e-01
  Random Opt (n=263,471): Infidelity = 1.251642e-01
  Random Opt (n=257,341): Infidelity = 1.361491e-01
  Random Opt (n=382,493): Infidelity = 1.111301e-01
  Random Opt (n=441,506): Infidelity = 1.062822e-01
  Random Opt (n=133,329): Infidelity = 1.660404e-01
  Random Opt (n=486,392): Infidelity = 1.166322e-01
  Random Opt (n=340,296): Infidelity = 1.359876e-01
  Random Opt (n=263,228): Infidelity = 1.502887e-01
  Random Opt (n=601,225): Infidelity = 1.302694e-01
  Random Opt (n=157,201): Infidelity = 1.754212e-01
  Random Opt (n=388,392): Infidelity = 1.338289e-01
  Random Opt (n=214,187): Infidelity = 1.647400e-01
  Random Opt (n=27,638): Infidelity = 2.750440e-01
  Random Opt (n=308,385): Infidelity = 1.267429e-01
  Random Opt (n=111,507): Infidelity = 2.342687e-01
  Random Opt (n=560,278): Infidelity = 1.226201e-01
  Random Opt (n=413,75): Infidelity = 1.914095e-01
  Random Opt (n=269,625): Infidelity = 1.176780e-01
  Random Opt (n=44,21): Infidelity = 4.391306e-01
  Best Optimized (Ideal): 1.045573e-01

Gate Time: 640.0 tau (Tg/T2q1=0.8301, Tg/T2q2=0.8317)
  Time-domain setup: pad_factor=1, dt=0.1250 tau, tau/4=0.2500 tau
  No Pulse (Ideal): 6.174506e-01
Evaluating 84 known sequences...
Using Folded Noise Matrix (M=2)...
  Time-domain setup: pad_factor=1, dt=0.2500 tau, tau/4=0.2500 tau
  Best Known (Char): 8.132286e-02 (mqCDD(n=7, m=1))
  Best Known (Ideal): 8.837565e-02
  Running Random Optimization...
  Randomly selected pulse counts: [(284, 258), (228, 186), (261, 161), (241, 119), (264, 100), (102, 101), (115, 175), (156, 136), (111, 212), (165, 201), (79, 188), (263, 103), (210, 22), (202, 191), (279, 34), (301, 103), (12, 28), (284, 306), (126, 35), (42, 49)]
Using Folded Noise Matrix (M=2)...
  Random Opt (n=284,258): Infidelity = 5.461861e-02
  Random Opt (n=228,186): Infidelity = 6.078862e-02
  Random Opt (n=261,161): Infidelity = 6.205760e-02
  Random Opt (n=241,119): Infidelity = 6.938996e-02
  Random Opt (n=264,100): Infidelity = 7.272849e-02
  Random Opt (n=102,101): Infidelity = 9.178539e-02
  Random Opt (n=115,175): Infidelity = 7.301052e-02
  Random Opt (n=156,136): Infidelity = 7.356792e-02
  Random Opt (n=111,212): Infidelity = 7.131275e-02
  Random Opt (n=165,201): Infidelity = 6.459610e-02
  Random Opt (n=79,188): Infidelity = 8.155927e-02
  Random Opt (n=263,103): Infidelity = 7.133463e-02
  Random Opt (n=210,22): Infidelity = 2.334008e-01
  Random Opt (n=202,191): Infidelity = 6.268589e-02
  Random Opt (n=279,34): Infidelity = 1.286814e-01
  Random Opt (n=301,103): Infidelity = 7.031088e-02
  Random Opt (n=12,28): Infidelity = 4.314318e-01
  Random Opt (n=284,306): Infidelity = 5.580590e-02
  Random Opt (n=126,35): Infidelity = 1.194812e-01
  Random Opt (n=42,49): Infidelity = 1.818184e-01
  Best Optimized (Ideal): 5.252715e-02

Gate Time: 320.0 tau (Tg/T2q1=0.4150, Tg/T2q2=0.4158)
  Time-domain setup: pad_factor=1, dt=0.1250 tau, tau/4=0.2500 tau
  No Pulse (Ideal): 4.491487e-01
Evaluating 63 known sequences...
Using Folded Noise Matrix (M=2)...
  Time-domain setup: pad_factor=1, dt=0.2500 tau, tau/4=0.2500 tau
  Best Known (Char): 4.223082e-02 (mqCDD(n=6, m=1))
  Best Known (Ideal): 4.557198e-02
  Running Random Optimization...
  Randomly selected pulse counts: [(75, 1), (28, 34), (76, 67), (57, 106), (76, 75), (65, 103), (157, 40), (104, 49), (108, 147), (17, 28), (102, 67), (112, 126), (127, 149), (44, 30), (122, 77), (131, 42), (56, 147), (60, 114), (104, 121), (122, 16)]
Using Folded Noise Matrix (M=2)...
  Random Opt (n=75,1): Infidelity = 1.832220e-01
  Random Opt (n=28,34): Infidelity = 7.542566e-02
  Random Opt (n=76,67): Infidelity = 3.842884e-02
  Random Opt (n=57,106): Infidelity = 3.605226e-02
  Random Opt (n=76,75): Infidelity = 3.909506e-02
  Random Opt (n=65,103): Infidelity = 3.544470e-02
  Random Opt (n=157,40): Infidelity = 4.060784e-02
  Random Opt (n=104,49): Infidelity = 3.937367e-02
  Random Opt (n=108,147): Infidelity = 2.769323e-02
  Random Opt (n=17,28): Infidelity = 1.120211e-01
  Random Opt (n=102,67): Infidelity = 3.627577e-02
  Random Opt (n=112,126): Infidelity = 2.641389e-02
  Random Opt (n=127,149): Infidelity = 2.616273e-02
  Random Opt (n=44,30): Infidelity = 6.079614e-02
  Random Opt (n=122,77): Infidelity = 3.308324e-02
  Random Opt (n=131,42): Infidelity = 4.054789e-02
  Random Opt (n=56,147): Infidelity = 3.423065e-02
  Random Opt (n=60,114): Infidelity = 3.725285e-02
  Random Opt (n=104,121): Infidelity = 2.969825e-02
  Random Opt (n=122,16): Infidelity = 8.597434e-02
  Best Optimized (Ideal): 2.673136e-02
Saved all plotting data to /home/mqasimk/IdeaProjects/QNS-2Q/DraftRun_SPAM_featured_reference/plotting_data/plotting_data_id_v4_uncapped.npz

================================================================================
                        FINAL COMPARISON (Best Overall)                         
================================================================================
Infidelity                | 4.557198e-02              | 2.673136e-02             
Sequence                  | mqCDD(n=6, m=1)^2         | NT(127,149)^2            
================================================================================

To generate plots, run:
  python plot_optimization.py --data-dir /home/mqasimk/IdeaProjects/QNS-2Q/DraftRun_SPAM_featured_reference --gate-type id

========================================
Running Optimization for M = 4
========================================
Loading reconstructed spectra from /home/mqasimk/IdeaProjects/QNS-2Q/DraftRun_SPAM_featured_reference/specs.npz
  specs spam_protocol: none
[idle] WARNING: spectra model_version='unknown' != current noise model 'anchored-tarucha-20260610'; the ideal benchmark uses the CURRENT model -- regenerate Stage 1/2.
[idle] max_pulses=0: pulse count limited only by the minimum separation tau (n <= T_seq/tau - 1 per qubit per repetition)
Calculated T2 times (Ideal): Q1=7.71e+02 tau, Q2=7.70e+02 tau
Configuration loaded for M=4.

============================================================
RUNNING OPTIMIZATION PIPELINE
M (Repetitions): 4
Total Pulse Limit: 1000000000
Pulse Limit Per Repetition: 250000000
============================================================

Gate Time: 10240.0 tau (Tg/T2q1=13.2815, Tg/T2q2=13.3069)
  Time-domain setup: pad_factor=1, dt=0.1250 tau, tau/4=0.2500 tau
  No Pulse (Ideal): 7.499998e-01
Evaluating 165 known sequences...
Using Folded Noise Matrix (M=4)...
  Time-domain setup: pad_factor=1, dt=0.2500 tau, tau/4=0.2500 tau
  Best Known (Char): 6.095919e-01 (mqCDD(n=10, m=1))
  Best Known (Ideal): 6.341522e-01
  Running Random Optimization...
  NOTE: SLSQP dim guard clips the NT search at this (Tg, M): per-qubit max 2558 -> 1300 (max_dim=2600); the separation limit is reachable at M >= 8
  Randomly selected pulse counts: [(9, 196), (841, 291), (25, 622), (203, 7), (732, 126), (408, 715), (921, 47), (1071, 1240), (226, 959), (434, 676), (869, 531), (1113, 53), (696, 1277), (535, 991), (134, 1005), (45, 4), (49, 43), (530, 514), (1080, 1203), (997, 354)]
Using Folded Noise Matrix (M=4)...
  Random Opt (n=9,196): Infidelity = 7.499992e-01
  Random Opt (n=841,291): Infidelity = 6.697766e-01
  Random Opt (n=25,622): Infidelity = 7.223439e-01
  Random Opt (n=203,7): Infidelity = 7.498412e-01
  Random Opt (n=732,126): Infidelity = 6.895503e-01
  Random Opt (n=408,715): Infidelity = 7.006604e-01
  Random Opt (n=921,47): Infidelity = 6.826619e-01
  Random Opt (n=1071,1240): Infidelity = 5.950227e-01
  Random Opt (n=226,959): Infidelity = 7.097527e-01
  Random Opt (n=434,676): Infidelity = 7.074768e-01
  Random Opt (n=869,531): Infidelity = 6.444465e-01
  Random Opt (n=1113,53): Infidelity = 6.725896e-01
  Random Opt (n=696,1277): Infidelity = 6.222481e-01
  Random Opt (n=535,991): Infidelity = 6.494691e-01
  Random Opt (n=134,1005): Infidelity = 7.046392e-01
  Random Opt (n=45,4): Infidelity = 7.499891e-01
  Random Opt (n=49,43): Infidelity = 7.499754e-01
  Random Opt (n=530,514): Infidelity = 6.897966e-01
  Random Opt (n=1080,1203): Infidelity = 5.991469e-01
  Random Opt (n=997,354): Infidelity = 6.559300e-01
  Best Optimized (Ideal): 5.934476e-01

Gate Time: 5120.0 tau (Tg/T2q1=6.6407, Tg/T2q2=6.6534)
  Time-domain setup: pad_factor=1, dt=0.1250 tau, tau/4=0.2500 tau
  No Pulse (Ideal): 7.498697e-01
Evaluating 135 known sequences...
Using Folded Noise Matrix (M=4)...
  Time-domain setup: pad_factor=1, dt=0.2500 tau, tau/4=0.2500 tau
  Best Known (Char): 4.384903e-01 (mqCDD(n=9, m=1))
  Best Known (Ideal): 4.653797e-01
  Running Random Optimization...
  Randomly selected pulse counts: [(822, 200), (541, 37), (1274, 358), (1142, 217), (662, 1142), (374, 239), (774, 789), (1069, 1154), (479, 1092), (515, 248), (1208, 337), (823, 1153), (634, 864), (421, 1179), (638, 402), (166, 457), (1078, 1246), (30, 389), (764, 81), (37, 97)]
Using Folded Noise Matrix (M=4)...
  Random Opt (n=822,200): Infidelity = 5.533485e-01
  Random Opt (n=541,37): Infidelity = 6.060776e-01
  Random Opt (n=1274,358): Infidelity = 4.022809e-01
  Random Opt (n=1142,217): Infidelity = 5.758764e-01
  Random Opt (n=662,1142): Infidelity = 3.619004e-01
  Random Opt (n=374,239): Infidelity = 5.172508e-01
  Random Opt (n=774,789): Infidelity = 3.953206e-01
  Random Opt (n=1069,1154): Infidelity = 3.283333e-01
  Random Opt (n=479,1092): Infidelity = 3.827355e-01
  Random Opt (n=515,248): Infidelity = 4.886771e-01
  Random Opt (n=1208,337): Infidelity = 4.092886e-01
  Random Opt (n=823,1153): Infidelity = 3.441518e-01
  Random Opt (n=634,864): Infidelity = 3.709456e-01
  Random Opt (n=421,1179): Infidelity = 3.900392e-01
  Random Opt (n=638,402): Infidelity = 4.300960e-01
  Random Opt (n=166,457): Infidelity = 5.340055e-01
  Random Opt (n=1078,1246): Infidelity = 3.180622e-01
  Random Opt (n=30,389): Infidelity = 6.505375e-01
  Random Opt (n=764,81): Infidelity = 5.629545e-01
  Random Opt (n=37,97): Infidelity = 7.428810e-01
  Best Optimized (Ideal): 3.244123e-01

Gate Time: 2560.0 tau (Tg/T2q1=3.3204, Tg/T2q2=3.3267)
  Time-domain setup: pad_factor=1, dt=0.1250 tau, tau/4=0.2500 tau
  No Pulse (Ideal): 7.456331e-01
Evaluating 108 known sequences...
Using Folded Noise Matrix (M=4)...
  Time-domain setup: pad_factor=1, dt=0.2500 tau, tau/4=0.2500 tau
  Best Known (Char): 2.722672e-01 (mqCDD(n=8, m=1))
  Best Known (Ideal): 2.919457e-01
  Running Random Optimization...
  Randomly selected pulse counts: [(627, 450), (224, 179), (591, 622), (453, 609), (374, 591), (564, 101), (357, 49), (85, 103), (313, 282), (158, 51), (252, 138), (218, 617), (533, 89), (267, 389), (178, 45), (150, 341), (466, 331), (43, 414), (12, 291), (354, 413)]
Using Folded Noise Matrix (M=4)...
  Random Opt (n=627,450): Infidelity = 1.907151e-01
  Random Opt (n=224,179): Infidelity = 2.942290e-01
  Random Opt (n=591,622): Infidelity = 1.811168e-01
  Random Opt (n=453,609): Infidelity = 1.903308e-01
  Random Opt (n=374,591): Infidelity = 2.008748e-01
  Random Opt (n=564,101): Infidelity = 4.241941e-01
  Random Opt (n=357,49): Infidelity = 5.428125e-01
  Random Opt (n=85,103): Infidelity = 5.268249e-01
  Random Opt (n=313,282): Infidelity = 2.461405e-01
  Random Opt (n=158,51): Infidelity = 5.780056e-01
  Random Opt (n=252,138): Infidelity = 3.035311e-01
  Random Opt (n=218,617): Infidelity = 2.290200e-01
  Random Opt (n=533,89): Infidelity = 3.040629e-01
  Random Opt (n=267,389): Infidelity = 2.439814e-01
  Random Opt (n=178,45): Infidelity = 5.330563e-01
  Random Opt (n=150,341): Infidelity = 2.857778e-01
  Random Opt (n=466,331): Infidelity = 2.255026e-01
  Random Opt (n=43,414): Infidelity = 4.418542e-01
  Random Opt (n=12,291): Infidelity = 5.452005e-01
  Random Opt (n=354,413): Infidelity = 2.132645e-01
  Best Optimized (Ideal): 1.830454e-01

Gate Time: 1280.0 tau (Tg/T2q1=1.6602, Tg/T2q2=1.6634)
  Time-domain setup: pad_factor=1, dt=0.1250 tau, tau/4=0.2500 tau
  No Pulse (Ideal): 7.149203e-01
Evaluating 84 known sequences...
Using Folded Noise Matrix (M=4)...
  Time-domain setup: pad_factor=1, dt=0.2500 tau, tau/4=0.2500 tau
  Best Known (Char): 1.528371e-01 (mqCDD(n=7, m=1))
  Best Known (Ideal): 1.656381e-01
  Running Random Optimization...
  Randomly selected pulse counts: [(58, 205), (173, 54), (305, 298), (225, 198), (86, 13), (302, 63), (253, 71), (173, 35), (316, 46), (37, 224), (288, 274), (308, 209), (38, 40), (245, 298), (270, 108), (67, 119), (157, 241), (193, 215), (232, 305), (58, 156)]
Using Folded Noise Matrix (M=4)...
  Random Opt (n=58,205): Infidelity = 1.946068e-01
  Random Opt (n=173,54): Infidelity = 3.355350e-01
  Random Opt (n=305,298): Infidelity = 9.946965e-02
  Random Opt (n=225,198): Infidelity = 1.137335e-01
  Random Opt (n=86,13): Infidelity = 2.930167e-01
  Random Opt (n=302,63): Infidelity = 1.560410e-01
  Random Opt (n=253,71): Infidelity = 1.484580e-01
  Random Opt (n=173,35): Infidelity = 2.030113e-01
  Random Opt (n=316,46): Infidelity = 1.868848e-01
  Random Opt (n=37,224): Infidelity = 1.889025e-01
  Random Opt (n=288,274): Infidelity = 1.018869e-01
  Random Opt (n=308,209): Infidelity = 1.080950e-01
  Random Opt (n=38,40): Infidelity = 2.827389e-01
  Random Opt (n=245,298): Infidelity = 1.000851e-01
  Random Opt (n=270,108): Infidelity = 1.360540e-01
  Random Opt (n=67,119): Infidelity = 1.742324e-01
  Random Opt (n=157,241): Infidelity = 1.180781e-01
  Random Opt (n=193,215): Infidelity = 1.151087e-01
  Random Opt (n=232,305): Infidelity = 1.102171e-01
  Random Opt (n=58,156): Infidelity = 2.029803e-01
  Best Optimized (Ideal): 1.014404e-01

Gate Time: 640.0 tau (Tg/T2q1=0.8301, Tg/T2q2=0.8317)
  Time-domain setup: pad_factor=1, dt=0.1250 tau, tau/4=0.2500 tau
  No Pulse (Ideal): 6.176063e-01
Evaluating 63 known sequences...
Using Folded Noise Matrix (M=4)...
  Time-domain setup: pad_factor=1, dt=0.2500 tau, tau/4=0.2500 tau
  Best Known (Char): 8.184453e-02 (mqCDD(n=6, m=1))
  Best Known (Ideal): 8.804368e-02
  Running Random Optimization...
  Randomly selected pulse counts: [(54, 118), (121, 40), (152, 52), (23, 96), (110, 141), (75, 17), (145, 139), (52, 48), (141, 34), (143, 150), (45, 137), (118, 115), (52, 126), (140, 135), (59, 52), (4, 113), (52, 36), (7, 28), (13, 19), (72, 20)]
Using Folded Noise Matrix (M=4)...
  Random Opt (n=54,118): Infidelity = 7.191970e-02
  Random Opt (n=121,40): Infidelity = 8.255425e-02
  Random Opt (n=152,52): Infidelity = 7.234709e-02
  Random Opt (n=23,96): Infidelity = 1.009016e-01
  Random Opt (n=110,141): Infidelity = 5.821791e-02
  Random Opt (n=75,17): Infidelity = 1.160402e-01
  Random Opt (n=145,139): Infidelity = 5.203472e-02
  Random Opt (n=52,48): Infidelity = 9.154716e-02
  Random Opt (n=141,34): Infidelity = 9.090893e-02
  Random Opt (n=143,150): Infidelity = 5.253921e-02
  Random Opt (n=45,137): Infidelity = 7.428930e-02
  Random Opt (n=118,115): Infidelity = 5.901999e-02
  Random Opt (n=52,126): Infidelity = 7.084508e-02
  Random Opt (n=140,135): Infidelity = 5.360664e-02
  Random Opt (n=59,52): Infidelity = 8.539250e-02
  Random Opt (n=4,113): Infidelity = 2.313229e-01
  Random Opt (n=52,36): Infidelity = 1.015255e-01
  Random Opt (n=7,28): Infidelity = 2.455847e-01
  Random Opt (n=13,19): Infidelity = 2.875363e-01
  Random Opt (n=72,20): Infidelity = 1.223796e-01
  Best Optimized (Ideal): 5.239319e-02

Gate Time: 320.0 tau (Tg/T2q1=0.4150, Tg/T2q2=0.4158)
  Time-domain setup: pad_factor=1, dt=0.1250 tau, tau/4=0.2500 tau
  No Pulse (Ideal): 4.495566e-01
Evaluating 45 known sequences...
Using Folded Noise Matrix (M=4)...
  Time-domain setup: pad_factor=1, dt=0.2500 tau, tau/4=0.2500 tau
  Best Known (Char): 4.201036e-02 (mqCDD(n=5, m=1))
  Best Known (Ideal): 4.537771e-02
  Running Random Optimization...
  Randomly selected pulse counts: [(20, 36), (21, 57), (38, 24), (17, 64), (40, 1), (48, 10), (72, 29), (76, 63), (50, 15), (25, 37), (20, 73), (68, 66), (75, 50), (31, 21), (15, 11), (50, 2), (36, 53), (23, 13), (17, 38), (71, 70)]
Using Folded Noise Matrix (M=4)...
  Random Opt (n=20,36): Infidelity = 4.822720e-02
  Random Opt (n=21,57): Infidelity = 3.895067e-02
  Random Opt (n=38,24): Infidelity = 4.446349e-02
  Random Opt (n=17,64): Infidelity = 4.004380e-02
  Random Opt (n=40,1): Infidelity = 1.317434e-01
  Random Opt (n=48,10): Infidelity = 6.704768e-02
  Random Opt (n=72,29): Infidelity = 3.518801e-02
  Random Opt (n=76,63): Infidelity = 2.672054e-02
  Random Opt (n=50,15): Infidelity = 4.769394e-02
  Random Opt (n=25,37): Infidelity = 4.084351e-02
  Random Opt (n=20,73): Infidelity = 4.047230e-02
  Random Opt (n=68,66): Infidelity = 2.771283e-02
  Random Opt (n=75,50): Infidelity = 3.022453e-02
  Random Opt (n=31,21): Infidelity = 4.451794e-02
  Random Opt (n=15,11): Infidelity = 7.020230e-02
  Random Opt (n=50,2): Infidelity = 1.295081e-01
  Random Opt (n=36,53): Infidelity = 3.384051e-02
  Random Opt (n=23,13): Infidelity = 1.203150e-01
  Random Opt (n=17,38): Infidelity = 4.636241e-02
  Random Opt (n=71,70): Infidelity = 3.016507e-02
  Best Optimized (Ideal): 2.722345e-02
Saved all plotting data to /home/mqasimk/IdeaProjects/QNS-2Q/DraftRun_SPAM_featured_reference/plotting_data/plotting_data_id_v4_uncapped.npz

================================================================================
                        FINAL COMPARISON (Best Overall)                         
================================================================================
Infidelity                | 4.537771e-02              | 2.722345e-02             
Sequence                  | mqCDD(n=5, m=1)^4         | NT(76,63)^4              
================================================================================

To generate plots, run:
  python plot_optimization.py --data-dir /home/mqasimk/IdeaProjects/QNS-2Q/DraftRun_SPAM_featured_reference --gate-type id

========================================
Running Optimization for M = 8
========================================
Loading reconstructed spectra from /home/mqasimk/IdeaProjects/QNS-2Q/DraftRun_SPAM_featured_reference/specs.npz
  specs spam_protocol: none
[idle] WARNING: spectra model_version='unknown' != current noise model 'anchored-tarucha-20260610'; the ideal benchmark uses the CURRENT model -- regenerate Stage 1/2.
[idle] max_pulses=0: pulse count limited only by the minimum separation tau (n <= T_seq/tau - 1 per qubit per repetition)
Calculated T2 times (Ideal): Q1=7.71e+02 tau, Q2=7.70e+02 tau
Configuration loaded for M=8.

============================================================
RUNNING OPTIMIZATION PIPELINE
M (Repetitions): 8
Total Pulse Limit: 1000000000
Pulse Limit Per Repetition: 125000000
============================================================

Gate Time: 10240.0 tau (Tg/T2q1=13.2815, Tg/T2q2=13.3069)
  Time-domain setup: pad_factor=1, dt=0.1250 tau, tau/4=0.2500 tau
  No Pulse (Ideal): 7.499998e-01
Evaluating 135 known sequences...
Using Folded Noise Matrix (M=8)...
  Time-domain setup: pad_factor=1, dt=0.2500 tau, tau/4=0.2500 tau
  Best Known (Char): 6.094463e-01 (mqCDD(n=9, m=1))
  Best Known (Ideal): 6.342921e-01
  Running Random Optimization...
  Randomly selected pulse counts: [(348, 1035), (187, 817), (727, 999), (26, 46), (475, 608), (158, 547), (896, 703), (247, 848), (700, 16), (839, 1141), (596, 1035), (577, 285), (868, 666), (401, 1076), (807, 28), (1136, 156), (543, 523), (335, 493), (660, 1070), (191, 56)]
Using Folded Noise Matrix (M=8)...
  Random Opt (n=348,1035): Infidelity = 5.956690e-01
  Random Opt (n=187,817): Infidelity = 6.532172e-01
  Random Opt (n=727,999): Infidelity = 5.396835e-01
  Random Opt (n=26,46): Infidelity = 7.492780e-01
  Random Opt (n=475,608): Infidelity = 6.075374e-01
  Random Opt (n=158,547): Infidelity = 6.760152e-01
  Random Opt (n=896,703): Infidelity = 5.460530e-01
  Random Opt (n=247,848): Infidelity = 6.329481e-01
  Random Opt (n=700,16): Infidelity = 6.633830e-01
  Random Opt (n=839,1141): Infidelity = 5.311900e-01
  Random Opt (n=596,1035): Infidelity = 5.532849e-01
  Random Opt (n=577,285): Infidelity = 6.246328e-01
  Random Opt (n=868,666): Infidelity = 5.515667e-01
  Random Opt (n=401,1076): Infidelity = 5.827495e-01
  Random Opt (n=807,28): Infidelity = 6.568549e-01
  Random Opt (n=1136,156): Infidelity = 6.384733e-01
  Random Opt (n=543,523): Infidelity = 6.139560e-01
  Random Opt (n=335,493): Infidelity = 6.344065e-01
  Random Opt (n=660,1070): Infidelity = 5.466762e-01
  Random Opt (n=191,56): Infidelity = 7.215266e-01
  Best Optimized (Ideal): 5.164396e-01

Gate Time: 5120.0 tau (Tg/T2q1=6.6407, Tg/T2q2=6.6534)
  Time-domain setup: pad_factor=1, dt=0.1250 tau, tau/4=0.2500 tau
  No Pulse (Ideal): 7.498698e-01
Evaluating 108 known sequences...
Using Folded Noise Matrix (M=8)...
  Time-domain setup: pad_factor=1, dt=0.2500 tau, tau/4=0.2500 tau
  Best Known (Char): 4.389541e-01 (mqCDD(n=8, m=1))
  Best Known (Ideal): 4.651068e-01
  Running Random Optimization...
  Randomly selected pulse counts: [(229, 617), (385, 318), (213, 233), (101, 306), (619, 350), (88, 66), (155, 494), (6, 185), (518, 284), (330, 429), (491, 128), (355, 247), (587, 204), (628, 406), (273, 237), (516, 608), (100, 493), (90, 322), (139, 393), (20, 132)]
Using Folded Noise Matrix (M=8)...
  Random Opt (n=229,617): Infidelity = 3.787605e-01
  Random Opt (n=385,318): Infidelity = 3.855180e-01
  Random Opt (n=213,233): Infidelity = 4.468330e-01
  Random Opt (n=101,306): Infidelity = 5.485305e-01
  Random Opt (n=619,350): Infidelity = 3.550599e-01
  Random Opt (n=88,66): Infidelity = 6.404879e-01
  Random Opt (n=155,494): Infidelity = 4.261363e-01
  Random Opt (n=6,185): Infidelity = 6.586485e-01
  Random Opt (n=518,284): Infidelity = 3.755333e-01
  Random Opt (n=330,429): Infidelity = 3.691788e-01
  Random Opt (n=491,128): Infidelity = 4.462995e-01
  Random Opt (n=355,247): Infidelity = 4.068847e-01
  Random Opt (n=587,204): Infidelity = 4.002278e-01
  Random Opt (n=628,406): Infidelity = 3.443263e-01
  Random Opt (n=273,237): Infidelity = 4.288297e-01
  Random Opt (n=516,608): Infidelity = 3.221656e-01
  Random Opt (n=100,493): Infidelity = 5.155651e-01
  Random Opt (n=90,322): Infidelity = 5.125682e-01
  Random Opt (n=139,393): Infidelity = 4.608711e-01
  Random Opt (n=20,132): Infidelity = 6.623325e-01
  Best Optimized (Ideal): 3.262495e-01

Gate Time: 2560.0 tau (Tg/T2q1=3.3204, Tg/T2q2=3.3267)
  Time-domain setup: pad_factor=1, dt=0.1250 tau, tau/4=0.2500 tau
  No Pulse (Ideal): 7.456396e-01
Evaluating 84 known sequences...
Using Folded Noise Matrix (M=8)...
  Time-domain setup: pad_factor=1, dt=0.2500 tau, tau/4=0.2500 tau
  Best Known (Char): 2.717531e-01 (mqCDD(n=7, m=1))
  Best Known (Ideal): 2.925655e-01
  Running Random Optimization...
  Randomly selected pulse counts: [(178, 309), (307, 242), (217, 161), (63, 242), (285, 5), (289, 273), (15, 7), (23, 202), (174, 4), (52, 218), (56, 218), (203, 244), (75, 241), (124, 66), (255, 93), (236, 67), (101, 262), (75, 37), (281, 282), (279, 10)]
Using Folded Noise Matrix (M=8)...
  Random Opt (n=178,309): Infidelity = 2.024350e-01
  Random Opt (n=307,242): Infidelity = 1.883100e-01
  Random Opt (n=217,161): Infidelity = 2.207327e-01
  Random Opt (n=63,242): Infidelity = 2.766611e-01
  Random Opt (n=285,5): Infidelity = 5.055740e-01
  Random Opt (n=289,273): Infidelity = 1.864573e-01
  Random Opt (n=15,7): Infidelity = 6.237142e-01
  Random Opt (n=23,202): Infidelity = 4.728717e-01
  Random Opt (n=174,4): Infidelity = 5.383940e-01
  Random Opt (n=52,218): Infidelity = 3.724845e-01
  Random Opt (n=56,218): Infidelity = 3.715923e-01
  Random Opt (n=203,244): Infidelity = 2.043587e-01
  Random Opt (n=75,241): Infidelity = 2.617508e-01
  Random Opt (n=124,66): Infidelity = 3.156375e-01
  Random Opt (n=255,93): Infidelity = 2.467335e-01
  Random Opt (n=236,67): Infidelity = 2.733786e-01
  Random Opt (n=101,262): Infidelity = 2.382311e-01
  Random Opt (n=75,37): Infidelity = 3.691935e-01
  Random Opt (n=281,282): Infidelity = 1.997205e-01
  Random Opt (n=279,10): Infidelity = 4.615159e-01
  Best Optimized (Ideal): 1.866675e-01

Gate Time: 1280.0 tau (Tg/T2q1=1.6602, Tg/T2q2=1.6634)
  Time-domain setup: pad_factor=1, dt=0.1250 tau, tau/4=0.2500 tau
  No Pulse (Ideal): 7.149856e-01
Evaluating 63 known sequences...
Using Folded Noise Matrix (M=8)...
  Time-domain setup: pad_factor=1, dt=0.2500 tau, tau/4=0.2500 tau
  Best Known (Char): 1.539348e-01 (mqCDD(n=6, m=1))
  Best Known (Ideal): 1.649632e-01
  Running Random Optimization...
  Randomly selected pulse counts: [(129, 145), (134, 56), (130, 93), (39, 132), (20, 8), (46, 3), (91, 4), (140, 1), (58, 98), (108, 57), (72, 134), (156, 146), (25, 23), (31, 47), (126, 121), (90, 31), (62, 10), (98, 129), (155, 73), (117, 5)]
Using Folded Noise Matrix (M=8)...
  Random Opt (n=129,145): Infidelity = 1.006463e-01
  Random Opt (n=134,56): Infidelity = 1.377741e-01
  Random Opt (n=130,93): Infidelity = 1.152409e-01
  Random Opt (n=39,132): Infidelity = 1.420059e-01
  Random Opt (n=20,8): Infidelity = 3.596448e-01
  Random Opt (n=46,3): Infidelity = 3.748634e-01
  Random Opt (n=91,4): Infidelity = 3.742758e-01
  Random Opt (n=140,1): Infidelity = 4.186585e-01
  Random Opt (n=58,98): Infidelity = 1.417248e-01
  Random Opt (n=108,57): Infidelity = 1.362775e-01
  Random Opt (n=72,134): Infidelity = 1.208517e-01
  Random Opt (n=156,146): Infidelity = 9.899548e-02
  Random Opt (n=25,23): Infidelity = 2.868642e-01
  Random Opt (n=31,47): Infidelity = 1.874939e-01
  Random Opt (n=126,121): Infidelity = 1.068400e-01
  Random Opt (n=90,31): Infidelity = 1.687810e-01
  Random Opt (n=62,10): Infidelity = 3.505177e-01
  Random Opt (n=98,129): Infidelity = 1.124109e-01
  Random Opt (n=155,73): Infidelity = 1.183850e-01
  Random Opt (n=117,5): Infidelity = 2.776122e-01
  Best Optimized (Ideal): 9.952447e-02

Gate Time: 640.0 tau (Tg/T2q1=0.8301, Tg/T2q2=0.8317)
  Time-domain setup: pad_factor=1, dt=0.1250 tau, tau/4=0.2500 tau
  No Pulse (Ideal): 6.179135e-01
Evaluating 45 known sequences...
Using Folded Noise Matrix (M=8)...
  Time-domain setup: pad_factor=1, dt=0.2500 tau, tau/4=0.2500 tau
  Best Known (Char): 8.130866e-02 (mqCDD(n=5, m=1))
  Best Known (Ideal): 8.759437e-02
  Running Random Optimization...
  Randomly selected pulse counts: [(24, 10), (76, 54), (32, 38), (59, 15), (12, 57), (61, 65), (5, 45), (4, 18), (74, 69), (26, 22), (59, 67), (69, 4), (54, 3), (50, 48), (55, 58), (10, 6), (19, 53), (46, 48), (74, 69), (63, 46)]
Using Folded Noise Matrix (M=8)...
  Random Opt (n=24,10): Infidelity = 1.399117e-01
  Random Opt (n=76,54): Infidelity = 5.690973e-02
  Random Opt (n=32,38): Infidelity = 8.006390e-02
  Random Opt (n=59,15): Infidelity = 8.587529e-02
  Random Opt (n=12,57): Infidelity = 1.189057e-01
  Random Opt (n=61,65): Infidelity = 5.408237e-02
  Random Opt (n=5,45): Infidelity = 1.865594e-01
  Random Opt (n=4,18): Infidelity = 2.160933e-01
  Random Opt (n=74,69): Infidelity = 5.259049e-02
  Random Opt (n=26,22): Infidelity = 9.735924e-02
  Random Opt (n=59,67): Infidelity = 5.364174e-02
  Random Opt (n=69,4): Infidelity = 2.048714e-01
  Random Opt (n=54,3): Infidelity = 1.467947e-01
  Random Opt (n=50,48): Infidelity = 6.556052e-02
  Random Opt (n=55,58): Infidelity = 5.874235e-02
  Random Opt (n=10,6): Infidelity = 2.870313e-01
  Random Opt (n=19,53): Infidelity = 7.774123e-02
  Random Opt (n=46,48): Infidelity = 6.660328e-02
  Random Opt (n=74,69): Infidelity = 5.259049e-02
  Random Opt (n=63,46): Infidelity = 6.172386e-02
  Best Optimized (Ideal): 5.230955e-02

Gate Time: 320.0 tau (Tg/T2q1=0.4150, Tg/T2q2=0.4158)
  Time-domain setup: pad_factor=1, dt=0.1250 tau, tau/4=0.2500 tau
  No Pulse (Ideal): 4.503324e-01
Evaluating 30 known sequences...
Using Folded Noise Matrix (M=8)...
  Time-domain setup: pad_factor=1, dt=0.2500 tau, tau/4=0.2500 tau
  Best Known (Char): 4.130234e-02 (mqCDD(n=4, m=1))
  Best Known (Ideal): 4.371235e-02
  Running Random Optimization...
  Randomly selected pulse counts: [(27, 2), (35, 30), (3, 29), (24, 5), (32, 30), (14, 18), (4, 7), (19, 28), (28, 2), (22, 32), (31, 6), (34, 7), (22, 29), (20, 7), (6, 11), (30, 23), (35, 7), (27, 34), (27, 14), (0, 28)]
Using Folded Noise Matrix (M=8)...
  Random Opt (n=27,2): Infidelity = 1.152870e-01
  Random Opt (n=35,30): Infidelity = 2.994215e-02
  Random Opt (n=3,29): Infidelity = 7.402372e-02
  Random Opt (n=24,5): Infidelity = 5.933524e-02
  Random Opt (n=32,30): Infidelity = 3.099783e-02
  Random Opt (n=14,18): Infidelity = 4.531580e-02
  Random Opt (n=4,7): Infidelity = 9.426942e-02
  Random Opt (n=19,28): Infidelity = 3.363216e-02
  Random Opt (n=28,2): Infidelity = 1.166583e-01
  Random Opt (n=22,32): Infidelity = 3.264165e-02
  Random Opt (n=31,6): Infidelity = 6.472572e-02
  Random Opt (n=34,7): Infidelity = 4.543791e-02
  Random Opt (n=22,29): Infidelity = 3.174096e-02
  Random Opt (n=20,7): Infidelity = 5.049215e-02
  Random Opt (n=6,11): Infidelity = 6.847692e-02
  Random Opt (n=30,23): Infidelity = 3.279483e-02
  Random Opt (n=35,7): Infidelity = 4.530944e-02
  Random Opt (n=27,34): Infidelity = 2.875053e-02
  Random Opt (n=27,14): Infidelity = 3.978363e-02
  Random Opt (n=0,28): Infidelity = 2.798250e-01
  Best Optimized (Ideal): 2.884577e-02
Saved all plotting data to /home/mqasimk/IdeaProjects/QNS-2Q/DraftRun_SPAM_featured_reference/plotting_data/plotting_data_id_v4_uncapped.npz

================================================================================
                        FINAL COMPARISON (Best Overall)                         
================================================================================
Infidelity                | 4.371235e-02              | 2.884577e-02             
Sequence                  | mqCDD(n=4, m=1)^8         | NT(27,34)^8              
================================================================================

To generate plots, run:
  python plot_optimization.py --data-dir /home/mqasimk/IdeaProjects/QNS-2Q/DraftRun_SPAM_featured_reference --gate-type id

========================================
Running Optimization for M = 16
========================================
Loading reconstructed spectra from /home/mqasimk/IdeaProjects/QNS-2Q/DraftRun_SPAM_featured_reference/specs.npz
  specs spam_protocol: none
[idle] WARNING: spectra model_version='unknown' != current noise model 'anchored-tarucha-20260610'; the ideal benchmark uses the CURRENT model -- regenerate Stage 1/2.
[idle] max_pulses=0: pulse count limited only by the minimum separation tau (n <= T_seq/tau - 1 per qubit per repetition)
Calculated T2 times (Ideal): Q1=7.71e+02 tau, Q2=7.70e+02 tau
Configuration loaded for M=16.

============================================================
RUNNING OPTIMIZATION PIPELINE
M (Repetitions): 16
Total Pulse Limit: 1000000000
Pulse Limit Per Repetition: 62500000
============================================================

Gate Time: 10240.0 tau (Tg/T2q1=13.2815, Tg/T2q2=13.3069)
  Time-domain setup: pad_factor=1, dt=0.1250 tau, tau/4=0.2500 tau
  No Pulse (Ideal): 7.499998e-01
Evaluating 108 known sequences...
Using Frequency Comb Approximation (M=16)...
  Best Known (Char): 6.053344e-01 (mqCDD(n=8, m=1))
  Best Known (Ideal): 6.340973e-01
  Running Random Optimization...
  Randomly selected pulse counts: [(434, 569), (322, 542), (166, 523), (497, 174), (605, 99), (93, 252), (401, 0), (335, 168), (561, 451), (121, 528), (354, 576), (178, 4), (154, 598), (460, 91), (531, 432), (227, 518), (200, 255), (235, 355), (255, 527), (0, 588)]
Using Frequency Comb Approximation (M=16)...
  Random Opt (n=434,569): Infidelity = 4.367390e-01
  Random Opt (n=322,542): Infidelity = 5.087640e-01
  Random Opt (n=166,523): Infidelity = 5.739583e-01
  Random Opt (n=497,174): Infidelity = 5.640233e-01
  Random Opt (n=605,99): Infidelity = 6.237772e-01
  Random Opt (n=93,252): Infidelity = 6.690694e-01
  Random Opt (n=401,0): Infidelity = 6.380892e-01
  Random Opt (n=335,168): Infidelity = 5.948089e-01
  Random Opt (n=561,451): Infidelity = 4.188398e-01
  Random Opt (n=121,528): Infidelity = 6.081972e-01
  Random Opt (n=354,576): Infidelity = 4.994370e-01
  Random Opt (n=178,4): Infidelity = 6.938111e-01
  Random Opt (n=154,598): Infidelity = 5.826635e-01
  Random Opt (n=460,91): Infidelity = 6.084972e-01
  Random Opt (n=531,432): Infidelity = 4.226393e-01
  Random Opt (n=227,518): Infidelity = 5.474040e-01
  Random Opt (n=200,255): Infidelity = 5.693354e-01
  Random Opt (n=235,355): Infidelity = 5.367933e-01
  Random Opt (n=255,527): Infidelity = 5.295706e-01
  Random Opt (n=0,588): Infidelity = 6.366291e-01
  Best Optimized (Ideal): 5.124511e-01

Gate Time: 5120.0 tau (Tg/T2q1=6.6407, Tg/T2q2=6.6534)
  Time-domain setup: pad_factor=1, dt=0.1250 tau, tau/4=0.2500 tau
  No Pulse (Ideal): 7.498702e-01
Evaluating 84 known sequences...
Using Frequency Comb Approximation (M=16)...
  Best Known (Char): 4.332443e-01 (mqCDD(n=7, m=1))
  Best Known (Ideal): 4.658514e-01
  Running Random Optimization...
  Randomly selected pulse counts: [(213, 115), (211, 188), (279, 173), (15, 115), (272, 264), (27, 104), (24, 167), (299, 134), (194, 8), (123, 78), (57, 38), (128, 131), (67, 146), (180, 245), (277, 286), (61, 263), (169, 74), (294, 96), (121, 269), (283, 85)]
Using Frequency Comb Approximation (M=16)...
  Random Opt (n=213,115): Infidelity = 3.910961e-01
  Random Opt (n=211,188): Infidelity = 3.009940e-01
  Random Opt (n=279,173): Infidelity = 3.313256e-01
  Random Opt (n=15,115): Infidelity = 6.073909e-01
  Random Opt (n=272,264): Infidelity = 2.528526e-01
  Random Opt (n=27,104): Infidelity = 5.816990e-01
  Random Opt (n=24,167): Infidelity = 5.882129e-01
  Random Opt (n=299,134): Infidelity = 3.586858e-01
  Random Opt (n=194,8): Infidelity = 5.897877e-01
  Random Opt (n=123,78): Infidelity = 4.338449e-01
  Random Opt (n=57,38): Infidelity = 5.508388e-01
  Random Opt (n=128,131): Infidelity = 3.751977e-01
  Random Opt (n=67,146): Infidelity = 4.597979e-01
  Random Opt (n=180,245): Infidelity = 3.192865e-01
  Random Opt (n=277,286): Infidelity = 2.414610e-01
  Random Opt (n=61,263): Infidelity = 4.365656e-01
  Random Opt (n=169,74): Infidelity = 4.302535e-01
  Random Opt (n=294,96): Infidelity = 3.850052e-01
  Random Opt (n=121,269): Infidelity = 3.661952e-01
  Random Opt (n=283,85): Infidelity = 3.971728e-01
  Best Optimized (Ideal): 3.185294e-01

Gate Time: 2560.0 tau (Tg/T2q1=3.3204, Tg/T2q2=3.3267)
  Time-domain setup: pad_factor=1, dt=0.1250 tau, tau/4=0.2500 tau
  No Pulse (Ideal): 7.456525e-01
Evaluating 63 known sequences...
Using Frequency Comb Approximation (M=16)...
  Best Known (Char): 2.691929e-01 (mqCDD(n=6, m=1))
  Best Known (Ideal): 2.914806e-01
  Running Random Optimization...
  Randomly selected pulse counts: [(52, 91), (128, 120), (18, 96), (9, 48), (75, 76), (76, 26), (66, 84), (85, 136), (88, 55), (75, 119), (30, 88), (72, 83), (76, 45), (61, 120), (36, 115), (35, 104), (107, 52), (50, 10), (42, 132), (51, 82)]
Using Frequency Comb Approximation (M=16)...
  Random Opt (n=52,91): Infidelity = 2.424575e-01
  Random Opt (n=128,120): Infidelity = 1.494039e-01
  Random Opt (n=18,96): Infidelity = 3.312050e-01
  Random Opt (n=9,48): Infidelity = 4.317068e-01
  Random Opt (n=75,76): Infidelity = 2.029082e-01
  Random Opt (n=76,26): Infidelity = 3.088613e-01
  Random Opt (n=66,84): Infidelity = 2.089676e-01
  Random Opt (n=85,136): Infidelity = 1.921681e-01
  Random Opt (n=88,55): Infidelity = 2.288382e-01
  Random Opt (n=75,119): Infidelity = 2.020487e-01
  Random Opt (n=30,88): Infidelity = 2.942406e-01
  Random Opt (n=72,83): Infidelity = 2.006191e-01
  Random Opt (n=76,45): Infidelity = 2.527509e-01
  Random Opt (n=61,120): Infidelity = 2.205235e-01
  Random Opt (n=36,115): Infidelity = 2.559415e-01
  Random Opt (n=35,104): Infidelity = 2.617974e-01
  Random Opt (n=107,52): Infidelity = 2.416169e-01
  Random Opt (n=50,10): Infidelity = 4.136392e-01
  Random Opt (n=42,132): Infidelity = 2.410671e-01
  Random Opt (n=51,82): Infidelity = 2.361073e-01
  Best Optimized (Ideal): 1.997179e-01

Gate Time: 1280.0 tau (Tg/T2q1=1.6602, Tg/T2q2=1.6634)
  Time-domain setup: pad_factor=1, dt=0.1250 tau, tau/4=0.2500 tau
  No Pulse (Ideal): 7.151152e-01
Evaluating 45 known sequences...
Using Folded Noise Matrix (M=16)...
  Time-domain setup: pad_factor=1, dt=0.2500 tau, tau/4=0.2500 tau
  Best Known (Char): 1.528623e-01 (mqCDD(n=5, m=1))
  Best Known (Ideal): 1.640983e-01
  Running Random Optimization...
  Randomly selected pulse counts: [(70, 54), (51, 55), (41, 60), (70, 4), (69, 26), (56, 74), (17, 44), (48, 69), (16, 2), (24, 45), (17, 10), (51, 72), (0, 20), (60, 51), (24, 66), (63, 30), (60, 68), (20, 27), (16, 68), (43, 36)]
Using Folded Noise Matrix (M=16)...
  Random Opt (n=70,54): Infidelity = 1.209217e-01
  Random Opt (n=51,55): Infidelity = 1.109203e-01
  Random Opt (n=41,60): Infidelity = 1.238300e-01
  Random Opt (n=70,4): Infidelity = 3.457021e-01
  Random Opt (n=69,26): Infidelity = 1.401459e-01
  Random Opt (n=56,74): Infidelity = 1.091149e-01
  Random Opt (n=17,44): Infidelity = 1.625691e-01
  Random Opt (n=48,69): Infidelity = 1.121181e-01
  Random Opt (n=16,2): Infidelity = 4.118265e-01
  Random Opt (n=24,45): Infidelity = 1.510990e-01
  Random Opt (n=17,10): Infidelity = 2.552187e-01
  Random Opt (n=51,72): Infidelity = 1.104314e-01
  Random Opt (n=0,20): Infidelity = 5.476099e-01
  Random Opt (n=60,51): Infidelity = 1.186266e-01
  Random Opt (n=24,66): Infidelity = 1.407553e-01
  Random Opt (n=63,30): Infidelity = 1.353153e-01
  Random Opt (n=60,68): Infidelity = 1.124068e-01
  Random Opt (n=20,27): Infidelity = 1.805909e-01
  Random Opt (n=16,68): Infidelity = 1.693837e-01
  Random Opt (n=43,36): Infidelity = 1.370393e-01
  Best Optimized (Ideal): 1.085054e-01

Gate Time: 640.0 tau (Tg/T2q1=0.8301, Tg/T2q2=0.8317)
  Time-domain setup: pad_factor=1, dt=0.1250 tau, tau/4=0.2500 tau
  No Pulse (Ideal): 6.185104e-01
Evaluating 30 known sequences...
Using Folded Noise Matrix (M=16)...
  Time-domain setup: pad_factor=1, dt=0.2500 tau, tau/4=0.2500 tau
  Best Known (Char): 7.973404e-02 (mqCDD(n=4, m=1))
  Best Known (Ideal): 8.445973e-02
  Running Random Optimization...
  Randomly selected pulse counts: [(5, 25), (17, 30), (4, 21), (11, 6), (4, 32), (6, 25), (35, 13), (13, 38), (4, 7), (14, 35), (15, 35), (23, 32), (12, 13), (11, 17), (26, 25), (33, 31), (3, 18), (25, 1), (32, 5), (5, 9)]
Using Folded Noise Matrix (M=16)...
  Random Opt (n=5,25): Infidelity = 9.917313e-02
  Random Opt (n=17,30): Infidelity = 6.681642e-02
  Random Opt (n=4,21): Infidelity = 1.523358e-01
  Random Opt (n=11,6): Infidelity = 1.345805e-01
  Random Opt (n=4,32): Infidelity = 1.471810e-01
  Random Opt (n=6,25): Infidelity = 1.149994e-01
  Random Opt (n=35,13): Infidelity = 6.987988e-02
  Random Opt (n=13,38): Infidelity = 6.707008e-02
  Random Opt (n=4,7): Infidelity = 1.741288e-01
  Random Opt (n=14,35): Infidelity = 7.239731e-02
  Random Opt (n=15,35): Infidelity = 6.488636e-02
  Random Opt (n=23,32): Infidelity = 5.994014e-02
  Random Opt (n=12,13): Infidelity = 9.298846e-02
  Random Opt (n=11,17): Infidelity = 8.114098e-02
  Random Opt (n=26,25): Infidelity = 6.105656e-02
  Random Opt (n=33,31): Infidelity = 5.298520e-02
  Random Opt (n=3,18): Infidelity = 1.465042e-01
  Random Opt (n=25,1): Infidelity = 1.478176e-01
  Random Opt (n=32,5): Infidelity = 1.017669e-01
  Random Opt (n=5,9): Infidelity = 1.180248e-01
  Best Optimized (Ideal): 5.328112e-02

Gate Time: 320.0 tau (Tg/T2q1=0.4150, Tg/T2q2=0.4158)
  Time-domain setup: pad_factor=1, dt=0.1250 tau, tau/4=0.2500 tau
  No Pulse (Ideal): 4.518662e-01
Evaluating 18 known sequences...
Using Folded Noise Matrix (M=16)...
  Time-domain setup: pad_factor=1, dt=0.2500 tau, tau/4=0.2500 tau
  Best Known (Char): 4.156770e-02 (mqCDD(n=3, m=1))
  Best Known (Ideal): 4.411463e-02
  Running Random Optimization...
  Randomly selected pulse counts: [(3, 15), (5, 13), (17, 2), (0, 13), (18, 3), (4, 1), (12, 11), (16, 4), (18, 7), (18, 5), (0, 11), (11, 7), (10, 1), (0, 5), (16, 13), (6, 8), (0, 16), (8, 17), (2, 0), (10, 12)]
Using Folded Noise Matrix (M=16)...
  Random Opt (n=3,15): Infidelity = 4.306924e-02
  Random Opt (n=5,13): Infidelity = 3.781882e-02
  Random Opt (n=17,2): Infidelity = 1.162129e-01
  Random Opt (n=0,13): Infidelity = 2.806955e-01
  Random Opt (n=18,3): Infidelity = 4.836033e-02
  Random Opt (n=4,1): Infidelity = 1.312889e-01
  Random Opt (n=12,11): Infidelity = 3.778775e-02
  Random Opt (n=16,4): Infidelity = 6.685870e-02
  Random Opt (n=18,7): Infidelity = 3.752717e-02
  Random Opt (n=18,5): Infidelity = 4.102862e-02
  Random Opt (n=0,11): Infidelity = 2.824813e-01
  Random Opt (n=11,7): Infidelity = 3.716036e-02
  Random Opt (n=10,1): Infidelity = 1.091172e-01
  Random Opt (n=0,5): Infidelity = 2.879574e-01
  Random Opt (n=16,13): Infidelity = 3.082966e-02
  Random Opt (n=6,8): Infidelity = 6.293196e-02
  Random Opt (n=0,16): Infidelity = 2.826480e-01
  Random Opt (n=8,17): Infidelity = 3.961816e-02
  Random Opt (n=2,0): Infidelity = 3.253339e-01
  Random Opt (n=10,12): Infidelity = 4.437051e-02
  Best Optimized (Ideal): 3.148074e-02
Saved all plotting data to /home/mqasimk/IdeaProjects/QNS-2Q/DraftRun_SPAM_featured_reference/plotting_data/plotting_data_id_v4_uncapped.npz

================================================================================
                        FINAL COMPARISON (Best Overall)                         
================================================================================
Infidelity                | 4.411463e-02              | 3.148074e-02             
Sequence                  | mqCDD(n=3, m=1)^16        | NT(16,13)^16             
================================================================================

To generate plots, run:
  python plot_optimization.py --data-dir /home/mqasimk/IdeaProjects/QNS-2Q/DraftRun_SPAM_featured_reference --gate-type id

========================================
Running Optimization for M = 32
========================================
Loading reconstructed spectra from /home/mqasimk/IdeaProjects/QNS-2Q/DraftRun_SPAM_featured_reference/specs.npz
  specs spam_protocol: none
[idle] WARNING: spectra model_version='unknown' != current noise model 'anchored-tarucha-20260610'; the ideal benchmark uses the CURRENT model -- regenerate Stage 1/2.
[idle] max_pulses=0: pulse count limited only by the minimum separation tau (n <= T_seq/tau - 1 per qubit per repetition)
Calculated T2 times (Ideal): Q1=7.71e+02 tau, Q2=7.70e+02 tau
Configuration loaded for M=32.

============================================================
RUNNING OPTIMIZATION PIPELINE
M (Repetitions): 32
Total Pulse Limit: 1000000000
Pulse Limit Per Repetition: 31250000
============================================================

Gate Time: 10240.0 tau (Tg/T2q1=13.2815, Tg/T2q2=13.3069)
  Time-domain setup: pad_factor=1, dt=0.1250 tau, tau/4=0.2500 tau
  No Pulse (Ideal): 7.499998e-01
Evaluating 84 known sequences...
Using Frequency Comb Approximation (M=32)...
  Best Known (Char): 6.047173e-01 (mqCDD(n=7, m=1))
  Best Known (Ideal): 6.346108e-01
  Running Random Optimization...
  Randomly selected pulse counts: [(3, 77), (118, 206), (282, 294), (189, 202), (225, 62), (286, 135), (12, 142), (201, 115), (14, 283), (87, 63), (218, 238), (302, 113), (245, 269), (136, 91), (87, 53), (172, 29), (28, 136), (265, 196), (114, 301), (113, 178)]
Using Frequency Comb Approximation (M=32)...
  Random Opt (n=3,77): Infidelity = 7.213480e-01
  Random Opt (n=118,206): Infidelity = 5.354724e-01
  Random Opt (n=282,294): Infidelity = 3.390281e-01
  Random Opt (n=189,202): Infidelity = 4.304754e-01
  Random Opt (n=225,62): Infidelity = 5.931385e-01
  Random Opt (n=286,135): Infidelity = 5.274914e-01
  Random Opt (n=12,142): Infidelity = 6.971788e-01
  Random Opt (n=201,115): Infidelity = 5.365441e-01
  Random Opt (n=14,283): Infidelity = 6.709928e-01
  Random Opt (n=87,63): Infidelity = 6.146991e-01
  Random Opt (n=218,238): Infidelity = 3.924852e-01
  Random Opt (n=302,113): Infidelity = 5.432271e-01
  Random Opt (n=245,269): Infidelity = 3.693778e-01
  Random Opt (n=136,91): Infidelity = 5.683902e-01
  Random Opt (n=87,53): Infidelity = 6.458795e-01
  Random Opt (n=172,29): Infidelity = 6.574406e-01
  Random Opt (n=28,136): Infidelity = 7.030922e-01
  Random Opt (n=265,196): Infidelity = 4.527473e-01
  Random Opt (n=114,301): Infidelity = 5.499212e-01
  Random Opt (n=113,178): Infidelity = 5.400514e-01
  Best Optimized (Ideal): 4.879653e-01

Gate Time: 5120.0 tau (Tg/T2q1=6.6407, Tg/T2q2=6.6534)
  Time-domain setup: pad_factor=1, dt=0.1250 tau, tau/4=0.2500 tau
  No Pulse (Ideal): 7.498709e-01
Evaluating 63 known sequences...
Using Frequency Comb Approximation (M=32)...
  Best Known (Char): 4.349654e-01 (mqCDD(n=6, m=1))
  Best Known (Ideal): 4.645864e-01
  Running Random Optimization...
  Randomly selected pulse counts: [(61, 28), (62, 51), (85, 152), (101, 64), (131, 133), (3, 104), (74, 131), (71, 56), (87, 70), (154, 59), (14, 90), (2, 137), (77, 38), (60, 131), (33, 97), (96, 53), (71, 7), (77, 145), (88, 77), (142, 145)]
Using Frequency Comb Approximation (M=32)...
  Random Opt (n=61,28): Infidelity = 4.763764e-01
  Random Opt (n=62,51): Infidelity = 3.947513e-01
  Random Opt (n=85,152): Infidelity = 3.332873e-01
  Random Opt (n=101,64): Infidelity = 3.603097e-01
  Random Opt (n=131,133): Infidelity = 2.515645e-01
  Random Opt (n=3,104): Infidelity = 6.134668e-01
  Random Opt (n=74,131): Infidelity = 3.471901e-01
  Random Opt (n=71,56): Infidelity = 3.784426e-01
  Random Opt (n=87,70): Infidelity = 3.439980e-01
  Random Opt (n=154,59): Infidelity = 3.677715e-01
  Random Opt (n=14,90): Infidelity = 5.565531e-01
  Random Opt (n=2,137): Infidelity = 6.107511e-01
  Random Opt (n=77,38): Infidelity = 4.330505e-01
  Random Opt (n=60,131): Infidelity = 3.695300e-01
  Random Opt (n=33,97): Infidelity = 4.369987e-01
  Random Opt (n=96,53): Infidelity = 3.873206e-01
  Random Opt (n=71,7): Infidelity = 5.628204e-01
  Random Opt (n=77,145): Infidelity = 3.407947e-01
  Random Opt (n=88,77): Infidelity = 3.306130e-01
  Random Opt (n=142,145): Infidelity = 2.381604e-01
  Best Optimized (Ideal): 3.155653e-01

Gate Time: 2560.0 tau (Tg/T2q1=3.3204, Tg/T2q2=3.3267)
  Time-domain setup: pad_factor=1, dt=0.1250 tau, tau/4=0.2500 tau
  No Pulse (Ideal): 7.456781e-01
Evaluating 45 known sequences...
Using Frequency Comb Approximation (M=32)...
  Best Known (Char): 2.678700e-01 (mqCDD(n=5, m=1))
  Best Known (Ideal): 2.900811e-01
  Running Random Optimization...
  Randomly selected pulse counts: [(29, 38), (16, 16), (69, 12), (1, 54), (61, 69), (29, 15), (57, 36), (49, 4), (54, 69), (76, 14), (17, 20), (29, 27), (56, 24), (3, 61), (63, 23), (53, 12), (28, 64), (12, 63), (47, 77), (10, 49)]
Using Frequency Comb Approximation (M=32)...
  Random Opt (n=29,38): Infidelity = 2.407294e-01
  Random Opt (n=16,16): Infidelity = 3.271423e-01
  Random Opt (n=69,12): Infidelity = 2.931835e-01
  Random Opt (n=1,54): Infidelity = 5.000102e-01
  Random Opt (n=61,69): Infidelity = 1.760833e-01
  Random Opt (n=29,15): Infidelity = 3.039843e-01
  Random Opt (n=57,36): Infidelity = 2.172197e-01
  Random Opt (n=49,4): Infidelity = 3.994873e-01
  Random Opt (n=54,69): Infidelity = 1.821389e-01
  Random Opt (n=76,14): Infidelity = 2.802381e-01
  Random Opt (n=17,20): Infidelity = 3.010500e-01
  Random Opt (n=29,27): Infidelity = 2.549877e-01
  Random Opt (n=56,24): Infidelity = 2.458299e-01
  Random Opt (n=3,61): Infidelity = 4.147913e-01
  Random Opt (n=63,23): Infidelity = 2.402409e-01
  Random Opt (n=53,12): Infidelity = 3.022466e-01
  Random Opt (n=28,64): Infidelity = 2.252590e-01
  Random Opt (n=12,63): Infidelity = 2.955311e-01
  Random Opt (n=47,77): Infidelity = 1.869431e-01
  Random Opt (n=10,49): Infidelity = 3.197928e-01
  Best Optimized (Ideal): 1.918967e-01

Gate Time: 1280.0 tau (Tg/T2q1=1.6602, Tg/T2q2=1.6634)
  Time-domain setup: pad_factor=1, dt=0.1250 tau, tau/4=0.2500 tau
  No Pulse (Ideal): 7.153692e-01
Evaluating 30 known sequences...
Using Folded Noise Matrix (M=32)...
  Time-domain setup: pad_factor=1, dt=0.2500 tau, tau/4=0.2500 tau
  Best Known (Char): 1.498395e-01 (mqCDD(n=4, m=1))
  Best Known (Ideal): 1.586153e-01
  Running Random Optimization...
  Randomly selected pulse counts: [(31, 13), (8, 28), (18, 16), (21, 36), (34, 21), (22, 22), (23, 32), (32, 28), (2, 32), (29, 18), (15, 9), (1, 18), (8, 27), (21, 1), (24, 19), (3, 18), (31, 24), (28, 2), (37, 30), (16, 13)]
Using Folded Noise Matrix (M=32)...
  Random Opt (n=31,13): Infidelity = 1.317515e-01
  Random Opt (n=8,28): Infidelity = 1.827503e-01
  Random Opt (n=18,16): Infidelity = 1.643343e-01
  Random Opt (n=21,36): Infidelity = 1.141122e-01
  Random Opt (n=34,21): Infidelity = 1.172592e-01
  Random Opt (n=22,22): Infidelity = 1.767082e-01
  Random Opt (n=23,32): Infidelity = 1.146192e-01
  Random Opt (n=32,28): Infidelity = 1.162411e-01
  Random Opt (n=2,32): Infidelity = 3.403361e-01
  Random Opt (n=29,18): Infidelity = 1.344364e-01
  Random Opt (n=15,9): Infidelity = 1.650198e-01
  Random Opt (n=1,18): Infidelity = 2.895730e-01
  Random Opt (n=8,27): Infidelity = 1.767193e-01
  Random Opt (n=21,1): Infidelity = 2.603545e-01
  Random Opt (n=24,19): Infidelity = 1.339276e-01
  Random Opt (n=3,18): Infidelity = 2.550781e-01
  Random Opt (n=31,24): Infidelity = 1.218751e-01
  Random Opt (n=28,2): Infidelity = 3.379108e-01
  Random Opt (n=37,30): Infidelity = 1.098095e-01
  Random Opt (n=16,13): Infidelity = 1.626124e-01
  Best Optimized (Ideal): 1.069883e-01

Gate Time: 640.0 tau (Tg/T2q1=0.8301, Tg/T2q2=0.8317)
  Time-domain setup: pad_factor=1, dt=0.1250 tau, tau/4=0.2500 tau
  No Pulse (Ideal): 6.196927e-01
Evaluating 18 known sequences...
Using Folded Noise Matrix (M=32)...
  Time-domain setup: pad_factor=1, dt=0.2500 tau, tau/4=0.2500 tau
  Best Known (Char): 7.967340e-02 (mqCDD(n=3, m=1))
  Best Known (Ideal): 8.491942e-02
  Running Random Optimization...
  Randomly selected pulse counts: [(12, 2), (0, 2), (9, 13), (16, 16), (1, 18), (1, 2), (10, 18), (2, 14), (7, 9), (3, 5), (10, 7), (14, 9), (10, 10), (18, 6), (12, 16), (2, 15), (12, 10), (13, 7), (5, 5), (16, 10)]
Using Folded Noise Matrix (M=32)...
  Random Opt (n=12,2): Infidelity = 2.170520e-01
  Random Opt (n=0,2): Infidelity = 5.089217e-01
  Random Opt (n=9,13): Infidelity = 6.281413e-02
  Random Opt (n=16,16): Infidelity = 8.769008e-02
  Random Opt (n=1,18): Infidelity = 1.380921e-01
  Random Opt (n=1,2): Infidelity = 2.682800e-01
  Random Opt (n=10,18): Infidelity = 7.789320e-02
  Random Opt (n=2,14): Infidelity = 1.919073e-01
  Random Opt (n=7,9): Infidelity = 7.328623e-02
  Random Opt (n=3,5): Infidelity = 1.015763e-01
  Random Opt (n=10,7): Infidelity = 8.212035e-02
  Random Opt (n=14,9): Infidelity = 7.268025e-02
  Random Opt (n=10,10): Infidelity = 1.106034e-01
  Random Opt (n=18,6): Infidelity = 1.069043e-01
  Random Opt (n=12,16): Infidelity = 7.543443e-02
  Random Opt (n=2,15): Infidelity = 1.808764e-01
  Random Opt (n=12,10): Infidelity = 8.806066e-02
  Random Opt (n=13,7): Infidelity = 6.879808e-02
  Random Opt (n=5,5): Infidelity = 1.108891e-01
  Random Opt (n=16,10): Infidelity = 7.860805e-02
  Best Optimized (Ideal): 6.239646e-02

Gate Time: 320.0 tau (Tg/T2q1=0.4150, Tg/T2q2=0.4158)
  Time-domain setup: pad_factor=1, dt=0.1250 tau, tau/4=0.2500 tau
  No Pulse (Ideal): 4.549575e-01
Evaluating 9 known sequences...
Using Folded Noise Matrix (M=32)...
  Time-domain setup: pad_factor=1, dt=0.2500 tau, tau/4=0.2500 tau
  Best Known (Char): 4.392442e-02 (mqCDD(n=2, m=1))
  Best Known (Ideal): 4.565924e-02
  Running Random Optimization...
  Randomly selected pulse counts: [(0, 3), (1, 2), (1, 8), (7, 5), (0, 8), (2, 4), (8, 7), (5, 7), (5, 4), (7, 6), (1, 3), (2, 6), (0, 5), (5, 8), (8, 8), (8, 3), (4, 2), (7, 0), (0, 3), (6, 2)]
Using Folded Noise Matrix (M=32)...
  Random Opt (n=0,3): Infidelity = 2.896232e-01
  Random Opt (n=1,2): Infidelity = 1.001158e-01
  Random Opt (n=1,8): Infidelity = 6.085401e-02
  Random Opt (n=7,5): Infidelity = 3.089823e-02
  Random Opt (n=0,8): Infidelity = 2.986036e-01
  Random Opt (n=2,4): Infidelity = 1.088391e-01
  Random Opt (n=8,7): Infidelity = 4.575603e-02
  Random Opt (n=5,7): Infidelity = 3.003856e-02
  Random Opt (n=5,4): Infidelity = 5.425704e-02
  Random Opt (n=7,6): Infidelity = 4.205125e-02
  Random Opt (n=1,3): Infidelity = 5.041505e-02
  Random Opt (n=2,6): Infidelity = 9.921969e-02
  Random Opt (n=0,5): Infidelity = 2.867723e-01
  Random Opt (n=5,8): Infidelity = 4.785258e-02
  Random Opt (n=8,8): Infidelity = 7.476193e-02
  Random Opt (n=8,3): Infidelity = 5.242076e-02
  Random Opt (n=4,2): Infidelity = 1.082120e-01
  Random Opt (n=7,0): Infidelity = 2.785106e-01
  Random Opt (n=0,3): Infidelity = 2.896232e-01
  Random Opt (n=6,2): Infidelity = 9.885166e-02
  Best Optimized (Ideal): 2.974995e-02
Saved all plotting data to /home/mqasimk/IdeaProjects/QNS-2Q/DraftRun_SPAM_featured_reference/plotting_data/plotting_data_id_v4_uncapped.npz

================================================================================
                        FINAL COMPARISON (Best Overall)                         
================================================================================
Infidelity                | 4.565924e-02              | 2.974995e-02             
Sequence                  | mqCDD(n=2, m=1)^32        | NT(5,7)^32               
================================================================================

To generate plots, run:
  python plot_optimization.py --data-dir /home/mqasimk/IdeaProjects/QNS-2Q/DraftRun_SPAM_featured_reference --gate-type id

========================================
Running Optimization for M = 64
========================================
Loading reconstructed spectra from /home/mqasimk/IdeaProjects/QNS-2Q/DraftRun_SPAM_featured_reference/specs.npz
  specs spam_protocol: none
[idle] WARNING: spectra model_version='unknown' != current noise model 'anchored-tarucha-20260610'; the ideal benchmark uses the CURRENT model -- regenerate Stage 1/2.
[idle] max_pulses=0: pulse count limited only by the minimum separation tau (n <= T_seq/tau - 1 per qubit per repetition)
Calculated T2 times (Ideal): Q1=7.71e+02 tau, Q2=7.70e+02 tau
Configuration loaded for M=64.

============================================================
RUNNING OPTIMIZATION PIPELINE
M (Repetitions): 64
Total Pulse Limit: 1000000000
Pulse Limit Per Repetition: 15625000
============================================================

Gate Time: 10240.0 tau (Tg/T2q1=13.2815, Tg/T2q2=13.3069)
  Time-domain setup: pad_factor=1, dt=0.1250 tau, tau/4=0.2500 tau
  No Pulse (Ideal): 7.499998e-01
Evaluating 63 known sequences...
Using Frequency Comb Approximation (M=64)...
  Best Known (Char): 6.062825e-01 (mqCDD(n=6, m=1))
  Best Known (Ideal): 6.337648e-01
  Running Random Optimization...
  Randomly selected pulse counts: [(27, 76), (97, 142), (141, 32), (94, 30), (24, 111), (3, 70), (81, 100), (101, 138), (94, 56), (1, 50), (82, 131), (70, 65), (60, 1), (96, 101), (84, 114), (12, 138), (94, 8), (23, 126), (41, 114), (72, 99)]
Using Frequency Comb Approximation (M=64)...
  Random Opt (n=27,76): Infidelity = 6.298248e-01
  Random Opt (n=97,142): Infidelity = 4.645245e-01
  Random Opt (n=141,32): Infidelity = 5.836217e-01
  Random Opt (n=94,30): Infidelity = 6.011071e-01
  Random Opt (n=24,111): Infidelity = 6.379219e-01
  Random Opt (n=3,70): Infidelity = 7.024458e-01
  Random Opt (n=81,100): Infidelity = 4.734513e-01
  Random Opt (n=101,138): Infidelity = 4.491684e-01
  Random Opt (n=94,56): Infidelity = 5.376945e-01
  Random Opt (n=1,50): Infidelity = 7.094392e-01
  Random Opt (n=82,131): Infidelity = 4.944047e-01
  Random Opt (n=70,65): Infidelity = 5.129895e-01
  Random Opt (n=60,1): Infidelity = 6.739201e-01
  Random Opt (n=96,101): Infidelity = 4.250123e-01
  Random Opt (n=84,114): Infidelity = 4.755665e-01
  Random Opt (n=12,138): Infidelity = 6.732068e-01
  Random Opt (n=94,8): Infidelity = 6.522107e-01
  Random Opt (n=23,126): Infidelity = 6.323843e-01
  Random Opt (n=41,114): Infidelity = 5.774376e-01
  Random Opt (n=72,99): Infidelity = 5.023321e-01
  Best Optimized (Ideal): 5.321171e-01

Gate Time: 5120.0 tau (Tg/T2q1=6.6407, Tg/T2q2=6.6534)
  Time-domain setup: pad_factor=1, dt=0.1250 tau, tau/4=0.2500 tau
  No Pulse (Ideal): 7.498722e-01
Evaluating 45 known sequences...
Using Frequency Comb Approximation (M=64)...
  Best Known (Char): 4.331172e-01 (mqCDD(n=5, m=1))
  Best Known (Ideal): 4.628441e-01
  Running Random Optimization...
  Randomly selected pulse counts: [(14, 3), (16, 47), (13, 17), (69, 73), (46, 41), (72, 48), (45, 3), (11, 26), (34, 53), (56, 78), (64, 14), (65, 41), (54, 21), (45, 12), (55, 28), (51, 64), (34, 66), (61, 4), (12, 6), (60, 52)]
Using Frequency Comb Approximation (M=64)...
  Random Opt (n=14,3): Infidelity = 6.154815e-01
  Random Opt (n=16,47): Infidelity = 4.446765e-01
  Random Opt (n=13,17): Infidelity = 5.107012e-01
  Random Opt (n=69,73): Infidelity = 2.447786e-01
  Random Opt (n=46,41): Infidelity = 3.344960e-01
  Random Opt (n=72,48): Infidelity = 3.348767e-01
  Random Opt (n=45,3): Infidelity = 5.518410e-01
  Random Opt (n=11,26): Infidelity = 5.208623e-01
  Random Opt (n=34,53): Infidelity = 3.732690e-01
  Random Opt (n=56,78): Infidelity = 3.148651e-01
  Random Opt (n=64,14): Infidelity = 4.474895e-01
  Random Opt (n=65,41): Infidelity = 3.477463e-01
  Random Opt (n=54,21): Infidelity = 4.119243e-01
  Random Opt (n=45,12): Infidelity = 4.769542e-01
  Random Opt (n=55,28): Infidelity = 3.908981e-01
  Random Opt (n=51,64): Infidelity = 2.992028e-01
  Random Opt (n=34,66): Infidelity = 3.574307e-01
  Random Opt (n=61,4): Infidelity = 5.354219e-01
  Random Opt (n=12,6): Infidelity = 6.157818e-01
  Random Opt (n=60,52): Infidelity = 2.972044e-01
  Best Optimized (Ideal): 3.177911e-01

Gate Time: 2560.0 tau (Tg/T2q1=3.3204, Tg/T2q2=3.3267)
  Time-domain setup: pad_factor=1, dt=0.1250 tau, tau/4=0.2500 tau
  No Pulse (Ideal): 7.457285e-01
Evaluating 30 known sequences...
Using Frequency Comb Approximation (M=64)...
  Best Known (Char): 2.605312e-01 (mqCDD(n=4, m=1))
  Best Known (Ideal): 2.817283e-01
  Running Random Optimization...
  Randomly selected pulse counts: [(20, 18), (1, 2), (30, 19), (11, 21), (25, 38), (20, 21), (29, 29), (22, 35), (1, 18), (28, 25), (17, 28), (4, 26), (14, 14), (12, 1), (36, 38), (31, 0), (35, 32), (18, 17), (6, 19), (23, 11)]
Using Frequency Comb Approximation (M=64)...
  Random Opt (n=20,18): Infidelity = 2.267115e-01
  Random Opt (n=1,2): Infidelity = 5.210974e-01
  Random Opt (n=30,19): Infidelity = 2.113647e-01
  Random Opt (n=11,21): Infidelity = 2.569795e-01
  Random Opt (n=25,38): Infidelity = 1.852336e-01
  Random Opt (n=20,21): Infidelity = 2.119150e-01
  Random Opt (n=29,29): Infidelity = 1.779671e-01
  Random Opt (n=22,35): Infidelity = 1.938534e-01
  Random Opt (n=1,18): Infidelity = 4.386429e-01
  Random Opt (n=28,25): Infidelity = 1.833184e-01
  Random Opt (n=17,28): Infidelity = 2.154021e-01
  Random Opt (n=4,26): Infidelity = 3.719463e-01
  Random Opt (n=14,14): Infidelity = 2.554543e-01
  Random Opt (n=12,1): Infidelity = 4.308535e-01
  Random Opt (n=36,38): Infidelity = 1.608574e-01
  Random Opt (n=31,0): Infidelity = 5.431946e-01
  Random Opt (n=35,32): Infidelity = 1.630886e-01
  Random Opt (n=18,17): Infidelity = 2.264502e-01
  Random Opt (n=6,19): Infidelity = 3.203584e-01
  Random Opt (n=23,11): Infidelity = 2.510902e-01
  Best Optimized (Ideal): 1.900245e-01

Gate Time: 1280.0 tau (Tg/T2q1=1.6602, Tg/T2q2=1.6634)
  Time-domain setup: pad_factor=1, dt=0.1250 tau, tau/4=0.2500 tau
  No Pulse (Ideal): 7.158714e-01
Evaluating 18 known sequences...
Using Folded Noise Matrix (M=64)...
  Time-domain setup: pad_factor=1, dt=0.2500 tau, tau/4=0.2500 tau
  Best Known (Char): 1.490037e-01 (mqCDD(n=3, m=1))
  Best Known (Ideal): 1.591334e-01
  Running Random Optimization...
  Randomly selected pulse counts: [(3, 14), (6, 15), (16, 0), (10, 13), (9, 3), (7, 4), (1, 15), (6, 12), (6, 9), (16, 5), (2, 6), (16, 11), (10, 9), (1, 7), (8, 10), (9, 3), (1, 0), (0, 3), (5, 0), (17, 1)]
Using Folded Noise Matrix (M=64)...
  Random Opt (n=3,14): Infidelity = 1.718850e-01
  Random Opt (n=6,15): Infidelity = 1.803701e-01
  Random Opt (n=16,0): Infidelity = 5.119146e-01
  Random Opt (n=10,13): Infidelity = 1.344628e-01
  Random Opt (n=9,3): Infidelity = 1.710676e-01
  Random Opt (n=7,4): Infidelity = 2.359014e-01
  Random Opt (n=1,15): Infidelity = 2.291871e-01
  Random Opt (n=6,12): Infidelity = 2.099859e-01
  Random Opt (n=6,9): Infidelity = 1.951917e-01
  Random Opt (n=16,5): Infidelity = 1.465839e-01
  Random Opt (n=2,6): Infidelity = 3.706050e-01
  Random Opt (n=16,11): Infidelity = 1.220070e-01
  Random Opt (n=10,9): Infidelity = 1.442902e-01
  Random Opt (n=1,7): Infidelity = 2.504329e-01
  Random Opt (n=8,10): Infidelity = 1.773826e-01
  Random Opt (n=9,3): Infidelity = 1.710676e-01
  Random Opt (n=1,0): Infidelity = 5.746116e-01
  Random Opt (n=0,3): Infidelity = 5.474683e-01
  Random Opt (n=5,0): Infidelity = 5.236204e-01
  Random Opt (n=17,1): Infidelity = 2.765597e-01
  Best Optimized (Ideal): 1.220550e-01

Gate Time: 640.0 tau (Tg/T2q1=0.8301, Tg/T2q2=0.8317)
  Time-domain setup: pad_factor=1, dt=0.1250 tau, tau/4=0.2500 tau
  No Pulse (Ideal): 6.220445e-01
Evaluating 9 known sequences...
Using Folded Noise Matrix (M=64)...
  Time-domain setup: pad_factor=1, dt=0.2500 tau, tau/4=0.2500 tau
  Best Known (Char): 8.481330e-02 (mqCDD(n=2, m=1))
  Best Known (Ideal): 8.813319e-02
  Running Random Optimization...
  Randomly selected pulse counts: [(1, 8), (0, 4), (7, 5), (3, 2), (5, 1), (8, 6), (7, 8), (3, 5), (5, 5), (2, 0), (7, 7), (2, 0), (2, 2), (2, 6), (4, 2), (5, 6), (5, 1), (7, 1), (8, 6), (6, 0)]
Using Folded Noise Matrix (M=64)...
  Random Opt (n=1,8): Infidelity = 1.172563e-01
  Random Opt (n=0,4): Infidelity = 4.543177e-01
  Random Opt (n=7,5): Infidelity = 6.026471e-02
  Random Opt (n=3,2): Infidelity = 1.727127e-01
  Random Opt (n=5,1): Infidelity = 9.326093e-02
  Random Opt (n=8,6): Infidelity = 1.177809e-01
  Random Opt (n=7,8): Infidelity = 8.958067e-02
  Random Opt (n=3,5): Infidelity = 7.177313e-02
  Random Opt (n=5,5): Infidelity = 8.732509e-02
  Random Opt (n=2,0): Infidelity = 4.792282e-01
  Random Opt (n=7,7): Infidelity = 7.774347e-02
  Random Opt (n=2,0): Infidelity = 4.792282e-01
  Random Opt (n=2,2): Infidelity = 2.700035e-01
  Random Opt (n=2,6): Infidelity = 1.882775e-01
  Random Opt (n=4,2): Infidelity = 2.033280e-01
  Random Opt (n=5,6): Infidelity = 8.405276e-02
  Random Opt (n=5,1): Infidelity = 9.326093e-02
  Random Opt (n=7,1): Infidelity = 8.620003e-02
  Random Opt (n=8,6): Infidelity = 1.177809e-01
  Random Opt (n=6,0): Infidelity = 4.342055e-01
  Best Optimized (Ideal): 5.868738e-02

Gate Time: 320.0 tau (Tg/T2q1=0.4150, Tg/T2q2=0.4158)
  Time-domain setup: pad_factor=1, dt=0.1250 tau, tau/4=0.2500 tau
  No Pulse (Ideal): 4.610308e-01
Evaluating 3 known sequences...
Using Folded Noise Matrix (M=64)...
  Time-domain setup: pad_factor=1, dt=0.2500 tau, tau/4=0.2500 tau
  Best Known (Char): 3.544786e-02 (mqCDD(n=1, m=1))
  Best Known (Ideal): 3.757531e-02
  Running Random Optimization...
  Randomly selected pulse counts: [(1, 2), (3, 3), (3, 0), (3, 3), (0, 2), (1, 1), (2, 1), (1, 0), (1, 2), (3, 1), (3, 3), (3, 2), (0, 3), (1, 0), (3, 2), (3, 0), (0, 1), (3, 0), (3, 1), (2, 2)]
Using Folded Noise Matrix (M=64)...
  Random Opt (n=1,2): Infidelity = 8.011300e-02
  Random Opt (n=3,3): Infidelity = 4.137545e-02
  Random Opt (n=3,0): Infidelity = 2.875935e-01
  Random Opt (n=3,3): Infidelity = 4.137545e-02
  Random Opt (n=0,2): Infidelity = 3.256229e-01
  Random Opt (n=1,1): Infidelity = 5.337530e-02
  Random Opt (n=2,1): Infidelity = 8.072171e-02
  Random Opt (n=1,0): Infidelity = 2.918095e-01
  Random Opt (n=1,2): Infidelity = 8.011300e-02
  Random Opt (n=3,1): Infidelity = 3.672449e-02
  Random Opt (n=3,3): Infidelity = 4.137545e-02
  Random Opt (n=3,2): Infidelity = 7.506002e-02
  Random Opt (n=0,3): Infidelity = 2.932713e-01
  Random Opt (n=1,0): Infidelity = 2.918095e-01
  Random Opt (n=3,2): Infidelity = 7.506002e-02
  Random Opt (n=3,0): Infidelity = 2.875935e-01
  Random Opt (n=0,1): Infidelity = 2.982819e-01
  Random Opt (n=3,0): Infidelity = 2.875935e-01
  Random Opt (n=3,1): Infidelity = 3.672449e-02
  Random Opt (n=2,2): Infidelity = 1.288061e-01
  Best Optimized (Ideal): 3.828435e-02
Saved all plotting data to /home/mqasimk/IdeaProjects/QNS-2Q/DraftRun_SPAM_featured_reference/plotting_data/plotting_data_id_v4_uncapped.npz

================================================================================
                        FINAL COMPARISON (Best Overall)                         
================================================================================
Infidelity                | 3.757531e-02              | 3.828435e-02             
Sequence                  | mqCDD(n=1, m=1)^64        | NT(3,1)^64               
================================================================================

To generate plots, run:
  python plot_optimization.py --data-dir /home/mqasimk/IdeaProjects/QNS-2Q/DraftRun_SPAM_featured_reference --gate-type id

========================================
Running Optimization for M = 128
========================================
Loading reconstructed spectra from /home/mqasimk/IdeaProjects/QNS-2Q/DraftRun_SPAM_featured_reference/specs.npz
  specs spam_protocol: none
[idle] WARNING: spectra model_version='unknown' != current noise model 'anchored-tarucha-20260610'; the ideal benchmark uses the CURRENT model -- regenerate Stage 1/2.
[idle] max_pulses=0: pulse count limited only by the minimum separation tau (n <= T_seq/tau - 1 per qubit per repetition)
Calculated T2 times (Ideal): Q1=7.71e+02 tau, Q2=7.70e+02 tau
Configuration loaded for M=128.

============================================================
RUNNING OPTIMIZATION PIPELINE
M (Repetitions): 128
Total Pulse Limit: 1000000000
Pulse Limit Per Repetition: 7812500
============================================================

Gate Time: 10240.0 tau (Tg/T2q1=13.2815, Tg/T2q2=13.3069)
  Time-domain setup: pad_factor=1, dt=0.1250 tau, tau/4=0.2500 tau
  No Pulse (Ideal): 7.499998e-01
Evaluating 45 known sequences...
Using Frequency Comb Approximation (M=128)...
  Best Known (Char): 6.044083e-01 (mqCDD(n=5, m=1))
  Best Known (Ideal): 6.323811e-01
  Running Random Optimization...
  Randomly selected pulse counts: [(74, 49), (20, 57), (34, 65), (60, 2), (45, 66), (76, 0), (51, 48), (66, 32), (54, 75), (59, 22), (45, 23), (2, 67), (11, 41), (46, 59), (18, 65), (69, 46), (29, 68), (57, 75), (39, 54), (34, 33)]
Using Frequency Comb Approximation (M=128)...
  Random Opt (n=74,49): Infidelity = 4.749865e-01
  Random Opt (n=20,57): Infidelity = 5.751215e-01
  Random Opt (n=34,65): Infidelity = 5.217974e-01
  Random Opt (n=60,2): Infidelity = 6.384373e-01
  Random Opt (n=45,66): Infidelity = 4.707007e-01
  Random Opt (n=76,0): Infidelity = 6.148618e-01
  Random Opt (n=51,48): Infidelity = 4.273602e-01
  Random Opt (n=66,32): Infidelity = 5.295607e-01
  Random Opt (n=54,75): Infidelity = 4.527960e-01
  Random Opt (n=59,22): Infidelity = 5.576484e-01
  Random Opt (n=45,23): Infidelity = 5.600158e-01
  Random Opt (n=2,67): Infidelity = 6.695625e-01
  Random Opt (n=11,41): Infidelity = 6.458614e-01
  Random Opt (n=46,59): Infidelity = 4.545697e-01
  Random Opt (n=18,65): Infidelity = 5.893080e-01
  Random Opt (n=69,46): Infidelity = 4.794706e-01
  Random Opt (n=29,68): Infidelity = 5.402559e-01
  Random Opt (n=57,75): Infidelity = 4.334031e-01
  Random Opt (n=39,54): Infidelity = 4.955511e-01
  Random Opt (n=34,33): Infidelity = 5.079375e-01
  Best Optimized (Ideal): 5.323183e-01

Gate Time: 5120.0 tau (Tg/T2q1=6.6407, Tg/T2q2=6.6534)
  Time-domain setup: pad_factor=1, dt=0.1250 tau, tau/4=0.2500 tau
  No Pulse (Ideal): 7.498748e-01
Evaluating 30 known sequences...
Using Frequency Comb Approximation (M=128)...
  Best Known (Char): 4.244737e-01 (mqCDD(n=4, m=1))
  Best Known (Ideal): 4.530876e-01
  Running Random Optimization...
  Randomly selected pulse counts: [(14, 25), (31, 17), (20, 11), (27, 35), (34, 12), (2, 28), (8, 28), (35, 34), (35, 8), (11, 24), (17, 16), (15, 13), (12, 3), (2, 25), (2, 13), (11, 26), (21, 1), (9, 35), (13, 38), (35, 2)]
Using Frequency Comb Approximation (M=128)...
  Random Opt (n=14,25): Infidelity = 3.787383e-01
  Random Opt (n=31,17): Infidelity = 3.613112e-01
  Random Opt (n=20,11): Infidelity = 4.091489e-01
  Random Opt (n=27,35): Infidelity = 3.151952e-01
  Random Opt (n=34,12): Infidelity = 3.930540e-01
  Random Opt (n=2,28): Infidelity = 5.736386e-01
  Random Opt (n=8,28): Infidelity = 4.428446e-01
  Random Opt (n=35,34): Infidelity = 2.541796e-01
  Random Opt (n=35,8): Infidelity = 4.251844e-01
  Random Opt (n=11,24): Infidelity = 4.020063e-01
  Random Opt (n=17,16): Infidelity = 3.742279e-01
  Random Opt (n=15,13): Infidelity = 4.031226e-01
  Random Opt (n=12,3): Infidelity = 5.706982e-01
  Random Opt (n=2,25): Infidelity = 5.779486e-01
  Random Opt (n=2,13): Infidelity = 6.070119e-01
  Random Opt (n=11,26): Infidelity = 4.079571e-01
  Random Opt (n=21,1): Infidelity = 5.538342e-01
  Random Opt (n=9,35): Infidelity = 4.047970e-01
  Random Opt (n=13,38): Infidelity = 3.708847e-01
  Random Opt (n=35,2): Infidelity = 5.304735e-01
  Best Optimized (Ideal): 3.211083e-01

Gate Time: 2560.0 tau (Tg/T2q1=3.3204, Tg/T2q2=3.3267)
  Time-domain setup: pad_factor=1, dt=0.1250 tau, tau/4=0.2500 tau
  No Pulse (Ideal): 7.458276e-01
Evaluating 18 known sequences...
Using Frequency Comb Approximation (M=128)...
  Best Known (Char): 2.585337e-01 (mqCDD(n=3, m=1))
  Best Known (Ideal): 2.822052e-01
  Running Random Optimization...
  Randomly selected pulse counts: [(11, 2), (9, 9), (3, 17), (13, 13), (5, 3), (9, 6), (3, 4), (13, 6), (2, 11), (7, 5), (2, 7), (17, 7), (16, 1), (15, 17), (13, 14), (11, 12), (7, 0), (10, 1), (3, 8), (7, 3)]
Using Frequency Comb Approximation (M=128)...
  Random Opt (n=11,2): Infidelity = 4.098951e-01
  Random Opt (n=9,9): Infidelity = 2.200957e-01
  Random Opt (n=3,17): Infidelity = 2.630484e-01
  Random Opt (n=13,13): Infidelity = 1.941053e-01
  Random Opt (n=5,3): Infidelity = 3.193658e-01
  Random Opt (n=9,6): Infidelity = 2.629050e-01
  Random Opt (n=3,4): Infidelity = 3.271247e-01
  Random Opt (n=13,6): Infidelity = 2.458151e-01
  Random Opt (n=2,11): Infidelity = 3.777125e-01
  Random Opt (n=7,5): Infidelity = 2.749228e-01
  Random Opt (n=2,7): Infidelity = 3.955793e-01
  Random Opt (n=17,7): Infidelity = 2.178886e-01
  Random Opt (n=16,1): Infidelity = 4.005911e-01
  Random Opt (n=15,17): Infidelity = 1.751076e-01
  Random Opt (n=13,14): Infidelity = 1.765880e-01
  Random Opt (n=11,12): Infidelity = 1.961962e-01
  Random Opt (n=7,0): Infidelity = 5.633425e-01
  Random Opt (n=10,1): Infidelity = 4.167287e-01
  Random Opt (n=3,8): Infidelity = 3.036048e-01
  Random Opt (n=7,3): Infidelity = 3.007105e-01
  Best Optimized (Ideal): 1.903955e-01

Gate Time: 1280.0 tau (Tg/T2q1=1.6602, Tg/T2q2=1.6634)
  Time-domain setup: pad_factor=1, dt=0.1250 tau, tau/4=0.2500 tau
  No Pulse (Ideal): 7.168579e-01
Evaluating 9 known sequences...
Using Folded Noise Matrix (M=128)...
  Time-domain setup: pad_factor=1, dt=0.2500 tau, tau/4=0.2500 tau
  Best Known (Char): 1.590250e-01 (mqCDD(n=2, m=1))
  Best Known (Ideal): 1.650965e-01
  Running Random Optimization...
  Randomly selected pulse counts: [(6, 0), (3, 3), (8, 2), (5, 7), (2, 1), (0, 8), (5, 6), (8, 4), (4, 3), (2, 7), (3, 3), (5, 8), (4, 3), (0, 2), (7, 3), (7, 5), (1, 8), (4, 0), (1, 5), (7, 1)]
Using Folded Noise Matrix (M=128)...
  Random Opt (n=6,0): Infidelity = 5.346471e-01
  Random Opt (n=3,3): Infidelity = 1.876099e-01
  Random Opt (n=8,2): Infidelity = 3.379990e-01
  Random Opt (n=5,7): Infidelity = 1.124295e-01
  Random Opt (n=2,1): Infidelity = 3.268998e-01
  Random Opt (n=0,8): Infidelity = 5.558120e-01
  Random Opt (n=5,6): Infidelity = 1.563132e-01
  Random Opt (n=8,4): Infidelity = 2.472066e-01
  Random Opt (n=4,3): Infidelity = 2.051714e-01
  Random Opt (n=2,7): Infidelity = 2.858516e-01
  Random Opt (n=3,3): Infidelity = 1.876099e-01
  Random Opt (n=5,8): Infidelity = 1.755028e-01
  Random Opt (n=4,3): Infidelity = 2.051714e-01
  Random Opt (n=0,2): Infidelity = 6.036444e-01
  Random Opt (n=7,3): Infidelity = 1.293674e-01
  Random Opt (n=7,5): Infidelity = 1.151794e-01
  Random Opt (n=1,8): Infidelity = 2.156453e-01
  Random Opt (n=4,0): Infidelity = 5.491938e-01
  Random Opt (n=1,5): Infidelity = 1.710131e-01
  Random Opt (n=7,1): Infidelity = 1.591341e-01
  Best Optimized (Ideal): 1.112204e-01

Gate Time: 640.0 tau (Tg/T2q1=0.8301, Tg/T2q2=0.8317)
  Time-domain setup: pad_factor=1, dt=0.1250 tau, tau/4=0.2500 tau
  No Pulse (Ideal): 6.266201e-01
Evaluating 3 known sequences...
Using Folded Noise Matrix (M=128)...
  Time-domain setup: pad_factor=1, dt=0.2500 tau, tau/4=0.2500 tau
  Best Known (Char): 6.885051e-02 (mqCDD(n=1, m=1))
  Best Known (Ideal): 7.287448e-02
  Running Random Optimization...
  Randomly selected pulse counts: [(1, 3), (3, 3), (0, 3), (3, 3), (2, 3), (0, 3), (3, 1), (0, 2), (2, 2), (1, 0), (0, 1), (0, 2), (3, 2), (2, 1), (2, 0), (2, 0), (1, 3), (0, 2), (2, 0), (1, 1)]
Using Folded Noise Matrix (M=128)...
  Random Opt (n=1,3): Infidelity = 6.885051e-02
  Random Opt (n=3,3): Infidelity = 8.146650e-02
  Random Opt (n=0,3): Infidelity = 4.338672e-01
  Random Opt (n=3,3): Infidelity = 8.146650e-02
  Random Opt (n=2,3): Infidelity = 1.430167e-01
  Random Opt (n=0,3): Infidelity = 4.338672e-01
  Random Opt (n=3,1): Infidelity = 7.112086e-02
  Random Opt (n=0,2): Infidelity = 4.818130e-01
  Random Opt (n=2,2): Infidelity = 2.397672e-01
  Random Opt (n=1,0): Infidelity = 4.321173e-01
  Random Opt (n=0,1): Infidelity = 4.413418e-01
  Random Opt (n=0,2): Infidelity = 4.818130e-01
  Random Opt (n=3,2): Infidelity = 1.443996e-01
  Random Opt (n=2,1): Infidelity = 1.546345e-01
  Random Opt (n=2,0): Infidelity = 4.745189e-01
  Random Opt (n=2,0): Infidelity = 4.745189e-01
  Random Opt (n=1,3): Infidelity = 6.885051e-02
  Random Opt (n=0,2): Infidelity = 4.818130e-01
  Random Opt (n=2,0): Infidelity = 4.745189e-01
  Random Opt (n=1,1): Infidelity = 1.036186e-01
  Best Optimized (Ideal): 7.287448e-02

Gate Time: 320.0 tau (Tg/T2q1=0.4150, Tg/T2q2=0.4158)
  Time-domain setup: pad_factor=1, dt=0.1250 tau, tau/4=0.2500 tau
  No Pulse (Ideal): 4.728987e-01
  No valid known sequences found.
  Running Random Optimization...
  Randomly selected pulse counts: [(0, 1), (1, 1), (1, 1), (0, 1), (1, 0), (0, 0), (0, 0), (1, 0), (1, 1), (1, 0), (0, 0), (0, 0), (0, 1), (0, 1), (0, 1), (1, 0), (0, 1), (1, 1), (0, 1), (1, 1)]
Using Folded Noise Matrix (M=128)...
  Time-domain setup: pad_factor=1, dt=0.2500 tau, tau/4=0.2500 tau
  Random Opt (n=0,1): Infidelity = 3.120011e-01
  Random Opt (n=1,1): Infidelity = 4.760041e-02
  Random Opt (n=1,1): Infidelity = 4.760041e-02
  Random Opt (n=0,1): Infidelity = 3.120011e-01
  Random Opt (n=1,0): Infidelity = 3.064145e-01
  Random Opt failed for n=0,0: not enough values to unpack (expected 2, got 0)
  Random Opt failed for n=0,0: not enough values to unpack (expected 2, got 0)
  Random Opt (n=1,0): Infidelity = 3.064145e-01
  Random Opt (n=1,1): Infidelity = 4.760041e-02
  Random Opt (n=1,0): Infidelity = 3.064145e-01
  Random Opt failed for n=0,0: not enough values to unpack (expected 2, got 0)
  Random Opt failed for n=0,0: not enough values to unpack (expected 2, got 0)
  Random Opt (n=0,1): Infidelity = 3.120011e-01
  Random Opt (n=0,1): Infidelity = 3.120011e-01
  Random Opt (n=0,1): Infidelity = 3.120011e-01
  Random Opt (n=1,0): Infidelity = 3.064145e-01
  Random Opt (n=0,1): Infidelity = 3.120011e-01
  Random Opt (n=1,1): Infidelity = 4.760041e-02
  Random Opt (n=0,1): Infidelity = 3.120011e-01
  Random Opt (n=1,1): Infidelity = 4.760041e-02
  Best Optimized (Ideal): 4.258446e-02
Saved all plotting data to /home/mqasimk/IdeaProjects/QNS-2Q/DraftRun_SPAM_featured_reference/plotting_data/plotting_data_id_v4_uncapped.npz

================================================================================
                        FINAL COMPARISON (Best Overall)                         
================================================================================
Infidelity                | 7.287448e-02              | 4.258446e-02             
Sequence                  | mqCDD(n=1, m=1)^128       | NT(1,1)^128              
================================================================================

To generate plots, run:
  python plot_optimization.py --data-dir /home/mqasimk/IdeaProjects/QNS-2Q/DraftRun_SPAM_featured_reference --gate-type id

============================================================
SUMMARY OF RESULTS (Longest Gate Time)
M          | Known Inf            | Opt Inf              | No Pulse Inf        
------------------------------------------------------------------------------
1          | 4.568752e-02         | 2.808299e-02         | 4.489399e-01        
2          | 4.557198e-02         | 2.673136e-02         | 4.491487e-01        
4          | 4.537771e-02         | 2.722345e-02         | 4.495566e-01        
8          | 4.371235e-02         | 2.884577e-02         | 4.503324e-01        
16         | 4.411463e-02         | 3.148074e-02         | 4.518662e-01        
32         | 4.565924e-02         | 2.974995e-02         | 4.549575e-01        
64         | 3.757531e-02         | 3.828435e-02         | 4.610308e-01        
128        | 1.000000e+00         | 4.258446e-02         | 4.728987e-01        
============================================================
Saved all optimization data to /home/mqasimk/IdeaProjects/QNS-2Q/DraftRun_SPAM_featured_reference/optimization_data_all_M_uncapped.npz

To generate plots, run:
  python plot_optimization.py --data-dir /home/mqasimk/IdeaProjects/QNS-2Q/DraftRun_SPAM_featured_reference --gate-type id --all-m
