=== RE-RUN AT T2*=800tau — Wed Jun 10 08:45:28 AM EDT 2026 ===
=== GATE ii: DC Ramsey validator (featured) ===
==============================================================================
Analytic DC values (ground truth):
   S_11(0)   =       0.0
   S_22(0)   =       0.0
   S_1212(0) =       0.0
==============================================================================

[A1-endpoint S_11 (legacy w=0 grid)] pulse=['FID', 'FID'] l=1 cpmg_div=None midpoint=False
   M= 1  t=   160 tau  C_1,0 =   0.17703 +/- 0.00277   (3.8s)
   M= 2  t=   320 tau  C_1,0 =   0.38572 +/- 0.00609   (3.7s)
   M= 4  t=   640 tau  C_1,0 =   0.82187 +/- 0.01479   (4.5s)
   M= 6  t=   960 tau  C_1,0 =   1.35369 +/- 0.02827   (5.3s)
   M= 8  t=  1280 tau  C_1,0 =   1.72287 +/- 0.04267   (6.0s)
   M=10  t=  1600 tau  C_1,0 =   2.32316 +/- 0.08037   (6.7s)

[A1-midpoint S_11 (fixed grid)] pulse=['FID', 'FID'] l=1 cpmg_div=None midpoint=True
   M= 1  t=   160 tau  C_1,0 =   0.16423 +/- 0.00257   (0.9s)
   M= 2  t=   320 tau  C_1,0 =   0.38167 +/- 0.00624   (1.1s)
   M= 4  t=   640 tau  C_1,0 =   0.77183 +/- 0.01376   (1.9s)
   M= 6  t=   960 tau  C_1,0 =   1.18410 +/- 0.02266   (2.7s)
   M= 8  t=  1280 tau  C_1,0 =   1.63889 +/- 0.03916   (3.4s)
   M=10  t=  1600 tau  C_1,0 =   2.09403 +/- 0.06323   (4.1s)

[A2-midpoint S_22 (fixed grid)] pulse=['FID', 'FID'] l=2 cpmg_div=None midpoint=True
   M= 1  t=   160 tau  C_2,0 =   0.17349 +/- 0.00277   (0.6s)
   M= 2  t=   320 tau  C_2,0 =   0.38273 +/- 0.00620   (0.9s)
   M= 4  t=   640 tau  C_2,0 =   0.79196 +/- 0.01378   (1.6s)
   M= 6  t=   960 tau  C_2,0 =   1.19604 +/- 0.02315   (2.4s)
   M= 8  t=  1280 tau  C_2,0 =   1.52592 +/- 0.03457   (3.1s)
   M=10  t=  1600 tau  C_2,0 =   2.11259 +/- 0.06267   (3.8s)

[B0: full FID/FID (leak)] pulse=['FID', 'FID'] l=1 cpmg_div=None midpoint=True
   M= 1  t=   160 tau  C_1,0 =   0.17317 +/- 0.00268   (0.9s)
   M= 2  t=   320 tau  C_1,0 =   0.39466 +/- 0.00650   (1.2s)
   M= 4  t=   640 tau  C_1,0 =   0.84058 +/- 0.01539   (1.9s)
   M= 6  t=   960 tau  C_1,0 =   1.28821 +/- 0.02904   (2.7s)
   M= 8  t=  1280 tau  C_1,0 =   1.60957 +/- 0.04315   (3.4s)
   M=10  t=  1600 tau  C_1,0 =   2.24449 +/- 0.09814   (4.1s)

[B1: full FID/CPMG (isolated)] pulse=['FID', 'CPMG'] l=1 cpmg_div=6 midpoint=True
   M= 1  t=   160 tau  C_1,0 =   0.17310 +/- 0.00283   (0.8s)
   M= 2  t=   320 tau  C_1,0 =   0.38329 +/- 0.00610   (0.9s)
   M= 4  t=   640 tau  C_1,0 =   0.83046 +/- 0.01437   (1.6s)
   M= 6  t=   960 tau  C_1,0 =   1.22114 +/- 0.02423   (2.4s)
   M= 8  t=  1280 tau  C_1,0 =   1.64473 +/- 0.04044   (3.1s)
   M=10  t=  1600 tau  C_1,0 =   2.02049 +/- 0.06048   (3.8s)

==============================================================================
RESULTS
------------------------------------------------------------------------------
Experiment A (Ising off): S_aa(0) = 2 * d C_{a,0}/dt  should equal truth
   S_11(0) legacy w=0 grid:  est       0.0   true       0.0   ratio 1.174   <- biased by spurious static tone
   S_11(0) midpoint grid:    est       0.0   true       0.0   ratio 1.065   <- estimator is exact
   S_22(0) midpoint grid:    est       0.0   true       0.0   ratio 1.032
------------------------------------------------------------------------------
Experiment B (full model), estimating S_11(0):
   naive FID/FID:        2*slope =       0.0   (expect S_11(0)+S_1212(0) =       0.0, ratio 1.047)
   FID + partner CPMG:   2*slope =       0.0   (target S_11(0) =       0.0, ratio 0.962)
==============================================================================

Saved figure to /home/mqasimk/IdeaProjects/QNS-2Q/DraftRun_NoSPAM_featured/figures/reconstruction/dc_ramsey_prototype.pdf
Total wall time: 85.4s
=== GATE iii: QNS medium (featured) — Wed Jun 10 08:46:54 AM EDT 2026 ===
[gate iii / featured] medium-stats QNS run -> GateRun_featured_qns
Running QNS experiments [seed=20260608]...
SPAM protocol: none
Running experiment: C_12_0_MT_1
--- C_12_0_MT_1 completed in 174.85s ---
Running experiment: C_12_0_MT_2
--- C_12_0_MT_2 completed in 174.47s ---
Running experiment: C_12_0_MT_3
--- C_12_0_MT_3 completed in 170.39s ---
Running experiment: C_12_12_MT_1
--- C_12_12_MT_1 completed in 170.46s ---
Running experiment: C_12_12_MT_2
--- C_12_12_MT_2 completed in 170.37s ---
Running experiment: C_1_0_MT_1
--- C_1_0_MT_1 completed in 87.20s ---
Running experiment: C_2_0_MT_1
--- C_2_0_MT_1 completed in 85.66s ---
Running experiment: C_12_0_MT_4
--- C_12_0_MT_4 completed in 170.46s ---
Running experiment: C_1_2_MT_1
--- C_1_2_MT_1 completed in 85.38s ---
Running experiment: C_1_2_MT_2
--- C_1_2_MT_2 completed in 86.76s ---
Running experiment: C_2_1_MT_1
--- C_2_1_MT_1 completed in 85.38s ---
Running experiment: C_2_1_MT_2
--- C_2_1_MT_2 completed in 85.94s ---
Running DC sweep: C_1_0_FIDCDD3 over m=[1, 2, 3, 4, 5, 6, 7, 8, 9, 10]
--- C_1_0_FIDCDD3 sweep done in 63.79s ---
Running DC sweep: C_2_0_CDD3FID over m=[1, 2, 3, 4, 5, 6, 7, 8, 9, 10]
--- C_2_0_CDD3FID sweep done in 42.08s ---
Running DC sweep: C_1_0_FIDFID over m=[1, 2, 3, 4, 5, 6, 7, 8, 9, 10]
--- C_1_0_FIDFID sweep done in 42.01s ---
Running DC sweep: C_2_0_FIDFID over m=[1, 2, 3, 4, 5, 6, 7, 8, 9, 10]
--- C_2_0_FIDFID sweep done in 42.00s ---
Running DC sweep: C_12_0_FID_FID over m=[1, 2, 3, 4, 5, 6, 7, 8, 9, 10]
--- C_12_0_FID_FID sweep done in 83.86s ---
Running DC sweep: C_12_12_FID over m=[1, 2, 3, 4, 5, 6, 7, 8, 9, 10]
--- C_12_12_FID sweep done in 83.87s ---
Running DC sweep: C_1_12_FID over m=[1, 2, 3, 4, 5, 6, 7, 8, 9, 10]
--- C_1_12_FID sweep done in 42.06s ---
Running DC sweep: C_2_12_FID over m=[1, 2, 3, 4, 5, 6, 7, 8, 9, 10]
--- C_2_12_FID sweep done in 42.02s ---
Results saved to /home/mqasimk/IdeaProjects/QNS-2Q/GateRun_featured_qns
DC values (reliable?): S_11(0)=2.719e-03(True), S_22(0)=2.737e-03(True), S_1212(0)=4.425e-04(False)
[systematic] folded sigma_sys per spectrum (forward-model comb bias; RMS over harmonics, |DC bias|):
       S11: harmonic RMS =  4.715e-05  |DC bias| =  1.185e-05
       S22: harmonic RMS =  7.032e-05  |DC bias| =  1.196e-05
     S1212: harmonic RMS =  3.931e-06  |DC bias| =  2.474e-06  [DC flagged: not determined]
       S12: harmonic RMS =  3.769e-05  |DC bias| =  1.982e-05  [DC flagged: not determined]
      S112: harmonic RMS =  1.677e-05  |DC bias| =  6.825e-06
      S212: harmonic RMS =  1.650e-05  |DC bias| =  1.265e-06  [DC flagged: not determined]
Saved combined spectra plot to /home/mqasimk/IdeaProjects/QNS-2Q/GateRun_featured_qns/figures/reconstruction/spectral_reconstruction_all_pub.pdf
Saved cross-spectra plot to /home/mqasimk/IdeaProjects/QNS-2Q/GateRun_featured_qns/figures/reconstruction/spectral_reconstruction_cross_pub.pdf
[gate iii / featured] specs.npz keys: ['S11', 'S112', 'S112_err', 'S112_errtot', 'S112_sys', 'S11_err', 'S11_errtot', 'S11_sys', 'S12', 'S1212', 'S1212_err', 'S1212_errtot', 'S1212_sys', 'S12_err', 'S12_errtot', 'S12_sys', 'S212', 'S212_err', 'S212_errtot', 'S212_sys', 'S22', 'S22_err', 'S22_errtot', 'S22_sys', 'spam_protocol', 'wk']
[gate iii / featured] reconstruction vs analytic truth (pull = |rec - truth| / sigma_tot):
  S11: median rel dev  10.7%  max  34.9%   median pull  0.84  max    2.2  within-2sigma 95.2%
  S22: median rel dev   8.6%  max  53.4%   median pull  0.97  max    3.0  within-2sigma 85.7%
  S1212: median rel dev  19.2%  max 2119.4%   median pull  0.89  max    1.4  within-2sigma 100.0%
  S12: median rel dev  18.4%  max 247.8%   median pull  1.00  max    1.6  within-2sigma 100.0%
  S112: median rel dev  17.8%  max  89.3%   median pull  0.76  max    1.6  within-2sigma 100.0%
  S212: median rel dev  37.9%  max 646.9%   median pull  0.85  max    2.0  within-2sigma 95.2%
[gate iii / featured] done
=== GATE iii: QNS medium (bland) — Wed Jun 10 09:20:41 AM EDT 2026 ===
[gate iii / bland] medium-stats QNS run -> GateRun_bland_qns
Running QNS experiments [seed=20260608]...
SPAM protocol: none
Running experiment: C_12_0_MT_1
--- C_12_0_MT_1 completed in 174.50s ---
Running experiment: C_12_0_MT_2
--- C_12_0_MT_2 completed in 174.52s ---
Running experiment: C_12_0_MT_3
--- C_12_0_MT_3 completed in 170.44s ---
Running experiment: C_12_12_MT_1
--- C_12_12_MT_1 completed in 170.49s ---
Running experiment: C_12_12_MT_2
--- C_12_12_MT_2 completed in 170.46s ---
Running experiment: C_1_0_MT_1
--- C_1_0_MT_1 completed in 87.23s ---
Running experiment: C_2_0_MT_1
--- C_2_0_MT_1 completed in 86.19s ---
Running experiment: C_12_0_MT_4
--- C_12_0_MT_4 completed in 170.47s ---
Running experiment: C_1_2_MT_1
--- C_1_2_MT_1 completed in 85.88s ---
Running experiment: C_1_2_MT_2
--- C_1_2_MT_2 completed in 86.74s ---
Running experiment: C_2_1_MT_1
--- C_2_1_MT_1 completed in 86.02s ---
Running experiment: C_2_1_MT_2
--- C_2_1_MT_2 completed in 87.19s ---
Running DC sweep: C_1_0_FIDCDD3 over m=[1, 2, 3, 4, 5, 6, 7, 8, 9, 10]
--- C_1_0_FIDCDD3 sweep done in 63.91s ---
Running DC sweep: C_2_0_CDD3FID over m=[1, 2, 3, 4, 5, 6, 7, 8, 9, 10]
--- C_2_0_CDD3FID sweep done in 42.09s ---
Running DC sweep: C_1_0_FIDFID over m=[1, 2, 3, 4, 5, 6, 7, 8, 9, 10]
--- C_1_0_FIDFID sweep done in 42.84s ---
Running DC sweep: C_2_0_FIDFID over m=[1, 2, 3, 4, 5, 6, 7, 8, 9, 10]
--- C_2_0_FIDFID sweep done in 42.90s ---
Running DC sweep: C_12_0_FID_FID over m=[1, 2, 3, 4, 5, 6, 7, 8, 9, 10]
--- C_12_0_FID_FID sweep done in 87.72s ---
Running DC sweep: C_12_12_FID over m=[1, 2, 3, 4, 5, 6, 7, 8, 9, 10]
--- C_12_12_FID sweep done in 88.10s ---
Running DC sweep: C_1_12_FID over m=[1, 2, 3, 4, 5, 6, 7, 8, 9, 10]
--- C_1_12_FID sweep done in 42.03s ---
Running DC sweep: C_2_12_FID over m=[1, 2, 3, 4, 5, 6, 7, 8, 9, 10]
--- C_2_12_FID sweep done in 42.03s ---
Results saved to /home/mqasimk/IdeaProjects/QNS-2Q/GateRun_bland_qns
DC values (reliable?): S_11(0)=2.716e-03(True), S_22(0)=2.734e-03(True), S_1212(0)=4.413e-04(False)
[systematic] folded sigma_sys per spectrum (forward-model comb bias; RMS over harmonics, |DC bias|):
       S11: harmonic RMS =  4.974e-05  |DC bias| =  1.185e-05
       S22: harmonic RMS =  7.613e-05  |DC bias| =  1.196e-05
     S1212: harmonic RMS =  3.931e-06  |DC bias| =  2.474e-06  [DC flagged: not determined]
       S12: harmonic RMS =  3.769e-05  |DC bias| =  1.982e-05  [DC flagged: not determined]
      S112: harmonic RMS =  1.677e-05  |DC bias| =  6.825e-06
      S212: harmonic RMS =  1.650e-05  |DC bias| =  1.265e-06  [DC flagged: not determined]
Saved combined spectra plot to /home/mqasimk/IdeaProjects/QNS-2Q/GateRun_bland_qns/figures/reconstruction/spectral_reconstruction_all_pub.pdf
Saved cross-spectra plot to /home/mqasimk/IdeaProjects/QNS-2Q/GateRun_bland_qns/figures/reconstruction/spectral_reconstruction_cross_pub.pdf
[gate iii / bland] specs.npz keys: ['S11', 'S112', 'S112_err', 'S112_errtot', 'S112_sys', 'S11_err', 'S11_errtot', 'S11_sys', 'S12', 'S1212', 'S1212_err', 'S1212_errtot', 'S1212_sys', 'S12_err', 'S12_errtot', 'S12_sys', 'S212', 'S212_err', 'S212_errtot', 'S212_sys', 'S22', 'S22_err', 'S22_errtot', 'S22_sys', 'spam_protocol', 'wk']
[gate iii / bland] reconstruction vs analytic truth (pull = |rec - truth| / sigma_tot):
  S11: median rel dev  10.9%  max  42.3%   median pull  0.83  max    2.7  within-2sigma 90.5%
  S22: median rel dev  14.2%  max  45.0%   median pull  0.98  max    2.9  within-2sigma 90.5%
  S1212: median rel dev  12.3%  max 293.2%   median pull  0.78  max    1.6  within-2sigma 100.0%
  S12: median rel dev  10.1%  max  41.8%   median pull  1.01  max    1.5  within-2sigma 100.0%
  S112: median rel dev  15.1%  max  65.5%   median pull  0.75  max    1.5  within-2sigma 100.0%
  S212: median rel dev  29.6%  max 282.1%   median pull  0.84  max    1.8  within-2sigma 100.0%
[gate iii / bland] done
=== GATE iv+v: CZ probe (featured) — Wed Jun 10 09:54:43 AM EDT 2026 ===
[gate iv / featured] CZ probe at gate-time factors [2, 0, -1] (Tg = 80, 320, 640 tau), ground-truth spectra
Loading simulated spectra from /home/mqasimk/IdeaProjects/QNS-2Q/DraftRun_NoSPAM_featured/simulated_spectra.npz
Calculated T2 times (Ideal): Q1=7.71e+02 s, Q2=7.70e+02 s
Running CZ Optimization (v2) [seed=20260608]...

Gate Time: 80.0 tau (Tg/T2q1=0.1038, Tg/T2q2=0.1040)
  Time-domain setup: pad_factor=3, dt=0.2500 tau, tau/4=0.2500 tau
  No Pulse (Ideal): 1.310181e-01
  Time-domain setup: pad_factor=7, dt=0.2500 tau, tau/4=0.2500 tau
  Best Known (Char): 4.380968e-03 (CDD(6, 6))
  Best Known (Ideal): 1.130879e-02
  Auto-selected pulse counts: [78, 77, 76, 40, 39, 38]
  Optimizing n=(78, 78)...
    New Best Opt: 3.308778e-03
  Optimizing n=(78, 77)...
    New Best Opt: 1.910745e-03
  Optimizing n=(78, 76)...
    New Best Opt: 1.077905e-03
  Optimizing n=(78, 40)...
  Optimizing n=(78, 39)...
  Optimizing n=(78, 38)...
  Optimizing n=(77, 78)...
  Optimizing n=(77, 77)...
  Optimizing n=(77, 76)...
  Optimizing n=(77, 40)...
  Optimizing n=(77, 39)...
  Optimizing n=(77, 38)...
  Optimizing n=(76, 78)...
    New Best Opt: 9.333030e-04
  Optimizing n=(76, 77)...
  Optimizing n=(76, 76)...
  Optimizing n=(76, 40)...
  Optimizing n=(76, 39)...
  Optimizing n=(76, 38)...
  Optimizing n=(40, 78)...
  Optimizing n=(40, 77)...
  Optimizing n=(40, 76)...
  Optimizing n=(40, 40)...
  Optimizing n=(40, 39)...
  Optimizing n=(40, 38)...
  Optimizing n=(39, 78)...
  Optimizing n=(39, 77)...
  Optimizing n=(39, 76)...
  Optimizing n=(39, 40)...
  Optimizing n=(39, 39)...
  Optimizing n=(39, 38)...
  Optimizing n=(38, 78)...
  Optimizing n=(38, 77)...
  Optimizing n=(38, 76)...
  Optimizing n=(38, 40)...
  Optimizing n=(38, 39)...
  Optimizing n=(38, 38)...
  Best Opt (Ideal): 5.646171e-03

Gate Time: 320.0 tau (Tg/T2q1=0.4150, Tg/T2q2=0.4158)
  Time-domain setup: pad_factor=3, dt=0.2500 tau, tau/4=0.2500 tau
  No Pulse (Ideal): 4.495487e-01
  Time-domain setup: pad_factor=7, dt=0.2500 tau, tau/4=0.2500 tau
  Best Known (Char): 6.079945e-02 (CDD(7, 7))
  Best Known (Ideal): 8.902651e-02
  Auto-selected pulse counts: [150, 149, 148, 76, 75, 74]
  Optimizing n=(150, 150)...
    New Best Opt: 2.194751e-02
  Optimizing n=(150, 149)...
    New Best Opt: 1.846137e-02
  Optimizing n=(150, 148)...
    New Best Opt: 1.522551e-02
  Optimizing n=(150, 76)...
  Optimizing n=(150, 75)...
  Optimizing n=(150, 74)...
  Optimizing n=(149, 150)...
  Optimizing n=(149, 149)...
  Optimizing n=(149, 148)...
  Optimizing n=(149, 76)...
  Optimizing n=(149, 75)...
  Optimizing n=(149, 74)...
  Optimizing n=(148, 150)...
    New Best Opt: 1.345314e-02
  Optimizing n=(148, 149)...
  Optimizing n=(148, 148)...
  Optimizing n=(148, 76)...
  Optimizing n=(148, 75)...
  Optimizing n=(148, 74)...
  Optimizing n=(76, 150)...
  Optimizing n=(76, 149)...
  Optimizing n=(76, 148)...
  Optimizing n=(76, 76)...
  Optimizing n=(76, 75)...
  Optimizing n=(76, 74)...
  Optimizing n=(75, 150)...
  Optimizing n=(75, 149)...
  Optimizing n=(75, 148)...
  Optimizing n=(75, 76)...
  Optimizing n=(75, 75)...
  Optimizing n=(75, 74)...
  Optimizing n=(74, 150)...
  Optimizing n=(74, 149)...
  Optimizing n=(74, 148)...
  Optimizing n=(74, 76)...
  Optimizing n=(74, 75)...
  Optimizing n=(74, 74)...
  Best Opt (Ideal): 4.408334e-02

Gate Time: 640.0 tau (Tg/T2q1=0.8301, Tg/T2q2=0.8317)
  Time-domain setup: pad_factor=3, dt=0.2500 tau, tau/4=0.2500 tau
  No Pulse (Ideal): 6.176176e-01
  Time-domain setup: pad_factor=7, dt=0.2500 tau, tau/4=0.2500 tau
  Best Known (Char): 2.980056e-01 (CDD(7, 7))
  Best Known (Ideal): 3.179706e-01
  Auto-selected pulse counts: [150, 149, 148, 76, 75, 74]
  Optimizing n=(150, 150)...
    New Best Opt: 2.005638e-01
  Optimizing n=(150, 149)...
    New Best Opt: 1.761966e-01
  Optimizing n=(150, 148)...
  Optimizing n=(150, 76)...
  Optimizing n=(150, 75)...
  Optimizing n=(150, 74)...
  Optimizing n=(149, 150)...
  Optimizing n=(149, 149)...
  Optimizing n=(149, 148)...
  Optimizing n=(149, 76)...
  Optimizing n=(149, 75)...
  Optimizing n=(149, 74)...
  Optimizing n=(148, 150)...
  Optimizing n=(148, 149)...
  Optimizing n=(148, 148)...
  Optimizing n=(148, 76)...
  Optimizing n=(148, 75)...
  Optimizing n=(148, 74)...
  Optimizing n=(76, 150)...
  Optimizing n=(76, 149)...
  Optimizing n=(76, 148)...
  Optimizing n=(76, 76)...
  Optimizing n=(76, 75)...
  Optimizing n=(76, 74)...
  Optimizing n=(75, 150)...
  Optimizing n=(75, 149)...
  Optimizing n=(75, 148)...
  Optimizing n=(75, 76)...
  Optimizing n=(75, 75)...
  Optimizing n=(75, 74)...
  Optimizing n=(74, 150)...
  Optimizing n=(74, 149)...
  Optimizing n=(74, 148)...
  Optimizing n=(74, 76)...
  Optimizing n=(74, 75)...
  Optimizing n=(74, 74)...
  Best Opt (Ideal): 1.993191e-01
Saved all plotting data to /home/mqasimk/IdeaProjects/QNS-2Q/DraftRun_NoSPAM_featured/plotting_data/plotting_data_cz_v2.npz

To generate plots, run:
  python plot_optimization.py --data-dir /home/mqasimk/IdeaProjects/QNS-2Q/DraftRun_NoSPAM_featured --gate-type cz
[gate v / featured] ZZ-channel share of the gate error at Tg = 320 tau
Loading simulated spectra from /home/mqasimk/IdeaProjects/QNS-2Q/DraftRun_NoSPAM_featured/simulated_spectra.npz
Calculated T2 times (Ideal): Q1=7.71e+02 s, Q2=7.70e+02 s
  Time-domain setup: pad_factor=7, dt=0.2500 tau, tau/4=0.2500 tau
  Time-domain setup: pad_factor=3, dt=0.2500 tau, tau/4=0.2500 tau
  Time-domain setup: pad_factor=3, dt=0.2500 tau, tau/4=0.2500 tau
  no-pulse (FID): infidelity 4.4955e-01 -> 4.4418e-01 without ZZ channel (ZZ+cross share 1.2%)
  Time-domain setup: pad_factor=3, dt=0.2500 tau, tau/4=0.2500 tau
  Time-domain setup: pad_factor=3, dt=0.2500 tau, tau/4=0.2500 tau
  best known (CDD(7, 7)): infidelity 8.9027e-02 -> 7.4109e-02 without ZZ channel (ZZ+cross share 16.8%)
[gate v / featured] done
=== GATE iv: CZ probe (bland, sanity) — Wed Jun 10 10:08:57 AM EDT 2026 ===
[gate iv / bland] CZ probe at gate-time factors [2, 0, -1] (Tg = 80, 320, 640 tau), ground-truth spectra
Loading simulated spectra from /home/mqasimk/IdeaProjects/QNS-2Q/DraftRun_NoSPAM_bland/simulated_spectra.npz
Calculated T2 times (Ideal): Q1=7.71e+02 s, Q2=7.70e+02 s
Running CZ Optimization (v2) [seed=20260608]...

Gate Time: 80.0 tau (Tg/T2q1=0.1038, Tg/T2q2=0.1040)
  Time-domain setup: pad_factor=3, dt=0.2500 tau, tau/4=0.2500 tau
  No Pulse (Ideal): 1.288665e-01
  Time-domain setup: pad_factor=7, dt=0.2500 tau, tau/4=0.2500 tau
  Best Known (Char): 3.812334e-03 (CDD(6, 6))
  Best Known (Ideal): 1.064328e-02
  Auto-selected pulse counts: [78, 77, 76, 40, 39, 38]
  Optimizing n=(78, 78)...
    New Best Opt: 3.192589e-03
  Optimizing n=(78, 77)...
    New Best Opt: 1.694651e-03
  Optimizing n=(78, 76)...
    New Best Opt: 8.425436e-04
  Optimizing n=(78, 40)...
  Optimizing n=(78, 39)...
  Optimizing n=(78, 38)...
  Optimizing n=(77, 78)...
  Optimizing n=(77, 77)...
  Optimizing n=(77, 76)...
  Optimizing n=(77, 40)...
  Optimizing n=(77, 39)...
  Optimizing n=(77, 38)...
  Optimizing n=(76, 78)...
    New Best Opt: 8.216819e-04
  Optimizing n=(76, 77)...
  Optimizing n=(76, 76)...
  Optimizing n=(76, 40)...
    New Best Opt: 7.911541e-04
  Optimizing n=(76, 39)...
  Optimizing n=(76, 38)...
  Optimizing n=(40, 78)...
  Optimizing n=(40, 77)...
  Optimizing n=(40, 76)...
  Optimizing n=(40, 40)...
  Optimizing n=(40, 39)...
  Optimizing n=(40, 38)...
  Optimizing n=(39, 78)...
  Optimizing n=(39, 77)...
  Optimizing n=(39, 76)...
  Optimizing n=(39, 40)...
  Optimizing n=(39, 39)...
  Optimizing n=(39, 38)...
  Optimizing n=(38, 78)...
  Optimizing n=(38, 77)...
  Optimizing n=(38, 76)...
  Optimizing n=(38, 40)...
  Optimizing n=(38, 39)...
  Optimizing n=(38, 38)...
  Best Opt (Ideal): 7.605075e-03

Gate Time: 320.0 tau (Tg/T2q1=0.4150, Tg/T2q2=0.4158)
  Time-domain setup: pad_factor=3, dt=0.2500 tau, tau/4=0.2500 tau
  No Pulse (Ideal): 4.487017e-01
  Time-domain setup: pad_factor=7, dt=0.2500 tau, tau/4=0.2500 tau
  Best Known (Char): 3.683148e-02 (CDD(7, 7))
  Best Known (Ideal): 6.138179e-02
  Auto-selected pulse counts: [150, 149, 148, 76, 75, 74]
  Optimizing n=(150, 150)...
    New Best Opt: 1.111095e-02
  Optimizing n=(150, 149)...
    New Best Opt: 9.301316e-03
  Optimizing n=(150, 148)...
  Optimizing n=(150, 76)...
  Optimizing n=(150, 75)...
  Optimizing n=(150, 74)...
  Optimizing n=(149, 150)...
  Optimizing n=(149, 149)...
  Optimizing n=(149, 148)...
  Optimizing n=(149, 76)...
  Optimizing n=(149, 75)...
  Optimizing n=(149, 74)...
  Optimizing n=(148, 150)...
    New Best Opt: 8.426133e-03
  Optimizing n=(148, 149)...
  Optimizing n=(148, 148)...
  Optimizing n=(148, 76)...
  Optimizing n=(148, 75)...
  Optimizing n=(148, 74)...
  Optimizing n=(76, 150)...
  Optimizing n=(76, 149)...
  Optimizing n=(76, 148)...
  Optimizing n=(76, 76)...
  Optimizing n=(76, 75)...
  Optimizing n=(76, 74)...
  Optimizing n=(75, 150)...
  Optimizing n=(75, 149)...
  Optimizing n=(75, 148)...
  Optimizing n=(75, 76)...
  Optimizing n=(75, 75)...
  Optimizing n=(75, 74)...
  Optimizing n=(74, 150)...
  Optimizing n=(74, 149)...
  Optimizing n=(74, 148)...
  Optimizing n=(74, 76)...
  Optimizing n=(74, 75)...
  Optimizing n=(74, 74)...
  Best Opt (Ideal): 3.920694e-02

Gate Time: 640.0 tau (Tg/T2q1=0.8301, Tg/T2q2=0.8317)
  Time-domain setup: pad_factor=3, dt=0.2500 tau, tau/4=0.2500 tau
  No Pulse (Ideal): 6.172708e-01
  Time-domain setup: pad_factor=7, dt=0.2500 tau, tau/4=0.2500 tau
  Best Known (Char): 1.485277e-01 (CDD(7, 7))
  Best Known (Ideal): 1.607269e-01
  Auto-selected pulse counts: [150, 149, 148, 76, 75, 74]
  Optimizing n=(150, 150)...
    New Best Opt: 9.936276e-02
  Optimizing n=(150, 149)...
  Optimizing n=(150, 148)...
  Optimizing n=(150, 76)...
  Optimizing n=(150, 75)...
  Optimizing n=(150, 74)...
  Optimizing n=(149, 150)...
  Optimizing n=(149, 149)...
  Optimizing n=(149, 148)...
  Optimizing n=(149, 76)...
  Optimizing n=(149, 75)...
  Optimizing n=(149, 74)...
  Optimizing n=(148, 150)...
  Optimizing n=(148, 149)...
  Optimizing n=(148, 148)...
  Optimizing n=(148, 76)...
  Optimizing n=(148, 75)...
  Optimizing n=(148, 74)...
  Optimizing n=(76, 150)...
  Optimizing n=(76, 149)...
  Optimizing n=(76, 148)...
  Optimizing n=(76, 76)...
  Optimizing n=(76, 75)...
  Optimizing n=(76, 74)...
  Optimizing n=(75, 150)...
  Optimizing n=(75, 149)...
  Optimizing n=(75, 148)...
  Optimizing n=(75, 76)...
  Optimizing n=(75, 75)...
  Optimizing n=(75, 74)...
  Optimizing n=(74, 150)...
  Optimizing n=(74, 149)...
  Optimizing n=(74, 148)...
  Optimizing n=(74, 76)...
  Optimizing n=(74, 75)...
  Optimizing n=(74, 74)...
  Best Opt (Ideal): 1.299448e-01
Saved all plotting data to /home/mqasimk/IdeaProjects/QNS-2Q/DraftRun_NoSPAM_bland/plotting_data/plotting_data_cz_v2.npz

To generate plots, run:
  python plot_optimization.py --data-dir /home/mqasimk/IdeaProjects/QNS-2Q/DraftRun_NoSPAM_bland --gate-type cz
[gate v / bland] ZZ-channel share of the gate error at Tg = 320 tau
Loading simulated spectra from /home/mqasimk/IdeaProjects/QNS-2Q/DraftRun_NoSPAM_bland/simulated_spectra.npz
Calculated T2 times (Ideal): Q1=7.71e+02 s, Q2=7.70e+02 s
  Time-domain setup: pad_factor=7, dt=0.2500 tau, tau/4=0.2500 tau
  Time-domain setup: pad_factor=3, dt=0.2500 tau, tau/4=0.2500 tau
  Time-domain setup: pad_factor=3, dt=0.2500 tau, tau/4=0.2500 tau
  no-pulse (FID): infidelity 4.4870e-01 -> 4.4332e-01 without ZZ channel (ZZ+cross share 1.2%)
  Time-domain setup: pad_factor=3, dt=0.2500 tau, tau/4=0.2500 tau
  Time-domain setup: pad_factor=3, dt=0.2500 tau, tau/4=0.2500 tau
  best known (CDD(7, 7)): infidelity 6.1382e-02 -> 4.5998e-02 without ZZ channel (ZZ+cross share 25.1%)
[gate v / bland] done
=== ALL GATES COMPLETE — Wed Jun 10 10:23:08 AM EDT 2026 ===
