== CZ knowledge ladder (true 1-F at Tg=320) ==
  cdd      5.2836e-03
  rung_c   3.9407e-04
  diag3    3.6903e-04
  robust4  3.6903e-04
  full     3.6903e-04
== idle knowledge ladder (true 1-F, best over M) ==
  Tg=   640  cdd      3.3910e-03
  Tg=   640  rung_c   5.4759e-04
  Tg=   640  diag3    4.3560e-04
  Tg=   640  robust4  4.3560e-04
  Tg=   640  full     4.3560e-04
  Tg= 10240  cdd      6.1581e-02
  Tg= 10240  rung_c   3.7816e-03
  Tg= 10240  diag3    2.2209e-03
  Tg= 10240  robust4  2.2209e-03
  Tg= 10240  full     2.2209e-03
== CZ SPAM-arm designs (Tg=320): known_true / nt_true / nt_pred ==
Loading reconstructed spectra from /home/mqasimk/IdeaProjects/QNS-2Q/DraftRun_SPAM_showcase_reference/specs.npz
  specs spam_protocol: none
[cz] NOTE: flagged (undetermined) DC points in specs: S112, S11, S12, S212, S22
[cz] control-bandwidth scenario: min pulse separation = 8 tau (n <= T_seq/min_sep - 1 per qubit; applied to library, NT search and inits)
Calculated T2 times (Ideal): Q1=3.10e+03 tau, Q2=3.10e+03 tau
  Time-domain setup: pad_factor=1, dt=0.2500 tau, tau/4=0.2500 tau
  reference  5.2836e-03 / 3.9407e-04 / 5.9396e-04  (label NT(29,29))
Loading reconstructed spectra from /home/mqasimk/IdeaProjects/QNS-2Q/DraftRun_SPAM_showcase_raw/specs.npz
  specs spam_protocol: raw
[cz] NOTE: flagged (undetermined) DC points in specs: S112, S11, S12, S212, S22
[cz] control-bandwidth scenario: min pulse separation = 8 tau (n <= T_seq/min_sep - 1 per qubit; applied to library, NT search and inits)
Calculated T2 times (Ideal): Q1=3.10e+03 tau, Q2=3.10e+03 tau
  Time-domain setup: pad_factor=1, dt=0.2500 tau, tau/4=0.2500 tau
  raw        5.2836e-03 / 3.9407e-04 / 5.9639e-04  (label NT(29,29))
Loading reconstructed spectra from /home/mqasimk/IdeaProjects/QNS-2Q/DraftRun_SPAM_showcase_mitigated/specs.npz
  specs spam_protocol: mitigated
[cz] NOTE: flagged (undetermined) DC points in specs: S112, S11, S12, S212, S22
[cz] control-bandwidth scenario: min pulse separation = 8 tau (n <= T_seq/min_sep - 1 per qubit; applied to library, NT search and inits)
Calculated T2 times (Ideal): Q1=3.10e+03 tau, Q2=3.10e+03 tau
  Time-domain setup: pad_factor=1, dt=0.2500 tau, tau/4=0.2500 tau
  mitigated  5.2836e-03 / 3.9407e-04 / 5.9366e-04  (label NT(29,29))
== idle SPAM-arm designs (Tg=640, best over M) ==
Loading reconstructed spectra from /home/mqasimk/IdeaProjects/QNS-2Q/DraftRun_SPAM_showcase_reference/specs.npz
  specs spam_protocol: none
[idle] NOTE: flagged (undetermined) DC points in specs: S112, S11, S12, S212, S22
[idle] control-bandwidth scenario: min pulse separation = 8 tau
Calculated T2 times (Ideal): Q1=3.10e+03 tau, Q2=3.10e+03 tau
  Time-domain setup: pad_factor=1, dt=0.2500 tau, tau/4=0.2500 tau
  reference  3.3910e-03 / 4.3560e-04 / 6.0579e-04  (M=1)
Loading reconstructed spectra from /home/mqasimk/IdeaProjects/QNS-2Q/DraftRun_SPAM_showcase_raw/specs.npz
  specs spam_protocol: raw
[idle] NOTE: flagged (undetermined) DC points in specs: S112, S11, S12, S212, S22
[idle] control-bandwidth scenario: min pulse separation = 8 tau
Calculated T2 times (Ideal): Q1=3.10e+03 tau, Q2=3.10e+03 tau
  Time-domain setup: pad_factor=1, dt=0.2500 tau, tau/4=0.2500 tau
  raw        3.3910e-03 / 4.3560e-04 / 6.1469e-04  (M=1)
Loading reconstructed spectra from /home/mqasimk/IdeaProjects/QNS-2Q/DraftRun_SPAM_showcase_mitigated/specs.npz
  specs spam_protocol: mitigated
[idle] NOTE: flagged (undetermined) DC points in specs: S112, S11, S12, S212, S22
[idle] control-bandwidth scenario: min pulse separation = 8 tau
Calculated T2 times (Ideal): Q1=3.10e+03 tau, Q2=3.10e+03 tau
  Time-domain setup: pad_factor=1, dt=0.2500 tau, tau/4=0.2500 tau
  mitigated  3.3910e-03 / 4.3560e-04 / 6.0546e-04  (M=1)
== error budget: two-qubit-channel share (truth, fixed sequences) ==
Loading reconstructed spectra from /home/mqasimk/IdeaProjects/QNS-2Q/DraftRun_NoSPAM_showcase_cap/specs.npz
  specs spam_protocol: none
[cz] NOTE: flagged (undetermined) DC points in specs: S112, S11, S12, S212, S22
[cz] control-bandwidth scenario: min pulse separation = 8 tau (n <= T_seq/min_sep - 1 per qubit; applied to library, NT search and inits)
Calculated T2 times (Ideal): Q1=3.10e+03 tau, Q2=3.10e+03 tau
  Time-domain setup: pad_factor=1, dt=0.1250 tau, tau/4=0.2500 tau
  Time-domain setup: pad_factor=1, dt=0.1250 tau, tau/4=0.2500 tau
Loading reconstructed spectra from /home/mqasimk/IdeaProjects/QNS-2Q/DraftRun_NoSPAM_showcase_cap/specs.npz
  specs spam_protocol: none
[cz] NOTE: flagged (undetermined) DC points in specs: S112, S11, S12, S212, S22
[cz] control-bandwidth scenario: min pulse separation = 8 tau (n <= T_seq/min_sep - 1 per qubit; applied to library, NT search and inits)
Calculated T2 times (Ideal): Q1=3.10e+03 tau, Q2=3.10e+03 tau
  Time-domain setup: pad_factor=1, dt=0.1250 tau, tau/4=0.2500 tau
  Time-domain setup: pad_factor=1, dt=0.1250 tau, tau/4=0.2500 tau
  CZ 320: FID share -3.2%, NT-winner share 6.7%
Loading reconstructed spectra from /home/mqasimk/IdeaProjects/QNS-2Q/DraftRun_NoSPAM_showcase_cap/specs.npz
  specs spam_protocol: none
[idle] NOTE: flagged (undetermined) DC points in specs: S112, S11, S12, S212, S22
[idle] control-bandwidth scenario: min pulse separation = 8 tau
Calculated T2 times (Ideal): Q1=3.10e+03 tau, Q2=3.10e+03 tau
  Time-domain setup: pad_factor=1, dt=0.1250 tau, tau/4=0.2500 tau
  Time-domain setup: pad_factor=1, dt=0.1250 tau, tau/4=0.2500 tau
  idle 2560 (M=1): NT-winner share 27.8%
Saved /home/mqasimk/IdeaProjects/QNS-2Q/DraftRun_NoSPAM_showcase_cap/design_numbers.npz
Loading reconstructed spectra from /home/mqasimk/IdeaProjects/QNS-2Q/DraftRun_NoSPAM_showcase_cap/specs.npz
  specs spam_protocol: none
[idle] NOTE: flagged (undetermined) DC points in specs: S112, S11, S12, S212, S22
[idle] control-bandwidth scenario: min pulse separation = 8 tau
Calculated T2 times (Ideal): Q1=3.10e+03 tau, Q2=3.10e+03 tau
  Time-domain setup: pad_factor=1, dt=0.1250 tau, tau/4=0.2500 tau
  Time-domain setup: pad_factor=1, dt=0.2500 tau, tau/4=0.2500 tau
Loading reconstructed spectra from /home/mqasimk/IdeaProjects/QNS-2Q/DraftRun_NoSPAM_showcase_cap/specs.npz
  specs spam_protocol: none
[idle] NOTE: flagged (undetermined) DC points in specs: S112, S11, S12, S212, S22
[idle] control-bandwidth scenario: min pulse separation = 8 tau
Calculated T2 times (Ideal): Q1=3.10e+03 tau, Q2=3.10e+03 tau
  Time-domain setup: pad_factor=1, dt=0.1250 tau, tau/4=0.2500 tau
Tg=    320  CPMG-16  | FID Phi+ 5.647e-02  sync Phi+ 1.726e-04 (pred 3.618e-04)  anti Phi+ 1.435e-04 (pred 3.291e-04)  split   1.2x | F_pro sync/anti 4.039e-04/4.039e-04 (ratio 1.000) | NT(M=4) F_pro 4.391e-04 Phi+ 2.005e-04
  Time-domain setup: pad_factor=1, dt=0.1250 tau, tau/4=0.2500 tau
  Time-domain setup: pad_factor=1, dt=0.2500 tau, tau/4=0.2500 tau
Tg=    640  CPMG-32  | FID Phi+ 1.594e-01  sync Phi+ 2.117e-04 (pred 4.553e-04)  anti Phi+ 1.533e-04 (pred 3.936e-04)  split   1.4x | F_pro sync/anti 5.500e-04/5.500e-04 (ratio 1.000) | NT(M=1) F_pro 4.356e-04 Phi+ 1.824e-04
  Time-domain setup: pad_factor=1, dt=0.1250 tau, tau/4=0.2500 tau
  Time-domain setup: pad_factor=1, dt=0.2500 tau, tau/4=0.2500 tau
Loading reconstructed spectra from /home/mqasimk/IdeaProjects/QNS-2Q/DraftRun_NoSPAM_showcase_cap/specs.npz
  specs spam_protocol: none
[idle] NOTE: flagged (undetermined) DC points in specs: S112, S11, S12, S212, S22
[idle] control-bandwidth scenario: min pulse separation = 8 tau
Calculated T2 times (Ideal): Q1=3.10e+03 tau, Q2=3.10e+03 tau
  Time-domain setup: pad_factor=1, dt=0.1250 tau, tau/4=0.2500 tau
Tg=   1280  CPMG-64  | FID Phi+ 3.286e-01  sync Phi+ 2.898e-04 (pred 5.875e-04)  anti Phi+ 1.729e-04 (pred 4.686e-04)  split   1.7x | F_pro sync/anti 8.421e-04/8.421e-04 (ratio 1.000) | NT(M=2) F_pro 5.921e-04 Phi+ 2.743e-04
  Time-domain setup: pad_factor=1, dt=0.1250 tau, tau/4=0.2500 tau
  Time-domain setup: pad_factor=1, dt=0.2500 tau, tau/4=0.2500 tau
Tg=   2560  CPMG-128 | FID Phi+ 4.621e-01  sync Phi+ 4.459e-04 (pred 7.972e-04)  anti Phi+ 2.121e-04 (pred 5.644e-04)  split   2.1x | F_pro sync/anti 1.426e-03/1.426e-03 (ratio 1.000) | NT(M=1) F_pro 9.368e-04 Phi+ 3.112e-04
  Time-domain setup: pad_factor=1, dt=0.1250 tau, tau/4=0.2500 tau
  Time-domain setup: pad_factor=1, dt=0.2500 tau, tau/4=0.2500 tau
Tg=   5120  CPMG-256 | FID Phi+ 4.982e-01  sync Phi+ 7.581e-04 (pred 1.160e-03)  anti Phi+ 2.905e-04 (pred 7.005e-04)  split   2.6x | F_pro sync/anti 2.592e-03/2.592e-03 (ratio 1.000) | NT(M=1) F_pro 1.611e-03 Phi+ 4.879e-04
  Time-domain setup: pad_factor=1, dt=0.1250 tau, tau/4=0.2500 tau
  Time-domain setup: pad_factor=1, dt=0.2500 tau, tau/4=0.2500 tau
Loading reconstructed spectra from /home/mqasimk/IdeaProjects/QNS-2Q/DraftRun_NoSPAM_showcase_cap/specs.npz
  specs spam_protocol: none
[idle] NOTE: flagged (undetermined) DC points in specs: S112, S11, S12, S212, S22
[idle] control-bandwidth scenario: min pulse separation = 8 tau
Calculated T2 times (Ideal): Q1=3.10e+03 tau, Q2=3.10e+03 tau
  Time-domain setup: pad_factor=1, dt=0.1250 tau, tau/4=0.2500 tau
Tg=  10240  CPMG-512 | FID Phi+ 5.000e-01  sync Phi+ 1.382e-03 (pred 1.810e-03)  anti Phi+ 4.472e-04 (pred 8.991e-04)  split   3.1x | F_pro sync/anti 4.917e-03/4.917e-03 (ratio 1.000) | NT(M=16) F_pro 2.221e-03 Phi+ 8.682e-04

Saved /home/mqasimk/IdeaProjects/QNS-2Q/DraftRun_NoSPAM_showcase_cap/storage_panel.npz

[MC check @ Tg=2560, CPMG-128] Phi+ 4.402e-04, Psi+ 2.119e-04 (sync parity; compare the sync row above)
HARVEST-AND-PANEL-DONE
