Loading reconstructed spectra from /home/mqasimk/IdeaProjects/QNS-2Q/DraftRun_SPAM_featured_reference/specs.npz
  specs spam_protocol: none
[cz] WARNING: spectra model_version='unknown' != current noise model 'anchored-tarucha-20260610'; the ideal benchmark uses the CURRENT model -- regenerate Stage 1/2.
Calculated T2 times (Ideal): Q1=7.71e+02 tau, Q2=7.70e+02 tau
[margin-band] specs+bars: DraftRun_SPAM_featured_reference | winners: DraftRun_SPAM_featured_reference (14 sequences) | 200 draws, seed=20260611
  Time-domain setup: pad_factor=1, dt=0.2500 tau, tau/4=0.2500 tau
  Time-domain setup: pad_factor=1, dt=0.2500 tau, tau/4=0.2500 tau
  Time-domain setup: pad_factor=1, dt=0.2500 tau, tau/4=0.2500 tau
  Time-domain setup: pad_factor=1, dt=0.2500 tau, tau/4=0.2500 tau
  Time-domain setup: pad_factor=1, dt=0.2500 tau, tau/4=0.2500 tau
  Time-domain setup: pad_factor=1, dt=0.2500 tau, tau/4=0.2500 tau
  Time-domain setup: pad_factor=1, dt=0.2500 tau, tau/4=0.2500 tau
  Time-domain setup: pad_factor=1, dt=0.2500 tau, tau/4=0.2500 tau
  Time-domain setup: pad_factor=1, dt=0.2500 tau, tau/4=0.2500 tau
  Time-domain setup: pad_factor=1, dt=0.2500 tau, tau/4=0.2500 tau
  Time-domain setup: pad_factor=1, dt=0.2500 tau, tau/4=0.2500 tau
  Time-domain setup: pad_factor=1, dt=0.2500 tau, tau/4=0.2500 tau
  Time-domain setup: pad_factor=1, dt=0.2500 tau, tau/4=0.2500 tau
  Time-domain setup: pad_factor=1, dt=0.2500 tau, tau/4=0.2500 tau
  Time-domain setup: pad_factor=1, dt=0.2500 tau, tau/4=0.2500 tau
  Time-domain setup: pad_factor=1, dt=0.2500 tau, tau/4=0.2500 tau
  Time-domain setup: pad_factor=1, dt=0.2500 tau, tau/4=0.2500 tau
  Time-domain setup: pad_factor=1, dt=0.2500 tau, tau/4=0.2500 tau
  Time-domain setup: pad_factor=1, dt=0.2500 tau, tau/4=0.2500 tau
  Time-domain setup: pad_factor=1, dt=0.2500 tau, tau/4=0.2500 tau
  Time-domain setup: pad_factor=1, dt=0.2500 tau, tau/4=0.2500 tau
  Time-domain setup: pad_factor=1, dt=0.2500 tau, tau/4=0.2500 tau
  Time-domain setup: pad_factor=1, dt=0.2500 tau, tau/4=0.2500 tau
  Time-domain setup: pad_factor=1, dt=0.2500 tau, tau/4=0.2500 tau
  Time-domain setup: pad_factor=1, dt=0.2500 tau, tau/4=0.2500 tau
  Time-domain setup: pad_factor=1, dt=0.2500 tau, tau/4=0.2500 tau
  Time-domain setup: pad_factor=1, dt=0.2500 tau, tau/4=0.2500 tau
  Time-domain setup: pad_factor=1, dt=0.2500 tau, tau/4=0.2500 tau
  Time-domain setup: pad_factor=1, dt=0.2500 tau, tau/4=0.2500 tau
  Time-domain setup: pad_factor=1, dt=0.2500 tau, tau/4=0.2500 tau
  Time-domain setup: pad_factor=1, dt=0.2500 tau, tau/4=0.2500 tau
  Time-domain setup: pad_factor=1, dt=0.2500 tau, tau/4=0.2500 tau
  Time-domain setup: pad_factor=1, dt=0.2500 tau, tau/4=0.2500 tau
  Time-domain setup: pad_factor=1, dt=0.2500 tau, tau/4=0.2500 tau
  Time-domain setup: pad_factor=1, dt=0.2500 tau, tau/4=0.2500 tau
  Time-domain setup: pad_factor=1, dt=0.2500 tau, tau/4=0.2500 tau
  Time-domain setup: pad_factor=1, dt=0.2500 tau, tau/4=0.2500 tau
  Time-domain setup: pad_factor=1, dt=0.2500 tau, tau/4=0.2500 tau
  Time-domain setup: pad_factor=1, dt=0.2500 tau, tau/4=0.2500 tau
  Time-domain setup: pad_factor=1, dt=0.2500 tau, tau/4=0.2500 tau
  Time-domain setup: pad_factor=1, dt=0.2500 tau, tau/4=0.2500 tau
  Time-domain setup: pad_factor=1, dt=0.2500 tau, tau/4=0.2500 tau
  Time-domain setup: pad_factor=1, dt=0.2500 tau, tau/4=0.2500 tau
  Time-domain setup: pad_factor=1, dt=0.2500 tau, tau/4=0.2500 tau
  Time-domain setup: pad_factor=1, dt=0.2500 tau, tau/4=0.2500 tau
  Time-domain setup: pad_factor=1, dt=0.2500 tau, tau/4=0.2500 tau
  Time-domain setup: pad_factor=1, dt=0.2500 tau, tau/4=0.2500 tau
  Time-domain setup: pad_factor=1, dt=0.2500 tau, tau/4=0.2500 tau
  Time-domain setup: pad_factor=1, dt=0.2500 tau, tau/4=0.2500 tau
  Time-domain setup: pad_factor=1, dt=0.2500 tau, tau/4=0.2500 tau
  Time-domain setup: pad_factor=1, dt=0.2500 tau, tau/4=0.2500 tau
  Time-domain setup: pad_factor=1, dt=0.2500 tau, tau/4=0.2500 tau
  Time-domain setup: pad_factor=1, dt=0.2500 tau, tau/4=0.2500 tau
  Time-domain setup: pad_factor=1, dt=0.2500 tau, tau/4=0.2500 tau
  Time-domain setup: pad_factor=1, dt=0.2500 tau, tau/4=0.2500 tau
  Time-domain setup: pad_factor=1, dt=0.2500 tau, tau/4=0.2500 tau
  Time-domain setup: pad_factor=1, dt=0.2500 tau, tau/4=0.2500 tau
  Time-domain setup: pad_factor=1, dt=0.2500 tau, tau/4=0.2500 tau
  Time-domain setup: pad_factor=1, dt=0.2500 tau, tau/4=0.2500 tau
  Time-domain setup: pad_factor=1, dt=0.2500 tau, tau/4=0.2500 tau
  Time-domain setup: pad_factor=1, dt=0.2500 tau, tau/4=0.2500 tau
  Time-domain setup: pad_factor=1, dt=0.2500 tau, tau/4=0.2500 tau
  Time-domain setup: pad_factor=1, dt=0.2500 tau, tau/4=0.2500 tau
  Time-domain setup: pad_factor=1, dt=0.2500 tau, tau/4=0.2500 tau
  Time-domain setup: pad_factor=1, dt=0.2500 tau, tau/4=0.2500 tau
  Time-domain setup: pad_factor=1, dt=0.2500 tau, tau/4=0.2500 tau
  Time-domain setup: pad_factor=1, dt=0.2500 tau, tau/4=0.2500 tau
  Time-domain setup: pad_factor=1, dt=0.2500 tau, tau/4=0.2500 tau
  Time-domain setup: pad_factor=1, dt=0.2500 tau, tau/4=0.2500 tau
  Time-domain setup: pad_factor=1, dt=0.2500 tau, tau/4=0.2500 tau
  Time-domain setup: pad_factor=1, dt=0.2500 tau, tau/4=0.2500 tau
  Time-domain setup: pad_factor=1, dt=0.2500 tau, tau/4=0.2500 tau
  Time-domain setup: pad_factor=1, dt=0.2500 tau, tau/4=0.2500 tau
  Time-domain setup: pad_factor=1, dt=0.2500 tau, tau/4=0.2500 tau
  Time-domain setup: pad_factor=1, dt=0.2500 tau, tau/4=0.2500 tau
  Time-domain setup: pad_factor=1, dt=0.2500 tau, tau/4=0.2500 tau
  Time-domain setup: pad_factor=1, dt=0.2500 tau, tau/4=0.2500 tau
  Time-domain setup: pad_factor=1, dt=0.2500 tau, tau/4=0.2500 tau
  Time-domain setup: pad_factor=1, dt=0.2500 tau, tau/4=0.2500 tau
  Time-domain setup: pad_factor=1, dt=0.2500 tau, tau/4=0.2500 tau
  Time-domain setup: pad_factor=1, dt=0.2500 tau, tau/4=0.2500 tau
  Time-domain setup: pad_factor=1, dt=0.2500 tau, tau/4=0.2500 tau
  Time-domain setup: pad_factor=1, dt=0.2500 tau, tau/4=0.2500 tau
  Time-domain setup: pad_factor=1, dt=0.2500 tau, tau/4=0.2500 tau
  Time-domain setup: pad_factor=1, dt=0.2500 tau, tau/4=0.2500 tau
  Time-domain setup: pad_factor=1, dt=0.2500 tau, tau/4=0.2500 tau
  Time-domain setup: pad_factor=1, dt=0.2500 tau, tau/4=0.2500 tau
  Time-domain setup: pad_factor=1, dt=0.2500 tau, tau/4=0.2500 tau
  Time-domain setup: pad_factor=1, dt=0.2500 tau, tau/4=0.2500 tau
  Time-domain setup: pad_factor=1, dt=0.2500 tau, tau/4=0.2500 tau
  Time-domain setup: pad_factor=1, dt=0.2500 tau, tau/4=0.2500 tau
  Time-domain setup: pad_factor=1, dt=0.2500 tau, tau/4=0.2500 tau
  Time-domain setup: pad_factor=1, dt=0.2500 tau, tau/4=0.2500 tau
  Time-domain setup: pad_factor=1, dt=0.2500 tau, tau/4=0.2500 tau
  Time-domain setup: pad_factor=1, dt=0.2500 tau, tau/4=0.2500 tau
  Time-domain setup: pad_factor=1, dt=0.2500 tau, tau/4=0.2500 tau
  Time-domain setup: pad_factor=1, dt=0.2500 tau, tau/4=0.2500 tau
  Time-domain setup: pad_factor=1, dt=0.2500 tau, tau/4=0.2500 tau
  Time-domain setup: pad_factor=1, dt=0.2500 tau, tau/4=0.2500 tau
  Time-domain setup: pad_factor=1, dt=0.2500 tau, tau/4=0.2500 tau
  Time-domain setup: pad_factor=1, dt=0.2500 tau, tau/4=0.2500 tau
  Time-domain setup: pad_factor=1, dt=0.2500 tau, tau/4=0.2500 tau
  Time-domain setup: pad_factor=1, dt=0.2500 tau, tau/4=0.2500 tau
  Time-domain setup: pad_factor=1, dt=0.2500 tau, tau/4=0.2500 tau
  Time-domain setup: pad_factor=1, dt=0.2500 tau, tau/4=0.2500 tau
  Time-domain setup: pad_factor=1, dt=0.2500 tau, tau/4=0.2500 tau
  Time-domain setup: pad_factor=1, dt=0.2500 tau, tau/4=0.2500 tau
  Time-domain setup: pad_factor=1, dt=0.2500 tau, tau/4=0.2500 tau
  Time-domain setup: pad_factor=1, dt=0.2500 tau, tau/4=0.2500 tau
  Time-domain setup: pad_factor=1, dt=0.2500 tau, tau/4=0.2500 tau
  Time-domain setup: pad_factor=1, dt=0.2500 tau, tau/4=0.2500 tau
  Time-domain setup: pad_factor=1, dt=0.2500 tau, tau/4=0.2500 tau
  Time-domain setup: pad_factor=1, dt=0.2500 tau, tau/4=0.2500 tau
  Time-domain setup: pad_factor=1, dt=0.2500 tau, tau/4=0.2500 tau
  Time-domain setup: pad_factor=1, dt=0.2500 tau, tau/4=0.2500 tau
  Time-domain setup: pad_factor=1, dt=0.2500 tau, tau/4=0.2500 tau
  Time-domain setup: pad_factor=1, dt=0.2500 tau, tau/4=0.2500 tau
  Time-domain setup: pad_factor=1, dt=0.2500 tau, tau/4=0.2500 tau
  Time-domain setup: pad_factor=1, dt=0.2500 tau, tau/4=0.2500 tau
  Time-domain setup: pad_factor=1, dt=0.2500 tau, tau/4=0.2500 tau
  Time-domain setup: pad_factor=1, dt=0.2500 tau, tau/4=0.2500 tau
  Time-domain setup: pad_factor=1, dt=0.2500 tau, tau/4=0.2500 tau
  Time-domain setup: pad_factor=1, dt=0.2500 tau, tau/4=0.2500 tau
  Time-domain setup: pad_factor=1, dt=0.2500 tau, tau/4=0.2500 tau
  Time-domain setup: pad_factor=1, dt=0.2500 tau, tau/4=0.2500 tau
  Time-domain setup: pad_factor=1, dt=0.2500 tau, tau/4=0.2500 tau
  Time-domain setup: pad_factor=1, dt=0.2500 tau, tau/4=0.2500 tau
  Time-domain setup: pad_factor=1, dt=0.2500 tau, tau/4=0.2500 tau
  Time-domain setup: pad_factor=1, dt=0.2500 tau, tau/4=0.2500 tau
  Time-domain setup: pad_factor=1, dt=0.2500 tau, tau/4=0.2500 tau
  Time-domain setup: pad_factor=1, dt=0.2500 tau, tau/4=0.2500 tau
  Time-domain setup: pad_factor=1, dt=0.2500 tau, tau/4=0.2500 tau
  Time-domain setup: pad_factor=1, dt=0.2500 tau, tau/4=0.2500 tau
  Time-domain setup: pad_factor=1, dt=0.2500 tau, tau/4=0.2500 tau
  Time-domain setup: pad_factor=1, dt=0.2500 tau, tau/4=0.2500 tau
  Time-domain setup: pad_factor=1, dt=0.2500 tau, tau/4=0.2500 tau
  Time-domain setup: pad_factor=1, dt=0.2500 tau, tau/4=0.2500 tau
  Time-domain setup: pad_factor=1, dt=0.2500 tau, tau/4=0.2500 tau
  Time-domain setup: pad_factor=1, dt=0.2500 tau, tau/4=0.2500 tau
  Time-domain setup: pad_factor=1, dt=0.2500 tau, tau/4=0.2500 tau
  Time-domain setup: pad_factor=1, dt=0.2500 tau, tau/4=0.2500 tau
  Time-domain setup: pad_factor=1, dt=0.2500 tau, tau/4=0.2500 tau
  Time-domain setup: pad_factor=1, dt=0.2500 tau, tau/4=0.2500 tau
  Time-domain setup: pad_factor=1, dt=0.2500 tau, tau/4=0.2500 tau
  Time-domain setup: pad_factor=1, dt=0.2500 tau, tau/4=0.2500 tau
  Time-domain setup: pad_factor=1, dt=0.2500 tau, tau/4=0.2500 tau
  Time-domain setup: pad_factor=1, dt=0.2500 tau, tau/4=0.2500 tau
  Time-domain setup: pad_factor=1, dt=0.2500 tau, tau/4=0.2500 tau
  Time-domain setup: pad_factor=1, dt=0.2500 tau, tau/4=0.2500 tau
  Time-domain setup: pad_factor=1, dt=0.2500 tau, tau/4=0.2500 tau
  Time-domain setup: pad_factor=1, dt=0.2500 tau, tau/4=0.2500 tau
  Time-domain setup: pad_factor=1, dt=0.2500 tau, tau/4=0.2500 tau
  Time-domain setup: pad_factor=1, dt=0.2500 tau, tau/4=0.2500 tau
  Time-domain setup: pad_factor=1, dt=0.2500 tau, tau/4=0.2500 tau
  Time-domain setup: pad_factor=1, dt=0.2500 tau, tau/4=0.2500 tau
  Time-domain setup: pad_factor=1, dt=0.2500 tau, tau/4=0.2500 tau
  Time-domain setup: pad_factor=1, dt=0.2500 tau, tau/4=0.2500 tau
  Time-domain setup: pad_factor=1, dt=0.2500 tau, tau/4=0.2500 tau
  Time-domain setup: pad_factor=1, dt=0.2500 tau, tau/4=0.2500 tau
  Time-domain setup: pad_factor=1, dt=0.2500 tau, tau/4=0.2500 tau
  Time-domain setup: pad_factor=1, dt=0.2500 tau, tau/4=0.2500 tau
  Time-domain setup: pad_factor=1, dt=0.2500 tau, tau/4=0.2500 tau
  Time-domain setup: pad_factor=1, dt=0.2500 tau, tau/4=0.2500 tau
  Time-domain setup: pad_factor=1, dt=0.2500 tau, tau/4=0.2500 tau
  Time-domain setup: pad_factor=1, dt=0.2500 tau, tau/4=0.2500 tau
  Time-domain setup: pad_factor=1, dt=0.2500 tau, tau/4=0.2500 tau
  Time-domain setup: pad_factor=1, dt=0.2500 tau, tau/4=0.2500 tau
  Time-domain setup: pad_factor=1, dt=0.2500 tau, tau/4=0.2500 tau
  Time-domain setup: pad_factor=1, dt=0.2500 tau, tau/4=0.2500 tau
  Time-domain setup: pad_factor=1, dt=0.2500 tau, tau/4=0.2500 tau
  Time-domain setup: pad_factor=1, dt=0.2500 tau, tau/4=0.2500 tau
  Time-domain setup: pad_factor=1, dt=0.2500 tau, tau/4=0.2500 tau
  Time-domain setup: pad_factor=1, dt=0.2500 tau, tau/4=0.2500 tau
  Time-domain setup: pad_factor=1, dt=0.2500 tau, tau/4=0.2500 tau
  Time-domain setup: pad_factor=1, dt=0.2500 tau, tau/4=0.2500 tau
  Time-domain setup: pad_factor=1, dt=0.2500 tau, tau/4=0.2500 tau
  Time-domain setup: pad_factor=1, dt=0.2500 tau, tau/4=0.2500 tau
  Time-domain setup: pad_factor=1, dt=0.2500 tau, tau/4=0.2500 tau
  Time-domain setup: pad_factor=1, dt=0.2500 tau, tau/4=0.2500 tau
  Time-domain setup: pad_factor=1, dt=0.2500 tau, tau/4=0.2500 tau
  Time-domain setup: pad_factor=1, dt=0.2500 tau, tau/4=0.2500 tau
  Time-domain setup: pad_factor=1, dt=0.2500 tau, tau/4=0.2500 tau
  draw 25/200
  Time-domain setup: pad_factor=1, dt=0.2500 tau, tau/4=0.2500 tau
  Time-domain setup: pad_factor=1, dt=0.2500 tau, tau/4=0.2500 tau
  Time-domain setup: pad_factor=1, dt=0.2500 tau, tau/4=0.2500 tau
  Time-domain setup: pad_factor=1, dt=0.2500 tau, tau/4=0.2500 tau
  Time-domain setup: pad_factor=1, dt=0.2500 tau, tau/4=0.2500 tau
  Time-domain setup: pad_factor=1, dt=0.2500 tau, tau/4=0.2500 tau
  Time-domain setup: pad_factor=1, dt=0.2500 tau, tau/4=0.2500 tau
  Time-domain setup: pad_factor=1, dt=0.2500 tau, tau/4=0.2500 tau
  Time-domain setup: pad_factor=1, dt=0.2500 tau, tau/4=0.2500 tau
  Time-domain setup: pad_factor=1, dt=0.2500 tau, tau/4=0.2500 tau
  Time-domain setup: pad_factor=1, dt=0.2500 tau, tau/4=0.2500 tau
  Time-domain setup: pad_factor=1, dt=0.2500 tau, tau/4=0.2500 tau
  Time-domain setup: pad_factor=1, dt=0.2500 tau, tau/4=0.2500 tau
  Time-domain setup: pad_factor=1, dt=0.2500 tau, tau/4=0.2500 tau
  Time-domain setup: pad_factor=1, dt=0.2500 tau, tau/4=0.2500 tau
  Time-domain setup: pad_factor=1, dt=0.2500 tau, tau/4=0.2500 tau
  Time-domain setup: pad_factor=1, dt=0.2500 tau, tau/4=0.2500 tau
  Time-domain setup: pad_factor=1, dt=0.2500 tau, tau/4=0.2500 tau
  Time-domain setup: pad_factor=1, dt=0.2500 tau, tau/4=0.2500 tau
  Time-domain setup: pad_factor=1, dt=0.2500 tau, tau/4=0.2500 tau
  Time-domain setup: pad_factor=1, dt=0.2500 tau, tau/4=0.2500 tau
  Time-domain setup: pad_factor=1, dt=0.2500 tau, tau/4=0.2500 tau
  Time-domain setup: pad_factor=1, dt=0.2500 tau, tau/4=0.2500 tau
  Time-domain setup: pad_factor=1, dt=0.2500 tau, tau/4=0.2500 tau
  Time-domain setup: pad_factor=1, dt=0.2500 tau, tau/4=0.2500 tau
  Time-domain setup: pad_factor=1, dt=0.2500 tau, tau/4=0.2500 tau
  Time-domain setup: pad_factor=1, dt=0.2500 tau, tau/4=0.2500 tau
  Time-domain setup: pad_factor=1, dt=0.2500 tau, tau/4=0.2500 tau
  Time-domain setup: pad_factor=1, dt=0.2500 tau, tau/4=0.2500 tau
  Time-domain setup: pad_factor=1, dt=0.2500 tau, tau/4=0.2500 tau
  Time-domain setup: pad_factor=1, dt=0.2500 tau, tau/4=0.2500 tau
  Time-domain setup: pad_factor=1, dt=0.2500 tau, tau/4=0.2500 tau
  Time-domain setup: pad_factor=1, dt=0.2500 tau, tau/4=0.2500 tau
  Time-domain setup: pad_factor=1, dt=0.2500 tau, tau/4=0.2500 tau
  Time-domain setup: pad_factor=1, dt=0.2500 tau, tau/4=0.2500 tau
  Time-domain setup: pad_factor=1, dt=0.2500 tau, tau/4=0.2500 tau
  Time-domain setup: pad_factor=1, dt=0.2500 tau, tau/4=0.2500 tau
  Time-domain setup: pad_factor=1, dt=0.2500 tau, tau/4=0.2500 tau
  Time-domain setup: pad_factor=1, dt=0.2500 tau, tau/4=0.2500 tau
  Time-domain setup: pad_factor=1, dt=0.2500 tau, tau/4=0.2500 tau
  Time-domain setup: pad_factor=1, dt=0.2500 tau, tau/4=0.2500 tau
  Time-domain setup: pad_factor=1, dt=0.2500 tau, tau/4=0.2500 tau
  Time-domain setup: pad_factor=1, dt=0.2500 tau, tau/4=0.2500 tau
  Time-domain setup: pad_factor=1, dt=0.2500 tau, tau/4=0.2500 tau
  Time-domain setup: pad_factor=1, dt=0.2500 tau, tau/4=0.2500 tau
  Time-domain setup: pad_factor=1, dt=0.2500 tau, tau/4=0.2500 tau
  Time-domain setup: pad_factor=1, dt=0.2500 tau, tau/4=0.2500 tau
  Time-domain setup: pad_factor=1, dt=0.2500 tau, tau/4=0.2500 tau
  Time-domain setup: pad_factor=1, dt=0.2500 tau, tau/4=0.2500 tau
  Time-domain setup: pad_factor=1, dt=0.2500 tau, tau/4=0.2500 tau
  Time-domain setup: pad_factor=1, dt=0.2500 tau, tau/4=0.2500 tau
  Time-domain setup: pad_factor=1, dt=0.2500 tau, tau/4=0.2500 tau
  Time-domain setup: pad_factor=1, dt=0.2500 tau, tau/4=0.2500 tau
  Time-domain setup: pad_factor=1, dt=0.2500 tau, tau/4=0.2500 tau
  Time-domain setup: pad_factor=1, dt=0.2500 tau, tau/4=0.2500 tau
  Time-domain setup: pad_factor=1, dt=0.2500 tau, tau/4=0.2500 tau
  Time-domain setup: pad_factor=1, dt=0.2500 tau, tau/4=0.2500 tau
  Time-domain setup: pad_factor=1, dt=0.2500 tau, tau/4=0.2500 tau
  Time-domain setup: pad_factor=1, dt=0.2500 tau, tau/4=0.2500 tau
  Time-domain setup: pad_factor=1, dt=0.2500 tau, tau/4=0.2500 tau
  Time-domain setup: pad_factor=1, dt=0.2500 tau, tau/4=0.2500 tau
  Time-domain setup: pad_factor=1, dt=0.2500 tau, tau/4=0.2500 tau
  Time-domain setup: pad_factor=1, dt=0.2500 tau, tau/4=0.2500 tau
  Time-domain setup: pad_factor=1, dt=0.2500 tau, tau/4=0.2500 tau
  Time-domain setup: pad_factor=1, dt=0.2500 tau, tau/4=0.2500 tau
  Time-domain setup: pad_factor=1, dt=0.2500 tau, tau/4=0.2500 tau
  Time-domain setup: pad_factor=1, dt=0.2500 tau, tau/4=0.2500 tau
  Time-domain setup: pad_factor=1, dt=0.2500 tau, tau/4=0.2500 tau
  Time-domain setup: pad_factor=1, dt=0.2500 tau, tau/4=0.2500 tau
  Time-domain setup: pad_factor=1, dt=0.2500 tau, tau/4=0.2500 tau
  Time-domain setup: pad_factor=1, dt=0.2500 tau, tau/4=0.2500 tau
  Time-domain setup: pad_factor=1, dt=0.2500 tau, tau/4=0.2500 tau
  Time-domain setup: pad_factor=1, dt=0.2500 tau, tau/4=0.2500 tau
  Time-domain setup: pad_factor=1, dt=0.2500 tau, tau/4=0.2500 tau
  Time-domain setup: pad_factor=1, dt=0.2500 tau, tau/4=0.2500 tau
  Time-domain setup: pad_factor=1, dt=0.2500 tau, tau/4=0.2500 tau
  Time-domain setup: pad_factor=1, dt=0.2500 tau, tau/4=0.2500 tau
  Time-domain setup: pad_factor=1, dt=0.2500 tau, tau/4=0.2500 tau
  Time-domain setup: pad_factor=1, dt=0.2500 tau, tau/4=0.2500 tau
  Time-domain setup: pad_factor=1, dt=0.2500 tau, tau/4=0.2500 tau
  Time-domain setup: pad_factor=1, dt=0.2500 tau, tau/4=0.2500 tau
  Time-domain setup: pad_factor=1, dt=0.2500 tau, tau/4=0.2500 tau
  Time-domain setup: pad_factor=1, dt=0.2500 tau, tau/4=0.2500 tau
  Time-domain setup: pad_factor=1, dt=0.2500 tau, tau/4=0.2500 tau
  Time-domain setup: pad_factor=1, dt=0.2500 tau, tau/4=0.2500 tau
  Time-domain setup: pad_factor=1, dt=0.2500 tau, tau/4=0.2500 tau
  Time-domain setup: pad_factor=1, dt=0.2500 tau, tau/4=0.2500 tau
  Time-domain setup: pad_factor=1, dt=0.2500 tau, tau/4=0.2500 tau
  Time-domain setup: pad_factor=1, dt=0.2500 tau, tau/4=0.2500 tau
  Time-domain setup: pad_factor=1, dt=0.2500 tau, tau/4=0.2500 tau
  Time-domain setup: pad_factor=1, dt=0.2500 tau, tau/4=0.2500 tau
  Time-domain setup: pad_factor=1, dt=0.2500 tau, tau/4=0.2500 tau
  Time-domain setup: pad_factor=1, dt=0.2500 tau, tau/4=0.2500 tau
  Time-domain setup: pad_factor=1, dt=0.2500 tau, tau/4=0.2500 tau
  Time-domain setup: pad_factor=1, dt=0.2500 tau, tau/4=0.2500 tau
  Time-domain setup: pad_factor=1, dt=0.2500 tau, tau/4=0.2500 tau
  Time-domain setup: pad_factor=1, dt=0.2500 tau, tau/4=0.2500 tau
  Time-domain setup: pad_factor=1, dt=0.2500 tau, tau/4=0.2500 tau
  Time-domain setup: pad_factor=1, dt=0.2500 tau, tau/4=0.2500 tau
  Time-domain setup: pad_factor=1, dt=0.2500 tau, tau/4=0.2500 tau
  Time-domain setup: pad_factor=1, dt=0.2500 tau, tau/4=0.2500 tau
  Time-domain setup: pad_factor=1, dt=0.2500 tau, tau/4=0.2500 tau
  Time-domain setup: pad_factor=1, dt=0.2500 tau, tau/4=0.2500 tau
  Time-domain setup: pad_factor=1, dt=0.2500 tau, tau/4=0.2500 tau
  Time-domain setup: pad_factor=1, dt=0.2500 tau, tau/4=0.2500 tau
  Time-domain setup: pad_factor=1, dt=0.2500 tau, tau/4=0.2500 tau
  Time-domain setup: pad_factor=1, dt=0.2500 tau, tau/4=0.2500 tau
  Time-domain setup: pad_factor=1, dt=0.2500 tau, tau/4=0.2500 tau
  Time-domain setup: pad_factor=1, dt=0.2500 tau, tau/4=0.2500 tau
  Time-domain setup: pad_factor=1, dt=0.2500 tau, tau/4=0.2500 tau
  Time-domain setup: pad_factor=1, dt=0.2500 tau, tau/4=0.2500 tau
  Time-domain setup: pad_factor=1, dt=0.2500 tau, tau/4=0.2500 tau
  Time-domain setup: pad_factor=1, dt=0.2500 tau, tau/4=0.2500 tau
  Time-domain setup: pad_factor=1, dt=0.2500 tau, tau/4=0.2500 tau
  Time-domain setup: pad_factor=1, dt=0.2500 tau, tau/4=0.2500 tau
  Time-domain setup: pad_factor=1, dt=0.2500 tau, tau/4=0.2500 tau
  Time-domain setup: pad_factor=1, dt=0.2500 tau, tau/4=0.2500 tau
  Time-domain setup: pad_factor=1, dt=0.2500 tau, tau/4=0.2500 tau
  Time-domain setup: pad_factor=1, dt=0.2500 tau, tau/4=0.2500 tau
  Time-domain setup: pad_factor=1, dt=0.2500 tau, tau/4=0.2500 tau
  Time-domain setup: pad_factor=1, dt=0.2500 tau, tau/4=0.2500 tau
  Time-domain setup: pad_factor=1, dt=0.2500 tau, tau/4=0.2500 tau
  Time-domain setup: pad_factor=1, dt=0.2500 tau, tau/4=0.2500 tau
  Time-domain setup: pad_factor=1, dt=0.2500 tau, tau/4=0.2500 tau
  Time-domain setup: pad_factor=1, dt=0.2500 tau, tau/4=0.2500 tau
  Time-domain setup: pad_factor=1, dt=0.2500 tau, tau/4=0.2500 tau
  Time-domain setup: pad_factor=1, dt=0.2500 tau, tau/4=0.2500 tau
  Time-domain setup: pad_factor=1, dt=0.2500 tau, tau/4=0.2500 tau
  Time-domain setup: pad_factor=1, dt=0.2500 tau, tau/4=0.2500 tau
  Time-domain setup: pad_factor=1, dt=0.2500 tau, tau/4=0.2500 tau
  Time-domain setup: pad_factor=1, dt=0.2500 tau, tau/4=0.2500 tau
  Time-domain setup: pad_factor=1, dt=0.2500 tau, tau/4=0.2500 tau
  Time-domain setup: pad_factor=1, dt=0.2500 tau, tau/4=0.2500 tau
  Time-domain setup: pad_factor=1, dt=0.2500 tau, tau/4=0.2500 tau
  Time-domain setup: pad_factor=1, dt=0.2500 tau, tau/4=0.2500 tau
  Time-domain setup: pad_factor=1, dt=0.2500 tau, tau/4=0.2500 tau
  Time-domain setup: pad_factor=1, dt=0.2500 tau, tau/4=0.2500 tau
  Time-domain setup: pad_factor=1, dt=0.2500 tau, tau/4=0.2500 tau
  Time-domain setup: pad_factor=1, dt=0.2500 tau, tau/4=0.2500 tau
  Time-domain setup: pad_factor=1, dt=0.2500 tau, tau/4=0.2500 tau
  Time-domain setup: pad_factor=1, dt=0.2500 tau, tau/4=0.2500 tau
  Time-domain setup: pad_factor=1, dt=0.2500 tau, tau/4=0.2500 tau
  Time-domain setup: pad_factor=1, dt=0.2500 tau, tau/4=0.2500 tau
  Time-domain setup: pad_factor=1, dt=0.2500 tau, tau/4=0.2500 tau
  Time-domain setup: pad_factor=1, dt=0.2500 tau, tau/4=0.2500 tau
  Time-domain setup: pad_factor=1, dt=0.2500 tau, tau/4=0.2500 tau
  Time-domain setup: pad_factor=1, dt=0.2500 tau, tau/4=0.2500 tau
  Time-domain setup: pad_factor=1, dt=0.2500 tau, tau/4=0.2500 tau
  Time-domain setup: pad_factor=1, dt=0.2500 tau, tau/4=0.2500 tau
  Time-domain setup: pad_factor=1, dt=0.2500 tau, tau/4=0.2500 tau
  Time-domain setup: pad_factor=1, dt=0.2500 tau, tau/4=0.2500 tau
  Time-domain setup: pad_factor=1, dt=0.2500 tau, tau/4=0.2500 tau
  Time-domain setup: pad_factor=1, dt=0.2500 tau, tau/4=0.2500 tau
  Time-domain setup: pad_factor=1, dt=0.2500 tau, tau/4=0.2500 tau
  Time-domain setup: pad_factor=1, dt=0.2500 tau, tau/4=0.2500 tau
  Time-domain setup: pad_factor=1, dt=0.2500 tau, tau/4=0.2500 tau
  Time-domain setup: pad_factor=1, dt=0.2500 tau, tau/4=0.2500 tau
  Time-domain setup: pad_factor=1, dt=0.2500 tau, tau/4=0.2500 tau
  Time-domain setup: pad_factor=1, dt=0.2500 tau, tau/4=0.2500 tau
  Time-domain setup: pad_factor=1, dt=0.2500 tau, tau/4=0.2500 tau
  Time-domain setup: pad_factor=1, dt=0.2500 tau, tau/4=0.2500 tau
  Time-domain setup: pad_factor=1, dt=0.2500 tau, tau/4=0.2500 tau
  Time-domain setup: pad_factor=1, dt=0.2500 tau, tau/4=0.2500 tau
  Time-domain setup: pad_factor=1, dt=0.2500 tau, tau/4=0.2500 tau
  Time-domain setup: pad_factor=1, dt=0.2500 tau, tau/4=0.2500 tau
  Time-domain setup: pad_factor=1, dt=0.2500 tau, tau/4=0.2500 tau
  Time-domain setup: pad_factor=1, dt=0.2500 tau, tau/4=0.2500 tau
  Time-domain setup: pad_factor=1, dt=0.2500 tau, tau/4=0.2500 tau
  Time-domain setup: pad_factor=1, dt=0.2500 tau, tau/4=0.2500 tau
  Time-domain setup: pad_factor=1, dt=0.2500 tau, tau/4=0.2500 tau
  Time-domain setup: pad_factor=1, dt=0.2500 tau, tau/4=0.2500 tau
  Time-domain setup: pad_factor=1, dt=0.2500 tau, tau/4=0.2500 tau
  Time-domain setup: pad_factor=1, dt=0.2500 tau, tau/4=0.2500 tau
  Time-domain setup: pad_factor=1, dt=0.2500 tau, tau/4=0.2500 tau
  Time-domain setup: pad_factor=1, dt=0.2500 tau, tau/4=0.2500 tau
  draw 50/200
  Time-domain setup: pad_factor=1, dt=0.2500 tau, tau/4=0.2500 tau
  Time-domain setup: pad_factor=1, dt=0.2500 tau, tau/4=0.2500 tau
  Time-domain setup: pad_factor=1, dt=0.2500 tau, tau/4=0.2500 tau
  Time-domain setup: pad_factor=1, dt=0.2500 tau, tau/4=0.2500 tau
  Time-domain setup: pad_factor=1, dt=0.2500 tau, tau/4=0.2500 tau
  Time-domain setup: pad_factor=1, dt=0.2500 tau, tau/4=0.2500 tau
  Time-domain setup: pad_factor=1, dt=0.2500 tau, tau/4=0.2500 tau
  Time-domain setup: pad_factor=1, dt=0.2500 tau, tau/4=0.2500 tau
  Time-domain setup: pad_factor=1, dt=0.2500 tau, tau/4=0.2500 tau
  Time-domain setup: pad_factor=1, dt=0.2500 tau, tau/4=0.2500 tau
  Time-domain setup: pad_factor=1, dt=0.2500 tau, tau/4=0.2500 tau
  Time-domain setup: pad_factor=1, dt=0.2500 tau, tau/4=0.2500 tau
  Time-domain setup: pad_factor=1, dt=0.2500 tau, tau/4=0.2500 tau
  Time-domain setup: pad_factor=1, dt=0.2500 tau, tau/4=0.2500 tau
  Time-domain setup: pad_factor=1, dt=0.2500 tau, tau/4=0.2500 tau
  Time-domain setup: pad_factor=1, dt=0.2500 tau, tau/4=0.2500 tau
  Time-domain setup: pad_factor=1, dt=0.2500 tau, tau/4=0.2500 tau
  Time-domain setup: pad_factor=1, dt=0.2500 tau, tau/4=0.2500 tau
  Time-domain setup: pad_factor=1, dt=0.2500 tau, tau/4=0.2500 tau
  Time-domain setup: pad_factor=1, dt=0.2500 tau, tau/4=0.2500 tau
  Time-domain setup: pad_factor=1, dt=0.2500 tau, tau/4=0.2500 tau
  Time-domain setup: pad_factor=1, dt=0.2500 tau, tau/4=0.2500 tau
  Time-domain setup: pad_factor=1, dt=0.2500 tau, tau/4=0.2500 tau
  Time-domain setup: pad_factor=1, dt=0.2500 tau, tau/4=0.2500 tau
  Time-domain setup: pad_factor=1, dt=0.2500 tau, tau/4=0.2500 tau
  Time-domain setup: pad_factor=1, dt=0.2500 tau, tau/4=0.2500 tau
  Time-domain setup: pad_factor=1, dt=0.2500 tau, tau/4=0.2500 tau
  Time-domain setup: pad_factor=1, dt=0.2500 tau, tau/4=0.2500 tau
  Time-domain setup: pad_factor=1, dt=0.2500 tau, tau/4=0.2500 tau
  Time-domain setup: pad_factor=1, dt=0.2500 tau, tau/4=0.2500 tau
  Time-domain setup: pad_factor=1, dt=0.2500 tau, tau/4=0.2500 tau
  Time-domain setup: pad_factor=1, dt=0.2500 tau, tau/4=0.2500 tau
  Time-domain setup: pad_factor=1, dt=0.2500 tau, tau/4=0.2500 tau
  Time-domain setup: pad_factor=1, dt=0.2500 tau, tau/4=0.2500 tau
  Time-domain setup: pad_factor=1, dt=0.2500 tau, tau/4=0.2500 tau
  Time-domain setup: pad_factor=1, dt=0.2500 tau, tau/4=0.2500 tau
  Time-domain setup: pad_factor=1, dt=0.2500 tau, tau/4=0.2500 tau
  Time-domain setup: pad_factor=1, dt=0.2500 tau, tau/4=0.2500 tau
  Time-domain setup: pad_factor=1, dt=0.2500 tau, tau/4=0.2500 tau
  Time-domain setup: pad_factor=1, dt=0.2500 tau, tau/4=0.2500 tau
  Time-domain setup: pad_factor=1, dt=0.2500 tau, tau/4=0.2500 tau
  Time-domain setup: pad_factor=1, dt=0.2500 tau, tau/4=0.2500 tau
  Time-domain setup: pad_factor=1, dt=0.2500 tau, tau/4=0.2500 tau
  Time-domain setup: pad_factor=1, dt=0.2500 tau, tau/4=0.2500 tau
  Time-domain setup: pad_factor=1, dt=0.2500 tau, tau/4=0.2500 tau
  Time-domain setup: pad_factor=1, dt=0.2500 tau, tau/4=0.2500 tau
  Time-domain setup: pad_factor=1, dt=0.2500 tau, tau/4=0.2500 tau
  Time-domain setup: pad_factor=1, dt=0.2500 tau, tau/4=0.2500 tau
  Time-domain setup: pad_factor=1, dt=0.2500 tau, tau/4=0.2500 tau
  Time-domain setup: pad_factor=1, dt=0.2500 tau, tau/4=0.2500 tau
  Time-domain setup: pad_factor=1, dt=0.2500 tau, tau/4=0.2500 tau
  Time-domain setup: pad_factor=1, dt=0.2500 tau, tau/4=0.2500 tau
  Time-domain setup: pad_factor=1, dt=0.2500 tau, tau/4=0.2500 tau
  Time-domain setup: pad_factor=1, dt=0.2500 tau, tau/4=0.2500 tau
  Time-domain setup: pad_factor=1, dt=0.2500 tau, tau/4=0.2500 tau
  Time-domain setup: pad_factor=1, dt=0.2500 tau, tau/4=0.2500 tau
  Time-domain setup: pad_factor=1, dt=0.2500 tau, tau/4=0.2500 tau
  Time-domain setup: pad_factor=1, dt=0.2500 tau, tau/4=0.2500 tau
  Time-domain setup: pad_factor=1, dt=0.2500 tau, tau/4=0.2500 tau
  Time-domain setup: pad_factor=1, dt=0.2500 tau, tau/4=0.2500 tau
  Time-domain setup: pad_factor=1, dt=0.2500 tau, tau/4=0.2500 tau
  Time-domain setup: pad_factor=1, dt=0.2500 tau, tau/4=0.2500 tau
  Time-domain setup: pad_factor=1, dt=0.2500 tau, tau/4=0.2500 tau
  Time-domain setup: pad_factor=1, dt=0.2500 tau, tau/4=0.2500 tau
  Time-domain setup: pad_factor=1, dt=0.2500 tau, tau/4=0.2500 tau
  Time-domain setup: pad_factor=1, dt=0.2500 tau, tau/4=0.2500 tau
  Time-domain setup: pad_factor=1, dt=0.2500 tau, tau/4=0.2500 tau
  Time-domain setup: pad_factor=1, dt=0.2500 tau, tau/4=0.2500 tau
  Time-domain setup: pad_factor=1, dt=0.2500 tau, tau/4=0.2500 tau
  Time-domain setup: pad_factor=1, dt=0.2500 tau, tau/4=0.2500 tau
  Time-domain setup: pad_factor=1, dt=0.2500 tau, tau/4=0.2500 tau
  Time-domain setup: pad_factor=1, dt=0.2500 tau, tau/4=0.2500 tau
  Time-domain setup: pad_factor=1, dt=0.2500 tau, tau/4=0.2500 tau
  Time-domain setup: pad_factor=1, dt=0.2500 tau, tau/4=0.2500 tau
  Time-domain setup: pad_factor=1, dt=0.2500 tau, tau/4=0.2500 tau
  Time-domain setup: pad_factor=1, dt=0.2500 tau, tau/4=0.2500 tau
  Time-domain setup: pad_factor=1, dt=0.2500 tau, tau/4=0.2500 tau
  Time-domain setup: pad_factor=1, dt=0.2500 tau, tau/4=0.2500 tau
  Time-domain setup: pad_factor=1, dt=0.2500 tau, tau/4=0.2500 tau
  Time-domain setup: pad_factor=1, dt=0.2500 tau, tau/4=0.2500 tau
  Time-domain setup: pad_factor=1, dt=0.2500 tau, tau/4=0.2500 tau
  Time-domain setup: pad_factor=1, dt=0.2500 tau, tau/4=0.2500 tau
  Time-domain setup: pad_factor=1, dt=0.2500 tau, tau/4=0.2500 tau
  Time-domain setup: pad_factor=1, dt=0.2500 tau, tau/4=0.2500 tau
  Time-domain setup: pad_factor=1, dt=0.2500 tau, tau/4=0.2500 tau
  Time-domain setup: pad_factor=1, dt=0.2500 tau, tau/4=0.2500 tau
  Time-domain setup: pad_factor=1, dt=0.2500 tau, tau/4=0.2500 tau
  Time-domain setup: pad_factor=1, dt=0.2500 tau, tau/4=0.2500 tau
  Time-domain setup: pad_factor=1, dt=0.2500 tau, tau/4=0.2500 tau
  Time-domain setup: pad_factor=1, dt=0.2500 tau, tau/4=0.2500 tau
  Time-domain setup: pad_factor=1, dt=0.2500 tau, tau/4=0.2500 tau
  Time-domain setup: pad_factor=1, dt=0.2500 tau, tau/4=0.2500 tau
  Time-domain setup: pad_factor=1, dt=0.2500 tau, tau/4=0.2500 tau
  Time-domain setup: pad_factor=1, dt=0.2500 tau, tau/4=0.2500 tau
  Time-domain setup: pad_factor=1, dt=0.2500 tau, tau/4=0.2500 tau
  Time-domain setup: pad_factor=1, dt=0.2500 tau, tau/4=0.2500 tau
  Time-domain setup: pad_factor=1, dt=0.2500 tau, tau/4=0.2500 tau
  Time-domain setup: pad_factor=1, dt=0.2500 tau, tau/4=0.2500 tau
  Time-domain setup: pad_factor=1, dt=0.2500 tau, tau/4=0.2500 tau
  Time-domain setup: pad_factor=1, dt=0.2500 tau, tau/4=0.2500 tau
  Time-domain setup: pad_factor=1, dt=0.2500 tau, tau/4=0.2500 tau
  Time-domain setup: pad_factor=1, dt=0.2500 tau, tau/4=0.2500 tau
  Time-domain setup: pad_factor=1, dt=0.2500 tau, tau/4=0.2500 tau
  Time-domain setup: pad_factor=1, dt=0.2500 tau, tau/4=0.2500 tau
  Time-domain setup: pad_factor=1, dt=0.2500 tau, tau/4=0.2500 tau
  Time-domain setup: pad_factor=1, dt=0.2500 tau, tau/4=0.2500 tau
  Time-domain setup: pad_factor=1, dt=0.2500 tau, tau/4=0.2500 tau
  Time-domain setup: pad_factor=1, dt=0.2500 tau, tau/4=0.2500 tau
  Time-domain setup: pad_factor=1, dt=0.2500 tau, tau/4=0.2500 tau
  Time-domain setup: pad_factor=1, dt=0.2500 tau, tau/4=0.2500 tau
  Time-domain setup: pad_factor=1, dt=0.2500 tau, tau/4=0.2500 tau
  Time-domain setup: pad_factor=1, dt=0.2500 tau, tau/4=0.2500 tau
  Time-domain setup: pad_factor=1, dt=0.2500 tau, tau/4=0.2500 tau
  Time-domain setup: pad_factor=1, dt=0.2500 tau, tau/4=0.2500 tau
  Time-domain setup: pad_factor=1, dt=0.2500 tau, tau/4=0.2500 tau
  Time-domain setup: pad_factor=1, dt=0.2500 tau, tau/4=0.2500 tau
  Time-domain setup: pad_factor=1, dt=0.2500 tau, tau/4=0.2500 tau
  Time-domain setup: pad_factor=1, dt=0.2500 tau, tau/4=0.2500 tau
  Time-domain setup: pad_factor=1, dt=0.2500 tau, tau/4=0.2500 tau
  Time-domain setup: pad_factor=1, dt=0.2500 tau, tau/4=0.2500 tau
  Time-domain setup: pad_factor=1, dt=0.2500 tau, tau/4=0.2500 tau
  Time-domain setup: pad_factor=1, dt=0.2500 tau, tau/4=0.2500 tau
  Time-domain setup: pad_factor=1, dt=0.2500 tau, tau/4=0.2500 tau
  Time-domain setup: pad_factor=1, dt=0.2500 tau, tau/4=0.2500 tau
  Time-domain setup: pad_factor=1, dt=0.2500 tau, tau/4=0.2500 tau
  Time-domain setup: pad_factor=1, dt=0.2500 tau, tau/4=0.2500 tau
  Time-domain setup: pad_factor=1, dt=0.2500 tau, tau/4=0.2500 tau
  Time-domain setup: pad_factor=1, dt=0.2500 tau, tau/4=0.2500 tau
  Time-domain setup: pad_factor=1, dt=0.2500 tau, tau/4=0.2500 tau
  Time-domain setup: pad_factor=1, dt=0.2500 tau, tau/4=0.2500 tau
  Time-domain setup: pad_factor=1, dt=0.2500 tau, tau/4=0.2500 tau
  Time-domain setup: pad_factor=1, dt=0.2500 tau, tau/4=0.2500 tau
  Time-domain setup: pad_factor=1, dt=0.2500 tau, tau/4=0.2500 tau
  Time-domain setup: pad_factor=1, dt=0.2500 tau, tau/4=0.2500 tau
  Time-domain setup: pad_factor=1, dt=0.2500 tau, tau/4=0.2500 tau
  Time-domain setup: pad_factor=1, dt=0.2500 tau, tau/4=0.2500 tau
  Time-domain setup: pad_factor=1, dt=0.2500 tau, tau/4=0.2500 tau
  Time-domain setup: pad_factor=1, dt=0.2500 tau, tau/4=0.2500 tau
  Time-domain setup: pad_factor=1, dt=0.2500 tau, tau/4=0.2500 tau
  Time-domain setup: pad_factor=1, dt=0.2500 tau, tau/4=0.2500 tau
  Time-domain setup: pad_factor=1, dt=0.2500 tau, tau/4=0.2500 tau
  Time-domain setup: pad_factor=1, dt=0.2500 tau, tau/4=0.2500 tau
  Time-domain setup: pad_factor=1, dt=0.2500 tau, tau/4=0.2500 tau
  Time-domain setup: pad_factor=1, dt=0.2500 tau, tau/4=0.2500 tau
  Time-domain setup: pad_factor=1, dt=0.2500 tau, tau/4=0.2500 tau
  Time-domain setup: pad_factor=1, dt=0.2500 tau, tau/4=0.2500 tau
  Time-domain setup: pad_factor=1, dt=0.2500 tau, tau/4=0.2500 tau
  Time-domain setup: pad_factor=1, dt=0.2500 tau, tau/4=0.2500 tau
  Time-domain setup: pad_factor=1, dt=0.2500 tau, tau/4=0.2500 tau
  Time-domain setup: pad_factor=1, dt=0.2500 tau, tau/4=0.2500 tau
  Time-domain setup: pad_factor=1, dt=0.2500 tau, tau/4=0.2500 tau
  Time-domain setup: pad_factor=1, dt=0.2500 tau, tau/4=0.2500 tau
  Time-domain setup: pad_factor=1, dt=0.2500 tau, tau/4=0.2500 tau
  Time-domain setup: pad_factor=1, dt=0.2500 tau, tau/4=0.2500 tau
  Time-domain setup: pad_factor=1, dt=0.2500 tau, tau/4=0.2500 tau
  Time-domain setup: pad_factor=1, dt=0.2500 tau, tau/4=0.2500 tau
  Time-domain setup: pad_factor=1, dt=0.2500 tau, tau/4=0.2500 tau
  Time-domain setup: pad_factor=1, dt=0.2500 tau, tau/4=0.2500 tau
  Time-domain setup: pad_factor=1, dt=0.2500 tau, tau/4=0.2500 tau
  Time-domain setup: pad_factor=1, dt=0.2500 tau, tau/4=0.2500 tau
  Time-domain setup: pad_factor=1, dt=0.2500 tau, tau/4=0.2500 tau
  Time-domain setup: pad_factor=1, dt=0.2500 tau, tau/4=0.2500 tau
  Time-domain setup: pad_factor=1, dt=0.2500 tau, tau/4=0.2500 tau
  Time-domain setup: pad_factor=1, dt=0.2500 tau, tau/4=0.2500 tau
  Time-domain setup: pad_factor=1, dt=0.2500 tau, tau/4=0.2500 tau
  Time-domain setup: pad_factor=1, dt=0.2500 tau, tau/4=0.2500 tau
  Time-domain setup: pad_factor=1, dt=0.2500 tau, tau/4=0.2500 tau
  Time-domain setup: pad_factor=1, dt=0.2500 tau, tau/4=0.2500 tau
  Time-domain setup: pad_factor=1, dt=0.2500 tau, tau/4=0.2500 tau
  Time-domain setup: pad_factor=1, dt=0.2500 tau, tau/4=0.2500 tau
  Time-domain setup: pad_factor=1, dt=0.2500 tau, tau/4=0.2500 tau
  Time-domain setup: pad_factor=1, dt=0.2500 tau, tau/4=0.2500 tau
  Time-domain setup: pad_factor=1, dt=0.2500 tau, tau/4=0.2500 tau
  Time-domain setup: pad_factor=1, dt=0.2500 tau, tau/4=0.2500 tau
  Time-domain setup: pad_factor=1, dt=0.2500 tau, tau/4=0.2500 tau
  draw 75/200
  Time-domain setup: pad_factor=1, dt=0.2500 tau, tau/4=0.2500 tau
  Time-domain setup: pad_factor=1, dt=0.2500 tau, tau/4=0.2500 tau
  Time-domain setup: pad_factor=1, dt=0.2500 tau, tau/4=0.2500 tau
  Time-domain setup: pad_factor=1, dt=0.2500 tau, tau/4=0.2500 tau
  Time-domain setup: pad_factor=1, dt=0.2500 tau, tau/4=0.2500 tau
  Time-domain setup: pad_factor=1, dt=0.2500 tau, tau/4=0.2500 tau
  Time-domain setup: pad_factor=1, dt=0.2500 tau, tau/4=0.2500 tau
  Time-domain setup: pad_factor=1, dt=0.2500 tau, tau/4=0.2500 tau
  Time-domain setup: pad_factor=1, dt=0.2500 tau, tau/4=0.2500 tau
  Time-domain setup: pad_factor=1, dt=0.2500 tau, tau/4=0.2500 tau
  Time-domain setup: pad_factor=1, dt=0.2500 tau, tau/4=0.2500 tau
  Time-domain setup: pad_factor=1, dt=0.2500 tau, tau/4=0.2500 tau
  Time-domain setup: pad_factor=1, dt=0.2500 tau, tau/4=0.2500 tau
  Time-domain setup: pad_factor=1, dt=0.2500 tau, tau/4=0.2500 tau
  Time-domain setup: pad_factor=1, dt=0.2500 tau, tau/4=0.2500 tau
  Time-domain setup: pad_factor=1, dt=0.2500 tau, tau/4=0.2500 tau
  Time-domain setup: pad_factor=1, dt=0.2500 tau, tau/4=0.2500 tau
  Time-domain setup: pad_factor=1, dt=0.2500 tau, tau/4=0.2500 tau
  Time-domain setup: pad_factor=1, dt=0.2500 tau, tau/4=0.2500 tau
  Time-domain setup: pad_factor=1, dt=0.2500 tau, tau/4=0.2500 tau
  Time-domain setup: pad_factor=1, dt=0.2500 tau, tau/4=0.2500 tau
  Time-domain setup: pad_factor=1, dt=0.2500 tau, tau/4=0.2500 tau
  Time-domain setup: pad_factor=1, dt=0.2500 tau, tau/4=0.2500 tau
  Time-domain setup: pad_factor=1, dt=0.2500 tau, tau/4=0.2500 tau
  Time-domain setup: pad_factor=1, dt=0.2500 tau, tau/4=0.2500 tau
  Time-domain setup: pad_factor=1, dt=0.2500 tau, tau/4=0.2500 tau
  Time-domain setup: pad_factor=1, dt=0.2500 tau, tau/4=0.2500 tau
  Time-domain setup: pad_factor=1, dt=0.2500 tau, tau/4=0.2500 tau
  Time-domain setup: pad_factor=1, dt=0.2500 tau, tau/4=0.2500 tau
  Time-domain setup: pad_factor=1, dt=0.2500 tau, tau/4=0.2500 tau
  Time-domain setup: pad_factor=1, dt=0.2500 tau, tau/4=0.2500 tau
  Time-domain setup: pad_factor=1, dt=0.2500 tau, tau/4=0.2500 tau
  Time-domain setup: pad_factor=1, dt=0.2500 tau, tau/4=0.2500 tau
  Time-domain setup: pad_factor=1, dt=0.2500 tau, tau/4=0.2500 tau
  Time-domain setup: pad_factor=1, dt=0.2500 tau, tau/4=0.2500 tau
  Time-domain setup: pad_factor=1, dt=0.2500 tau, tau/4=0.2500 tau
  Time-domain setup: pad_factor=1, dt=0.2500 tau, tau/4=0.2500 tau
  Time-domain setup: pad_factor=1, dt=0.2500 tau, tau/4=0.2500 tau
  Time-domain setup: pad_factor=1, dt=0.2500 tau, tau/4=0.2500 tau
  Time-domain setup: pad_factor=1, dt=0.2500 tau, tau/4=0.2500 tau
  Time-domain setup: pad_factor=1, dt=0.2500 tau, tau/4=0.2500 tau
  Time-domain setup: pad_factor=1, dt=0.2500 tau, tau/4=0.2500 tau
  Time-domain setup: pad_factor=1, dt=0.2500 tau, tau/4=0.2500 tau
  Time-domain setup: pad_factor=1, dt=0.2500 tau, tau/4=0.2500 tau
  Time-domain setup: pad_factor=1, dt=0.2500 tau, tau/4=0.2500 tau
  Time-domain setup: pad_factor=1, dt=0.2500 tau, tau/4=0.2500 tau
  Time-domain setup: pad_factor=1, dt=0.2500 tau, tau/4=0.2500 tau
  Time-domain setup: pad_factor=1, dt=0.2500 tau, tau/4=0.2500 tau
  Time-domain setup: pad_factor=1, dt=0.2500 tau, tau/4=0.2500 tau
  Time-domain setup: pad_factor=1, dt=0.2500 tau, tau/4=0.2500 tau
  Time-domain setup: pad_factor=1, dt=0.2500 tau, tau/4=0.2500 tau
  Time-domain setup: pad_factor=1, dt=0.2500 tau, tau/4=0.2500 tau
  Time-domain setup: pad_factor=1, dt=0.2500 tau, tau/4=0.2500 tau
  Time-domain setup: pad_factor=1, dt=0.2500 tau, tau/4=0.2500 tau
  Time-domain setup: pad_factor=1, dt=0.2500 tau, tau/4=0.2500 tau
  Time-domain setup: pad_factor=1, dt=0.2500 tau, tau/4=0.2500 tau
  Time-domain setup: pad_factor=1, dt=0.2500 tau, tau/4=0.2500 tau
  Time-domain setup: pad_factor=1, dt=0.2500 tau, tau/4=0.2500 tau
  Time-domain setup: pad_factor=1, dt=0.2500 tau, tau/4=0.2500 tau
  Time-domain setup: pad_factor=1, dt=0.2500 tau, tau/4=0.2500 tau
  Time-domain setup: pad_factor=1, dt=0.2500 tau, tau/4=0.2500 tau
  Time-domain setup: pad_factor=1, dt=0.2500 tau, tau/4=0.2500 tau
  Time-domain setup: pad_factor=1, dt=0.2500 tau, tau/4=0.2500 tau
  Time-domain setup: pad_factor=1, dt=0.2500 tau, tau/4=0.2500 tau
  Time-domain setup: pad_factor=1, dt=0.2500 tau, tau/4=0.2500 tau
  Time-domain setup: pad_factor=1, dt=0.2500 tau, tau/4=0.2500 tau
  Time-domain setup: pad_factor=1, dt=0.2500 tau, tau/4=0.2500 tau
  Time-domain setup: pad_factor=1, dt=0.2500 tau, tau/4=0.2500 tau
  Time-domain setup: pad_factor=1, dt=0.2500 tau, tau/4=0.2500 tau
  Time-domain setup: pad_factor=1, dt=0.2500 tau, tau/4=0.2500 tau
  Time-domain setup: pad_factor=1, dt=0.2500 tau, tau/4=0.2500 tau
  Time-domain setup: pad_factor=1, dt=0.2500 tau, tau/4=0.2500 tau
  Time-domain setup: pad_factor=1, dt=0.2500 tau, tau/4=0.2500 tau
  Time-domain setup: pad_factor=1, dt=0.2500 tau, tau/4=0.2500 tau
  Time-domain setup: pad_factor=1, dt=0.2500 tau, tau/4=0.2500 tau
  Time-domain setup: pad_factor=1, dt=0.2500 tau, tau/4=0.2500 tau
  Time-domain setup: pad_factor=1, dt=0.2500 tau, tau/4=0.2500 tau
  Time-domain setup: pad_factor=1, dt=0.2500 tau, tau/4=0.2500 tau
  Time-domain setup: pad_factor=1, dt=0.2500 tau, tau/4=0.2500 tau
  Time-domain setup: pad_factor=1, dt=0.2500 tau, tau/4=0.2500 tau
  Time-domain setup: pad_factor=1, dt=0.2500 tau, tau/4=0.2500 tau
  Time-domain setup: pad_factor=1, dt=0.2500 tau, tau/4=0.2500 tau
  Time-domain setup: pad_factor=1, dt=0.2500 tau, tau/4=0.2500 tau
  Time-domain setup: pad_factor=1, dt=0.2500 tau, tau/4=0.2500 tau
  Time-domain setup: pad_factor=1, dt=0.2500 tau, tau/4=0.2500 tau
  Time-domain setup: pad_factor=1, dt=0.2500 tau, tau/4=0.2500 tau
  Time-domain setup: pad_factor=1, dt=0.2500 tau, tau/4=0.2500 tau
  Time-domain setup: pad_factor=1, dt=0.2500 tau, tau/4=0.2500 tau
  Time-domain setup: pad_factor=1, dt=0.2500 tau, tau/4=0.2500 tau
  Time-domain setup: pad_factor=1, dt=0.2500 tau, tau/4=0.2500 tau
  Time-domain setup: pad_factor=1, dt=0.2500 tau, tau/4=0.2500 tau
  Time-domain setup: pad_factor=1, dt=0.2500 tau, tau/4=0.2500 tau
  Time-domain setup: pad_factor=1, dt=0.2500 tau, tau/4=0.2500 tau
  Time-domain setup: pad_factor=1, dt=0.2500 tau, tau/4=0.2500 tau
  Time-domain setup: pad_factor=1, dt=0.2500 tau, tau/4=0.2500 tau
  Time-domain setup: pad_factor=1, dt=0.2500 tau, tau/4=0.2500 tau
  Time-domain setup: pad_factor=1, dt=0.2500 tau, tau/4=0.2500 tau
  Time-domain setup: pad_factor=1, dt=0.2500 tau, tau/4=0.2500 tau
  Time-domain setup: pad_factor=1, dt=0.2500 tau, tau/4=0.2500 tau
  Time-domain setup: pad_factor=1, dt=0.2500 tau, tau/4=0.2500 tau
  Time-domain setup: pad_factor=1, dt=0.2500 tau, tau/4=0.2500 tau
  Time-domain setup: pad_factor=1, dt=0.2500 tau, tau/4=0.2500 tau
  Time-domain setup: pad_factor=1, dt=0.2500 tau, tau/4=0.2500 tau
  Time-domain setup: pad_factor=1, dt=0.2500 tau, tau/4=0.2500 tau
  Time-domain setup: pad_factor=1, dt=0.2500 tau, tau/4=0.2500 tau
  Time-domain setup: pad_factor=1, dt=0.2500 tau, tau/4=0.2500 tau
  Time-domain setup: pad_factor=1, dt=0.2500 tau, tau/4=0.2500 tau
  Time-domain setup: pad_factor=1, dt=0.2500 tau, tau/4=0.2500 tau
  Time-domain setup: pad_factor=1, dt=0.2500 tau, tau/4=0.2500 tau
  Time-domain setup: pad_factor=1, dt=0.2500 tau, tau/4=0.2500 tau
  Time-domain setup: pad_factor=1, dt=0.2500 tau, tau/4=0.2500 tau
  Time-domain setup: pad_factor=1, dt=0.2500 tau, tau/4=0.2500 tau
  Time-domain setup: pad_factor=1, dt=0.2500 tau, tau/4=0.2500 tau
  Time-domain setup: pad_factor=1, dt=0.2500 tau, tau/4=0.2500 tau
  Time-domain setup: pad_factor=1, dt=0.2500 tau, tau/4=0.2500 tau
  Time-domain setup: pad_factor=1, dt=0.2500 tau, tau/4=0.2500 tau
  Time-domain setup: pad_factor=1, dt=0.2500 tau, tau/4=0.2500 tau
  Time-domain setup: pad_factor=1, dt=0.2500 tau, tau/4=0.2500 tau
  Time-domain setup: pad_factor=1, dt=0.2500 tau, tau/4=0.2500 tau
  Time-domain setup: pad_factor=1, dt=0.2500 tau, tau/4=0.2500 tau
  Time-domain setup: pad_factor=1, dt=0.2500 tau, tau/4=0.2500 tau
  Time-domain setup: pad_factor=1, dt=0.2500 tau, tau/4=0.2500 tau
  Time-domain setup: pad_factor=1, dt=0.2500 tau, tau/4=0.2500 tau
  Time-domain setup: pad_factor=1, dt=0.2500 tau, tau/4=0.2500 tau
  Time-domain setup: pad_factor=1, dt=0.2500 tau, tau/4=0.2500 tau
  Time-domain setup: pad_factor=1, dt=0.2500 tau, tau/4=0.2500 tau
  Time-domain setup: pad_factor=1, dt=0.2500 tau, tau/4=0.2500 tau
  Time-domain setup: pad_factor=1, dt=0.2500 tau, tau/4=0.2500 tau
  Time-domain setup: pad_factor=1, dt=0.2500 tau, tau/4=0.2500 tau
  Time-domain setup: pad_factor=1, dt=0.2500 tau, tau/4=0.2500 tau
  Time-domain setup: pad_factor=1, dt=0.2500 tau, tau/4=0.2500 tau
  Time-domain setup: pad_factor=1, dt=0.2500 tau, tau/4=0.2500 tau
  Time-domain setup: pad_factor=1, dt=0.2500 tau, tau/4=0.2500 tau
  Time-domain setup: pad_factor=1, dt=0.2500 tau, tau/4=0.2500 tau
  Time-domain setup: pad_factor=1, dt=0.2500 tau, tau/4=0.2500 tau
  Time-domain setup: pad_factor=1, dt=0.2500 tau, tau/4=0.2500 tau
  Time-domain setup: pad_factor=1, dt=0.2500 tau, tau/4=0.2500 tau
  Time-domain setup: pad_factor=1, dt=0.2500 tau, tau/4=0.2500 tau
  Time-domain setup: pad_factor=1, dt=0.2500 tau, tau/4=0.2500 tau
  Time-domain setup: pad_factor=1, dt=0.2500 tau, tau/4=0.2500 tau
  Time-domain setup: pad_factor=1, dt=0.2500 tau, tau/4=0.2500 tau
  Time-domain setup: pad_factor=1, dt=0.2500 tau, tau/4=0.2500 tau
  Time-domain setup: pad_factor=1, dt=0.2500 tau, tau/4=0.2500 tau
  Time-domain setup: pad_factor=1, dt=0.2500 tau, tau/4=0.2500 tau
  Time-domain setup: pad_factor=1, dt=0.2500 tau, tau/4=0.2500 tau
  Time-domain setup: pad_factor=1, dt=0.2500 tau, tau/4=0.2500 tau
  Time-domain setup: pad_factor=1, dt=0.2500 tau, tau/4=0.2500 tau
  Time-domain setup: pad_factor=1, dt=0.2500 tau, tau/4=0.2500 tau
  Time-domain setup: pad_factor=1, dt=0.2500 tau, tau/4=0.2500 tau
  Time-domain setup: pad_factor=1, dt=0.2500 tau, tau/4=0.2500 tau
  Time-domain setup: pad_factor=1, dt=0.2500 tau, tau/4=0.2500 tau
  Time-domain setup: pad_factor=1, dt=0.2500 tau, tau/4=0.2500 tau
  Time-domain setup: pad_factor=1, dt=0.2500 tau, tau/4=0.2500 tau
  Time-domain setup: pad_factor=1, dt=0.2500 tau, tau/4=0.2500 tau
  Time-domain setup: pad_factor=1, dt=0.2500 tau, tau/4=0.2500 tau
  Time-domain setup: pad_factor=1, dt=0.2500 tau, tau/4=0.2500 tau
  Time-domain setup: pad_factor=1, dt=0.2500 tau, tau/4=0.2500 tau
  Time-domain setup: pad_factor=1, dt=0.2500 tau, tau/4=0.2500 tau
  Time-domain setup: pad_factor=1, dt=0.2500 tau, tau/4=0.2500 tau
  Time-domain setup: pad_factor=1, dt=0.2500 tau, tau/4=0.2500 tau
  Time-domain setup: pad_factor=1, dt=0.2500 tau, tau/4=0.2500 tau
  Time-domain setup: pad_factor=1, dt=0.2500 tau, tau/4=0.2500 tau
  Time-domain setup: pad_factor=1, dt=0.2500 tau, tau/4=0.2500 tau
  Time-domain setup: pad_factor=1, dt=0.2500 tau, tau/4=0.2500 tau
  Time-domain setup: pad_factor=1, dt=0.2500 tau, tau/4=0.2500 tau
  Time-domain setup: pad_factor=1, dt=0.2500 tau, tau/4=0.2500 tau
  Time-domain setup: pad_factor=1, dt=0.2500 tau, tau/4=0.2500 tau
  Time-domain setup: pad_factor=1, dt=0.2500 tau, tau/4=0.2500 tau
  Time-domain setup: pad_factor=1, dt=0.2500 tau, tau/4=0.2500 tau
  Time-domain setup: pad_factor=1, dt=0.2500 tau, tau/4=0.2500 tau
  Time-domain setup: pad_factor=1, dt=0.2500 tau, tau/4=0.2500 tau
  Time-domain setup: pad_factor=1, dt=0.2500 tau, tau/4=0.2500 tau
  Time-domain setup: pad_factor=1, dt=0.2500 tau, tau/4=0.2500 tau
  Time-domain setup: pad_factor=1, dt=0.2500 tau, tau/4=0.2500 tau
  Time-domain setup: pad_factor=1, dt=0.2500 tau, tau/4=0.2500 tau
  draw 100/200
  Time-domain setup: pad_factor=1, dt=0.2500 tau, tau/4=0.2500 tau
  Time-domain setup: pad_factor=1, dt=0.2500 tau, tau/4=0.2500 tau
  Time-domain setup: pad_factor=1, dt=0.2500 tau, tau/4=0.2500 tau
  Time-domain setup: pad_factor=1, dt=0.2500 tau, tau/4=0.2500 tau
  Time-domain setup: pad_factor=1, dt=0.2500 tau, tau/4=0.2500 tau
  Time-domain setup: pad_factor=1, dt=0.2500 tau, tau/4=0.2500 tau
  Time-domain setup: pad_factor=1, dt=0.2500 tau, tau/4=0.2500 tau
  Time-domain setup: pad_factor=1, dt=0.2500 tau, tau/4=0.2500 tau
  Time-domain setup: pad_factor=1, dt=0.2500 tau, tau/4=0.2500 tau
  Time-domain setup: pad_factor=1, dt=0.2500 tau, tau/4=0.2500 tau
  Time-domain setup: pad_factor=1, dt=0.2500 tau, tau/4=0.2500 tau
  Time-domain setup: pad_factor=1, dt=0.2500 tau, tau/4=0.2500 tau
  Time-domain setup: pad_factor=1, dt=0.2500 tau, tau/4=0.2500 tau
  Time-domain setup: pad_factor=1, dt=0.2500 tau, tau/4=0.2500 tau
  Time-domain setup: pad_factor=1, dt=0.2500 tau, tau/4=0.2500 tau
  Time-domain setup: pad_factor=1, dt=0.2500 tau, tau/4=0.2500 tau
  Time-domain setup: pad_factor=1, dt=0.2500 tau, tau/4=0.2500 tau
  Time-domain setup: pad_factor=1, dt=0.2500 tau, tau/4=0.2500 tau
  Time-domain setup: pad_factor=1, dt=0.2500 tau, tau/4=0.2500 tau
  Time-domain setup: pad_factor=1, dt=0.2500 tau, tau/4=0.2500 tau
  Time-domain setup: pad_factor=1, dt=0.2500 tau, tau/4=0.2500 tau
  Time-domain setup: pad_factor=1, dt=0.2500 tau, tau/4=0.2500 tau
  Time-domain setup: pad_factor=1, dt=0.2500 tau, tau/4=0.2500 tau
  Time-domain setup: pad_factor=1, dt=0.2500 tau, tau/4=0.2500 tau
  Time-domain setup: pad_factor=1, dt=0.2500 tau, tau/4=0.2500 tau
  Time-domain setup: pad_factor=1, dt=0.2500 tau, tau/4=0.2500 tau
  Time-domain setup: pad_factor=1, dt=0.2500 tau, tau/4=0.2500 tau
  Time-domain setup: pad_factor=1, dt=0.2500 tau, tau/4=0.2500 tau
  Time-domain setup: pad_factor=1, dt=0.2500 tau, tau/4=0.2500 tau
  Time-domain setup: pad_factor=1, dt=0.2500 tau, tau/4=0.2500 tau
  Time-domain setup: pad_factor=1, dt=0.2500 tau, tau/4=0.2500 tau
  Time-domain setup: pad_factor=1, dt=0.2500 tau, tau/4=0.2500 tau
  Time-domain setup: pad_factor=1, dt=0.2500 tau, tau/4=0.2500 tau
  Time-domain setup: pad_factor=1, dt=0.2500 tau, tau/4=0.2500 tau
  Time-domain setup: pad_factor=1, dt=0.2500 tau, tau/4=0.2500 tau
  Time-domain setup: pad_factor=1, dt=0.2500 tau, tau/4=0.2500 tau
  Time-domain setup: pad_factor=1, dt=0.2500 tau, tau/4=0.2500 tau
  Time-domain setup: pad_factor=1, dt=0.2500 tau, tau/4=0.2500 tau
  Time-domain setup: pad_factor=1, dt=0.2500 tau, tau/4=0.2500 tau
  Time-domain setup: pad_factor=1, dt=0.2500 tau, tau/4=0.2500 tau
  Time-domain setup: pad_factor=1, dt=0.2500 tau, tau/4=0.2500 tau
  Time-domain setup: pad_factor=1, dt=0.2500 tau, tau/4=0.2500 tau
  Time-domain setup: pad_factor=1, dt=0.2500 tau, tau/4=0.2500 tau
  Time-domain setup: pad_factor=1, dt=0.2500 tau, tau/4=0.2500 tau
  Time-domain setup: pad_factor=1, dt=0.2500 tau, tau/4=0.2500 tau
  Time-domain setup: pad_factor=1, dt=0.2500 tau, tau/4=0.2500 tau
  Time-domain setup: pad_factor=1, dt=0.2500 tau, tau/4=0.2500 tau
  Time-domain setup: pad_factor=1, dt=0.2500 tau, tau/4=0.2500 tau
  Time-domain setup: pad_factor=1, dt=0.2500 tau, tau/4=0.2500 tau
  Time-domain setup: pad_factor=1, dt=0.2500 tau, tau/4=0.2500 tau
  Time-domain setup: pad_factor=1, dt=0.2500 tau, tau/4=0.2500 tau
  Time-domain setup: pad_factor=1, dt=0.2500 tau, tau/4=0.2500 tau
  Time-domain setup: pad_factor=1, dt=0.2500 tau, tau/4=0.2500 tau
  Time-domain setup: pad_factor=1, dt=0.2500 tau, tau/4=0.2500 tau
  Time-domain setup: pad_factor=1, dt=0.2500 tau, tau/4=0.2500 tau
  Time-domain setup: pad_factor=1, dt=0.2500 tau, tau/4=0.2500 tau
  Time-domain setup: pad_factor=1, dt=0.2500 tau, tau/4=0.2500 tau
  Time-domain setup: pad_factor=1, dt=0.2500 tau, tau/4=0.2500 tau
  Time-domain setup: pad_factor=1, dt=0.2500 tau, tau/4=0.2500 tau
  Time-domain setup: pad_factor=1, dt=0.2500 tau, tau/4=0.2500 tau
  Time-domain setup: pad_factor=1, dt=0.2500 tau, tau/4=0.2500 tau
  Time-domain setup: pad_factor=1, dt=0.2500 tau, tau/4=0.2500 tau
  Time-domain setup: pad_factor=1, dt=0.2500 tau, tau/4=0.2500 tau
  Time-domain setup: pad_factor=1, dt=0.2500 tau, tau/4=0.2500 tau
  Time-domain setup: pad_factor=1, dt=0.2500 tau, tau/4=0.2500 tau
  Time-domain setup: pad_factor=1, dt=0.2500 tau, tau/4=0.2500 tau
  Time-domain setup: pad_factor=1, dt=0.2500 tau, tau/4=0.2500 tau
  Time-domain setup: pad_factor=1, dt=0.2500 tau, tau/4=0.2500 tau
  Time-domain setup: pad_factor=1, dt=0.2500 tau, tau/4=0.2500 tau
  Time-domain setup: pad_factor=1, dt=0.2500 tau, tau/4=0.2500 tau
  Time-domain setup: pad_factor=1, dt=0.2500 tau, tau/4=0.2500 tau
  Time-domain setup: pad_factor=1, dt=0.2500 tau, tau/4=0.2500 tau
  Time-domain setup: pad_factor=1, dt=0.2500 tau, tau/4=0.2500 tau
  Time-domain setup: pad_factor=1, dt=0.2500 tau, tau/4=0.2500 tau
  Time-domain setup: pad_factor=1, dt=0.2500 tau, tau/4=0.2500 tau
  Time-domain setup: pad_factor=1, dt=0.2500 tau, tau/4=0.2500 tau
  Time-domain setup: pad_factor=1, dt=0.2500 tau, tau/4=0.2500 tau
  Time-domain setup: pad_factor=1, dt=0.2500 tau, tau/4=0.2500 tau
  Time-domain setup: pad_factor=1, dt=0.2500 tau, tau/4=0.2500 tau
  Time-domain setup: pad_factor=1, dt=0.2500 tau, tau/4=0.2500 tau
  Time-domain setup: pad_factor=1, dt=0.2500 tau, tau/4=0.2500 tau
  Time-domain setup: pad_factor=1, dt=0.2500 tau, tau/4=0.2500 tau
  Time-domain setup: pad_factor=1, dt=0.2500 tau, tau/4=0.2500 tau
  Time-domain setup: pad_factor=1, dt=0.2500 tau, tau/4=0.2500 tau
  Time-domain setup: pad_factor=1, dt=0.2500 tau, tau/4=0.2500 tau
  Time-domain setup: pad_factor=1, dt=0.2500 tau, tau/4=0.2500 tau
  Time-domain setup: pad_factor=1, dt=0.2500 tau, tau/4=0.2500 tau
  Time-domain setup: pad_factor=1, dt=0.2500 tau, tau/4=0.2500 tau
  Time-domain setup: pad_factor=1, dt=0.2500 tau, tau/4=0.2500 tau
  Time-domain setup: pad_factor=1, dt=0.2500 tau, tau/4=0.2500 tau
  Time-domain setup: pad_factor=1, dt=0.2500 tau, tau/4=0.2500 tau
  Time-domain setup: pad_factor=1, dt=0.2500 tau, tau/4=0.2500 tau
  Time-domain setup: pad_factor=1, dt=0.2500 tau, tau/4=0.2500 tau
  Time-domain setup: pad_factor=1, dt=0.2500 tau, tau/4=0.2500 tau
  Time-domain setup: pad_factor=1, dt=0.2500 tau, tau/4=0.2500 tau
  Time-domain setup: pad_factor=1, dt=0.2500 tau, tau/4=0.2500 tau
  Time-domain setup: pad_factor=1, dt=0.2500 tau, tau/4=0.2500 tau
  Time-domain setup: pad_factor=1, dt=0.2500 tau, tau/4=0.2500 tau
  Time-domain setup: pad_factor=1, dt=0.2500 tau, tau/4=0.2500 tau
  Time-domain setup: pad_factor=1, dt=0.2500 tau, tau/4=0.2500 tau
  Time-domain setup: pad_factor=1, dt=0.2500 tau, tau/4=0.2500 tau
  Time-domain setup: pad_factor=1, dt=0.2500 tau, tau/4=0.2500 tau
  Time-domain setup: pad_factor=1, dt=0.2500 tau, tau/4=0.2500 tau
  Time-domain setup: pad_factor=1, dt=0.2500 tau, tau/4=0.2500 tau
  Time-domain setup: pad_factor=1, dt=0.2500 tau, tau/4=0.2500 tau
  Time-domain setup: pad_factor=1, dt=0.2500 tau, tau/4=0.2500 tau
  Time-domain setup: pad_factor=1, dt=0.2500 tau, tau/4=0.2500 tau
  Time-domain setup: pad_factor=1, dt=0.2500 tau, tau/4=0.2500 tau
  Time-domain setup: pad_factor=1, dt=0.2500 tau, tau/4=0.2500 tau
  Time-domain setup: pad_factor=1, dt=0.2500 tau, tau/4=0.2500 tau
  Time-domain setup: pad_factor=1, dt=0.2500 tau, tau/4=0.2500 tau
  Time-domain setup: pad_factor=1, dt=0.2500 tau, tau/4=0.2500 tau
  Time-domain setup: pad_factor=1, dt=0.2500 tau, tau/4=0.2500 tau
  Time-domain setup: pad_factor=1, dt=0.2500 tau, tau/4=0.2500 tau
  Time-domain setup: pad_factor=1, dt=0.2500 tau, tau/4=0.2500 tau
  Time-domain setup: pad_factor=1, dt=0.2500 tau, tau/4=0.2500 tau
  Time-domain setup: pad_factor=1, dt=0.2500 tau, tau/4=0.2500 tau
  Time-domain setup: pad_factor=1, dt=0.2500 tau, tau/4=0.2500 tau
  Time-domain setup: pad_factor=1, dt=0.2500 tau, tau/4=0.2500 tau
  Time-domain setup: pad_factor=1, dt=0.2500 tau, tau/4=0.2500 tau
  Time-domain setup: pad_factor=1, dt=0.2500 tau, tau/4=0.2500 tau
  Time-domain setup: pad_factor=1, dt=0.2500 tau, tau/4=0.2500 tau
  Time-domain setup: pad_factor=1, dt=0.2500 tau, tau/4=0.2500 tau
  Time-domain setup: pad_factor=1, dt=0.2500 tau, tau/4=0.2500 tau
  Time-domain setup: pad_factor=1, dt=0.2500 tau, tau/4=0.2500 tau
  Time-domain setup: pad_factor=1, dt=0.2500 tau, tau/4=0.2500 tau
  Time-domain setup: pad_factor=1, dt=0.2500 tau, tau/4=0.2500 tau
  Time-domain setup: pad_factor=1, dt=0.2500 tau, tau/4=0.2500 tau
  Time-domain setup: pad_factor=1, dt=0.2500 tau, tau/4=0.2500 tau
  Time-domain setup: pad_factor=1, dt=0.2500 tau, tau/4=0.2500 tau
  Time-domain setup: pad_factor=1, dt=0.2500 tau, tau/4=0.2500 tau
  Time-domain setup: pad_factor=1, dt=0.2500 tau, tau/4=0.2500 tau
  Time-domain setup: pad_factor=1, dt=0.2500 tau, tau/4=0.2500 tau
  Time-domain setup: pad_factor=1, dt=0.2500 tau, tau/4=0.2500 tau
  Time-domain setup: pad_factor=1, dt=0.2500 tau, tau/4=0.2500 tau
  Time-domain setup: pad_factor=1, dt=0.2500 tau, tau/4=0.2500 tau
  Time-domain setup: pad_factor=1, dt=0.2500 tau, tau/4=0.2500 tau
  Time-domain setup: pad_factor=1, dt=0.2500 tau, tau/4=0.2500 tau
  Time-domain setup: pad_factor=1, dt=0.2500 tau, tau/4=0.2500 tau
  Time-domain setup: pad_factor=1, dt=0.2500 tau, tau/4=0.2500 tau
  Time-domain setup: pad_factor=1, dt=0.2500 tau, tau/4=0.2500 tau
  Time-domain setup: pad_factor=1, dt=0.2500 tau, tau/4=0.2500 tau
  Time-domain setup: pad_factor=1, dt=0.2500 tau, tau/4=0.2500 tau
  Time-domain setup: pad_factor=1, dt=0.2500 tau, tau/4=0.2500 tau
  Time-domain setup: pad_factor=1, dt=0.2500 tau, tau/4=0.2500 tau
  Time-domain setup: pad_factor=1, dt=0.2500 tau, tau/4=0.2500 tau
  Time-domain setup: pad_factor=1, dt=0.2500 tau, tau/4=0.2500 tau
  Time-domain setup: pad_factor=1, dt=0.2500 tau, tau/4=0.2500 tau
  Time-domain setup: pad_factor=1, dt=0.2500 tau, tau/4=0.2500 tau
  Time-domain setup: pad_factor=1, dt=0.2500 tau, tau/4=0.2500 tau
  Time-domain setup: pad_factor=1, dt=0.2500 tau, tau/4=0.2500 tau
  Time-domain setup: pad_factor=1, dt=0.2500 tau, tau/4=0.2500 tau
  Time-domain setup: pad_factor=1, dt=0.2500 tau, tau/4=0.2500 tau
  Time-domain setup: pad_factor=1, dt=0.2500 tau, tau/4=0.2500 tau
  Time-domain setup: pad_factor=1, dt=0.2500 tau, tau/4=0.2500 tau
  Time-domain setup: pad_factor=1, dt=0.2500 tau, tau/4=0.2500 tau
  Time-domain setup: pad_factor=1, dt=0.2500 tau, tau/4=0.2500 tau
  Time-domain setup: pad_factor=1, dt=0.2500 tau, tau/4=0.2500 tau
  Time-domain setup: pad_factor=1, dt=0.2500 tau, tau/4=0.2500 tau
  Time-domain setup: pad_factor=1, dt=0.2500 tau, tau/4=0.2500 tau
  Time-domain setup: pad_factor=1, dt=0.2500 tau, tau/4=0.2500 tau
  Time-domain setup: pad_factor=1, dt=0.2500 tau, tau/4=0.2500 tau
  Time-domain setup: pad_factor=1, dt=0.2500 tau, tau/4=0.2500 tau
  Time-domain setup: pad_factor=1, dt=0.2500 tau, tau/4=0.2500 tau
  Time-domain setup: pad_factor=1, dt=0.2500 tau, tau/4=0.2500 tau
  Time-domain setup: pad_factor=1, dt=0.2500 tau, tau/4=0.2500 tau
  Time-domain setup: pad_factor=1, dt=0.2500 tau, tau/4=0.2500 tau
  Time-domain setup: pad_factor=1, dt=0.2500 tau, tau/4=0.2500 tau
  Time-domain setup: pad_factor=1, dt=0.2500 tau, tau/4=0.2500 tau
  Time-domain setup: pad_factor=1, dt=0.2500 tau, tau/4=0.2500 tau
  Time-domain setup: pad_factor=1, dt=0.2500 tau, tau/4=0.2500 tau
  Time-domain setup: pad_factor=1, dt=0.2500 tau, tau/4=0.2500 tau
  Time-domain setup: pad_factor=1, dt=0.2500 tau, tau/4=0.2500 tau
  Time-domain setup: pad_factor=1, dt=0.2500 tau, tau/4=0.2500 tau
  Time-domain setup: pad_factor=1, dt=0.2500 tau, tau/4=0.2500 tau
  draw 125/200
  Time-domain setup: pad_factor=1, dt=0.2500 tau, tau/4=0.2500 tau
  Time-domain setup: pad_factor=1, dt=0.2500 tau, tau/4=0.2500 tau
  Time-domain setup: pad_factor=1, dt=0.2500 tau, tau/4=0.2500 tau
  Time-domain setup: pad_factor=1, dt=0.2500 tau, tau/4=0.2500 tau
  Time-domain setup: pad_factor=1, dt=0.2500 tau, tau/4=0.2500 tau
  Time-domain setup: pad_factor=1, dt=0.2500 tau, tau/4=0.2500 tau
  Time-domain setup: pad_factor=1, dt=0.2500 tau, tau/4=0.2500 tau
  Time-domain setup: pad_factor=1, dt=0.2500 tau, tau/4=0.2500 tau
  Time-domain setup: pad_factor=1, dt=0.2500 tau, tau/4=0.2500 tau
  Time-domain setup: pad_factor=1, dt=0.2500 tau, tau/4=0.2500 tau
  Time-domain setup: pad_factor=1, dt=0.2500 tau, tau/4=0.2500 tau
  Time-domain setup: pad_factor=1, dt=0.2500 tau, tau/4=0.2500 tau
  Time-domain setup: pad_factor=1, dt=0.2500 tau, tau/4=0.2500 tau
  Time-domain setup: pad_factor=1, dt=0.2500 tau, tau/4=0.2500 tau
  Time-domain setup: pad_factor=1, dt=0.2500 tau, tau/4=0.2500 tau
  Time-domain setup: pad_factor=1, dt=0.2500 tau, tau/4=0.2500 tau
  Time-domain setup: pad_factor=1, dt=0.2500 tau, tau/4=0.2500 tau
  Time-domain setup: pad_factor=1, dt=0.2500 tau, tau/4=0.2500 tau
  Time-domain setup: pad_factor=1, dt=0.2500 tau, tau/4=0.2500 tau
  Time-domain setup: pad_factor=1, dt=0.2500 tau, tau/4=0.2500 tau
  Time-domain setup: pad_factor=1, dt=0.2500 tau, tau/4=0.2500 tau
  Time-domain setup: pad_factor=1, dt=0.2500 tau, tau/4=0.2500 tau
  Time-domain setup: pad_factor=1, dt=0.2500 tau, tau/4=0.2500 tau
  Time-domain setup: pad_factor=1, dt=0.2500 tau, tau/4=0.2500 tau
  Time-domain setup: pad_factor=1, dt=0.2500 tau, tau/4=0.2500 tau
  Time-domain setup: pad_factor=1, dt=0.2500 tau, tau/4=0.2500 tau
  Time-domain setup: pad_factor=1, dt=0.2500 tau, tau/4=0.2500 tau
  Time-domain setup: pad_factor=1, dt=0.2500 tau, tau/4=0.2500 tau
  Time-domain setup: pad_factor=1, dt=0.2500 tau, tau/4=0.2500 tau
  Time-domain setup: pad_factor=1, dt=0.2500 tau, tau/4=0.2500 tau
  Time-domain setup: pad_factor=1, dt=0.2500 tau, tau/4=0.2500 tau
  Time-domain setup: pad_factor=1, dt=0.2500 tau, tau/4=0.2500 tau
  Time-domain setup: pad_factor=1, dt=0.2500 tau, tau/4=0.2500 tau
  Time-domain setup: pad_factor=1, dt=0.2500 tau, tau/4=0.2500 tau
  Time-domain setup: pad_factor=1, dt=0.2500 tau, tau/4=0.2500 tau
  Time-domain setup: pad_factor=1, dt=0.2500 tau, tau/4=0.2500 tau
  Time-domain setup: pad_factor=1, dt=0.2500 tau, tau/4=0.2500 tau
  Time-domain setup: pad_factor=1, dt=0.2500 tau, tau/4=0.2500 tau
  Time-domain setup: pad_factor=1, dt=0.2500 tau, tau/4=0.2500 tau
  Time-domain setup: pad_factor=1, dt=0.2500 tau, tau/4=0.2500 tau
  Time-domain setup: pad_factor=1, dt=0.2500 tau, tau/4=0.2500 tau
  Time-domain setup: pad_factor=1, dt=0.2500 tau, tau/4=0.2500 tau
  Time-domain setup: pad_factor=1, dt=0.2500 tau, tau/4=0.2500 tau
  Time-domain setup: pad_factor=1, dt=0.2500 tau, tau/4=0.2500 tau
  Time-domain setup: pad_factor=1, dt=0.2500 tau, tau/4=0.2500 tau
  Time-domain setup: pad_factor=1, dt=0.2500 tau, tau/4=0.2500 tau
  Time-domain setup: pad_factor=1, dt=0.2500 tau, tau/4=0.2500 tau
  Time-domain setup: pad_factor=1, dt=0.2500 tau, tau/4=0.2500 tau
  Time-domain setup: pad_factor=1, dt=0.2500 tau, tau/4=0.2500 tau
  Time-domain setup: pad_factor=1, dt=0.2500 tau, tau/4=0.2500 tau
  Time-domain setup: pad_factor=1, dt=0.2500 tau, tau/4=0.2500 tau
  Time-domain setup: pad_factor=1, dt=0.2500 tau, tau/4=0.2500 tau
  Time-domain setup: pad_factor=1, dt=0.2500 tau, tau/4=0.2500 tau
  Time-domain setup: pad_factor=1, dt=0.2500 tau, tau/4=0.2500 tau
  Time-domain setup: pad_factor=1, dt=0.2500 tau, tau/4=0.2500 tau
  Time-domain setup: pad_factor=1, dt=0.2500 tau, tau/4=0.2500 tau
  Time-domain setup: pad_factor=1, dt=0.2500 tau, tau/4=0.2500 tau
  Time-domain setup: pad_factor=1, dt=0.2500 tau, tau/4=0.2500 tau
  Time-domain setup: pad_factor=1, dt=0.2500 tau, tau/4=0.2500 tau
  Time-domain setup: pad_factor=1, dt=0.2500 tau, tau/4=0.2500 tau
  Time-domain setup: pad_factor=1, dt=0.2500 tau, tau/4=0.2500 tau
  Time-domain setup: pad_factor=1, dt=0.2500 tau, tau/4=0.2500 tau
  Time-domain setup: pad_factor=1, dt=0.2500 tau, tau/4=0.2500 tau
  Time-domain setup: pad_factor=1, dt=0.2500 tau, tau/4=0.2500 tau
  Time-domain setup: pad_factor=1, dt=0.2500 tau, tau/4=0.2500 tau
  Time-domain setup: pad_factor=1, dt=0.2500 tau, tau/4=0.2500 tau
  Time-domain setup: pad_factor=1, dt=0.2500 tau, tau/4=0.2500 tau
  Time-domain setup: pad_factor=1, dt=0.2500 tau, tau/4=0.2500 tau
  Time-domain setup: pad_factor=1, dt=0.2500 tau, tau/4=0.2500 tau
  Time-domain setup: pad_factor=1, dt=0.2500 tau, tau/4=0.2500 tau
  Time-domain setup: pad_factor=1, dt=0.2500 tau, tau/4=0.2500 tau
  Time-domain setup: pad_factor=1, dt=0.2500 tau, tau/4=0.2500 tau
  Time-domain setup: pad_factor=1, dt=0.2500 tau, tau/4=0.2500 tau
  Time-domain setup: pad_factor=1, dt=0.2500 tau, tau/4=0.2500 tau
  Time-domain setup: pad_factor=1, dt=0.2500 tau, tau/4=0.2500 tau
  Time-domain setup: pad_factor=1, dt=0.2500 tau, tau/4=0.2500 tau
  Time-domain setup: pad_factor=1, dt=0.2500 tau, tau/4=0.2500 tau
  Time-domain setup: pad_factor=1, dt=0.2500 tau, tau/4=0.2500 tau
  Time-domain setup: pad_factor=1, dt=0.2500 tau, tau/4=0.2500 tau
  Time-domain setup: pad_factor=1, dt=0.2500 tau, tau/4=0.2500 tau
  Time-domain setup: pad_factor=1, dt=0.2500 tau, tau/4=0.2500 tau
  Time-domain setup: pad_factor=1, dt=0.2500 tau, tau/4=0.2500 tau
  Time-domain setup: pad_factor=1, dt=0.2500 tau, tau/4=0.2500 tau
  Time-domain setup: pad_factor=1, dt=0.2500 tau, tau/4=0.2500 tau
  Time-domain setup: pad_factor=1, dt=0.2500 tau, tau/4=0.2500 tau
  Time-domain setup: pad_factor=1, dt=0.2500 tau, tau/4=0.2500 tau
  Time-domain setup: pad_factor=1, dt=0.2500 tau, tau/4=0.2500 tau
  Time-domain setup: pad_factor=1, dt=0.2500 tau, tau/4=0.2500 tau
  Time-domain setup: pad_factor=1, dt=0.2500 tau, tau/4=0.2500 tau
  Time-domain setup: pad_factor=1, dt=0.2500 tau, tau/4=0.2500 tau
  Time-domain setup: pad_factor=1, dt=0.2500 tau, tau/4=0.2500 tau
  Time-domain setup: pad_factor=1, dt=0.2500 tau, tau/4=0.2500 tau
  Time-domain setup: pad_factor=1, dt=0.2500 tau, tau/4=0.2500 tau
  Time-domain setup: pad_factor=1, dt=0.2500 tau, tau/4=0.2500 tau
  Time-domain setup: pad_factor=1, dt=0.2500 tau, tau/4=0.2500 tau
  Time-domain setup: pad_factor=1, dt=0.2500 tau, tau/4=0.2500 tau
  Time-domain setup: pad_factor=1, dt=0.2500 tau, tau/4=0.2500 tau
  Time-domain setup: pad_factor=1, dt=0.2500 tau, tau/4=0.2500 tau
  Time-domain setup: pad_factor=1, dt=0.2500 tau, tau/4=0.2500 tau
  Time-domain setup: pad_factor=1, dt=0.2500 tau, tau/4=0.2500 tau
  Time-domain setup: pad_factor=1, dt=0.2500 tau, tau/4=0.2500 tau
  Time-domain setup: pad_factor=1, dt=0.2500 tau, tau/4=0.2500 tau
  Time-domain setup: pad_factor=1, dt=0.2500 tau, tau/4=0.2500 tau
  Time-domain setup: pad_factor=1, dt=0.2500 tau, tau/4=0.2500 tau
  Time-domain setup: pad_factor=1, dt=0.2500 tau, tau/4=0.2500 tau
  Time-domain setup: pad_factor=1, dt=0.2500 tau, tau/4=0.2500 tau
  Time-domain setup: pad_factor=1, dt=0.2500 tau, tau/4=0.2500 tau
  Time-domain setup: pad_factor=1, dt=0.2500 tau, tau/4=0.2500 tau
  Time-domain setup: pad_factor=1, dt=0.2500 tau, tau/4=0.2500 tau
  Time-domain setup: pad_factor=1, dt=0.2500 tau, tau/4=0.2500 tau
  Time-domain setup: pad_factor=1, dt=0.2500 tau, tau/4=0.2500 tau
  Time-domain setup: pad_factor=1, dt=0.2500 tau, tau/4=0.2500 tau
  Time-domain setup: pad_factor=1, dt=0.2500 tau, tau/4=0.2500 tau
  Time-domain setup: pad_factor=1, dt=0.2500 tau, tau/4=0.2500 tau
  Time-domain setup: pad_factor=1, dt=0.2500 tau, tau/4=0.2500 tau
  Time-domain setup: pad_factor=1, dt=0.2500 tau, tau/4=0.2500 tau
  Time-domain setup: pad_factor=1, dt=0.2500 tau, tau/4=0.2500 tau
  Time-domain setup: pad_factor=1, dt=0.2500 tau, tau/4=0.2500 tau
  Time-domain setup: pad_factor=1, dt=0.2500 tau, tau/4=0.2500 tau
  Time-domain setup: pad_factor=1, dt=0.2500 tau, tau/4=0.2500 tau
  Time-domain setup: pad_factor=1, dt=0.2500 tau, tau/4=0.2500 tau
  Time-domain setup: pad_factor=1, dt=0.2500 tau, tau/4=0.2500 tau
  Time-domain setup: pad_factor=1, dt=0.2500 tau, tau/4=0.2500 tau
  Time-domain setup: pad_factor=1, dt=0.2500 tau, tau/4=0.2500 tau
  Time-domain setup: pad_factor=1, dt=0.2500 tau, tau/4=0.2500 tau
  Time-domain setup: pad_factor=1, dt=0.2500 tau, tau/4=0.2500 tau
  Time-domain setup: pad_factor=1, dt=0.2500 tau, tau/4=0.2500 tau
  Time-domain setup: pad_factor=1, dt=0.2500 tau, tau/4=0.2500 tau
  Time-domain setup: pad_factor=1, dt=0.2500 tau, tau/4=0.2500 tau
  Time-domain setup: pad_factor=1, dt=0.2500 tau, tau/4=0.2500 tau
  Time-domain setup: pad_factor=1, dt=0.2500 tau, tau/4=0.2500 tau
  Time-domain setup: pad_factor=1, dt=0.2500 tau, tau/4=0.2500 tau
  Time-domain setup: pad_factor=1, dt=0.2500 tau, tau/4=0.2500 tau
  Time-domain setup: pad_factor=1, dt=0.2500 tau, tau/4=0.2500 tau
  Time-domain setup: pad_factor=1, dt=0.2500 tau, tau/4=0.2500 tau
  Time-domain setup: pad_factor=1, dt=0.2500 tau, tau/4=0.2500 tau
  Time-domain setup: pad_factor=1, dt=0.2500 tau, tau/4=0.2500 tau
  Time-domain setup: pad_factor=1, dt=0.2500 tau, tau/4=0.2500 tau
  Time-domain setup: pad_factor=1, dt=0.2500 tau, tau/4=0.2500 tau
  Time-domain setup: pad_factor=1, dt=0.2500 tau, tau/4=0.2500 tau
  Time-domain setup: pad_factor=1, dt=0.2500 tau, tau/4=0.2500 tau
  Time-domain setup: pad_factor=1, dt=0.2500 tau, tau/4=0.2500 tau
  Time-domain setup: pad_factor=1, dt=0.2500 tau, tau/4=0.2500 tau
  Time-domain setup: pad_factor=1, dt=0.2500 tau, tau/4=0.2500 tau
  Time-domain setup: pad_factor=1, dt=0.2500 tau, tau/4=0.2500 tau
  Time-domain setup: pad_factor=1, dt=0.2500 tau, tau/4=0.2500 tau
  Time-domain setup: pad_factor=1, dt=0.2500 tau, tau/4=0.2500 tau
  Time-domain setup: pad_factor=1, dt=0.2500 tau, tau/4=0.2500 tau
  Time-domain setup: pad_factor=1, dt=0.2500 tau, tau/4=0.2500 tau
  Time-domain setup: pad_factor=1, dt=0.2500 tau, tau/4=0.2500 tau
  Time-domain setup: pad_factor=1, dt=0.2500 tau, tau/4=0.2500 tau
  Time-domain setup: pad_factor=1, dt=0.2500 tau, tau/4=0.2500 tau
  Time-domain setup: pad_factor=1, dt=0.2500 tau, tau/4=0.2500 tau
  Time-domain setup: pad_factor=1, dt=0.2500 tau, tau/4=0.2500 tau
  Time-domain setup: pad_factor=1, dt=0.2500 tau, tau/4=0.2500 tau
  Time-domain setup: pad_factor=1, dt=0.2500 tau, tau/4=0.2500 tau
  Time-domain setup: pad_factor=1, dt=0.2500 tau, tau/4=0.2500 tau
  Time-domain setup: pad_factor=1, dt=0.2500 tau, tau/4=0.2500 tau
  Time-domain setup: pad_factor=1, dt=0.2500 tau, tau/4=0.2500 tau
  Time-domain setup: pad_factor=1, dt=0.2500 tau, tau/4=0.2500 tau
  Time-domain setup: pad_factor=1, dt=0.2500 tau, tau/4=0.2500 tau
  Time-domain setup: pad_factor=1, dt=0.2500 tau, tau/4=0.2500 tau
  Time-domain setup: pad_factor=1, dt=0.2500 tau, tau/4=0.2500 tau
  Time-domain setup: pad_factor=1, dt=0.2500 tau, tau/4=0.2500 tau
  Time-domain setup: pad_factor=1, dt=0.2500 tau, tau/4=0.2500 tau
  Time-domain setup: pad_factor=1, dt=0.2500 tau, tau/4=0.2500 tau
  Time-domain setup: pad_factor=1, dt=0.2500 tau, tau/4=0.2500 tau
  Time-domain setup: pad_factor=1, dt=0.2500 tau, tau/4=0.2500 tau
  Time-domain setup: pad_factor=1, dt=0.2500 tau, tau/4=0.2500 tau
  Time-domain setup: pad_factor=1, dt=0.2500 tau, tau/4=0.2500 tau
  Time-domain setup: pad_factor=1, dt=0.2500 tau, tau/4=0.2500 tau
  Time-domain setup: pad_factor=1, dt=0.2500 tau, tau/4=0.2500 tau
  Time-domain setup: pad_factor=1, dt=0.2500 tau, tau/4=0.2500 tau
  Time-domain setup: pad_factor=1, dt=0.2500 tau, tau/4=0.2500 tau
  Time-domain setup: pad_factor=1, dt=0.2500 tau, tau/4=0.2500 tau
  draw 150/200
  Time-domain setup: pad_factor=1, dt=0.2500 tau, tau/4=0.2500 tau
  Time-domain setup: pad_factor=1, dt=0.2500 tau, tau/4=0.2500 tau
  Time-domain setup: pad_factor=1, dt=0.2500 tau, tau/4=0.2500 tau
  Time-domain setup: pad_factor=1, dt=0.2500 tau, tau/4=0.2500 tau
  Time-domain setup: pad_factor=1, dt=0.2500 tau, tau/4=0.2500 tau
  Time-domain setup: pad_factor=1, dt=0.2500 tau, tau/4=0.2500 tau
  Time-domain setup: pad_factor=1, dt=0.2500 tau, tau/4=0.2500 tau
  Time-domain setup: pad_factor=1, dt=0.2500 tau, tau/4=0.2500 tau
  Time-domain setup: pad_factor=1, dt=0.2500 tau, tau/4=0.2500 tau
  Time-domain setup: pad_factor=1, dt=0.2500 tau, tau/4=0.2500 tau
  Time-domain setup: pad_factor=1, dt=0.2500 tau, tau/4=0.2500 tau
  Time-domain setup: pad_factor=1, dt=0.2500 tau, tau/4=0.2500 tau
  Time-domain setup: pad_factor=1, dt=0.2500 tau, tau/4=0.2500 tau
  Time-domain setup: pad_factor=1, dt=0.2500 tau, tau/4=0.2500 tau
  Time-domain setup: pad_factor=1, dt=0.2500 tau, tau/4=0.2500 tau
  Time-domain setup: pad_factor=1, dt=0.2500 tau, tau/4=0.2500 tau
  Time-domain setup: pad_factor=1, dt=0.2500 tau, tau/4=0.2500 tau
  Time-domain setup: pad_factor=1, dt=0.2500 tau, tau/4=0.2500 tau
  Time-domain setup: pad_factor=1, dt=0.2500 tau, tau/4=0.2500 tau
  Time-domain setup: pad_factor=1, dt=0.2500 tau, tau/4=0.2500 tau
  Time-domain setup: pad_factor=1, dt=0.2500 tau, tau/4=0.2500 tau
  Time-domain setup: pad_factor=1, dt=0.2500 tau, tau/4=0.2500 tau
  Time-domain setup: pad_factor=1, dt=0.2500 tau, tau/4=0.2500 tau
  Time-domain setup: pad_factor=1, dt=0.2500 tau, tau/4=0.2500 tau
  Time-domain setup: pad_factor=1, dt=0.2500 tau, tau/4=0.2500 tau
  Time-domain setup: pad_factor=1, dt=0.2500 tau, tau/4=0.2500 tau
  Time-domain setup: pad_factor=1, dt=0.2500 tau, tau/4=0.2500 tau
  Time-domain setup: pad_factor=1, dt=0.2500 tau, tau/4=0.2500 tau
  Time-domain setup: pad_factor=1, dt=0.2500 tau, tau/4=0.2500 tau
  Time-domain setup: pad_factor=1, dt=0.2500 tau, tau/4=0.2500 tau
  Time-domain setup: pad_factor=1, dt=0.2500 tau, tau/4=0.2500 tau
  Time-domain setup: pad_factor=1, dt=0.2500 tau, tau/4=0.2500 tau
  Time-domain setup: pad_factor=1, dt=0.2500 tau, tau/4=0.2500 tau
  Time-domain setup: pad_factor=1, dt=0.2500 tau, tau/4=0.2500 tau
  Time-domain setup: pad_factor=1, dt=0.2500 tau, tau/4=0.2500 tau
  Time-domain setup: pad_factor=1, dt=0.2500 tau, tau/4=0.2500 tau
  Time-domain setup: pad_factor=1, dt=0.2500 tau, tau/4=0.2500 tau
  Time-domain setup: pad_factor=1, dt=0.2500 tau, tau/4=0.2500 tau
  Time-domain setup: pad_factor=1, dt=0.2500 tau, tau/4=0.2500 tau
  Time-domain setup: pad_factor=1, dt=0.2500 tau, tau/4=0.2500 tau
  Time-domain setup: pad_factor=1, dt=0.2500 tau, tau/4=0.2500 tau
  Time-domain setup: pad_factor=1, dt=0.2500 tau, tau/4=0.2500 tau
  Time-domain setup: pad_factor=1, dt=0.2500 tau, tau/4=0.2500 tau
  Time-domain setup: pad_factor=1, dt=0.2500 tau, tau/4=0.2500 tau
  Time-domain setup: pad_factor=1, dt=0.2500 tau, tau/4=0.2500 tau
  Time-domain setup: pad_factor=1, dt=0.2500 tau, tau/4=0.2500 tau
  Time-domain setup: pad_factor=1, dt=0.2500 tau, tau/4=0.2500 tau
  Time-domain setup: pad_factor=1, dt=0.2500 tau, tau/4=0.2500 tau
  Time-domain setup: pad_factor=1, dt=0.2500 tau, tau/4=0.2500 tau
  Time-domain setup: pad_factor=1, dt=0.2500 tau, tau/4=0.2500 tau
  Time-domain setup: pad_factor=1, dt=0.2500 tau, tau/4=0.2500 tau
  Time-domain setup: pad_factor=1, dt=0.2500 tau, tau/4=0.2500 tau
  Time-domain setup: pad_factor=1, dt=0.2500 tau, tau/4=0.2500 tau
  Time-domain setup: pad_factor=1, dt=0.2500 tau, tau/4=0.2500 tau
  Time-domain setup: pad_factor=1, dt=0.2500 tau, tau/4=0.2500 tau
  Time-domain setup: pad_factor=1, dt=0.2500 tau, tau/4=0.2500 tau
  Time-domain setup: pad_factor=1, dt=0.2500 tau, tau/4=0.2500 tau
  Time-domain setup: pad_factor=1, dt=0.2500 tau, tau/4=0.2500 tau
  Time-domain setup: pad_factor=1, dt=0.2500 tau, tau/4=0.2500 tau
  Time-domain setup: pad_factor=1, dt=0.2500 tau, tau/4=0.2500 tau
  Time-domain setup: pad_factor=1, dt=0.2500 tau, tau/4=0.2500 tau
  Time-domain setup: pad_factor=1, dt=0.2500 tau, tau/4=0.2500 tau
  Time-domain setup: pad_factor=1, dt=0.2500 tau, tau/4=0.2500 tau
  Time-domain setup: pad_factor=1, dt=0.2500 tau, tau/4=0.2500 tau
  Time-domain setup: pad_factor=1, dt=0.2500 tau, tau/4=0.2500 tau
  Time-domain setup: pad_factor=1, dt=0.2500 tau, tau/4=0.2500 tau
  Time-domain setup: pad_factor=1, dt=0.2500 tau, tau/4=0.2500 tau
  Time-domain setup: pad_factor=1, dt=0.2500 tau, tau/4=0.2500 tau
  Time-domain setup: pad_factor=1, dt=0.2500 tau, tau/4=0.2500 tau
  Time-domain setup: pad_factor=1, dt=0.2500 tau, tau/4=0.2500 tau
  Time-domain setup: pad_factor=1, dt=0.2500 tau, tau/4=0.2500 tau
  Time-domain setup: pad_factor=1, dt=0.2500 tau, tau/4=0.2500 tau
  Time-domain setup: pad_factor=1, dt=0.2500 tau, tau/4=0.2500 tau
  Time-domain setup: pad_factor=1, dt=0.2500 tau, tau/4=0.2500 tau
  Time-domain setup: pad_factor=1, dt=0.2500 tau, tau/4=0.2500 tau
  Time-domain setup: pad_factor=1, dt=0.2500 tau, tau/4=0.2500 tau
  Time-domain setup: pad_factor=1, dt=0.2500 tau, tau/4=0.2500 tau
  Time-domain setup: pad_factor=1, dt=0.2500 tau, tau/4=0.2500 tau
  Time-domain setup: pad_factor=1, dt=0.2500 tau, tau/4=0.2500 tau
  Time-domain setup: pad_factor=1, dt=0.2500 tau, tau/4=0.2500 tau
  Time-domain setup: pad_factor=1, dt=0.2500 tau, tau/4=0.2500 tau
  Time-domain setup: pad_factor=1, dt=0.2500 tau, tau/4=0.2500 tau
  Time-domain setup: pad_factor=1, dt=0.2500 tau, tau/4=0.2500 tau
  Time-domain setup: pad_factor=1, dt=0.2500 tau, tau/4=0.2500 tau
  Time-domain setup: pad_factor=1, dt=0.2500 tau, tau/4=0.2500 tau
  Time-domain setup: pad_factor=1, dt=0.2500 tau, tau/4=0.2500 tau
  Time-domain setup: pad_factor=1, dt=0.2500 tau, tau/4=0.2500 tau
  Time-domain setup: pad_factor=1, dt=0.2500 tau, tau/4=0.2500 tau
  Time-domain setup: pad_factor=1, dt=0.2500 tau, tau/4=0.2500 tau
  Time-domain setup: pad_factor=1, dt=0.2500 tau, tau/4=0.2500 tau
  Time-domain setup: pad_factor=1, dt=0.2500 tau, tau/4=0.2500 tau
  Time-domain setup: pad_factor=1, dt=0.2500 tau, tau/4=0.2500 tau
  Time-domain setup: pad_factor=1, dt=0.2500 tau, tau/4=0.2500 tau
  Time-domain setup: pad_factor=1, dt=0.2500 tau, tau/4=0.2500 tau
  Time-domain setup: pad_factor=1, dt=0.2500 tau, tau/4=0.2500 tau
  Time-domain setup: pad_factor=1, dt=0.2500 tau, tau/4=0.2500 tau
  Time-domain setup: pad_factor=1, dt=0.2500 tau, tau/4=0.2500 tau
  Time-domain setup: pad_factor=1, dt=0.2500 tau, tau/4=0.2500 tau
  Time-domain setup: pad_factor=1, dt=0.2500 tau, tau/4=0.2500 tau
  Time-domain setup: pad_factor=1, dt=0.2500 tau, tau/4=0.2500 tau
  Time-domain setup: pad_factor=1, dt=0.2500 tau, tau/4=0.2500 tau
  Time-domain setup: pad_factor=1, dt=0.2500 tau, tau/4=0.2500 tau
  Time-domain setup: pad_factor=1, dt=0.2500 tau, tau/4=0.2500 tau
  Time-domain setup: pad_factor=1, dt=0.2500 tau, tau/4=0.2500 tau
  Time-domain setup: pad_factor=1, dt=0.2500 tau, tau/4=0.2500 tau
  Time-domain setup: pad_factor=1, dt=0.2500 tau, tau/4=0.2500 tau
  Time-domain setup: pad_factor=1, dt=0.2500 tau, tau/4=0.2500 tau
  Time-domain setup: pad_factor=1, dt=0.2500 tau, tau/4=0.2500 tau
  Time-domain setup: pad_factor=1, dt=0.2500 tau, tau/4=0.2500 tau
  Time-domain setup: pad_factor=1, dt=0.2500 tau, tau/4=0.2500 tau
  Time-domain setup: pad_factor=1, dt=0.2500 tau, tau/4=0.2500 tau
  Time-domain setup: pad_factor=1, dt=0.2500 tau, tau/4=0.2500 tau
  Time-domain setup: pad_factor=1, dt=0.2500 tau, tau/4=0.2500 tau
  Time-domain setup: pad_factor=1, dt=0.2500 tau, tau/4=0.2500 tau
  Time-domain setup: pad_factor=1, dt=0.2500 tau, tau/4=0.2500 tau
  Time-domain setup: pad_factor=1, dt=0.2500 tau, tau/4=0.2500 tau
  Time-domain setup: pad_factor=1, dt=0.2500 tau, tau/4=0.2500 tau
  Time-domain setup: pad_factor=1, dt=0.2500 tau, tau/4=0.2500 tau
  Time-domain setup: pad_factor=1, dt=0.2500 tau, tau/4=0.2500 tau
  Time-domain setup: pad_factor=1, dt=0.2500 tau, tau/4=0.2500 tau
  Time-domain setup: pad_factor=1, dt=0.2500 tau, tau/4=0.2500 tau
  Time-domain setup: pad_factor=1, dt=0.2500 tau, tau/4=0.2500 tau
  Time-domain setup: pad_factor=1, dt=0.2500 tau, tau/4=0.2500 tau
  Time-domain setup: pad_factor=1, dt=0.2500 tau, tau/4=0.2500 tau
  Time-domain setup: pad_factor=1, dt=0.2500 tau, tau/4=0.2500 tau
  Time-domain setup: pad_factor=1, dt=0.2500 tau, tau/4=0.2500 tau
  Time-domain setup: pad_factor=1, dt=0.2500 tau, tau/4=0.2500 tau
  Time-domain setup: pad_factor=1, dt=0.2500 tau, tau/4=0.2500 tau
  Time-domain setup: pad_factor=1, dt=0.2500 tau, tau/4=0.2500 tau
  Time-domain setup: pad_factor=1, dt=0.2500 tau, tau/4=0.2500 tau
  Time-domain setup: pad_factor=1, dt=0.2500 tau, tau/4=0.2500 tau
  Time-domain setup: pad_factor=1, dt=0.2500 tau, tau/4=0.2500 tau
  Time-domain setup: pad_factor=1, dt=0.2500 tau, tau/4=0.2500 tau
  Time-domain setup: pad_factor=1, dt=0.2500 tau, tau/4=0.2500 tau
  Time-domain setup: pad_factor=1, dt=0.2500 tau, tau/4=0.2500 tau
  Time-domain setup: pad_factor=1, dt=0.2500 tau, tau/4=0.2500 tau
  Time-domain setup: pad_factor=1, dt=0.2500 tau, tau/4=0.2500 tau
  Time-domain setup: pad_factor=1, dt=0.2500 tau, tau/4=0.2500 tau
  Time-domain setup: pad_factor=1, dt=0.2500 tau, tau/4=0.2500 tau
  Time-domain setup: pad_factor=1, dt=0.2500 tau, tau/4=0.2500 tau
  Time-domain setup: pad_factor=1, dt=0.2500 tau, tau/4=0.2500 tau
  Time-domain setup: pad_factor=1, dt=0.2500 tau, tau/4=0.2500 tau
  Time-domain setup: pad_factor=1, dt=0.2500 tau, tau/4=0.2500 tau
  Time-domain setup: pad_factor=1, dt=0.2500 tau, tau/4=0.2500 tau
  Time-domain setup: pad_factor=1, dt=0.2500 tau, tau/4=0.2500 tau
  Time-domain setup: pad_factor=1, dt=0.2500 tau, tau/4=0.2500 tau
  Time-domain setup: pad_factor=1, dt=0.2500 tau, tau/4=0.2500 tau
  Time-domain setup: pad_factor=1, dt=0.2500 tau, tau/4=0.2500 tau
  Time-domain setup: pad_factor=1, dt=0.2500 tau, tau/4=0.2500 tau
  Time-domain setup: pad_factor=1, dt=0.2500 tau, tau/4=0.2500 tau
  Time-domain setup: pad_factor=1, dt=0.2500 tau, tau/4=0.2500 tau
  Time-domain setup: pad_factor=1, dt=0.2500 tau, tau/4=0.2500 tau
  Time-domain setup: pad_factor=1, dt=0.2500 tau, tau/4=0.2500 tau
  Time-domain setup: pad_factor=1, dt=0.2500 tau, tau/4=0.2500 tau
  Time-domain setup: pad_factor=1, dt=0.2500 tau, tau/4=0.2500 tau
  Time-domain setup: pad_factor=1, dt=0.2500 tau, tau/4=0.2500 tau
  Time-domain setup: pad_factor=1, dt=0.2500 tau, tau/4=0.2500 tau
  Time-domain setup: pad_factor=1, dt=0.2500 tau, tau/4=0.2500 tau
  Time-domain setup: pad_factor=1, dt=0.2500 tau, tau/4=0.2500 tau
  Time-domain setup: pad_factor=1, dt=0.2500 tau, tau/4=0.2500 tau
  Time-domain setup: pad_factor=1, dt=0.2500 tau, tau/4=0.2500 tau
  Time-domain setup: pad_factor=1, dt=0.2500 tau, tau/4=0.2500 tau
  Time-domain setup: pad_factor=1, dt=0.2500 tau, tau/4=0.2500 tau
  Time-domain setup: pad_factor=1, dt=0.2500 tau, tau/4=0.2500 tau
  Time-domain setup: pad_factor=1, dt=0.2500 tau, tau/4=0.2500 tau
  Time-domain setup: pad_factor=1, dt=0.2500 tau, tau/4=0.2500 tau
  Time-domain setup: pad_factor=1, dt=0.2500 tau, tau/4=0.2500 tau
  Time-domain setup: pad_factor=1, dt=0.2500 tau, tau/4=0.2500 tau
  Time-domain setup: pad_factor=1, dt=0.2500 tau, tau/4=0.2500 tau
  Time-domain setup: pad_factor=1, dt=0.2500 tau, tau/4=0.2500 tau
  Time-domain setup: pad_factor=1, dt=0.2500 tau, tau/4=0.2500 tau
  Time-domain setup: pad_factor=1, dt=0.2500 tau, tau/4=0.2500 tau
  Time-domain setup: pad_factor=1, dt=0.2500 tau, tau/4=0.2500 tau
  Time-domain setup: pad_factor=1, dt=0.2500 tau, tau/4=0.2500 tau
  Time-domain setup: pad_factor=1, dt=0.2500 tau, tau/4=0.2500 tau
  draw 175/200
  Time-domain setup: pad_factor=1, dt=0.2500 tau, tau/4=0.2500 tau
  Time-domain setup: pad_factor=1, dt=0.2500 tau, tau/4=0.2500 tau
  Time-domain setup: pad_factor=1, dt=0.2500 tau, tau/4=0.2500 tau
  Time-domain setup: pad_factor=1, dt=0.2500 tau, tau/4=0.2500 tau
  Time-domain setup: pad_factor=1, dt=0.2500 tau, tau/4=0.2500 tau
  Time-domain setup: pad_factor=1, dt=0.2500 tau, tau/4=0.2500 tau
  Time-domain setup: pad_factor=1, dt=0.2500 tau, tau/4=0.2500 tau
  Time-domain setup: pad_factor=1, dt=0.2500 tau, tau/4=0.2500 tau
  Time-domain setup: pad_factor=1, dt=0.2500 tau, tau/4=0.2500 tau
  Time-domain setup: pad_factor=1, dt=0.2500 tau, tau/4=0.2500 tau
  Time-domain setup: pad_factor=1, dt=0.2500 tau, tau/4=0.2500 tau
  Time-domain setup: pad_factor=1, dt=0.2500 tau, tau/4=0.2500 tau
  Time-domain setup: pad_factor=1, dt=0.2500 tau, tau/4=0.2500 tau
  Time-domain setup: pad_factor=1, dt=0.2500 tau, tau/4=0.2500 tau
  Time-domain setup: pad_factor=1, dt=0.2500 tau, tau/4=0.2500 tau
  Time-domain setup: pad_factor=1, dt=0.2500 tau, tau/4=0.2500 tau
  Time-domain setup: pad_factor=1, dt=0.2500 tau, tau/4=0.2500 tau
  Time-domain setup: pad_factor=1, dt=0.2500 tau, tau/4=0.2500 tau
  Time-domain setup: pad_factor=1, dt=0.2500 tau, tau/4=0.2500 tau
  Time-domain setup: pad_factor=1, dt=0.2500 tau, tau/4=0.2500 tau
  Time-domain setup: pad_factor=1, dt=0.2500 tau, tau/4=0.2500 tau
  Time-domain setup: pad_factor=1, dt=0.2500 tau, tau/4=0.2500 tau
  Time-domain setup: pad_factor=1, dt=0.2500 tau, tau/4=0.2500 tau
  Time-domain setup: pad_factor=1, dt=0.2500 tau, tau/4=0.2500 tau
  Time-domain setup: pad_factor=1, dt=0.2500 tau, tau/4=0.2500 tau
  Time-domain setup: pad_factor=1, dt=0.2500 tau, tau/4=0.2500 tau
  Time-domain setup: pad_factor=1, dt=0.2500 tau, tau/4=0.2500 tau
  Time-domain setup: pad_factor=1, dt=0.2500 tau, tau/4=0.2500 tau
  Time-domain setup: pad_factor=1, dt=0.2500 tau, tau/4=0.2500 tau
  Time-domain setup: pad_factor=1, dt=0.2500 tau, tau/4=0.2500 tau
  Time-domain setup: pad_factor=1, dt=0.2500 tau, tau/4=0.2500 tau
  Time-domain setup: pad_factor=1, dt=0.2500 tau, tau/4=0.2500 tau
  Time-domain setup: pad_factor=1, dt=0.2500 tau, tau/4=0.2500 tau
  Time-domain setup: pad_factor=1, dt=0.2500 tau, tau/4=0.2500 tau
  Time-domain setup: pad_factor=1, dt=0.2500 tau, tau/4=0.2500 tau
  Time-domain setup: pad_factor=1, dt=0.2500 tau, tau/4=0.2500 tau
  Time-domain setup: pad_factor=1, dt=0.2500 tau, tau/4=0.2500 tau
  Time-domain setup: pad_factor=1, dt=0.2500 tau, tau/4=0.2500 tau
  Time-domain setup: pad_factor=1, dt=0.2500 tau, tau/4=0.2500 tau
  Time-domain setup: pad_factor=1, dt=0.2500 tau, tau/4=0.2500 tau
  Time-domain setup: pad_factor=1, dt=0.2500 tau, tau/4=0.2500 tau
  Time-domain setup: pad_factor=1, dt=0.2500 tau, tau/4=0.2500 tau
  Time-domain setup: pad_factor=1, dt=0.2500 tau, tau/4=0.2500 tau
  Time-domain setup: pad_factor=1, dt=0.2500 tau, tau/4=0.2500 tau
  Time-domain setup: pad_factor=1, dt=0.2500 tau, tau/4=0.2500 tau
  Time-domain setup: pad_factor=1, dt=0.2500 tau, tau/4=0.2500 tau
  Time-domain setup: pad_factor=1, dt=0.2500 tau, tau/4=0.2500 tau
  Time-domain setup: pad_factor=1, dt=0.2500 tau, tau/4=0.2500 tau
  Time-domain setup: pad_factor=1, dt=0.2500 tau, tau/4=0.2500 tau
  Time-domain setup: pad_factor=1, dt=0.2500 tau, tau/4=0.2500 tau
  Time-domain setup: pad_factor=1, dt=0.2500 tau, tau/4=0.2500 tau
  Time-domain setup: pad_factor=1, dt=0.2500 tau, tau/4=0.2500 tau
  Time-domain setup: pad_factor=1, dt=0.2500 tau, tau/4=0.2500 tau
  Time-domain setup: pad_factor=1, dt=0.2500 tau, tau/4=0.2500 tau
  Time-domain setup: pad_factor=1, dt=0.2500 tau, tau/4=0.2500 tau
  Time-domain setup: pad_factor=1, dt=0.2500 tau, tau/4=0.2500 tau
  Time-domain setup: pad_factor=1, dt=0.2500 tau, tau/4=0.2500 tau
  Time-domain setup: pad_factor=1, dt=0.2500 tau, tau/4=0.2500 tau
  Time-domain setup: pad_factor=1, dt=0.2500 tau, tau/4=0.2500 tau
  Time-domain setup: pad_factor=1, dt=0.2500 tau, tau/4=0.2500 tau
  Time-domain setup: pad_factor=1, dt=0.2500 tau, tau/4=0.2500 tau
  Time-domain setup: pad_factor=1, dt=0.2500 tau, tau/4=0.2500 tau
  Time-domain setup: pad_factor=1, dt=0.2500 tau, tau/4=0.2500 tau
  Time-domain setup: pad_factor=1, dt=0.2500 tau, tau/4=0.2500 tau
  Time-domain setup: pad_factor=1, dt=0.2500 tau, tau/4=0.2500 tau
  Time-domain setup: pad_factor=1, dt=0.2500 tau, tau/4=0.2500 tau
  Time-domain setup: pad_factor=1, dt=0.2500 tau, tau/4=0.2500 tau
  Time-domain setup: pad_factor=1, dt=0.2500 tau, tau/4=0.2500 tau
  Time-domain setup: pad_factor=1, dt=0.2500 tau, tau/4=0.2500 tau
  Time-domain setup: pad_factor=1, dt=0.2500 tau, tau/4=0.2500 tau
  Time-domain setup: pad_factor=1, dt=0.2500 tau, tau/4=0.2500 tau
  Time-domain setup: pad_factor=1, dt=0.2500 tau, tau/4=0.2500 tau
  Time-domain setup: pad_factor=1, dt=0.2500 tau, tau/4=0.2500 tau
  Time-domain setup: pad_factor=1, dt=0.2500 tau, tau/4=0.2500 tau
  Time-domain setup: pad_factor=1, dt=0.2500 tau, tau/4=0.2500 tau
  Time-domain setup: pad_factor=1, dt=0.2500 tau, tau/4=0.2500 tau
  Time-domain setup: pad_factor=1, dt=0.2500 tau, tau/4=0.2500 tau
  Time-domain setup: pad_factor=1, dt=0.2500 tau, tau/4=0.2500 tau
  Time-domain setup: pad_factor=1, dt=0.2500 tau, tau/4=0.2500 tau
  Time-domain setup: pad_factor=1, dt=0.2500 tau, tau/4=0.2500 tau
  Time-domain setup: pad_factor=1, dt=0.2500 tau, tau/4=0.2500 tau
  Time-domain setup: pad_factor=1, dt=0.2500 tau, tau/4=0.2500 tau
  Time-domain setup: pad_factor=1, dt=0.2500 tau, tau/4=0.2500 tau
  Time-domain setup: pad_factor=1, dt=0.2500 tau, tau/4=0.2500 tau
  Time-domain setup: pad_factor=1, dt=0.2500 tau, tau/4=0.2500 tau
  Time-domain setup: pad_factor=1, dt=0.2500 tau, tau/4=0.2500 tau
  Time-domain setup: pad_factor=1, dt=0.2500 tau, tau/4=0.2500 tau
  Time-domain setup: pad_factor=1, dt=0.2500 tau, tau/4=0.2500 tau
  Time-domain setup: pad_factor=1, dt=0.2500 tau, tau/4=0.2500 tau
  Time-domain setup: pad_factor=1, dt=0.2500 tau, tau/4=0.2500 tau
  Time-domain setup: pad_factor=1, dt=0.2500 tau, tau/4=0.2500 tau
  Time-domain setup: pad_factor=1, dt=0.2500 tau, tau/4=0.2500 tau
  Time-domain setup: pad_factor=1, dt=0.2500 tau, tau/4=0.2500 tau
  Time-domain setup: pad_factor=1, dt=0.2500 tau, tau/4=0.2500 tau
  Time-domain setup: pad_factor=1, dt=0.2500 tau, tau/4=0.2500 tau
  Time-domain setup: pad_factor=1, dt=0.2500 tau, tau/4=0.2500 tau
  Time-domain setup: pad_factor=1, dt=0.2500 tau, tau/4=0.2500 tau
  Time-domain setup: pad_factor=1, dt=0.2500 tau, tau/4=0.2500 tau
  Time-domain setup: pad_factor=1, dt=0.2500 tau, tau/4=0.2500 tau
  Time-domain setup: pad_factor=1, dt=0.2500 tau, tau/4=0.2500 tau
  Time-domain setup: pad_factor=1, dt=0.2500 tau, tau/4=0.2500 tau
  Time-domain setup: pad_factor=1, dt=0.2500 tau, tau/4=0.2500 tau
  Time-domain setup: pad_factor=1, dt=0.2500 tau, tau/4=0.2500 tau
  Time-domain setup: pad_factor=1, dt=0.2500 tau, tau/4=0.2500 tau
  Time-domain setup: pad_factor=1, dt=0.2500 tau, tau/4=0.2500 tau
  Time-domain setup: pad_factor=1, dt=0.2500 tau, tau/4=0.2500 tau
  Time-domain setup: pad_factor=1, dt=0.2500 tau, tau/4=0.2500 tau
  Time-domain setup: pad_factor=1, dt=0.2500 tau, tau/4=0.2500 tau
  Time-domain setup: pad_factor=1, dt=0.2500 tau, tau/4=0.2500 tau
  Time-domain setup: pad_factor=1, dt=0.2500 tau, tau/4=0.2500 tau
  Time-domain setup: pad_factor=1, dt=0.2500 tau, tau/4=0.2500 tau
  Time-domain setup: pad_factor=1, dt=0.2500 tau, tau/4=0.2500 tau
  Time-domain setup: pad_factor=1, dt=0.2500 tau, tau/4=0.2500 tau
  Time-domain setup: pad_factor=1, dt=0.2500 tau, tau/4=0.2500 tau
  Time-domain setup: pad_factor=1, dt=0.2500 tau, tau/4=0.2500 tau
  Time-domain setup: pad_factor=1, dt=0.2500 tau, tau/4=0.2500 tau
  Time-domain setup: pad_factor=1, dt=0.2500 tau, tau/4=0.2500 tau
  Time-domain setup: pad_factor=1, dt=0.2500 tau, tau/4=0.2500 tau
  Time-domain setup: pad_factor=1, dt=0.2500 tau, tau/4=0.2500 tau
  Time-domain setup: pad_factor=1, dt=0.2500 tau, tau/4=0.2500 tau
  Time-domain setup: pad_factor=1, dt=0.2500 tau, tau/4=0.2500 tau
  Time-domain setup: pad_factor=1, dt=0.2500 tau, tau/4=0.2500 tau
  Time-domain setup: pad_factor=1, dt=0.2500 tau, tau/4=0.2500 tau
  Time-domain setup: pad_factor=1, dt=0.2500 tau, tau/4=0.2500 tau
  Time-domain setup: pad_factor=1, dt=0.2500 tau, tau/4=0.2500 tau
  Time-domain setup: pad_factor=1, dt=0.2500 tau, tau/4=0.2500 tau
  Time-domain setup: pad_factor=1, dt=0.2500 tau, tau/4=0.2500 tau
  Time-domain setup: pad_factor=1, dt=0.2500 tau, tau/4=0.2500 tau
  Time-domain setup: pad_factor=1, dt=0.2500 tau, tau/4=0.2500 tau
  Time-domain setup: pad_factor=1, dt=0.2500 tau, tau/4=0.2500 tau
  Time-domain setup: pad_factor=1, dt=0.2500 tau, tau/4=0.2500 tau
  Time-domain setup: pad_factor=1, dt=0.2500 tau, tau/4=0.2500 tau
  Time-domain setup: pad_factor=1, dt=0.2500 tau, tau/4=0.2500 tau
  Time-domain setup: pad_factor=1, dt=0.2500 tau, tau/4=0.2500 tau
  Time-domain setup: pad_factor=1, dt=0.2500 tau, tau/4=0.2500 tau
  Time-domain setup: pad_factor=1, dt=0.2500 tau, tau/4=0.2500 tau
  Time-domain setup: pad_factor=1, dt=0.2500 tau, tau/4=0.2500 tau
  Time-domain setup: pad_factor=1, dt=0.2500 tau, tau/4=0.2500 tau
  Time-domain setup: pad_factor=1, dt=0.2500 tau, tau/4=0.2500 tau
  Time-domain setup: pad_factor=1, dt=0.2500 tau, tau/4=0.2500 tau
  Time-domain setup: pad_factor=1, dt=0.2500 tau, tau/4=0.2500 tau
  Time-domain setup: pad_factor=1, dt=0.2500 tau, tau/4=0.2500 tau
  Time-domain setup: pad_factor=1, dt=0.2500 tau, tau/4=0.2500 tau
  Time-domain setup: pad_factor=1, dt=0.2500 tau, tau/4=0.2500 tau
  Time-domain setup: pad_factor=1, dt=0.2500 tau, tau/4=0.2500 tau
  Time-domain setup: pad_factor=1, dt=0.2500 tau, tau/4=0.2500 tau
  Time-domain setup: pad_factor=1, dt=0.2500 tau, tau/4=0.2500 tau
  Time-domain setup: pad_factor=1, dt=0.2500 tau, tau/4=0.2500 tau
  Time-domain setup: pad_factor=1, dt=0.2500 tau, tau/4=0.2500 tau
  Time-domain setup: pad_factor=1, dt=0.2500 tau, tau/4=0.2500 tau
  Time-domain setup: pad_factor=1, dt=0.2500 tau, tau/4=0.2500 tau
  Time-domain setup: pad_factor=1, dt=0.2500 tau, tau/4=0.2500 tau
  Time-domain setup: pad_factor=1, dt=0.2500 tau, tau/4=0.2500 tau
  Time-domain setup: pad_factor=1, dt=0.2500 tau, tau/4=0.2500 tau
  Time-domain setup: pad_factor=1, dt=0.2500 tau, tau/4=0.2500 tau
  Time-domain setup: pad_factor=1, dt=0.2500 tau, tau/4=0.2500 tau
  Time-domain setup: pad_factor=1, dt=0.2500 tau, tau/4=0.2500 tau
  Time-domain setup: pad_factor=1, dt=0.2500 tau, tau/4=0.2500 tau
  Time-domain setup: pad_factor=1, dt=0.2500 tau, tau/4=0.2500 tau
  Time-domain setup: pad_factor=1, dt=0.2500 tau, tau/4=0.2500 tau
  Time-domain setup: pad_factor=1, dt=0.2500 tau, tau/4=0.2500 tau
  Time-domain setup: pad_factor=1, dt=0.2500 tau, tau/4=0.2500 tau
  Time-domain setup: pad_factor=1, dt=0.2500 tau, tau/4=0.2500 tau
  Time-domain setup: pad_factor=1, dt=0.2500 tau, tau/4=0.2500 tau
  Time-domain setup: pad_factor=1, dt=0.2500 tau, tau/4=0.2500 tau
  Time-domain setup: pad_factor=1, dt=0.2500 tau, tau/4=0.2500 tau
  Time-domain setup: pad_factor=1, dt=0.2500 tau, tau/4=0.2500 tau
  Time-domain setup: pad_factor=1, dt=0.2500 tau, tau/4=0.2500 tau
  Time-domain setup: pad_factor=1, dt=0.2500 tau, tau/4=0.2500 tau
  Time-domain setup: pad_factor=1, dt=0.2500 tau, tau/4=0.2500 tau
  Time-domain setup: pad_factor=1, dt=0.2500 tau, tau/4=0.2500 tau
  Time-domain setup: pad_factor=1, dt=0.2500 tau, tau/4=0.2500 tau
  Time-domain setup: pad_factor=1, dt=0.2500 tau, tau/4=0.2500 tau
  Time-domain setup: pad_factor=1, dt=0.2500 tau, tau/4=0.2500 tau
  Time-domain setup: pad_factor=1, dt=0.2500 tau, tau/4=0.2500 tau
  draw 200/200

Predicted infidelity on the reconstructed spectra (central | median [95% CI]):
  Tg=  40.0 tau  known CDD(5, 5)      5.537e-03 | 5.572e-03 [5.201e-03, 6.017e-03]
  Tg=  40.0 tau  opt   NT(36,38)      3.506e-03 | 3.536e-03 [3.188e-03, 4.036e-03]
  Tg=  80.0 tau  known CDD(6, 6)      1.174e-02 | 1.182e-02 [1.107e-02, 1.266e-02]
  Tg=  80.0 tau  opt   NT(76,78)      6.786e-03 | 6.831e-03 [6.145e-03, 7.848e-03]
  Tg= 160.0 tau  known CDD(7, 7)      2.390e-02 | 2.400e-02 [2.272e-02, 2.554e-02]
  Tg= 160.0 tau  opt   NT(158,156)    1.380e-02 | 1.387e-02 [1.241e-02, 1.596e-02]
  Tg= 320.0 tau  known CDD(8, 8)      4.786e-02 | 4.799e-02 [4.581e-02, 5.100e-02]
  Tg= 320.0 tau  opt   NT(317,318)    2.769e-02 | 2.792e-02 [2.503e-02, 3.188e-02]
  Tg= 640.0 tau  known CDD(9, 9)      9.348e-02 | 9.374e-02 [8.966e-02, 9.875e-02]
  Tg= 640.0 tau  opt   NT(636,637)    5.373e-02 | 5.405e-02 [4.858e-02, 6.175e-02]
  Tg=1280.0 tau  known CDD(10, 10)    1.761e-01 | 1.764e-01 [1.696e-01, 1.849e-01]
  Tg=1280.0 tau  opt   NT(1278,1277)  1.055e-01 | 1.061e-01 [9.580e-02, 1.202e-01]
  Tg=2560.0 tau  known CDD(11, 11)    3.110e-01 | 3.117e-01 [3.012e-01, 3.242e-01]
  Tg=2560.0 tau  opt   NT(2557,2558)  1.909e-01 | 1.915e-01 [1.731e-01, 2.178e-01]

NT-vs-known margin (known / opt, central | median [95% CI]):
  Tg=  40.0 tau  1.58x | 1.57x [1.45x, 1.67x]   (CDD(5, 5) vs NT(36,38))
  Tg=  80.0 tau  1.73x | 1.72x [1.58x, 1.86x]   (CDD(6, 6) vs NT(76,78))
  Tg= 160.0 tau  1.73x | 1.73x [1.59x, 1.83x]   (CDD(7, 7) vs NT(158,156))
  Tg= 320.0 tau  1.73x | 1.72x [1.59x, 1.84x]   (CDD(8, 8) vs NT(317,318))
  Tg= 640.0 tau  1.74x | 1.74x [1.59x, 1.85x]   (CDD(9, 9) vs NT(636,637))
  Tg=1280.0 tau  1.67x | 1.66x [1.54x, 1.77x]   (CDD(10, 10) vs NT(1278,1277))
  Tg=2560.0 tau  1.63x | 1.62x [1.49x, 1.74x]   (CDD(11, 11) vs NT(2557,2558))

Saved ensemble to /home/mqasimk/IdeaProjects/QNS-2Q/DraftRun_SPAM_featured_reference/margin_band_cz_uncapped.npz
Figure saved to /home/mqasimk/IdeaProjects/QNS-2Q/DraftRun_SPAM_featured_reference/margin_band_cz_uncapped.pdf
