Loading reconstructed spectra from /home/mqasimk/IdeaProjects/QNS-2Q/DraftRun_SPAM_featured_reference/specs.npz
  specs spam_protocol: none
[idle] WARNING: spectra model_version='unknown' != current noise model 'anchored-tarucha-20260610'; the ideal benchmark uses the CURRENT model -- regenerate Stage 1/2.
Calculated T2 times (Ideal): Q1=7.71e+02 tau, Q2=7.70e+02 tau
[margin-band-id] specs+bars+winners: DraftRun_SPAM_featured_reference (12 sequences) | 200 draws, seed=20260611
  Tg=   320.0 tau  known M=64  mqCDD(n=1, m=1)^64
  Tg=   320.0 tau  opt   M=2   NT(127,149)^2
  Tg=   640.0 tau  known M=128 mqCDD(n=1, m=1)^128
  Tg=   640.0 tau  opt   M=1   NT(528,585)^1
  Tg=  1280.0 tau  known M=32  mqCDD(n=4, m=1)^32
  Tg=  1280.0 tau  opt   M=1   NT(1277,1102)^1
  Tg=  2560.0 tau  known M=64  mqCDD(n=4, m=1)^64
  Tg=  2560.0 tau  opt   M=4   NT(591,622)^4
  Tg=  5120.0 tau  known M=128 mqCDD(n=4, m=1)^128
  Tg=  5120.0 tau  opt   M=32  NT(142,145)^32
  Tg= 10240.0 tau  known M=128 mqCDD(n=5, m=1)^128
  Tg= 10240.0 tau  opt   M=32  NT(282,294)^32
  Time-domain setup: pad_factor=1, dt=0.2500 tau, tau/4=0.2500 tau
  Time-domain setup: pad_factor=1, dt=0.2500 tau, tau/4=0.2500 tau
  Time-domain setup: pad_factor=1, dt=0.2500 tau, tau/4=0.2500 tau
  Time-domain setup: pad_factor=1, dt=0.2500 tau, tau/4=0.2500 tau
  Time-domain setup: pad_factor=1, dt=0.2500 tau, tau/4=0.2500 tau
  Time-domain setup: pad_factor=1, dt=0.2500 tau, tau/4=0.2500 tau
  Time-domain setup: pad_factor=1, dt=0.2500 tau, tau/4=0.2500 tau
  Time-domain setup: pad_factor=1, dt=0.2500 tau, tau/4=0.2500 tau
  Time-domain setup: pad_factor=1, dt=0.2500 tau, tau/4=0.2500 tau
  Time-domain setup: pad_factor=1, dt=0.2500 tau, tau/4=0.2500 tau
  Time-domain setup: pad_factor=1, dt=0.2500 tau, tau/4=0.2500 tau
  Time-domain setup: pad_factor=1, dt=0.2500 tau, tau/4=0.2500 tau
  Time-domain setup: pad_factor=1, dt=0.2500 tau, tau/4=0.2500 tau
  Time-domain setup: pad_factor=1, dt=0.2500 tau, tau/4=0.2500 tau
  Time-domain setup: pad_factor=1, dt=0.2500 tau, tau/4=0.2500 tau
  Time-domain setup: pad_factor=1, dt=0.2500 tau, tau/4=0.2500 tau
  Time-domain setup: pad_factor=1, dt=0.2500 tau, tau/4=0.2500 tau
  Time-domain setup: pad_factor=1, dt=0.2500 tau, tau/4=0.2500 tau
  Time-domain setup: pad_factor=1, dt=0.2500 tau, tau/4=0.2500 tau
  Time-domain setup: pad_factor=1, dt=0.2500 tau, tau/4=0.2500 tau
  Time-domain setup: pad_factor=1, dt=0.2500 tau, tau/4=0.2500 tau
  Time-domain setup: pad_factor=1, dt=0.2500 tau, tau/4=0.2500 tau
  Time-domain setup: pad_factor=1, dt=0.2500 tau, tau/4=0.2500 tau
  Time-domain setup: pad_factor=1, dt=0.2500 tau, tau/4=0.2500 tau
  Time-domain setup: pad_factor=1, dt=0.2500 tau, tau/4=0.2500 tau
  Time-domain setup: pad_factor=1, dt=0.2500 tau, tau/4=0.2500 tau
  Time-domain setup: pad_factor=1, dt=0.2500 tau, tau/4=0.2500 tau
  Time-domain setup: pad_factor=1, dt=0.2500 tau, tau/4=0.2500 tau
  Time-domain setup: pad_factor=1, dt=0.2500 tau, tau/4=0.2500 tau
  Time-domain setup: pad_factor=1, dt=0.2500 tau, tau/4=0.2500 tau
  Time-domain setup: pad_factor=1, dt=0.2500 tau, tau/4=0.2500 tau
  Time-domain setup: pad_factor=1, dt=0.2500 tau, tau/4=0.2500 tau
  Time-domain setup: pad_factor=1, dt=0.2500 tau, tau/4=0.2500 tau
  Time-domain setup: pad_factor=1, dt=0.2500 tau, tau/4=0.2500 tau
  Time-domain setup: pad_factor=1, dt=0.2500 tau, tau/4=0.2500 tau
  Time-domain setup: pad_factor=1, dt=0.2500 tau, tau/4=0.2500 tau
  Time-domain setup: pad_factor=1, dt=0.2500 tau, tau/4=0.2500 tau
  Time-domain setup: pad_factor=1, dt=0.2500 tau, tau/4=0.2500 tau
  Time-domain setup: pad_factor=1, dt=0.2500 tau, tau/4=0.2500 tau
  Time-domain setup: pad_factor=1, dt=0.2500 tau, tau/4=0.2500 tau
  Time-domain setup: pad_factor=1, dt=0.2500 tau, tau/4=0.2500 tau
  Time-domain setup: pad_factor=1, dt=0.2500 tau, tau/4=0.2500 tau
  Time-domain setup: pad_factor=1, dt=0.2500 tau, tau/4=0.2500 tau
  Time-domain setup: pad_factor=1, dt=0.2500 tau, tau/4=0.2500 tau
  Time-domain setup: pad_factor=1, dt=0.2500 tau, tau/4=0.2500 tau
  Time-domain setup: pad_factor=1, dt=0.2500 tau, tau/4=0.2500 tau
  Time-domain setup: pad_factor=1, dt=0.2500 tau, tau/4=0.2500 tau
  Time-domain setup: pad_factor=1, dt=0.2500 tau, tau/4=0.2500 tau
  Time-domain setup: pad_factor=1, dt=0.2500 tau, tau/4=0.2500 tau
  Time-domain setup: pad_factor=1, dt=0.2500 tau, tau/4=0.2500 tau
  Time-domain setup: pad_factor=1, dt=0.2500 tau, tau/4=0.2500 tau
  Time-domain setup: pad_factor=1, dt=0.2500 tau, tau/4=0.2500 tau
  Time-domain setup: pad_factor=1, dt=0.2500 tau, tau/4=0.2500 tau
  Time-domain setup: pad_factor=1, dt=0.2500 tau, tau/4=0.2500 tau
  Time-domain setup: pad_factor=1, dt=0.2500 tau, tau/4=0.2500 tau
  Time-domain setup: pad_factor=1, dt=0.2500 tau, tau/4=0.2500 tau
  Time-domain setup: pad_factor=1, dt=0.2500 tau, tau/4=0.2500 tau
  Time-domain setup: pad_factor=1, dt=0.2500 tau, tau/4=0.2500 tau
  Time-domain setup: pad_factor=1, dt=0.2500 tau, tau/4=0.2500 tau
  Time-domain setup: pad_factor=1, dt=0.2500 tau, tau/4=0.2500 tau
  Time-domain setup: pad_factor=1, dt=0.2500 tau, tau/4=0.2500 tau
  Time-domain setup: pad_factor=1, dt=0.2500 tau, tau/4=0.2500 tau
  Time-domain setup: pad_factor=1, dt=0.2500 tau, tau/4=0.2500 tau
  Time-domain setup: pad_factor=1, dt=0.2500 tau, tau/4=0.2500 tau
  Time-domain setup: pad_factor=1, dt=0.2500 tau, tau/4=0.2500 tau
  Time-domain setup: pad_factor=1, dt=0.2500 tau, tau/4=0.2500 tau
  Time-domain setup: pad_factor=1, dt=0.2500 tau, tau/4=0.2500 tau
  Time-domain setup: pad_factor=1, dt=0.2500 tau, tau/4=0.2500 tau
  Time-domain setup: pad_factor=1, dt=0.2500 tau, tau/4=0.2500 tau
  Time-domain setup: pad_factor=1, dt=0.2500 tau, tau/4=0.2500 tau
  Time-domain setup: pad_factor=1, dt=0.2500 tau, tau/4=0.2500 tau
  Time-domain setup: pad_factor=1, dt=0.2500 tau, tau/4=0.2500 tau
  Time-domain setup: pad_factor=1, dt=0.2500 tau, tau/4=0.2500 tau
  Time-domain setup: pad_factor=1, dt=0.2500 tau, tau/4=0.2500 tau
  Time-domain setup: pad_factor=1, dt=0.2500 tau, tau/4=0.2500 tau
  Time-domain setup: pad_factor=1, dt=0.2500 tau, tau/4=0.2500 tau
  Time-domain setup: pad_factor=1, dt=0.2500 tau, tau/4=0.2500 tau
  Time-domain setup: pad_factor=1, dt=0.2500 tau, tau/4=0.2500 tau
  Time-domain setup: pad_factor=1, dt=0.2500 tau, tau/4=0.2500 tau
  Time-domain setup: pad_factor=1, dt=0.2500 tau, tau/4=0.2500 tau
  Time-domain setup: pad_factor=1, dt=0.2500 tau, tau/4=0.2500 tau
  Time-domain setup: pad_factor=1, dt=0.2500 tau, tau/4=0.2500 tau
  Time-domain setup: pad_factor=1, dt=0.2500 tau, tau/4=0.2500 tau
  Time-domain setup: pad_factor=1, dt=0.2500 tau, tau/4=0.2500 tau
  Time-domain setup: pad_factor=1, dt=0.2500 tau, tau/4=0.2500 tau
  Time-domain setup: pad_factor=1, dt=0.2500 tau, tau/4=0.2500 tau
  Time-domain setup: pad_factor=1, dt=0.2500 tau, tau/4=0.2500 tau
  Time-domain setup: pad_factor=1, dt=0.2500 tau, tau/4=0.2500 tau
  Time-domain setup: pad_factor=1, dt=0.2500 tau, tau/4=0.2500 tau
  Time-domain setup: pad_factor=1, dt=0.2500 tau, tau/4=0.2500 tau
  Time-domain setup: pad_factor=1, dt=0.2500 tau, tau/4=0.2500 tau
  Time-domain setup: pad_factor=1, dt=0.2500 tau, tau/4=0.2500 tau
  Time-domain setup: pad_factor=1, dt=0.2500 tau, tau/4=0.2500 tau
  Time-domain setup: pad_factor=1, dt=0.2500 tau, tau/4=0.2500 tau
  Time-domain setup: pad_factor=1, dt=0.2500 tau, tau/4=0.2500 tau
  Time-domain setup: pad_factor=1, dt=0.2500 tau, tau/4=0.2500 tau
  Time-domain setup: pad_factor=1, dt=0.2500 tau, tau/4=0.2500 tau
  Time-domain setup: pad_factor=1, dt=0.2500 tau, tau/4=0.2500 tau
  Time-domain setup: pad_factor=1, dt=0.2500 tau, tau/4=0.2500 tau
  Time-domain setup: pad_factor=1, dt=0.2500 tau, tau/4=0.2500 tau
  Time-domain setup: pad_factor=1, dt=0.2500 tau, tau/4=0.2500 tau
  Time-domain setup: pad_factor=1, dt=0.2500 tau, tau/4=0.2500 tau
  Time-domain setup: pad_factor=1, dt=0.2500 tau, tau/4=0.2500 tau
  Time-domain setup: pad_factor=1, dt=0.2500 tau, tau/4=0.2500 tau
  Time-domain setup: pad_factor=1, dt=0.2500 tau, tau/4=0.2500 tau
  Time-domain setup: pad_factor=1, dt=0.2500 tau, tau/4=0.2500 tau
  Time-domain setup: pad_factor=1, dt=0.2500 tau, tau/4=0.2500 tau
  Time-domain setup: pad_factor=1, dt=0.2500 tau, tau/4=0.2500 tau
  Time-domain setup: pad_factor=1, dt=0.2500 tau, tau/4=0.2500 tau
  Time-domain setup: pad_factor=1, dt=0.2500 tau, tau/4=0.2500 tau
  Time-domain setup: pad_factor=1, dt=0.2500 tau, tau/4=0.2500 tau
  Time-domain setup: pad_factor=1, dt=0.2500 tau, tau/4=0.2500 tau
  Time-domain setup: pad_factor=1, dt=0.2500 tau, tau/4=0.2500 tau
  Time-domain setup: pad_factor=1, dt=0.2500 tau, tau/4=0.2500 tau
  Time-domain setup: pad_factor=1, dt=0.2500 tau, tau/4=0.2500 tau
  Time-domain setup: pad_factor=1, dt=0.2500 tau, tau/4=0.2500 tau
  Time-domain setup: pad_factor=1, dt=0.2500 tau, tau/4=0.2500 tau
  Time-domain setup: pad_factor=1, dt=0.2500 tau, tau/4=0.2500 tau
  Time-domain setup: pad_factor=1, dt=0.2500 tau, tau/4=0.2500 tau
  Time-domain setup: pad_factor=1, dt=0.2500 tau, tau/4=0.2500 tau
  Time-domain setup: pad_factor=1, dt=0.2500 tau, tau/4=0.2500 tau
  Time-domain setup: pad_factor=1, dt=0.2500 tau, tau/4=0.2500 tau
  Time-domain setup: pad_factor=1, dt=0.2500 tau, tau/4=0.2500 tau
  Time-domain setup: pad_factor=1, dt=0.2500 tau, tau/4=0.2500 tau
  Time-domain setup: pad_factor=1, dt=0.2500 tau, tau/4=0.2500 tau
  Time-domain setup: pad_factor=1, dt=0.2500 tau, tau/4=0.2500 tau
  Time-domain setup: pad_factor=1, dt=0.2500 tau, tau/4=0.2500 tau
  Time-domain setup: pad_factor=1, dt=0.2500 tau, tau/4=0.2500 tau
  Time-domain setup: pad_factor=1, dt=0.2500 tau, tau/4=0.2500 tau
  Time-domain setup: pad_factor=1, dt=0.2500 tau, tau/4=0.2500 tau
  Time-domain setup: pad_factor=1, dt=0.2500 tau, tau/4=0.2500 tau
  Time-domain setup: pad_factor=1, dt=0.2500 tau, tau/4=0.2500 tau
  Time-domain setup: pad_factor=1, dt=0.2500 tau, tau/4=0.2500 tau
  Time-domain setup: pad_factor=1, dt=0.2500 tau, tau/4=0.2500 tau
  Time-domain setup: pad_factor=1, dt=0.2500 tau, tau/4=0.2500 tau
  Time-domain setup: pad_factor=1, dt=0.2500 tau, tau/4=0.2500 tau
  Time-domain setup: pad_factor=1, dt=0.2500 tau, tau/4=0.2500 tau
  Time-domain setup: pad_factor=1, dt=0.2500 tau, tau/4=0.2500 tau
  Time-domain setup: pad_factor=1, dt=0.2500 tau, tau/4=0.2500 tau
  Time-domain setup: pad_factor=1, dt=0.2500 tau, tau/4=0.2500 tau
  Time-domain setup: pad_factor=1, dt=0.2500 tau, tau/4=0.2500 tau
  Time-domain setup: pad_factor=1, dt=0.2500 tau, tau/4=0.2500 tau
  Time-domain setup: pad_factor=1, dt=0.2500 tau, tau/4=0.2500 tau
  Time-domain setup: pad_factor=1, dt=0.2500 tau, tau/4=0.2500 tau
  Time-domain setup: pad_factor=1, dt=0.2500 tau, tau/4=0.2500 tau
  Time-domain setup: pad_factor=1, dt=0.2500 tau, tau/4=0.2500 tau
  Time-domain setup: pad_factor=1, dt=0.2500 tau, tau/4=0.2500 tau
  Time-domain setup: pad_factor=1, dt=0.2500 tau, tau/4=0.2500 tau
  Time-domain setup: pad_factor=1, dt=0.2500 tau, tau/4=0.2500 tau
  Time-domain setup: pad_factor=1, dt=0.2500 tau, tau/4=0.2500 tau
  Time-domain setup: pad_factor=1, dt=0.2500 tau, tau/4=0.2500 tau
  Time-domain setup: pad_factor=1, dt=0.2500 tau, tau/4=0.2500 tau
  Time-domain setup: pad_factor=1, dt=0.2500 tau, tau/4=0.2500 tau
  Time-domain setup: pad_factor=1, dt=0.2500 tau, tau/4=0.2500 tau
  Time-domain setup: pad_factor=1, dt=0.2500 tau, tau/4=0.2500 tau
  Time-domain setup: pad_factor=1, dt=0.2500 tau, tau/4=0.2500 tau
  Time-domain setup: pad_factor=1, dt=0.2500 tau, tau/4=0.2500 tau
  Time-domain setup: pad_factor=1, dt=0.2500 tau, tau/4=0.2500 tau
  Time-domain setup: pad_factor=1, dt=0.2500 tau, tau/4=0.2500 tau
  Time-domain setup: pad_factor=1, dt=0.2500 tau, tau/4=0.2500 tau
  Time-domain setup: pad_factor=1, dt=0.2500 tau, tau/4=0.2500 tau
  Time-domain setup: pad_factor=1, dt=0.2500 tau, tau/4=0.2500 tau
  Time-domain setup: pad_factor=1, dt=0.2500 tau, tau/4=0.2500 tau
  Time-domain setup: pad_factor=1, dt=0.2500 tau, tau/4=0.2500 tau
  Time-domain setup: pad_factor=1, dt=0.2500 tau, tau/4=0.2500 tau
  Time-domain setup: pad_factor=1, dt=0.2500 tau, tau/4=0.2500 tau
  Time-domain setup: pad_factor=1, dt=0.2500 tau, tau/4=0.2500 tau
  Time-domain setup: pad_factor=1, dt=0.2500 tau, tau/4=0.2500 tau
  Time-domain setup: pad_factor=1, dt=0.2500 tau, tau/4=0.2500 tau
  Time-domain setup: pad_factor=1, dt=0.2500 tau, tau/4=0.2500 tau
  Time-domain setup: pad_factor=1, dt=0.2500 tau, tau/4=0.2500 tau
  Time-domain setup: pad_factor=1, dt=0.2500 tau, tau/4=0.2500 tau
  Time-domain setup: pad_factor=1, dt=0.2500 tau, tau/4=0.2500 tau
  Time-domain setup: pad_factor=1, dt=0.2500 tau, tau/4=0.2500 tau
  Time-domain setup: pad_factor=1, dt=0.2500 tau, tau/4=0.2500 tau
  Time-domain setup: pad_factor=1, dt=0.2500 tau, tau/4=0.2500 tau
  Time-domain setup: pad_factor=1, dt=0.2500 tau, tau/4=0.2500 tau
  Time-domain setup: pad_factor=1, dt=0.2500 tau, tau/4=0.2500 tau
  Time-domain setup: pad_factor=1, dt=0.2500 tau, tau/4=0.2500 tau
  Time-domain setup: pad_factor=1, dt=0.2500 tau, tau/4=0.2500 tau
  Time-domain setup: pad_factor=1, dt=0.2500 tau, tau/4=0.2500 tau
  Time-domain setup: pad_factor=1, dt=0.2500 tau, tau/4=0.2500 tau
  draw 25/200
  Time-domain setup: pad_factor=1, dt=0.2500 tau, tau/4=0.2500 tau
  Time-domain setup: pad_factor=1, dt=0.2500 tau, tau/4=0.2500 tau
  Time-domain setup: pad_factor=1, dt=0.2500 tau, tau/4=0.2500 tau
  Time-domain setup: pad_factor=1, dt=0.2500 tau, tau/4=0.2500 tau
  Time-domain setup: pad_factor=1, dt=0.2500 tau, tau/4=0.2500 tau
  Time-domain setup: pad_factor=1, dt=0.2500 tau, tau/4=0.2500 tau
  Time-domain setup: pad_factor=1, dt=0.2500 tau, tau/4=0.2500 tau
  Time-domain setup: pad_factor=1, dt=0.2500 tau, tau/4=0.2500 tau
  Time-domain setup: pad_factor=1, dt=0.2500 tau, tau/4=0.2500 tau
  Time-domain setup: pad_factor=1, dt=0.2500 tau, tau/4=0.2500 tau
  Time-domain setup: pad_factor=1, dt=0.2500 tau, tau/4=0.2500 tau
  Time-domain setup: pad_factor=1, dt=0.2500 tau, tau/4=0.2500 tau
  Time-domain setup: pad_factor=1, dt=0.2500 tau, tau/4=0.2500 tau
  Time-domain setup: pad_factor=1, dt=0.2500 tau, tau/4=0.2500 tau
  Time-domain setup: pad_factor=1, dt=0.2500 tau, tau/4=0.2500 tau
  Time-domain setup: pad_factor=1, dt=0.2500 tau, tau/4=0.2500 tau
  Time-domain setup: pad_factor=1, dt=0.2500 tau, tau/4=0.2500 tau
  Time-domain setup: pad_factor=1, dt=0.2500 tau, tau/4=0.2500 tau
  Time-domain setup: pad_factor=1, dt=0.2500 tau, tau/4=0.2500 tau
  Time-domain setup: pad_factor=1, dt=0.2500 tau, tau/4=0.2500 tau
  Time-domain setup: pad_factor=1, dt=0.2500 tau, tau/4=0.2500 tau
  Time-domain setup: pad_factor=1, dt=0.2500 tau, tau/4=0.2500 tau
  Time-domain setup: pad_factor=1, dt=0.2500 tau, tau/4=0.2500 tau
  Time-domain setup: pad_factor=1, dt=0.2500 tau, tau/4=0.2500 tau
  Time-domain setup: pad_factor=1, dt=0.2500 tau, tau/4=0.2500 tau
  Time-domain setup: pad_factor=1, dt=0.2500 tau, tau/4=0.2500 tau
  Time-domain setup: pad_factor=1, dt=0.2500 tau, tau/4=0.2500 tau
  Time-domain setup: pad_factor=1, dt=0.2500 tau, tau/4=0.2500 tau
  Time-domain setup: pad_factor=1, dt=0.2500 tau, tau/4=0.2500 tau
  Time-domain setup: pad_factor=1, dt=0.2500 tau, tau/4=0.2500 tau
  Time-domain setup: pad_factor=1, dt=0.2500 tau, tau/4=0.2500 tau
  Time-domain setup: pad_factor=1, dt=0.2500 tau, tau/4=0.2500 tau
  Time-domain setup: pad_factor=1, dt=0.2500 tau, tau/4=0.2500 tau
  Time-domain setup: pad_factor=1, dt=0.2500 tau, tau/4=0.2500 tau
  Time-domain setup: pad_factor=1, dt=0.2500 tau, tau/4=0.2500 tau
  Time-domain setup: pad_factor=1, dt=0.2500 tau, tau/4=0.2500 tau
  Time-domain setup: pad_factor=1, dt=0.2500 tau, tau/4=0.2500 tau
  Time-domain setup: pad_factor=1, dt=0.2500 tau, tau/4=0.2500 tau
  Time-domain setup: pad_factor=1, dt=0.2500 tau, tau/4=0.2500 tau
  Time-domain setup: pad_factor=1, dt=0.2500 tau, tau/4=0.2500 tau
  Time-domain setup: pad_factor=1, dt=0.2500 tau, tau/4=0.2500 tau
  Time-domain setup: pad_factor=1, dt=0.2500 tau, tau/4=0.2500 tau
  Time-domain setup: pad_factor=1, dt=0.2500 tau, tau/4=0.2500 tau
  Time-domain setup: pad_factor=1, dt=0.2500 tau, tau/4=0.2500 tau
  Time-domain setup: pad_factor=1, dt=0.2500 tau, tau/4=0.2500 tau
  Time-domain setup: pad_factor=1, dt=0.2500 tau, tau/4=0.2500 tau
  Time-domain setup: pad_factor=1, dt=0.2500 tau, tau/4=0.2500 tau
  Time-domain setup: pad_factor=1, dt=0.2500 tau, tau/4=0.2500 tau
  Time-domain setup: pad_factor=1, dt=0.2500 tau, tau/4=0.2500 tau
  Time-domain setup: pad_factor=1, dt=0.2500 tau, tau/4=0.2500 tau
  Time-domain setup: pad_factor=1, dt=0.2500 tau, tau/4=0.2500 tau
  Time-domain setup: pad_factor=1, dt=0.2500 tau, tau/4=0.2500 tau
  Time-domain setup: pad_factor=1, dt=0.2500 tau, tau/4=0.2500 tau
  Time-domain setup: pad_factor=1, dt=0.2500 tau, tau/4=0.2500 tau
  Time-domain setup: pad_factor=1, dt=0.2500 tau, tau/4=0.2500 tau
  Time-domain setup: pad_factor=1, dt=0.2500 tau, tau/4=0.2500 tau
  Time-domain setup: pad_factor=1, dt=0.2500 tau, tau/4=0.2500 tau
  Time-domain setup: pad_factor=1, dt=0.2500 tau, tau/4=0.2500 tau
  Time-domain setup: pad_factor=1, dt=0.2500 tau, tau/4=0.2500 tau
  Time-domain setup: pad_factor=1, dt=0.2500 tau, tau/4=0.2500 tau
  Time-domain setup: pad_factor=1, dt=0.2500 tau, tau/4=0.2500 tau
  Time-domain setup: pad_factor=1, dt=0.2500 tau, tau/4=0.2500 tau
  Time-domain setup: pad_factor=1, dt=0.2500 tau, tau/4=0.2500 tau
  Time-domain setup: pad_factor=1, dt=0.2500 tau, tau/4=0.2500 tau
  Time-domain setup: pad_factor=1, dt=0.2500 tau, tau/4=0.2500 tau
  Time-domain setup: pad_factor=1, dt=0.2500 tau, tau/4=0.2500 tau
  Time-domain setup: pad_factor=1, dt=0.2500 tau, tau/4=0.2500 tau
  Time-domain setup: pad_factor=1, dt=0.2500 tau, tau/4=0.2500 tau
  Time-domain setup: pad_factor=1, dt=0.2500 tau, tau/4=0.2500 tau
  Time-domain setup: pad_factor=1, dt=0.2500 tau, tau/4=0.2500 tau
  Time-domain setup: pad_factor=1, dt=0.2500 tau, tau/4=0.2500 tau
  Time-domain setup: pad_factor=1, dt=0.2500 tau, tau/4=0.2500 tau
  Time-domain setup: pad_factor=1, dt=0.2500 tau, tau/4=0.2500 tau
  Time-domain setup: pad_factor=1, dt=0.2500 tau, tau/4=0.2500 tau
  Time-domain setup: pad_factor=1, dt=0.2500 tau, tau/4=0.2500 tau
  Time-domain setup: pad_factor=1, dt=0.2500 tau, tau/4=0.2500 tau
  Time-domain setup: pad_factor=1, dt=0.2500 tau, tau/4=0.2500 tau
  Time-domain setup: pad_factor=1, dt=0.2500 tau, tau/4=0.2500 tau
  Time-domain setup: pad_factor=1, dt=0.2500 tau, tau/4=0.2500 tau
  Time-domain setup: pad_factor=1, dt=0.2500 tau, tau/4=0.2500 tau
  Time-domain setup: pad_factor=1, dt=0.2500 tau, tau/4=0.2500 tau
  Time-domain setup: pad_factor=1, dt=0.2500 tau, tau/4=0.2500 tau
  Time-domain setup: pad_factor=1, dt=0.2500 tau, tau/4=0.2500 tau
  Time-domain setup: pad_factor=1, dt=0.2500 tau, tau/4=0.2500 tau
  Time-domain setup: pad_factor=1, dt=0.2500 tau, tau/4=0.2500 tau
  Time-domain setup: pad_factor=1, dt=0.2500 tau, tau/4=0.2500 tau
  Time-domain setup: pad_factor=1, dt=0.2500 tau, tau/4=0.2500 tau
  Time-domain setup: pad_factor=1, dt=0.2500 tau, tau/4=0.2500 tau
  Time-domain setup: pad_factor=1, dt=0.2500 tau, tau/4=0.2500 tau
  Time-domain setup: pad_factor=1, dt=0.2500 tau, tau/4=0.2500 tau
  Time-domain setup: pad_factor=1, dt=0.2500 tau, tau/4=0.2500 tau
  Time-domain setup: pad_factor=1, dt=0.2500 tau, tau/4=0.2500 tau
  Time-domain setup: pad_factor=1, dt=0.2500 tau, tau/4=0.2500 tau
  Time-domain setup: pad_factor=1, dt=0.2500 tau, tau/4=0.2500 tau
  Time-domain setup: pad_factor=1, dt=0.2500 tau, tau/4=0.2500 tau
  Time-domain setup: pad_factor=1, dt=0.2500 tau, tau/4=0.2500 tau
  Time-domain setup: pad_factor=1, dt=0.2500 tau, tau/4=0.2500 tau
  Time-domain setup: pad_factor=1, dt=0.2500 tau, tau/4=0.2500 tau
  Time-domain setup: pad_factor=1, dt=0.2500 tau, tau/4=0.2500 tau
  Time-domain setup: pad_factor=1, dt=0.2500 tau, tau/4=0.2500 tau
  Time-domain setup: pad_factor=1, dt=0.2500 tau, tau/4=0.2500 tau
  Time-domain setup: pad_factor=1, dt=0.2500 tau, tau/4=0.2500 tau
  Time-domain setup: pad_factor=1, dt=0.2500 tau, tau/4=0.2500 tau
  Time-domain setup: pad_factor=1, dt=0.2500 tau, tau/4=0.2500 tau
  Time-domain setup: pad_factor=1, dt=0.2500 tau, tau/4=0.2500 tau
  Time-domain setup: pad_factor=1, dt=0.2500 tau, tau/4=0.2500 tau
  Time-domain setup: pad_factor=1, dt=0.2500 tau, tau/4=0.2500 tau
  Time-domain setup: pad_factor=1, dt=0.2500 tau, tau/4=0.2500 tau
  Time-domain setup: pad_factor=1, dt=0.2500 tau, tau/4=0.2500 tau
  Time-domain setup: pad_factor=1, dt=0.2500 tau, tau/4=0.2500 tau
  Time-domain setup: pad_factor=1, dt=0.2500 tau, tau/4=0.2500 tau
  Time-domain setup: pad_factor=1, dt=0.2500 tau, tau/4=0.2500 tau
  Time-domain setup: pad_factor=1, dt=0.2500 tau, tau/4=0.2500 tau
  Time-domain setup: pad_factor=1, dt=0.2500 tau, tau/4=0.2500 tau
  Time-domain setup: pad_factor=1, dt=0.2500 tau, tau/4=0.2500 tau
  Time-domain setup: pad_factor=1, dt=0.2500 tau, tau/4=0.2500 tau
  Time-domain setup: pad_factor=1, dt=0.2500 tau, tau/4=0.2500 tau
  Time-domain setup: pad_factor=1, dt=0.2500 tau, tau/4=0.2500 tau
  Time-domain setup: pad_factor=1, dt=0.2500 tau, tau/4=0.2500 tau
  Time-domain setup: pad_factor=1, dt=0.2500 tau, tau/4=0.2500 tau
  Time-domain setup: pad_factor=1, dt=0.2500 tau, tau/4=0.2500 tau
  Time-domain setup: pad_factor=1, dt=0.2500 tau, tau/4=0.2500 tau
  Time-domain setup: pad_factor=1, dt=0.2500 tau, tau/4=0.2500 tau
  Time-domain setup: pad_factor=1, dt=0.2500 tau, tau/4=0.2500 tau
  Time-domain setup: pad_factor=1, dt=0.2500 tau, tau/4=0.2500 tau
  Time-domain setup: pad_factor=1, dt=0.2500 tau, tau/4=0.2500 tau
  Time-domain setup: pad_factor=1, dt=0.2500 tau, tau/4=0.2500 tau
  Time-domain setup: pad_factor=1, dt=0.2500 tau, tau/4=0.2500 tau
  Time-domain setup: pad_factor=1, dt=0.2500 tau, tau/4=0.2500 tau
  Time-domain setup: pad_factor=1, dt=0.2500 tau, tau/4=0.2500 tau
  Time-domain setup: pad_factor=1, dt=0.2500 tau, tau/4=0.2500 tau
  Time-domain setup: pad_factor=1, dt=0.2500 tau, tau/4=0.2500 tau
  Time-domain setup: pad_factor=1, dt=0.2500 tau, tau/4=0.2500 tau
  Time-domain setup: pad_factor=1, dt=0.2500 tau, tau/4=0.2500 tau
  Time-domain setup: pad_factor=1, dt=0.2500 tau, tau/4=0.2500 tau
  Time-domain setup: pad_factor=1, dt=0.2500 tau, tau/4=0.2500 tau
  Time-domain setup: pad_factor=1, dt=0.2500 tau, tau/4=0.2500 tau
  Time-domain setup: pad_factor=1, dt=0.2500 tau, tau/4=0.2500 tau
  Time-domain setup: pad_factor=1, dt=0.2500 tau, tau/4=0.2500 tau
  Time-domain setup: pad_factor=1, dt=0.2500 tau, tau/4=0.2500 tau
  Time-domain setup: pad_factor=1, dt=0.2500 tau, tau/4=0.2500 tau
  Time-domain setup: pad_factor=1, dt=0.2500 tau, tau/4=0.2500 tau
  Time-domain setup: pad_factor=1, dt=0.2500 tau, tau/4=0.2500 tau
  Time-domain setup: pad_factor=1, dt=0.2500 tau, tau/4=0.2500 tau
  Time-domain setup: pad_factor=1, dt=0.2500 tau, tau/4=0.2500 tau
  Time-domain setup: pad_factor=1, dt=0.2500 tau, tau/4=0.2500 tau
  Time-domain setup: pad_factor=1, dt=0.2500 tau, tau/4=0.2500 tau
  Time-domain setup: pad_factor=1, dt=0.2500 tau, tau/4=0.2500 tau
  Time-domain setup: pad_factor=1, dt=0.2500 tau, tau/4=0.2500 tau
  Time-domain setup: pad_factor=1, dt=0.2500 tau, tau/4=0.2500 tau
  Time-domain setup: pad_factor=1, dt=0.2500 tau, tau/4=0.2500 tau
  Time-domain setup: pad_factor=1, dt=0.2500 tau, tau/4=0.2500 tau
  Time-domain setup: pad_factor=1, dt=0.2500 tau, tau/4=0.2500 tau
  Time-domain setup: pad_factor=1, dt=0.2500 tau, tau/4=0.2500 tau
  Time-domain setup: pad_factor=1, dt=0.2500 tau, tau/4=0.2500 tau
  Time-domain setup: pad_factor=1, dt=0.2500 tau, tau/4=0.2500 tau
  Time-domain setup: pad_factor=1, dt=0.2500 tau, tau/4=0.2500 tau
  Time-domain setup: pad_factor=1, dt=0.2500 tau, tau/4=0.2500 tau
  Time-domain setup: pad_factor=1, dt=0.2500 tau, tau/4=0.2500 tau
  Time-domain setup: pad_factor=1, dt=0.2500 tau, tau/4=0.2500 tau
  Time-domain setup: pad_factor=1, dt=0.2500 tau, tau/4=0.2500 tau
  Time-domain setup: pad_factor=1, dt=0.2500 tau, tau/4=0.2500 tau
  Time-domain setup: pad_factor=1, dt=0.2500 tau, tau/4=0.2500 tau
  Time-domain setup: pad_factor=1, dt=0.2500 tau, tau/4=0.2500 tau
  Time-domain setup: pad_factor=1, dt=0.2500 tau, tau/4=0.2500 tau
  Time-domain setup: pad_factor=1, dt=0.2500 tau, tau/4=0.2500 tau
  Time-domain setup: pad_factor=1, dt=0.2500 tau, tau/4=0.2500 tau
  Time-domain setup: pad_factor=1, dt=0.2500 tau, tau/4=0.2500 tau
  Time-domain setup: pad_factor=1, dt=0.2500 tau, tau/4=0.2500 tau
  Time-domain setup: pad_factor=1, dt=0.2500 tau, tau/4=0.2500 tau
  Time-domain setup: pad_factor=1, dt=0.2500 tau, tau/4=0.2500 tau
  Time-domain setup: pad_factor=1, dt=0.2500 tau, tau/4=0.2500 tau
  Time-domain setup: pad_factor=1, dt=0.2500 tau, tau/4=0.2500 tau
  Time-domain setup: pad_factor=1, dt=0.2500 tau, tau/4=0.2500 tau
  Time-domain setup: pad_factor=1, dt=0.2500 tau, tau/4=0.2500 tau
  draw 50/200
  Time-domain setup: pad_factor=1, dt=0.2500 tau, tau/4=0.2500 tau
  Time-domain setup: pad_factor=1, dt=0.2500 tau, tau/4=0.2500 tau
  Time-domain setup: pad_factor=1, dt=0.2500 tau, tau/4=0.2500 tau
  Time-domain setup: pad_factor=1, dt=0.2500 tau, tau/4=0.2500 tau
  Time-domain setup: pad_factor=1, dt=0.2500 tau, tau/4=0.2500 tau
  Time-domain setup: pad_factor=1, dt=0.2500 tau, tau/4=0.2500 tau
  Time-domain setup: pad_factor=1, dt=0.2500 tau, tau/4=0.2500 tau
  Time-domain setup: pad_factor=1, dt=0.2500 tau, tau/4=0.2500 tau
  Time-domain setup: pad_factor=1, dt=0.2500 tau, tau/4=0.2500 tau
  Time-domain setup: pad_factor=1, dt=0.2500 tau, tau/4=0.2500 tau
  Time-domain setup: pad_factor=1, dt=0.2500 tau, tau/4=0.2500 tau
  Time-domain setup: pad_factor=1, dt=0.2500 tau, tau/4=0.2500 tau
  Time-domain setup: pad_factor=1, dt=0.2500 tau, tau/4=0.2500 tau
  Time-domain setup: pad_factor=1, dt=0.2500 tau, tau/4=0.2500 tau
  Time-domain setup: pad_factor=1, dt=0.2500 tau, tau/4=0.2500 tau
  Time-domain setup: pad_factor=1, dt=0.2500 tau, tau/4=0.2500 tau
  Time-domain setup: pad_factor=1, dt=0.2500 tau, tau/4=0.2500 tau
  Time-domain setup: pad_factor=1, dt=0.2500 tau, tau/4=0.2500 tau
  Time-domain setup: pad_factor=1, dt=0.2500 tau, tau/4=0.2500 tau
  Time-domain setup: pad_factor=1, dt=0.2500 tau, tau/4=0.2500 tau
  Time-domain setup: pad_factor=1, dt=0.2500 tau, tau/4=0.2500 tau
  Time-domain setup: pad_factor=1, dt=0.2500 tau, tau/4=0.2500 tau
  Time-domain setup: pad_factor=1, dt=0.2500 tau, tau/4=0.2500 tau
  Time-domain setup: pad_factor=1, dt=0.2500 tau, tau/4=0.2500 tau
  Time-domain setup: pad_factor=1, dt=0.2500 tau, tau/4=0.2500 tau
  Time-domain setup: pad_factor=1, dt=0.2500 tau, tau/4=0.2500 tau
  Time-domain setup: pad_factor=1, dt=0.2500 tau, tau/4=0.2500 tau
  Time-domain setup: pad_factor=1, dt=0.2500 tau, tau/4=0.2500 tau
  Time-domain setup: pad_factor=1, dt=0.2500 tau, tau/4=0.2500 tau
  Time-domain setup: pad_factor=1, dt=0.2500 tau, tau/4=0.2500 tau
  Time-domain setup: pad_factor=1, dt=0.2500 tau, tau/4=0.2500 tau
  Time-domain setup: pad_factor=1, dt=0.2500 tau, tau/4=0.2500 tau
  Time-domain setup: pad_factor=1, dt=0.2500 tau, tau/4=0.2500 tau
  Time-domain setup: pad_factor=1, dt=0.2500 tau, tau/4=0.2500 tau
  Time-domain setup: pad_factor=1, dt=0.2500 tau, tau/4=0.2500 tau
  Time-domain setup: pad_factor=1, dt=0.2500 tau, tau/4=0.2500 tau
  Time-domain setup: pad_factor=1, dt=0.2500 tau, tau/4=0.2500 tau
  Time-domain setup: pad_factor=1, dt=0.2500 tau, tau/4=0.2500 tau
  Time-domain setup: pad_factor=1, dt=0.2500 tau, tau/4=0.2500 tau
  Time-domain setup: pad_factor=1, dt=0.2500 tau, tau/4=0.2500 tau
  Time-domain setup: pad_factor=1, dt=0.2500 tau, tau/4=0.2500 tau
  Time-domain setup: pad_factor=1, dt=0.2500 tau, tau/4=0.2500 tau
  Time-domain setup: pad_factor=1, dt=0.2500 tau, tau/4=0.2500 tau
  Time-domain setup: pad_factor=1, dt=0.2500 tau, tau/4=0.2500 tau
  Time-domain setup: pad_factor=1, dt=0.2500 tau, tau/4=0.2500 tau
  Time-domain setup: pad_factor=1, dt=0.2500 tau, tau/4=0.2500 tau
  Time-domain setup: pad_factor=1, dt=0.2500 tau, tau/4=0.2500 tau
  Time-domain setup: pad_factor=1, dt=0.2500 tau, tau/4=0.2500 tau
  Time-domain setup: pad_factor=1, dt=0.2500 tau, tau/4=0.2500 tau
  Time-domain setup: pad_factor=1, dt=0.2500 tau, tau/4=0.2500 tau
  Time-domain setup: pad_factor=1, dt=0.2500 tau, tau/4=0.2500 tau
  Time-domain setup: pad_factor=1, dt=0.2500 tau, tau/4=0.2500 tau
  Time-domain setup: pad_factor=1, dt=0.2500 tau, tau/4=0.2500 tau
  Time-domain setup: pad_factor=1, dt=0.2500 tau, tau/4=0.2500 tau
  Time-domain setup: pad_factor=1, dt=0.2500 tau, tau/4=0.2500 tau
  Time-domain setup: pad_factor=1, dt=0.2500 tau, tau/4=0.2500 tau
  Time-domain setup: pad_factor=1, dt=0.2500 tau, tau/4=0.2500 tau
  Time-domain setup: pad_factor=1, dt=0.2500 tau, tau/4=0.2500 tau
  Time-domain setup: pad_factor=1, dt=0.2500 tau, tau/4=0.2500 tau
  Time-domain setup: pad_factor=1, dt=0.2500 tau, tau/4=0.2500 tau
  Time-domain setup: pad_factor=1, dt=0.2500 tau, tau/4=0.2500 tau
  Time-domain setup: pad_factor=1, dt=0.2500 tau, tau/4=0.2500 tau
  Time-domain setup: pad_factor=1, dt=0.2500 tau, tau/4=0.2500 tau
  Time-domain setup: pad_factor=1, dt=0.2500 tau, tau/4=0.2500 tau
  Time-domain setup: pad_factor=1, dt=0.2500 tau, tau/4=0.2500 tau
  Time-domain setup: pad_factor=1, dt=0.2500 tau, tau/4=0.2500 tau
  Time-domain setup: pad_factor=1, dt=0.2500 tau, tau/4=0.2500 tau
  Time-domain setup: pad_factor=1, dt=0.2500 tau, tau/4=0.2500 tau
  Time-domain setup: pad_factor=1, dt=0.2500 tau, tau/4=0.2500 tau
  Time-domain setup: pad_factor=1, dt=0.2500 tau, tau/4=0.2500 tau
  Time-domain setup: pad_factor=1, dt=0.2500 tau, tau/4=0.2500 tau
  Time-domain setup: pad_factor=1, dt=0.2500 tau, tau/4=0.2500 tau
  Time-domain setup: pad_factor=1, dt=0.2500 tau, tau/4=0.2500 tau
  Time-domain setup: pad_factor=1, dt=0.2500 tau, tau/4=0.2500 tau
  Time-domain setup: pad_factor=1, dt=0.2500 tau, tau/4=0.2500 tau
  Time-domain setup: pad_factor=1, dt=0.2500 tau, tau/4=0.2500 tau
  Time-domain setup: pad_factor=1, dt=0.2500 tau, tau/4=0.2500 tau
  Time-domain setup: pad_factor=1, dt=0.2500 tau, tau/4=0.2500 tau
  Time-domain setup: pad_factor=1, dt=0.2500 tau, tau/4=0.2500 tau
  Time-domain setup: pad_factor=1, dt=0.2500 tau, tau/4=0.2500 tau
  Time-domain setup: pad_factor=1, dt=0.2500 tau, tau/4=0.2500 tau
  Time-domain setup: pad_factor=1, dt=0.2500 tau, tau/4=0.2500 tau
  Time-domain setup: pad_factor=1, dt=0.2500 tau, tau/4=0.2500 tau
  Time-domain setup: pad_factor=1, dt=0.2500 tau, tau/4=0.2500 tau
  Time-domain setup: pad_factor=1, dt=0.2500 tau, tau/4=0.2500 tau
  Time-domain setup: pad_factor=1, dt=0.2500 tau, tau/4=0.2500 tau
  Time-domain setup: pad_factor=1, dt=0.2500 tau, tau/4=0.2500 tau
  Time-domain setup: pad_factor=1, dt=0.2500 tau, tau/4=0.2500 tau
  Time-domain setup: pad_factor=1, dt=0.2500 tau, tau/4=0.2500 tau
  Time-domain setup: pad_factor=1, dt=0.2500 tau, tau/4=0.2500 tau
  Time-domain setup: pad_factor=1, dt=0.2500 tau, tau/4=0.2500 tau
  Time-domain setup: pad_factor=1, dt=0.2500 tau, tau/4=0.2500 tau
  Time-domain setup: pad_factor=1, dt=0.2500 tau, tau/4=0.2500 tau
  Time-domain setup: pad_factor=1, dt=0.2500 tau, tau/4=0.2500 tau
  Time-domain setup: pad_factor=1, dt=0.2500 tau, tau/4=0.2500 tau
  Time-domain setup: pad_factor=1, dt=0.2500 tau, tau/4=0.2500 tau
  Time-domain setup: pad_factor=1, dt=0.2500 tau, tau/4=0.2500 tau
  Time-domain setup: pad_factor=1, dt=0.2500 tau, tau/4=0.2500 tau
  Time-domain setup: pad_factor=1, dt=0.2500 tau, tau/4=0.2500 tau
  Time-domain setup: pad_factor=1, dt=0.2500 tau, tau/4=0.2500 tau
  Time-domain setup: pad_factor=1, dt=0.2500 tau, tau/4=0.2500 tau
  Time-domain setup: pad_factor=1, dt=0.2500 tau, tau/4=0.2500 tau
  Time-domain setup: pad_factor=1, dt=0.2500 tau, tau/4=0.2500 tau
  Time-domain setup: pad_factor=1, dt=0.2500 tau, tau/4=0.2500 tau
  Time-domain setup: pad_factor=1, dt=0.2500 tau, tau/4=0.2500 tau
  Time-domain setup: pad_factor=1, dt=0.2500 tau, tau/4=0.2500 tau
  Time-domain setup: pad_factor=1, dt=0.2500 tau, tau/4=0.2500 tau
  Time-domain setup: pad_factor=1, dt=0.2500 tau, tau/4=0.2500 tau
  Time-domain setup: pad_factor=1, dt=0.2500 tau, tau/4=0.2500 tau
  Time-domain setup: pad_factor=1, dt=0.2500 tau, tau/4=0.2500 tau
  Time-domain setup: pad_factor=1, dt=0.2500 tau, tau/4=0.2500 tau
  Time-domain setup: pad_factor=1, dt=0.2500 tau, tau/4=0.2500 tau
  Time-domain setup: pad_factor=1, dt=0.2500 tau, tau/4=0.2500 tau
  Time-domain setup: pad_factor=1, dt=0.2500 tau, tau/4=0.2500 tau
  Time-domain setup: pad_factor=1, dt=0.2500 tau, tau/4=0.2500 tau
  Time-domain setup: pad_factor=1, dt=0.2500 tau, tau/4=0.2500 tau
  Time-domain setup: pad_factor=1, dt=0.2500 tau, tau/4=0.2500 tau
  Time-domain setup: pad_factor=1, dt=0.2500 tau, tau/4=0.2500 tau
  Time-domain setup: pad_factor=1, dt=0.2500 tau, tau/4=0.2500 tau
  Time-domain setup: pad_factor=1, dt=0.2500 tau, tau/4=0.2500 tau
  Time-domain setup: pad_factor=1, dt=0.2500 tau, tau/4=0.2500 tau
  Time-domain setup: pad_factor=1, dt=0.2500 tau, tau/4=0.2500 tau
  Time-domain setup: pad_factor=1, dt=0.2500 tau, tau/4=0.2500 tau
  Time-domain setup: pad_factor=1, dt=0.2500 tau, tau/4=0.2500 tau
  Time-domain setup: pad_factor=1, dt=0.2500 tau, tau/4=0.2500 tau
  Time-domain setup: pad_factor=1, dt=0.2500 tau, tau/4=0.2500 tau
  Time-domain setup: pad_factor=1, dt=0.2500 tau, tau/4=0.2500 tau
  Time-domain setup: pad_factor=1, dt=0.2500 tau, tau/4=0.2500 tau
  Time-domain setup: pad_factor=1, dt=0.2500 tau, tau/4=0.2500 tau
  Time-domain setup: pad_factor=1, dt=0.2500 tau, tau/4=0.2500 tau
  Time-domain setup: pad_factor=1, dt=0.2500 tau, tau/4=0.2500 tau
  Time-domain setup: pad_factor=1, dt=0.2500 tau, tau/4=0.2500 tau
  Time-domain setup: pad_factor=1, dt=0.2500 tau, tau/4=0.2500 tau
  Time-domain setup: pad_factor=1, dt=0.2500 tau, tau/4=0.2500 tau
  Time-domain setup: pad_factor=1, dt=0.2500 tau, tau/4=0.2500 tau
  Time-domain setup: pad_factor=1, dt=0.2500 tau, tau/4=0.2500 tau
  Time-domain setup: pad_factor=1, dt=0.2500 tau, tau/4=0.2500 tau
  Time-domain setup: pad_factor=1, dt=0.2500 tau, tau/4=0.2500 tau
  Time-domain setup: pad_factor=1, dt=0.2500 tau, tau/4=0.2500 tau
  Time-domain setup: pad_factor=1, dt=0.2500 tau, tau/4=0.2500 tau
  Time-domain setup: pad_factor=1, dt=0.2500 tau, tau/4=0.2500 tau
  Time-domain setup: pad_factor=1, dt=0.2500 tau, tau/4=0.2500 tau
  Time-domain setup: pad_factor=1, dt=0.2500 tau, tau/4=0.2500 tau
  Time-domain setup: pad_factor=1, dt=0.2500 tau, tau/4=0.2500 tau
  Time-domain setup: pad_factor=1, dt=0.2500 tau, tau/4=0.2500 tau
  Time-domain setup: pad_factor=1, dt=0.2500 tau, tau/4=0.2500 tau
  Time-domain setup: pad_factor=1, dt=0.2500 tau, tau/4=0.2500 tau
  Time-domain setup: pad_factor=1, dt=0.2500 tau, tau/4=0.2500 tau
  Time-domain setup: pad_factor=1, dt=0.2500 tau, tau/4=0.2500 tau
  Time-domain setup: pad_factor=1, dt=0.2500 tau, tau/4=0.2500 tau
  Time-domain setup: pad_factor=1, dt=0.2500 tau, tau/4=0.2500 tau
  Time-domain setup: pad_factor=1, dt=0.2500 tau, tau/4=0.2500 tau
  Time-domain setup: pad_factor=1, dt=0.2500 tau, tau/4=0.2500 tau
  Time-domain setup: pad_factor=1, dt=0.2500 tau, tau/4=0.2500 tau
  Time-domain setup: pad_factor=1, dt=0.2500 tau, tau/4=0.2500 tau
  Time-domain setup: pad_factor=1, dt=0.2500 tau, tau/4=0.2500 tau
  Time-domain setup: pad_factor=1, dt=0.2500 tau, tau/4=0.2500 tau
  Time-domain setup: pad_factor=1, dt=0.2500 tau, tau/4=0.2500 tau
  Time-domain setup: pad_factor=1, dt=0.2500 tau, tau/4=0.2500 tau
  Time-domain setup: pad_factor=1, dt=0.2500 tau, tau/4=0.2500 tau
  Time-domain setup: pad_factor=1, dt=0.2500 tau, tau/4=0.2500 tau
  Time-domain setup: pad_factor=1, dt=0.2500 tau, tau/4=0.2500 tau
  Time-domain setup: pad_factor=1, dt=0.2500 tau, tau/4=0.2500 tau
  Time-domain setup: pad_factor=1, dt=0.2500 tau, tau/4=0.2500 tau
  Time-domain setup: pad_factor=1, dt=0.2500 tau, tau/4=0.2500 tau
  Time-domain setup: pad_factor=1, dt=0.2500 tau, tau/4=0.2500 tau
  Time-domain setup: pad_factor=1, dt=0.2500 tau, tau/4=0.2500 tau
  Time-domain setup: pad_factor=1, dt=0.2500 tau, tau/4=0.2500 tau
  Time-domain setup: pad_factor=1, dt=0.2500 tau, tau/4=0.2500 tau
  Time-domain setup: pad_factor=1, dt=0.2500 tau, tau/4=0.2500 tau
  Time-domain setup: pad_factor=1, dt=0.2500 tau, tau/4=0.2500 tau
  Time-domain setup: pad_factor=1, dt=0.2500 tau, tau/4=0.2500 tau
  Time-domain setup: pad_factor=1, dt=0.2500 tau, tau/4=0.2500 tau
  Time-domain setup: pad_factor=1, dt=0.2500 tau, tau/4=0.2500 tau
  Time-domain setup: pad_factor=1, dt=0.2500 tau, tau/4=0.2500 tau
  draw 75/200
  Time-domain setup: pad_factor=1, dt=0.2500 tau, tau/4=0.2500 tau
  Time-domain setup: pad_factor=1, dt=0.2500 tau, tau/4=0.2500 tau
  Time-domain setup: pad_factor=1, dt=0.2500 tau, tau/4=0.2500 tau
  Time-domain setup: pad_factor=1, dt=0.2500 tau, tau/4=0.2500 tau
  Time-domain setup: pad_factor=1, dt=0.2500 tau, tau/4=0.2500 tau
  Time-domain setup: pad_factor=1, dt=0.2500 tau, tau/4=0.2500 tau
  Time-domain setup: pad_factor=1, dt=0.2500 tau, tau/4=0.2500 tau
  Time-domain setup: pad_factor=1, dt=0.2500 tau, tau/4=0.2500 tau
  Time-domain setup: pad_factor=1, dt=0.2500 tau, tau/4=0.2500 tau
  Time-domain setup: pad_factor=1, dt=0.2500 tau, tau/4=0.2500 tau
  Time-domain setup: pad_factor=1, dt=0.2500 tau, tau/4=0.2500 tau
  Time-domain setup: pad_factor=1, dt=0.2500 tau, tau/4=0.2500 tau
  Time-domain setup: pad_factor=1, dt=0.2500 tau, tau/4=0.2500 tau
  Time-domain setup: pad_factor=1, dt=0.2500 tau, tau/4=0.2500 tau
  Time-domain setup: pad_factor=1, dt=0.2500 tau, tau/4=0.2500 tau
  Time-domain setup: pad_factor=1, dt=0.2500 tau, tau/4=0.2500 tau
  Time-domain setup: pad_factor=1, dt=0.2500 tau, tau/4=0.2500 tau
  Time-domain setup: pad_factor=1, dt=0.2500 tau, tau/4=0.2500 tau
  Time-domain setup: pad_factor=1, dt=0.2500 tau, tau/4=0.2500 tau
  Time-domain setup: pad_factor=1, dt=0.2500 tau, tau/4=0.2500 tau
  Time-domain setup: pad_factor=1, dt=0.2500 tau, tau/4=0.2500 tau
  Time-domain setup: pad_factor=1, dt=0.2500 tau, tau/4=0.2500 tau
  Time-domain setup: pad_factor=1, dt=0.2500 tau, tau/4=0.2500 tau
  Time-domain setup: pad_factor=1, dt=0.2500 tau, tau/4=0.2500 tau
  Time-domain setup: pad_factor=1, dt=0.2500 tau, tau/4=0.2500 tau
  Time-domain setup: pad_factor=1, dt=0.2500 tau, tau/4=0.2500 tau
  Time-domain setup: pad_factor=1, dt=0.2500 tau, tau/4=0.2500 tau
  Time-domain setup: pad_factor=1, dt=0.2500 tau, tau/4=0.2500 tau
  Time-domain setup: pad_factor=1, dt=0.2500 tau, tau/4=0.2500 tau
  Time-domain setup: pad_factor=1, dt=0.2500 tau, tau/4=0.2500 tau
  Time-domain setup: pad_factor=1, dt=0.2500 tau, tau/4=0.2500 tau
  Time-domain setup: pad_factor=1, dt=0.2500 tau, tau/4=0.2500 tau
  Time-domain setup: pad_factor=1, dt=0.2500 tau, tau/4=0.2500 tau
  Time-domain setup: pad_factor=1, dt=0.2500 tau, tau/4=0.2500 tau
  Time-domain setup: pad_factor=1, dt=0.2500 tau, tau/4=0.2500 tau
  Time-domain setup: pad_factor=1, dt=0.2500 tau, tau/4=0.2500 tau
  Time-domain setup: pad_factor=1, dt=0.2500 tau, tau/4=0.2500 tau
  Time-domain setup: pad_factor=1, dt=0.2500 tau, tau/4=0.2500 tau
  Time-domain setup: pad_factor=1, dt=0.2500 tau, tau/4=0.2500 tau
  Time-domain setup: pad_factor=1, dt=0.2500 tau, tau/4=0.2500 tau
  Time-domain setup: pad_factor=1, dt=0.2500 tau, tau/4=0.2500 tau
  Time-domain setup: pad_factor=1, dt=0.2500 tau, tau/4=0.2500 tau
  Time-domain setup: pad_factor=1, dt=0.2500 tau, tau/4=0.2500 tau
  Time-domain setup: pad_factor=1, dt=0.2500 tau, tau/4=0.2500 tau
  Time-domain setup: pad_factor=1, dt=0.2500 tau, tau/4=0.2500 tau
  Time-domain setup: pad_factor=1, dt=0.2500 tau, tau/4=0.2500 tau
  Time-domain setup: pad_factor=1, dt=0.2500 tau, tau/4=0.2500 tau
  Time-domain setup: pad_factor=1, dt=0.2500 tau, tau/4=0.2500 tau
  Time-domain setup: pad_factor=1, dt=0.2500 tau, tau/4=0.2500 tau
  Time-domain setup: pad_factor=1, dt=0.2500 tau, tau/4=0.2500 tau
  Time-domain setup: pad_factor=1, dt=0.2500 tau, tau/4=0.2500 tau
  Time-domain setup: pad_factor=1, dt=0.2500 tau, tau/4=0.2500 tau
  Time-domain setup: pad_factor=1, dt=0.2500 tau, tau/4=0.2500 tau
  Time-domain setup: pad_factor=1, dt=0.2500 tau, tau/4=0.2500 tau
  Time-domain setup: pad_factor=1, dt=0.2500 tau, tau/4=0.2500 tau
  Time-domain setup: pad_factor=1, dt=0.2500 tau, tau/4=0.2500 tau
  Time-domain setup: pad_factor=1, dt=0.2500 tau, tau/4=0.2500 tau
  Time-domain setup: pad_factor=1, dt=0.2500 tau, tau/4=0.2500 tau
  Time-domain setup: pad_factor=1, dt=0.2500 tau, tau/4=0.2500 tau
  Time-domain setup: pad_factor=1, dt=0.2500 tau, tau/4=0.2500 tau
  Time-domain setup: pad_factor=1, dt=0.2500 tau, tau/4=0.2500 tau
  Time-domain setup: pad_factor=1, dt=0.2500 tau, tau/4=0.2500 tau
  Time-domain setup: pad_factor=1, dt=0.2500 tau, tau/4=0.2500 tau
  Time-domain setup: pad_factor=1, dt=0.2500 tau, tau/4=0.2500 tau
  Time-domain setup: pad_factor=1, dt=0.2500 tau, tau/4=0.2500 tau
  Time-domain setup: pad_factor=1, dt=0.2500 tau, tau/4=0.2500 tau
  Time-domain setup: pad_factor=1, dt=0.2500 tau, tau/4=0.2500 tau
  Time-domain setup: pad_factor=1, dt=0.2500 tau, tau/4=0.2500 tau
  Time-domain setup: pad_factor=1, dt=0.2500 tau, tau/4=0.2500 tau
  Time-domain setup: pad_factor=1, dt=0.2500 tau, tau/4=0.2500 tau
  Time-domain setup: pad_factor=1, dt=0.2500 tau, tau/4=0.2500 tau
  Time-domain setup: pad_factor=1, dt=0.2500 tau, tau/4=0.2500 tau
  Time-domain setup: pad_factor=1, dt=0.2500 tau, tau/4=0.2500 tau
  Time-domain setup: pad_factor=1, dt=0.2500 tau, tau/4=0.2500 tau
  Time-domain setup: pad_factor=1, dt=0.2500 tau, tau/4=0.2500 tau
  Time-domain setup: pad_factor=1, dt=0.2500 tau, tau/4=0.2500 tau
  Time-domain setup: pad_factor=1, dt=0.2500 tau, tau/4=0.2500 tau
  Time-domain setup: pad_factor=1, dt=0.2500 tau, tau/4=0.2500 tau
  Time-domain setup: pad_factor=1, dt=0.2500 tau, tau/4=0.2500 tau
  Time-domain setup: pad_factor=1, dt=0.2500 tau, tau/4=0.2500 tau
  Time-domain setup: pad_factor=1, dt=0.2500 tau, tau/4=0.2500 tau
  Time-domain setup: pad_factor=1, dt=0.2500 tau, tau/4=0.2500 tau
  Time-domain setup: pad_factor=1, dt=0.2500 tau, tau/4=0.2500 tau
  Time-domain setup: pad_factor=1, dt=0.2500 tau, tau/4=0.2500 tau
  Time-domain setup: pad_factor=1, dt=0.2500 tau, tau/4=0.2500 tau
  Time-domain setup: pad_factor=1, dt=0.2500 tau, tau/4=0.2500 tau
  Time-domain setup: pad_factor=1, dt=0.2500 tau, tau/4=0.2500 tau
  Time-domain setup: pad_factor=1, dt=0.2500 tau, tau/4=0.2500 tau
  Time-domain setup: pad_factor=1, dt=0.2500 tau, tau/4=0.2500 tau
  Time-domain setup: pad_factor=1, dt=0.2500 tau, tau/4=0.2500 tau
  Time-domain setup: pad_factor=1, dt=0.2500 tau, tau/4=0.2500 tau
  Time-domain setup: pad_factor=1, dt=0.2500 tau, tau/4=0.2500 tau
  Time-domain setup: pad_factor=1, dt=0.2500 tau, tau/4=0.2500 tau
  Time-domain setup: pad_factor=1, dt=0.2500 tau, tau/4=0.2500 tau
  Time-domain setup: pad_factor=1, dt=0.2500 tau, tau/4=0.2500 tau
  Time-domain setup: pad_factor=1, dt=0.2500 tau, tau/4=0.2500 tau
  Time-domain setup: pad_factor=1, dt=0.2500 tau, tau/4=0.2500 tau
  Time-domain setup: pad_factor=1, dt=0.2500 tau, tau/4=0.2500 tau
  Time-domain setup: pad_factor=1, dt=0.2500 tau, tau/4=0.2500 tau
  Time-domain setup: pad_factor=1, dt=0.2500 tau, tau/4=0.2500 tau
  Time-domain setup: pad_factor=1, dt=0.2500 tau, tau/4=0.2500 tau
  Time-domain setup: pad_factor=1, dt=0.2500 tau, tau/4=0.2500 tau
  Time-domain setup: pad_factor=1, dt=0.2500 tau, tau/4=0.2500 tau
  Time-domain setup: pad_factor=1, dt=0.2500 tau, tau/4=0.2500 tau
  Time-domain setup: pad_factor=1, dt=0.2500 tau, tau/4=0.2500 tau
  Time-domain setup: pad_factor=1, dt=0.2500 tau, tau/4=0.2500 tau
  Time-domain setup: pad_factor=1, dt=0.2500 tau, tau/4=0.2500 tau
  Time-domain setup: pad_factor=1, dt=0.2500 tau, tau/4=0.2500 tau
  Time-domain setup: pad_factor=1, dt=0.2500 tau, tau/4=0.2500 tau
  Time-domain setup: pad_factor=1, dt=0.2500 tau, tau/4=0.2500 tau
  Time-domain setup: pad_factor=1, dt=0.2500 tau, tau/4=0.2500 tau
  Time-domain setup: pad_factor=1, dt=0.2500 tau, tau/4=0.2500 tau
  Time-domain setup: pad_factor=1, dt=0.2500 tau, tau/4=0.2500 tau
  Time-domain setup: pad_factor=1, dt=0.2500 tau, tau/4=0.2500 tau
  Time-domain setup: pad_factor=1, dt=0.2500 tau, tau/4=0.2500 tau
  Time-domain setup: pad_factor=1, dt=0.2500 tau, tau/4=0.2500 tau
  Time-domain setup: pad_factor=1, dt=0.2500 tau, tau/4=0.2500 tau
  Time-domain setup: pad_factor=1, dt=0.2500 tau, tau/4=0.2500 tau
  Time-domain setup: pad_factor=1, dt=0.2500 tau, tau/4=0.2500 tau
  Time-domain setup: pad_factor=1, dt=0.2500 tau, tau/4=0.2500 tau
  Time-domain setup: pad_factor=1, dt=0.2500 tau, tau/4=0.2500 tau
  Time-domain setup: pad_factor=1, dt=0.2500 tau, tau/4=0.2500 tau
  Time-domain setup: pad_factor=1, dt=0.2500 tau, tau/4=0.2500 tau
  Time-domain setup: pad_factor=1, dt=0.2500 tau, tau/4=0.2500 tau
  Time-domain setup: pad_factor=1, dt=0.2500 tau, tau/4=0.2500 tau
  Time-domain setup: pad_factor=1, dt=0.2500 tau, tau/4=0.2500 tau
  Time-domain setup: pad_factor=1, dt=0.2500 tau, tau/4=0.2500 tau
  Time-domain setup: pad_factor=1, dt=0.2500 tau, tau/4=0.2500 tau
  Time-domain setup: pad_factor=1, dt=0.2500 tau, tau/4=0.2500 tau
  Time-domain setup: pad_factor=1, dt=0.2500 tau, tau/4=0.2500 tau
  Time-domain setup: pad_factor=1, dt=0.2500 tau, tau/4=0.2500 tau
  Time-domain setup: pad_factor=1, dt=0.2500 tau, tau/4=0.2500 tau
  Time-domain setup: pad_factor=1, dt=0.2500 tau, tau/4=0.2500 tau
  Time-domain setup: pad_factor=1, dt=0.2500 tau, tau/4=0.2500 tau
  Time-domain setup: pad_factor=1, dt=0.2500 tau, tau/4=0.2500 tau
  Time-domain setup: pad_factor=1, dt=0.2500 tau, tau/4=0.2500 tau
  Time-domain setup: pad_factor=1, dt=0.2500 tau, tau/4=0.2500 tau
  Time-domain setup: pad_factor=1, dt=0.2500 tau, tau/4=0.2500 tau
  Time-domain setup: pad_factor=1, dt=0.2500 tau, tau/4=0.2500 tau
  Time-domain setup: pad_factor=1, dt=0.2500 tau, tau/4=0.2500 tau
  Time-domain setup: pad_factor=1, dt=0.2500 tau, tau/4=0.2500 tau
  Time-domain setup: pad_factor=1, dt=0.2500 tau, tau/4=0.2500 tau
  Time-domain setup: pad_factor=1, dt=0.2500 tau, tau/4=0.2500 tau
  Time-domain setup: pad_factor=1, dt=0.2500 tau, tau/4=0.2500 tau
  Time-domain setup: pad_factor=1, dt=0.2500 tau, tau/4=0.2500 tau
  Time-domain setup: pad_factor=1, dt=0.2500 tau, tau/4=0.2500 tau
  Time-domain setup: pad_factor=1, dt=0.2500 tau, tau/4=0.2500 tau
  Time-domain setup: pad_factor=1, dt=0.2500 tau, tau/4=0.2500 tau
  Time-domain setup: pad_factor=1, dt=0.2500 tau, tau/4=0.2500 tau
  Time-domain setup: pad_factor=1, dt=0.2500 tau, tau/4=0.2500 tau
  Time-domain setup: pad_factor=1, dt=0.2500 tau, tau/4=0.2500 tau
  Time-domain setup: pad_factor=1, dt=0.2500 tau, tau/4=0.2500 tau
  Time-domain setup: pad_factor=1, dt=0.2500 tau, tau/4=0.2500 tau
  Time-domain setup: pad_factor=1, dt=0.2500 tau, tau/4=0.2500 tau
  Time-domain setup: pad_factor=1, dt=0.2500 tau, tau/4=0.2500 tau
  Time-domain setup: pad_factor=1, dt=0.2500 tau, tau/4=0.2500 tau
  Time-domain setup: pad_factor=1, dt=0.2500 tau, tau/4=0.2500 tau
  Time-domain setup: pad_factor=1, dt=0.2500 tau, tau/4=0.2500 tau
  Time-domain setup: pad_factor=1, dt=0.2500 tau, tau/4=0.2500 tau
  Time-domain setup: pad_factor=1, dt=0.2500 tau, tau/4=0.2500 tau
  Time-domain setup: pad_factor=1, dt=0.2500 tau, tau/4=0.2500 tau
  Time-domain setup: pad_factor=1, dt=0.2500 tau, tau/4=0.2500 tau
  Time-domain setup: pad_factor=1, dt=0.2500 tau, tau/4=0.2500 tau
  Time-domain setup: pad_factor=1, dt=0.2500 tau, tau/4=0.2500 tau
  Time-domain setup: pad_factor=1, dt=0.2500 tau, tau/4=0.2500 tau
  Time-domain setup: pad_factor=1, dt=0.2500 tau, tau/4=0.2500 tau
  Time-domain setup: pad_factor=1, dt=0.2500 tau, tau/4=0.2500 tau
  Time-domain setup: pad_factor=1, dt=0.2500 tau, tau/4=0.2500 tau
  Time-domain setup: pad_factor=1, dt=0.2500 tau, tau/4=0.2500 tau
  Time-domain setup: pad_factor=1, dt=0.2500 tau, tau/4=0.2500 tau
  Time-domain setup: pad_factor=1, dt=0.2500 tau, tau/4=0.2500 tau
  Time-domain setup: pad_factor=1, dt=0.2500 tau, tau/4=0.2500 tau
  Time-domain setup: pad_factor=1, dt=0.2500 tau, tau/4=0.2500 tau
  Time-domain setup: pad_factor=1, dt=0.2500 tau, tau/4=0.2500 tau
  Time-domain setup: pad_factor=1, dt=0.2500 tau, tau/4=0.2500 tau
  draw 100/200
  Time-domain setup: pad_factor=1, dt=0.2500 tau, tau/4=0.2500 tau
  Time-domain setup: pad_factor=1, dt=0.2500 tau, tau/4=0.2500 tau
  Time-domain setup: pad_factor=1, dt=0.2500 tau, tau/4=0.2500 tau
  Time-domain setup: pad_factor=1, dt=0.2500 tau, tau/4=0.2500 tau
  Time-domain setup: pad_factor=1, dt=0.2500 tau, tau/4=0.2500 tau
  Time-domain setup: pad_factor=1, dt=0.2500 tau, tau/4=0.2500 tau
  Time-domain setup: pad_factor=1, dt=0.2500 tau, tau/4=0.2500 tau
  Time-domain setup: pad_factor=1, dt=0.2500 tau, tau/4=0.2500 tau
  Time-domain setup: pad_factor=1, dt=0.2500 tau, tau/4=0.2500 tau
  Time-domain setup: pad_factor=1, dt=0.2500 tau, tau/4=0.2500 tau
  Time-domain setup: pad_factor=1, dt=0.2500 tau, tau/4=0.2500 tau
  Time-domain setup: pad_factor=1, dt=0.2500 tau, tau/4=0.2500 tau
  Time-domain setup: pad_factor=1, dt=0.2500 tau, tau/4=0.2500 tau
  Time-domain setup: pad_factor=1, dt=0.2500 tau, tau/4=0.2500 tau
  Time-domain setup: pad_factor=1, dt=0.2500 tau, tau/4=0.2500 tau
  Time-domain setup: pad_factor=1, dt=0.2500 tau, tau/4=0.2500 tau
  Time-domain setup: pad_factor=1, dt=0.2500 tau, tau/4=0.2500 tau
  Time-domain setup: pad_factor=1, dt=0.2500 tau, tau/4=0.2500 tau
  Time-domain setup: pad_factor=1, dt=0.2500 tau, tau/4=0.2500 tau
  Time-domain setup: pad_factor=1, dt=0.2500 tau, tau/4=0.2500 tau
  Time-domain setup: pad_factor=1, dt=0.2500 tau, tau/4=0.2500 tau
  Time-domain setup: pad_factor=1, dt=0.2500 tau, tau/4=0.2500 tau
  Time-domain setup: pad_factor=1, dt=0.2500 tau, tau/4=0.2500 tau
  Time-domain setup: pad_factor=1, dt=0.2500 tau, tau/4=0.2500 tau
  Time-domain setup: pad_factor=1, dt=0.2500 tau, tau/4=0.2500 tau
  Time-domain setup: pad_factor=1, dt=0.2500 tau, tau/4=0.2500 tau
  Time-domain setup: pad_factor=1, dt=0.2500 tau, tau/4=0.2500 tau
  Time-domain setup: pad_factor=1, dt=0.2500 tau, tau/4=0.2500 tau
  Time-domain setup: pad_factor=1, dt=0.2500 tau, tau/4=0.2500 tau
  Time-domain setup: pad_factor=1, dt=0.2500 tau, tau/4=0.2500 tau
  Time-domain setup: pad_factor=1, dt=0.2500 tau, tau/4=0.2500 tau
  Time-domain setup: pad_factor=1, dt=0.2500 tau, tau/4=0.2500 tau
  Time-domain setup: pad_factor=1, dt=0.2500 tau, tau/4=0.2500 tau
  Time-domain setup: pad_factor=1, dt=0.2500 tau, tau/4=0.2500 tau
  Time-domain setup: pad_factor=1, dt=0.2500 tau, tau/4=0.2500 tau
  Time-domain setup: pad_factor=1, dt=0.2500 tau, tau/4=0.2500 tau
  Time-domain setup: pad_factor=1, dt=0.2500 tau, tau/4=0.2500 tau
  Time-domain setup: pad_factor=1, dt=0.2500 tau, tau/4=0.2500 tau
  Time-domain setup: pad_factor=1, dt=0.2500 tau, tau/4=0.2500 tau
  Time-domain setup: pad_factor=1, dt=0.2500 tau, tau/4=0.2500 tau
  Time-domain setup: pad_factor=1, dt=0.2500 tau, tau/4=0.2500 tau
  Time-domain setup: pad_factor=1, dt=0.2500 tau, tau/4=0.2500 tau
  Time-domain setup: pad_factor=1, dt=0.2500 tau, tau/4=0.2500 tau
  Time-domain setup: pad_factor=1, dt=0.2500 tau, tau/4=0.2500 tau
  Time-domain setup: pad_factor=1, dt=0.2500 tau, tau/4=0.2500 tau
  Time-domain setup: pad_factor=1, dt=0.2500 tau, tau/4=0.2500 tau
  Time-domain setup: pad_factor=1, dt=0.2500 tau, tau/4=0.2500 tau
  Time-domain setup: pad_factor=1, dt=0.2500 tau, tau/4=0.2500 tau
  Time-domain setup: pad_factor=1, dt=0.2500 tau, tau/4=0.2500 tau
  Time-domain setup: pad_factor=1, dt=0.2500 tau, tau/4=0.2500 tau
  Time-domain setup: pad_factor=1, dt=0.2500 tau, tau/4=0.2500 tau
  Time-domain setup: pad_factor=1, dt=0.2500 tau, tau/4=0.2500 tau
  Time-domain setup: pad_factor=1, dt=0.2500 tau, tau/4=0.2500 tau
  Time-domain setup: pad_factor=1, dt=0.2500 tau, tau/4=0.2500 tau
  Time-domain setup: pad_factor=1, dt=0.2500 tau, tau/4=0.2500 tau
  Time-domain setup: pad_factor=1, dt=0.2500 tau, tau/4=0.2500 tau
  Time-domain setup: pad_factor=1, dt=0.2500 tau, tau/4=0.2500 tau
  Time-domain setup: pad_factor=1, dt=0.2500 tau, tau/4=0.2500 tau
  Time-domain setup: pad_factor=1, dt=0.2500 tau, tau/4=0.2500 tau
  Time-domain setup: pad_factor=1, dt=0.2500 tau, tau/4=0.2500 tau
  Time-domain setup: pad_factor=1, dt=0.2500 tau, tau/4=0.2500 tau
  Time-domain setup: pad_factor=1, dt=0.2500 tau, tau/4=0.2500 tau
  Time-domain setup: pad_factor=1, dt=0.2500 tau, tau/4=0.2500 tau
  Time-domain setup: pad_factor=1, dt=0.2500 tau, tau/4=0.2500 tau
  Time-domain setup: pad_factor=1, dt=0.2500 tau, tau/4=0.2500 tau
  Time-domain setup: pad_factor=1, dt=0.2500 tau, tau/4=0.2500 tau
  Time-domain setup: pad_factor=1, dt=0.2500 tau, tau/4=0.2500 tau
  Time-domain setup: pad_factor=1, dt=0.2500 tau, tau/4=0.2500 tau
  Time-domain setup: pad_factor=1, dt=0.2500 tau, tau/4=0.2500 tau
  Time-domain setup: pad_factor=1, dt=0.2500 tau, tau/4=0.2500 tau
  Time-domain setup: pad_factor=1, dt=0.2500 tau, tau/4=0.2500 tau
  Time-domain setup: pad_factor=1, dt=0.2500 tau, tau/4=0.2500 tau
  Time-domain setup: pad_factor=1, dt=0.2500 tau, tau/4=0.2500 tau
  Time-domain setup: pad_factor=1, dt=0.2500 tau, tau/4=0.2500 tau
  Time-domain setup: pad_factor=1, dt=0.2500 tau, tau/4=0.2500 tau
  Time-domain setup: pad_factor=1, dt=0.2500 tau, tau/4=0.2500 tau
  Time-domain setup: pad_factor=1, dt=0.2500 tau, tau/4=0.2500 tau
  Time-domain setup: pad_factor=1, dt=0.2500 tau, tau/4=0.2500 tau
  Time-domain setup: pad_factor=1, dt=0.2500 tau, tau/4=0.2500 tau
  Time-domain setup: pad_factor=1, dt=0.2500 tau, tau/4=0.2500 tau
  Time-domain setup: pad_factor=1, dt=0.2500 tau, tau/4=0.2500 tau
  Time-domain setup: pad_factor=1, dt=0.2500 tau, tau/4=0.2500 tau
  Time-domain setup: pad_factor=1, dt=0.2500 tau, tau/4=0.2500 tau
  Time-domain setup: pad_factor=1, dt=0.2500 tau, tau/4=0.2500 tau
  Time-domain setup: pad_factor=1, dt=0.2500 tau, tau/4=0.2500 tau
  Time-domain setup: pad_factor=1, dt=0.2500 tau, tau/4=0.2500 tau
  Time-domain setup: pad_factor=1, dt=0.2500 tau, tau/4=0.2500 tau
  Time-domain setup: pad_factor=1, dt=0.2500 tau, tau/4=0.2500 tau
  Time-domain setup: pad_factor=1, dt=0.2500 tau, tau/4=0.2500 tau
  Time-domain setup: pad_factor=1, dt=0.2500 tau, tau/4=0.2500 tau
  Time-domain setup: pad_factor=1, dt=0.2500 tau, tau/4=0.2500 tau
  Time-domain setup: pad_factor=1, dt=0.2500 tau, tau/4=0.2500 tau
  Time-domain setup: pad_factor=1, dt=0.2500 tau, tau/4=0.2500 tau
  Time-domain setup: pad_factor=1, dt=0.2500 tau, tau/4=0.2500 tau
  Time-domain setup: pad_factor=1, dt=0.2500 tau, tau/4=0.2500 tau
  Time-domain setup: pad_factor=1, dt=0.2500 tau, tau/4=0.2500 tau
  Time-domain setup: pad_factor=1, dt=0.2500 tau, tau/4=0.2500 tau
  Time-domain setup: pad_factor=1, dt=0.2500 tau, tau/4=0.2500 tau
  Time-domain setup: pad_factor=1, dt=0.2500 tau, tau/4=0.2500 tau
  Time-domain setup: pad_factor=1, dt=0.2500 tau, tau/4=0.2500 tau
  Time-domain setup: pad_factor=1, dt=0.2500 tau, tau/4=0.2500 tau
  Time-domain setup: pad_factor=1, dt=0.2500 tau, tau/4=0.2500 tau
  Time-domain setup: pad_factor=1, dt=0.2500 tau, tau/4=0.2500 tau
  Time-domain setup: pad_factor=1, dt=0.2500 tau, tau/4=0.2500 tau
  Time-domain setup: pad_factor=1, dt=0.2500 tau, tau/4=0.2500 tau
  Time-domain setup: pad_factor=1, dt=0.2500 tau, tau/4=0.2500 tau
  Time-domain setup: pad_factor=1, dt=0.2500 tau, tau/4=0.2500 tau
  Time-domain setup: pad_factor=1, dt=0.2500 tau, tau/4=0.2500 tau
  Time-domain setup: pad_factor=1, dt=0.2500 tau, tau/4=0.2500 tau
  Time-domain setup: pad_factor=1, dt=0.2500 tau, tau/4=0.2500 tau
  Time-domain setup: pad_factor=1, dt=0.2500 tau, tau/4=0.2500 tau
  Time-domain setup: pad_factor=1, dt=0.2500 tau, tau/4=0.2500 tau
  Time-domain setup: pad_factor=1, dt=0.2500 tau, tau/4=0.2500 tau
  Time-domain setup: pad_factor=1, dt=0.2500 tau, tau/4=0.2500 tau
  Time-domain setup: pad_factor=1, dt=0.2500 tau, tau/4=0.2500 tau
  Time-domain setup: pad_factor=1, dt=0.2500 tau, tau/4=0.2500 tau
  Time-domain setup: pad_factor=1, dt=0.2500 tau, tau/4=0.2500 tau
  Time-domain setup: pad_factor=1, dt=0.2500 tau, tau/4=0.2500 tau
  Time-domain setup: pad_factor=1, dt=0.2500 tau, tau/4=0.2500 tau
  Time-domain setup: pad_factor=1, dt=0.2500 tau, tau/4=0.2500 tau
  Time-domain setup: pad_factor=1, dt=0.2500 tau, tau/4=0.2500 tau
  Time-domain setup: pad_factor=1, dt=0.2500 tau, tau/4=0.2500 tau
  Time-domain setup: pad_factor=1, dt=0.2500 tau, tau/4=0.2500 tau
  Time-domain setup: pad_factor=1, dt=0.2500 tau, tau/4=0.2500 tau
  Time-domain setup: pad_factor=1, dt=0.2500 tau, tau/4=0.2500 tau
  Time-domain setup: pad_factor=1, dt=0.2500 tau, tau/4=0.2500 tau
  Time-domain setup: pad_factor=1, dt=0.2500 tau, tau/4=0.2500 tau
  Time-domain setup: pad_factor=1, dt=0.2500 tau, tau/4=0.2500 tau
  Time-domain setup: pad_factor=1, dt=0.2500 tau, tau/4=0.2500 tau
  Time-domain setup: pad_factor=1, dt=0.2500 tau, tau/4=0.2500 tau
  Time-domain setup: pad_factor=1, dt=0.2500 tau, tau/4=0.2500 tau
  Time-domain setup: pad_factor=1, dt=0.2500 tau, tau/4=0.2500 tau
  Time-domain setup: pad_factor=1, dt=0.2500 tau, tau/4=0.2500 tau
  Time-domain setup: pad_factor=1, dt=0.2500 tau, tau/4=0.2500 tau
  Time-domain setup: pad_factor=1, dt=0.2500 tau, tau/4=0.2500 tau
  Time-domain setup: pad_factor=1, dt=0.2500 tau, tau/4=0.2500 tau
  Time-domain setup: pad_factor=1, dt=0.2500 tau, tau/4=0.2500 tau
  Time-domain setup: pad_factor=1, dt=0.2500 tau, tau/4=0.2500 tau
  Time-domain setup: pad_factor=1, dt=0.2500 tau, tau/4=0.2500 tau
  Time-domain setup: pad_factor=1, dt=0.2500 tau, tau/4=0.2500 tau
  Time-domain setup: pad_factor=1, dt=0.2500 tau, tau/4=0.2500 tau
  Time-domain setup: pad_factor=1, dt=0.2500 tau, tau/4=0.2500 tau
  Time-domain setup: pad_factor=1, dt=0.2500 tau, tau/4=0.2500 tau
  Time-domain setup: pad_factor=1, dt=0.2500 tau, tau/4=0.2500 tau
  Time-domain setup: pad_factor=1, dt=0.2500 tau, tau/4=0.2500 tau
  Time-domain setup: pad_factor=1, dt=0.2500 tau, tau/4=0.2500 tau
  Time-domain setup: pad_factor=1, dt=0.2500 tau, tau/4=0.2500 tau
  Time-domain setup: pad_factor=1, dt=0.2500 tau, tau/4=0.2500 tau
  Time-domain setup: pad_factor=1, dt=0.2500 tau, tau/4=0.2500 tau
  Time-domain setup: pad_factor=1, dt=0.2500 tau, tau/4=0.2500 tau
  Time-domain setup: pad_factor=1, dt=0.2500 tau, tau/4=0.2500 tau
  Time-domain setup: pad_factor=1, dt=0.2500 tau, tau/4=0.2500 tau
  Time-domain setup: pad_factor=1, dt=0.2500 tau, tau/4=0.2500 tau
  Time-domain setup: pad_factor=1, dt=0.2500 tau, tau/4=0.2500 tau
  Time-domain setup: pad_factor=1, dt=0.2500 tau, tau/4=0.2500 tau
  Time-domain setup: pad_factor=1, dt=0.2500 tau, tau/4=0.2500 tau
  Time-domain setup: pad_factor=1, dt=0.2500 tau, tau/4=0.2500 tau
  Time-domain setup: pad_factor=1, dt=0.2500 tau, tau/4=0.2500 tau
  Time-domain setup: pad_factor=1, dt=0.2500 tau, tau/4=0.2500 tau
  Time-domain setup: pad_factor=1, dt=0.2500 tau, tau/4=0.2500 tau
  Time-domain setup: pad_factor=1, dt=0.2500 tau, tau/4=0.2500 tau
  Time-domain setup: pad_factor=1, dt=0.2500 tau, tau/4=0.2500 tau
  Time-domain setup: pad_factor=1, dt=0.2500 tau, tau/4=0.2500 tau
  Time-domain setup: pad_factor=1, dt=0.2500 tau, tau/4=0.2500 tau
  Time-domain setup: pad_factor=1, dt=0.2500 tau, tau/4=0.2500 tau
  Time-domain setup: pad_factor=1, dt=0.2500 tau, tau/4=0.2500 tau
  Time-domain setup: pad_factor=1, dt=0.2500 tau, tau/4=0.2500 tau
  Time-domain setup: pad_factor=1, dt=0.2500 tau, tau/4=0.2500 tau
  Time-domain setup: pad_factor=1, dt=0.2500 tau, tau/4=0.2500 tau
  Time-domain setup: pad_factor=1, dt=0.2500 tau, tau/4=0.2500 tau
  Time-domain setup: pad_factor=1, dt=0.2500 tau, tau/4=0.2500 tau
  Time-domain setup: pad_factor=1, dt=0.2500 tau, tau/4=0.2500 tau
  Time-domain setup: pad_factor=1, dt=0.2500 tau, tau/4=0.2500 tau
  Time-domain setup: pad_factor=1, dt=0.2500 tau, tau/4=0.2500 tau
  Time-domain setup: pad_factor=1, dt=0.2500 tau, tau/4=0.2500 tau
  draw 125/200
  Time-domain setup: pad_factor=1, dt=0.2500 tau, tau/4=0.2500 tau
  Time-domain setup: pad_factor=1, dt=0.2500 tau, tau/4=0.2500 tau
  Time-domain setup: pad_factor=1, dt=0.2500 tau, tau/4=0.2500 tau
  Time-domain setup: pad_factor=1, dt=0.2500 tau, tau/4=0.2500 tau
  Time-domain setup: pad_factor=1, dt=0.2500 tau, tau/4=0.2500 tau
  Time-domain setup: pad_factor=1, dt=0.2500 tau, tau/4=0.2500 tau
  Time-domain setup: pad_factor=1, dt=0.2500 tau, tau/4=0.2500 tau
  Time-domain setup: pad_factor=1, dt=0.2500 tau, tau/4=0.2500 tau
  Time-domain setup: pad_factor=1, dt=0.2500 tau, tau/4=0.2500 tau
  Time-domain setup: pad_factor=1, dt=0.2500 tau, tau/4=0.2500 tau
  Time-domain setup: pad_factor=1, dt=0.2500 tau, tau/4=0.2500 tau
  Time-domain setup: pad_factor=1, dt=0.2500 tau, tau/4=0.2500 tau
  Time-domain setup: pad_factor=1, dt=0.2500 tau, tau/4=0.2500 tau
  Time-domain setup: pad_factor=1, dt=0.2500 tau, tau/4=0.2500 tau
  Time-domain setup: pad_factor=1, dt=0.2500 tau, tau/4=0.2500 tau
  Time-domain setup: pad_factor=1, dt=0.2500 tau, tau/4=0.2500 tau
  Time-domain setup: pad_factor=1, dt=0.2500 tau, tau/4=0.2500 tau
  Time-domain setup: pad_factor=1, dt=0.2500 tau, tau/4=0.2500 tau
  Time-domain setup: pad_factor=1, dt=0.2500 tau, tau/4=0.2500 tau
  Time-domain setup: pad_factor=1, dt=0.2500 tau, tau/4=0.2500 tau
  Time-domain setup: pad_factor=1, dt=0.2500 tau, tau/4=0.2500 tau
  Time-domain setup: pad_factor=1, dt=0.2500 tau, tau/4=0.2500 tau
  Time-domain setup: pad_factor=1, dt=0.2500 tau, tau/4=0.2500 tau
  Time-domain setup: pad_factor=1, dt=0.2500 tau, tau/4=0.2500 tau
  Time-domain setup: pad_factor=1, dt=0.2500 tau, tau/4=0.2500 tau
  Time-domain setup: pad_factor=1, dt=0.2500 tau, tau/4=0.2500 tau
  Time-domain setup: pad_factor=1, dt=0.2500 tau, tau/4=0.2500 tau
  Time-domain setup: pad_factor=1, dt=0.2500 tau, tau/4=0.2500 tau
  Time-domain setup: pad_factor=1, dt=0.2500 tau, tau/4=0.2500 tau
  Time-domain setup: pad_factor=1, dt=0.2500 tau, tau/4=0.2500 tau
  Time-domain setup: pad_factor=1, dt=0.2500 tau, tau/4=0.2500 tau
  Time-domain setup: pad_factor=1, dt=0.2500 tau, tau/4=0.2500 tau
  Time-domain setup: pad_factor=1, dt=0.2500 tau, tau/4=0.2500 tau
  Time-domain setup: pad_factor=1, dt=0.2500 tau, tau/4=0.2500 tau
  Time-domain setup: pad_factor=1, dt=0.2500 tau, tau/4=0.2500 tau
  Time-domain setup: pad_factor=1, dt=0.2500 tau, tau/4=0.2500 tau
  Time-domain setup: pad_factor=1, dt=0.2500 tau, tau/4=0.2500 tau
  Time-domain setup: pad_factor=1, dt=0.2500 tau, tau/4=0.2500 tau
  Time-domain setup: pad_factor=1, dt=0.2500 tau, tau/4=0.2500 tau
  Time-domain setup: pad_factor=1, dt=0.2500 tau, tau/4=0.2500 tau
  Time-domain setup: pad_factor=1, dt=0.2500 tau, tau/4=0.2500 tau
  Time-domain setup: pad_factor=1, dt=0.2500 tau, tau/4=0.2500 tau
  Time-domain setup: pad_factor=1, dt=0.2500 tau, tau/4=0.2500 tau
  Time-domain setup: pad_factor=1, dt=0.2500 tau, tau/4=0.2500 tau
  Time-domain setup: pad_factor=1, dt=0.2500 tau, tau/4=0.2500 tau
  Time-domain setup: pad_factor=1, dt=0.2500 tau, tau/4=0.2500 tau
  Time-domain setup: pad_factor=1, dt=0.2500 tau, tau/4=0.2500 tau
  Time-domain setup: pad_factor=1, dt=0.2500 tau, tau/4=0.2500 tau
  Time-domain setup: pad_factor=1, dt=0.2500 tau, tau/4=0.2500 tau
  Time-domain setup: pad_factor=1, dt=0.2500 tau, tau/4=0.2500 tau
  Time-domain setup: pad_factor=1, dt=0.2500 tau, tau/4=0.2500 tau
  Time-domain setup: pad_factor=1, dt=0.2500 tau, tau/4=0.2500 tau
  Time-domain setup: pad_factor=1, dt=0.2500 tau, tau/4=0.2500 tau
  Time-domain setup: pad_factor=1, dt=0.2500 tau, tau/4=0.2500 tau
  Time-domain setup: pad_factor=1, dt=0.2500 tau, tau/4=0.2500 tau
  Time-domain setup: pad_factor=1, dt=0.2500 tau, tau/4=0.2500 tau
  Time-domain setup: pad_factor=1, dt=0.2500 tau, tau/4=0.2500 tau
  Time-domain setup: pad_factor=1, dt=0.2500 tau, tau/4=0.2500 tau
  Time-domain setup: pad_factor=1, dt=0.2500 tau, tau/4=0.2500 tau
  Time-domain setup: pad_factor=1, dt=0.2500 tau, tau/4=0.2500 tau
  Time-domain setup: pad_factor=1, dt=0.2500 tau, tau/4=0.2500 tau
  Time-domain setup: pad_factor=1, dt=0.2500 tau, tau/4=0.2500 tau
  Time-domain setup: pad_factor=1, dt=0.2500 tau, tau/4=0.2500 tau
  Time-domain setup: pad_factor=1, dt=0.2500 tau, tau/4=0.2500 tau
  Time-domain setup: pad_factor=1, dt=0.2500 tau, tau/4=0.2500 tau
  Time-domain setup: pad_factor=1, dt=0.2500 tau, tau/4=0.2500 tau
  Time-domain setup: pad_factor=1, dt=0.2500 tau, tau/4=0.2500 tau
  Time-domain setup: pad_factor=1, dt=0.2500 tau, tau/4=0.2500 tau
  Time-domain setup: pad_factor=1, dt=0.2500 tau, tau/4=0.2500 tau
  Time-domain setup: pad_factor=1, dt=0.2500 tau, tau/4=0.2500 tau
  Time-domain setup: pad_factor=1, dt=0.2500 tau, tau/4=0.2500 tau
  Time-domain setup: pad_factor=1, dt=0.2500 tau, tau/4=0.2500 tau
  Time-domain setup: pad_factor=1, dt=0.2500 tau, tau/4=0.2500 tau
  Time-domain setup: pad_factor=1, dt=0.2500 tau, tau/4=0.2500 tau
  Time-domain setup: pad_factor=1, dt=0.2500 tau, tau/4=0.2500 tau
  Time-domain setup: pad_factor=1, dt=0.2500 tau, tau/4=0.2500 tau
  Time-domain setup: pad_factor=1, dt=0.2500 tau, tau/4=0.2500 tau
  Time-domain setup: pad_factor=1, dt=0.2500 tau, tau/4=0.2500 tau
  Time-domain setup: pad_factor=1, dt=0.2500 tau, tau/4=0.2500 tau
  Time-domain setup: pad_factor=1, dt=0.2500 tau, tau/4=0.2500 tau
  Time-domain setup: pad_factor=1, dt=0.2500 tau, tau/4=0.2500 tau
  Time-domain setup: pad_factor=1, dt=0.2500 tau, tau/4=0.2500 tau
  Time-domain setup: pad_factor=1, dt=0.2500 tau, tau/4=0.2500 tau
  Time-domain setup: pad_factor=1, dt=0.2500 tau, tau/4=0.2500 tau
  Time-domain setup: pad_factor=1, dt=0.2500 tau, tau/4=0.2500 tau
  Time-domain setup: pad_factor=1, dt=0.2500 tau, tau/4=0.2500 tau
  Time-domain setup: pad_factor=1, dt=0.2500 tau, tau/4=0.2500 tau
  Time-domain setup: pad_factor=1, dt=0.2500 tau, tau/4=0.2500 tau
  Time-domain setup: pad_factor=1, dt=0.2500 tau, tau/4=0.2500 tau
  Time-domain setup: pad_factor=1, dt=0.2500 tau, tau/4=0.2500 tau
  Time-domain setup: pad_factor=1, dt=0.2500 tau, tau/4=0.2500 tau
  Time-domain setup: pad_factor=1, dt=0.2500 tau, tau/4=0.2500 tau
  Time-domain setup: pad_factor=1, dt=0.2500 tau, tau/4=0.2500 tau
  Time-domain setup: pad_factor=1, dt=0.2500 tau, tau/4=0.2500 tau
  Time-domain setup: pad_factor=1, dt=0.2500 tau, tau/4=0.2500 tau
  Time-domain setup: pad_factor=1, dt=0.2500 tau, tau/4=0.2500 tau
  Time-domain setup: pad_factor=1, dt=0.2500 tau, tau/4=0.2500 tau
  Time-domain setup: pad_factor=1, dt=0.2500 tau, tau/4=0.2500 tau
  Time-domain setup: pad_factor=1, dt=0.2500 tau, tau/4=0.2500 tau
  Time-domain setup: pad_factor=1, dt=0.2500 tau, tau/4=0.2500 tau
  Time-domain setup: pad_factor=1, dt=0.2500 tau, tau/4=0.2500 tau
  Time-domain setup: pad_factor=1, dt=0.2500 tau, tau/4=0.2500 tau
  Time-domain setup: pad_factor=1, dt=0.2500 tau, tau/4=0.2500 tau
  Time-domain setup: pad_factor=1, dt=0.2500 tau, tau/4=0.2500 tau
  Time-domain setup: pad_factor=1, dt=0.2500 tau, tau/4=0.2500 tau
  Time-domain setup: pad_factor=1, dt=0.2500 tau, tau/4=0.2500 tau
  Time-domain setup: pad_factor=1, dt=0.2500 tau, tau/4=0.2500 tau
  Time-domain setup: pad_factor=1, dt=0.2500 tau, tau/4=0.2500 tau
  Time-domain setup: pad_factor=1, dt=0.2500 tau, tau/4=0.2500 tau
  Time-domain setup: pad_factor=1, dt=0.2500 tau, tau/4=0.2500 tau
  Time-domain setup: pad_factor=1, dt=0.2500 tau, tau/4=0.2500 tau
  Time-domain setup: pad_factor=1, dt=0.2500 tau, tau/4=0.2500 tau
  Time-domain setup: pad_factor=1, dt=0.2500 tau, tau/4=0.2500 tau
  Time-domain setup: pad_factor=1, dt=0.2500 tau, tau/4=0.2500 tau
  Time-domain setup: pad_factor=1, dt=0.2500 tau, tau/4=0.2500 tau
  Time-domain setup: pad_factor=1, dt=0.2500 tau, tau/4=0.2500 tau
  Time-domain setup: pad_factor=1, dt=0.2500 tau, tau/4=0.2500 tau
  Time-domain setup: pad_factor=1, dt=0.2500 tau, tau/4=0.2500 tau
  Time-domain setup: pad_factor=1, dt=0.2500 tau, tau/4=0.2500 tau
  Time-domain setup: pad_factor=1, dt=0.2500 tau, tau/4=0.2500 tau
  Time-domain setup: pad_factor=1, dt=0.2500 tau, tau/4=0.2500 tau
  Time-domain setup: pad_factor=1, dt=0.2500 tau, tau/4=0.2500 tau
  Time-domain setup: pad_factor=1, dt=0.2500 tau, tau/4=0.2500 tau
  Time-domain setup: pad_factor=1, dt=0.2500 tau, tau/4=0.2500 tau
  Time-domain setup: pad_factor=1, dt=0.2500 tau, tau/4=0.2500 tau
  Time-domain setup: pad_factor=1, dt=0.2500 tau, tau/4=0.2500 tau
  Time-domain setup: pad_factor=1, dt=0.2500 tau, tau/4=0.2500 tau
  Time-domain setup: pad_factor=1, dt=0.2500 tau, tau/4=0.2500 tau
  Time-domain setup: pad_factor=1, dt=0.2500 tau, tau/4=0.2500 tau
  Time-domain setup: pad_factor=1, dt=0.2500 tau, tau/4=0.2500 tau
  Time-domain setup: pad_factor=1, dt=0.2500 tau, tau/4=0.2500 tau
  Time-domain setup: pad_factor=1, dt=0.2500 tau, tau/4=0.2500 tau
  Time-domain setup: pad_factor=1, dt=0.2500 tau, tau/4=0.2500 tau
  Time-domain setup: pad_factor=1, dt=0.2500 tau, tau/4=0.2500 tau
  Time-domain setup: pad_factor=1, dt=0.2500 tau, tau/4=0.2500 tau
  Time-domain setup: pad_factor=1, dt=0.2500 tau, tau/4=0.2500 tau
  Time-domain setup: pad_factor=1, dt=0.2500 tau, tau/4=0.2500 tau
  Time-domain setup: pad_factor=1, dt=0.2500 tau, tau/4=0.2500 tau
  Time-domain setup: pad_factor=1, dt=0.2500 tau, tau/4=0.2500 tau
  Time-domain setup: pad_factor=1, dt=0.2500 tau, tau/4=0.2500 tau
  Time-domain setup: pad_factor=1, dt=0.2500 tau, tau/4=0.2500 tau
  Time-domain setup: pad_factor=1, dt=0.2500 tau, tau/4=0.2500 tau
  Time-domain setup: pad_factor=1, dt=0.2500 tau, tau/4=0.2500 tau
  Time-domain setup: pad_factor=1, dt=0.2500 tau, tau/4=0.2500 tau
  Time-domain setup: pad_factor=1, dt=0.2500 tau, tau/4=0.2500 tau
  Time-domain setup: pad_factor=1, dt=0.2500 tau, tau/4=0.2500 tau
  Time-domain setup: pad_factor=1, dt=0.2500 tau, tau/4=0.2500 tau
  Time-domain setup: pad_factor=1, dt=0.2500 tau, tau/4=0.2500 tau
  Time-domain setup: pad_factor=1, dt=0.2500 tau, tau/4=0.2500 tau
  Time-domain setup: pad_factor=1, dt=0.2500 tau, tau/4=0.2500 tau
  Time-domain setup: pad_factor=1, dt=0.2500 tau, tau/4=0.2500 tau
  Time-domain setup: pad_factor=1, dt=0.2500 tau, tau/4=0.2500 tau
  Time-domain setup: pad_factor=1, dt=0.2500 tau, tau/4=0.2500 tau
  Time-domain setup: pad_factor=1, dt=0.2500 tau, tau/4=0.2500 tau
  Time-domain setup: pad_factor=1, dt=0.2500 tau, tau/4=0.2500 tau
  Time-domain setup: pad_factor=1, dt=0.2500 tau, tau/4=0.2500 tau
  Time-domain setup: pad_factor=1, dt=0.2500 tau, tau/4=0.2500 tau
  Time-domain setup: pad_factor=1, dt=0.2500 tau, tau/4=0.2500 tau
  Time-domain setup: pad_factor=1, dt=0.2500 tau, tau/4=0.2500 tau
  Time-domain setup: pad_factor=1, dt=0.2500 tau, tau/4=0.2500 tau
  Time-domain setup: pad_factor=1, dt=0.2500 tau, tau/4=0.2500 tau
  Time-domain setup: pad_factor=1, dt=0.2500 tau, tau/4=0.2500 tau
  Time-domain setup: pad_factor=1, dt=0.2500 tau, tau/4=0.2500 tau
  Time-domain setup: pad_factor=1, dt=0.2500 tau, tau/4=0.2500 tau
  Time-domain setup: pad_factor=1, dt=0.2500 tau, tau/4=0.2500 tau
  Time-domain setup: pad_factor=1, dt=0.2500 tau, tau/4=0.2500 tau
  Time-domain setup: pad_factor=1, dt=0.2500 tau, tau/4=0.2500 tau
  Time-domain setup: pad_factor=1, dt=0.2500 tau, tau/4=0.2500 tau
  Time-domain setup: pad_factor=1, dt=0.2500 tau, tau/4=0.2500 tau
  Time-domain setup: pad_factor=1, dt=0.2500 tau, tau/4=0.2500 tau
  Time-domain setup: pad_factor=1, dt=0.2500 tau, tau/4=0.2500 tau
  Time-domain setup: pad_factor=1, dt=0.2500 tau, tau/4=0.2500 tau
  Time-domain setup: pad_factor=1, dt=0.2500 tau, tau/4=0.2500 tau
  Time-domain setup: pad_factor=1, dt=0.2500 tau, tau/4=0.2500 tau
  Time-domain setup: pad_factor=1, dt=0.2500 tau, tau/4=0.2500 tau
  draw 150/200
  Time-domain setup: pad_factor=1, dt=0.2500 tau, tau/4=0.2500 tau
  Time-domain setup: pad_factor=1, dt=0.2500 tau, tau/4=0.2500 tau
  Time-domain setup: pad_factor=1, dt=0.2500 tau, tau/4=0.2500 tau
  Time-domain setup: pad_factor=1, dt=0.2500 tau, tau/4=0.2500 tau
  Time-domain setup: pad_factor=1, dt=0.2500 tau, tau/4=0.2500 tau
  Time-domain setup: pad_factor=1, dt=0.2500 tau, tau/4=0.2500 tau
  Time-domain setup: pad_factor=1, dt=0.2500 tau, tau/4=0.2500 tau
  Time-domain setup: pad_factor=1, dt=0.2500 tau, tau/4=0.2500 tau
  Time-domain setup: pad_factor=1, dt=0.2500 tau, tau/4=0.2500 tau
  Time-domain setup: pad_factor=1, dt=0.2500 tau, tau/4=0.2500 tau
  Time-domain setup: pad_factor=1, dt=0.2500 tau, tau/4=0.2500 tau
  Time-domain setup: pad_factor=1, dt=0.2500 tau, tau/4=0.2500 tau
  Time-domain setup: pad_factor=1, dt=0.2500 tau, tau/4=0.2500 tau
  Time-domain setup: pad_factor=1, dt=0.2500 tau, tau/4=0.2500 tau
  Time-domain setup: pad_factor=1, dt=0.2500 tau, tau/4=0.2500 tau
  Time-domain setup: pad_factor=1, dt=0.2500 tau, tau/4=0.2500 tau
  Time-domain setup: pad_factor=1, dt=0.2500 tau, tau/4=0.2500 tau
  Time-domain setup: pad_factor=1, dt=0.2500 tau, tau/4=0.2500 tau
  Time-domain setup: pad_factor=1, dt=0.2500 tau, tau/4=0.2500 tau
  Time-domain setup: pad_factor=1, dt=0.2500 tau, tau/4=0.2500 tau
  Time-domain setup: pad_factor=1, dt=0.2500 tau, tau/4=0.2500 tau
  Time-domain setup: pad_factor=1, dt=0.2500 tau, tau/4=0.2500 tau
  Time-domain setup: pad_factor=1, dt=0.2500 tau, tau/4=0.2500 tau
  Time-domain setup: pad_factor=1, dt=0.2500 tau, tau/4=0.2500 tau
  Time-domain setup: pad_factor=1, dt=0.2500 tau, tau/4=0.2500 tau
  Time-domain setup: pad_factor=1, dt=0.2500 tau, tau/4=0.2500 tau
  Time-domain setup: pad_factor=1, dt=0.2500 tau, tau/4=0.2500 tau
  Time-domain setup: pad_factor=1, dt=0.2500 tau, tau/4=0.2500 tau
  Time-domain setup: pad_factor=1, dt=0.2500 tau, tau/4=0.2500 tau
  Time-domain setup: pad_factor=1, dt=0.2500 tau, tau/4=0.2500 tau
  Time-domain setup: pad_factor=1, dt=0.2500 tau, tau/4=0.2500 tau
  Time-domain setup: pad_factor=1, dt=0.2500 tau, tau/4=0.2500 tau
  Time-domain setup: pad_factor=1, dt=0.2500 tau, tau/4=0.2500 tau
  Time-domain setup: pad_factor=1, dt=0.2500 tau, tau/4=0.2500 tau
  Time-domain setup: pad_factor=1, dt=0.2500 tau, tau/4=0.2500 tau
  Time-domain setup: pad_factor=1, dt=0.2500 tau, tau/4=0.2500 tau
  Time-domain setup: pad_factor=1, dt=0.2500 tau, tau/4=0.2500 tau
  Time-domain setup: pad_factor=1, dt=0.2500 tau, tau/4=0.2500 tau
  Time-domain setup: pad_factor=1, dt=0.2500 tau, tau/4=0.2500 tau
  Time-domain setup: pad_factor=1, dt=0.2500 tau, tau/4=0.2500 tau
  Time-domain setup: pad_factor=1, dt=0.2500 tau, tau/4=0.2500 tau
  Time-domain setup: pad_factor=1, dt=0.2500 tau, tau/4=0.2500 tau
  Time-domain setup: pad_factor=1, dt=0.2500 tau, tau/4=0.2500 tau
  Time-domain setup: pad_factor=1, dt=0.2500 tau, tau/4=0.2500 tau
  Time-domain setup: pad_factor=1, dt=0.2500 tau, tau/4=0.2500 tau
  Time-domain setup: pad_factor=1, dt=0.2500 tau, tau/4=0.2500 tau
  Time-domain setup: pad_factor=1, dt=0.2500 tau, tau/4=0.2500 tau
  Time-domain setup: pad_factor=1, dt=0.2500 tau, tau/4=0.2500 tau
  Time-domain setup: pad_factor=1, dt=0.2500 tau, tau/4=0.2500 tau
  Time-domain setup: pad_factor=1, dt=0.2500 tau, tau/4=0.2500 tau
  Time-domain setup: pad_factor=1, dt=0.2500 tau, tau/4=0.2500 tau
  Time-domain setup: pad_factor=1, dt=0.2500 tau, tau/4=0.2500 tau
  Time-domain setup: pad_factor=1, dt=0.2500 tau, tau/4=0.2500 tau
  Time-domain setup: pad_factor=1, dt=0.2500 tau, tau/4=0.2500 tau
  Time-domain setup: pad_factor=1, dt=0.2500 tau, tau/4=0.2500 tau
  Time-domain setup: pad_factor=1, dt=0.2500 tau, tau/4=0.2500 tau
  Time-domain setup: pad_factor=1, dt=0.2500 tau, tau/4=0.2500 tau
  Time-domain setup: pad_factor=1, dt=0.2500 tau, tau/4=0.2500 tau
  Time-domain setup: pad_factor=1, dt=0.2500 tau, tau/4=0.2500 tau
  Time-domain setup: pad_factor=1, dt=0.2500 tau, tau/4=0.2500 tau
  Time-domain setup: pad_factor=1, dt=0.2500 tau, tau/4=0.2500 tau
  Time-domain setup: pad_factor=1, dt=0.2500 tau, tau/4=0.2500 tau
  Time-domain setup: pad_factor=1, dt=0.2500 tau, tau/4=0.2500 tau
  Time-domain setup: pad_factor=1, dt=0.2500 tau, tau/4=0.2500 tau
  Time-domain setup: pad_factor=1, dt=0.2500 tau, tau/4=0.2500 tau
  Time-domain setup: pad_factor=1, dt=0.2500 tau, tau/4=0.2500 tau
  Time-domain setup: pad_factor=1, dt=0.2500 tau, tau/4=0.2500 tau
  Time-domain setup: pad_factor=1, dt=0.2500 tau, tau/4=0.2500 tau
  Time-domain setup: pad_factor=1, dt=0.2500 tau, tau/4=0.2500 tau
  Time-domain setup: pad_factor=1, dt=0.2500 tau, tau/4=0.2500 tau
  Time-domain setup: pad_factor=1, dt=0.2500 tau, tau/4=0.2500 tau
  Time-domain setup: pad_factor=1, dt=0.2500 tau, tau/4=0.2500 tau
  Time-domain setup: pad_factor=1, dt=0.2500 tau, tau/4=0.2500 tau
  Time-domain setup: pad_factor=1, dt=0.2500 tau, tau/4=0.2500 tau
  Time-domain setup: pad_factor=1, dt=0.2500 tau, tau/4=0.2500 tau
  Time-domain setup: pad_factor=1, dt=0.2500 tau, tau/4=0.2500 tau
  Time-domain setup: pad_factor=1, dt=0.2500 tau, tau/4=0.2500 tau
  Time-domain setup: pad_factor=1, dt=0.2500 tau, tau/4=0.2500 tau
  Time-domain setup: pad_factor=1, dt=0.2500 tau, tau/4=0.2500 tau
  Time-domain setup: pad_factor=1, dt=0.2500 tau, tau/4=0.2500 tau
  Time-domain setup: pad_factor=1, dt=0.2500 tau, tau/4=0.2500 tau
  Time-domain setup: pad_factor=1, dt=0.2500 tau, tau/4=0.2500 tau
  Time-domain setup: pad_factor=1, dt=0.2500 tau, tau/4=0.2500 tau
  Time-domain setup: pad_factor=1, dt=0.2500 tau, tau/4=0.2500 tau
  Time-domain setup: pad_factor=1, dt=0.2500 tau, tau/4=0.2500 tau
  Time-domain setup: pad_factor=1, dt=0.2500 tau, tau/4=0.2500 tau
  Time-domain setup: pad_factor=1, dt=0.2500 tau, tau/4=0.2500 tau
  Time-domain setup: pad_factor=1, dt=0.2500 tau, tau/4=0.2500 tau
  Time-domain setup: pad_factor=1, dt=0.2500 tau, tau/4=0.2500 tau
  Time-domain setup: pad_factor=1, dt=0.2500 tau, tau/4=0.2500 tau
  Time-domain setup: pad_factor=1, dt=0.2500 tau, tau/4=0.2500 tau
  Time-domain setup: pad_factor=1, dt=0.2500 tau, tau/4=0.2500 tau
  Time-domain setup: pad_factor=1, dt=0.2500 tau, tau/4=0.2500 tau
  Time-domain setup: pad_factor=1, dt=0.2500 tau, tau/4=0.2500 tau
  Time-domain setup: pad_factor=1, dt=0.2500 tau, tau/4=0.2500 tau
  Time-domain setup: pad_factor=1, dt=0.2500 tau, tau/4=0.2500 tau
  Time-domain setup: pad_factor=1, dt=0.2500 tau, tau/4=0.2500 tau
  Time-domain setup: pad_factor=1, dt=0.2500 tau, tau/4=0.2500 tau
  Time-domain setup: pad_factor=1, dt=0.2500 tau, tau/4=0.2500 tau
  Time-domain setup: pad_factor=1, dt=0.2500 tau, tau/4=0.2500 tau
  Time-domain setup: pad_factor=1, dt=0.2500 tau, tau/4=0.2500 tau
  Time-domain setup: pad_factor=1, dt=0.2500 tau, tau/4=0.2500 tau
  Time-domain setup: pad_factor=1, dt=0.2500 tau, tau/4=0.2500 tau
  Time-domain setup: pad_factor=1, dt=0.2500 tau, tau/4=0.2500 tau
  Time-domain setup: pad_factor=1, dt=0.2500 tau, tau/4=0.2500 tau
  Time-domain setup: pad_factor=1, dt=0.2500 tau, tau/4=0.2500 tau
  Time-domain setup: pad_factor=1, dt=0.2500 tau, tau/4=0.2500 tau
  Time-domain setup: pad_factor=1, dt=0.2500 tau, tau/4=0.2500 tau
  Time-domain setup: pad_factor=1, dt=0.2500 tau, tau/4=0.2500 tau
  Time-domain setup: pad_factor=1, dt=0.2500 tau, tau/4=0.2500 tau
  Time-domain setup: pad_factor=1, dt=0.2500 tau, tau/4=0.2500 tau
  Time-domain setup: pad_factor=1, dt=0.2500 tau, tau/4=0.2500 tau
  Time-domain setup: pad_factor=1, dt=0.2500 tau, tau/4=0.2500 tau
  Time-domain setup: pad_factor=1, dt=0.2500 tau, tau/4=0.2500 tau
  Time-domain setup: pad_factor=1, dt=0.2500 tau, tau/4=0.2500 tau
  Time-domain setup: pad_factor=1, dt=0.2500 tau, tau/4=0.2500 tau
  Time-domain setup: pad_factor=1, dt=0.2500 tau, tau/4=0.2500 tau
  Time-domain setup: pad_factor=1, dt=0.2500 tau, tau/4=0.2500 tau
  Time-domain setup: pad_factor=1, dt=0.2500 tau, tau/4=0.2500 tau
  Time-domain setup: pad_factor=1, dt=0.2500 tau, tau/4=0.2500 tau
  Time-domain setup: pad_factor=1, dt=0.2500 tau, tau/4=0.2500 tau
  Time-domain setup: pad_factor=1, dt=0.2500 tau, tau/4=0.2500 tau
  Time-domain setup: pad_factor=1, dt=0.2500 tau, tau/4=0.2500 tau
  Time-domain setup: pad_factor=1, dt=0.2500 tau, tau/4=0.2500 tau
  Time-domain setup: pad_factor=1, dt=0.2500 tau, tau/4=0.2500 tau
  Time-domain setup: pad_factor=1, dt=0.2500 tau, tau/4=0.2500 tau
  Time-domain setup: pad_factor=1, dt=0.2500 tau, tau/4=0.2500 tau
  Time-domain setup: pad_factor=1, dt=0.2500 tau, tau/4=0.2500 tau
  Time-domain setup: pad_factor=1, dt=0.2500 tau, tau/4=0.2500 tau
  Time-domain setup: pad_factor=1, dt=0.2500 tau, tau/4=0.2500 tau
  Time-domain setup: pad_factor=1, dt=0.2500 tau, tau/4=0.2500 tau
  Time-domain setup: pad_factor=1, dt=0.2500 tau, tau/4=0.2500 tau
  Time-domain setup: pad_factor=1, dt=0.2500 tau, tau/4=0.2500 tau
  Time-domain setup: pad_factor=1, dt=0.2500 tau, tau/4=0.2500 tau
  Time-domain setup: pad_factor=1, dt=0.2500 tau, tau/4=0.2500 tau
  Time-domain setup: pad_factor=1, dt=0.2500 tau, tau/4=0.2500 tau
  Time-domain setup: pad_factor=1, dt=0.2500 tau, tau/4=0.2500 tau
  Time-domain setup: pad_factor=1, dt=0.2500 tau, tau/4=0.2500 tau
  Time-domain setup: pad_factor=1, dt=0.2500 tau, tau/4=0.2500 tau
  Time-domain setup: pad_factor=1, dt=0.2500 tau, tau/4=0.2500 tau
  Time-domain setup: pad_factor=1, dt=0.2500 tau, tau/4=0.2500 tau
  Time-domain setup: pad_factor=1, dt=0.2500 tau, tau/4=0.2500 tau
  Time-domain setup: pad_factor=1, dt=0.2500 tau, tau/4=0.2500 tau
  Time-domain setup: pad_factor=1, dt=0.2500 tau, tau/4=0.2500 tau
  Time-domain setup: pad_factor=1, dt=0.2500 tau, tau/4=0.2500 tau
  Time-domain setup: pad_factor=1, dt=0.2500 tau, tau/4=0.2500 tau
  Time-domain setup: pad_factor=1, dt=0.2500 tau, tau/4=0.2500 tau
  Time-domain setup: pad_factor=1, dt=0.2500 tau, tau/4=0.2500 tau
  Time-domain setup: pad_factor=1, dt=0.2500 tau, tau/4=0.2500 tau
  Time-domain setup: pad_factor=1, dt=0.2500 tau, tau/4=0.2500 tau
  Time-domain setup: pad_factor=1, dt=0.2500 tau, tau/4=0.2500 tau
  Time-domain setup: pad_factor=1, dt=0.2500 tau, tau/4=0.2500 tau
  Time-domain setup: pad_factor=1, dt=0.2500 tau, tau/4=0.2500 tau
  Time-domain setup: pad_factor=1, dt=0.2500 tau, tau/4=0.2500 tau
  Time-domain setup: pad_factor=1, dt=0.2500 tau, tau/4=0.2500 tau
  Time-domain setup: pad_factor=1, dt=0.2500 tau, tau/4=0.2500 tau
  Time-domain setup: pad_factor=1, dt=0.2500 tau, tau/4=0.2500 tau
  Time-domain setup: pad_factor=1, dt=0.2500 tau, tau/4=0.2500 tau
  Time-domain setup: pad_factor=1, dt=0.2500 tau, tau/4=0.2500 tau
  Time-domain setup: pad_factor=1, dt=0.2500 tau, tau/4=0.2500 tau
  Time-domain setup: pad_factor=1, dt=0.2500 tau, tau/4=0.2500 tau
  Time-domain setup: pad_factor=1, dt=0.2500 tau, tau/4=0.2500 tau
  Time-domain setup: pad_factor=1, dt=0.2500 tau, tau/4=0.2500 tau
  Time-domain setup: pad_factor=1, dt=0.2500 tau, tau/4=0.2500 tau
  Time-domain setup: pad_factor=1, dt=0.2500 tau, tau/4=0.2500 tau
  Time-domain setup: pad_factor=1, dt=0.2500 tau, tau/4=0.2500 tau
  Time-domain setup: pad_factor=1, dt=0.2500 tau, tau/4=0.2500 tau
  Time-domain setup: pad_factor=1, dt=0.2500 tau, tau/4=0.2500 tau
  Time-domain setup: pad_factor=1, dt=0.2500 tau, tau/4=0.2500 tau
  Time-domain setup: pad_factor=1, dt=0.2500 tau, tau/4=0.2500 tau
  Time-domain setup: pad_factor=1, dt=0.2500 tau, tau/4=0.2500 tau
  Time-domain setup: pad_factor=1, dt=0.2500 tau, tau/4=0.2500 tau
  Time-domain setup: pad_factor=1, dt=0.2500 tau, tau/4=0.2500 tau
  Time-domain setup: pad_factor=1, dt=0.2500 tau, tau/4=0.2500 tau
  Time-domain setup: pad_factor=1, dt=0.2500 tau, tau/4=0.2500 tau
  draw 175/200
  Time-domain setup: pad_factor=1, dt=0.2500 tau, tau/4=0.2500 tau
  Time-domain setup: pad_factor=1, dt=0.2500 tau, tau/4=0.2500 tau
  Time-domain setup: pad_factor=1, dt=0.2500 tau, tau/4=0.2500 tau
  Time-domain setup: pad_factor=1, dt=0.2500 tau, tau/4=0.2500 tau
  Time-domain setup: pad_factor=1, dt=0.2500 tau, tau/4=0.2500 tau
  Time-domain setup: pad_factor=1, dt=0.2500 tau, tau/4=0.2500 tau
  Time-domain setup: pad_factor=1, dt=0.2500 tau, tau/4=0.2500 tau
  Time-domain setup: pad_factor=1, dt=0.2500 tau, tau/4=0.2500 tau
  Time-domain setup: pad_factor=1, dt=0.2500 tau, tau/4=0.2500 tau
  Time-domain setup: pad_factor=1, dt=0.2500 tau, tau/4=0.2500 tau
  Time-domain setup: pad_factor=1, dt=0.2500 tau, tau/4=0.2500 tau
  Time-domain setup: pad_factor=1, dt=0.2500 tau, tau/4=0.2500 tau
  Time-domain setup: pad_factor=1, dt=0.2500 tau, tau/4=0.2500 tau
  Time-domain setup: pad_factor=1, dt=0.2500 tau, tau/4=0.2500 tau
  Time-domain setup: pad_factor=1, dt=0.2500 tau, tau/4=0.2500 tau
  Time-domain setup: pad_factor=1, dt=0.2500 tau, tau/4=0.2500 tau
  Time-domain setup: pad_factor=1, dt=0.2500 tau, tau/4=0.2500 tau
  Time-domain setup: pad_factor=1, dt=0.2500 tau, tau/4=0.2500 tau
  Time-domain setup: pad_factor=1, dt=0.2500 tau, tau/4=0.2500 tau
  Time-domain setup: pad_factor=1, dt=0.2500 tau, tau/4=0.2500 tau
  Time-domain setup: pad_factor=1, dt=0.2500 tau, tau/4=0.2500 tau
  Time-domain setup: pad_factor=1, dt=0.2500 tau, tau/4=0.2500 tau
  Time-domain setup: pad_factor=1, dt=0.2500 tau, tau/4=0.2500 tau
  Time-domain setup: pad_factor=1, dt=0.2500 tau, tau/4=0.2500 tau
  Time-domain setup: pad_factor=1, dt=0.2500 tau, tau/4=0.2500 tau
  Time-domain setup: pad_factor=1, dt=0.2500 tau, tau/4=0.2500 tau
  Time-domain setup: pad_factor=1, dt=0.2500 tau, tau/4=0.2500 tau
  Time-domain setup: pad_factor=1, dt=0.2500 tau, tau/4=0.2500 tau
  Time-domain setup: pad_factor=1, dt=0.2500 tau, tau/4=0.2500 tau
  Time-domain setup: pad_factor=1, dt=0.2500 tau, tau/4=0.2500 tau
  Time-domain setup: pad_factor=1, dt=0.2500 tau, tau/4=0.2500 tau
  Time-domain setup: pad_factor=1, dt=0.2500 tau, tau/4=0.2500 tau
  Time-domain setup: pad_factor=1, dt=0.2500 tau, tau/4=0.2500 tau
  Time-domain setup: pad_factor=1, dt=0.2500 tau, tau/4=0.2500 tau
  Time-domain setup: pad_factor=1, dt=0.2500 tau, tau/4=0.2500 tau
  Time-domain setup: pad_factor=1, dt=0.2500 tau, tau/4=0.2500 tau
  Time-domain setup: pad_factor=1, dt=0.2500 tau, tau/4=0.2500 tau
  Time-domain setup: pad_factor=1, dt=0.2500 tau, tau/4=0.2500 tau
  Time-domain setup: pad_factor=1, dt=0.2500 tau, tau/4=0.2500 tau
  Time-domain setup: pad_factor=1, dt=0.2500 tau, tau/4=0.2500 tau
  Time-domain setup: pad_factor=1, dt=0.2500 tau, tau/4=0.2500 tau
  Time-domain setup: pad_factor=1, dt=0.2500 tau, tau/4=0.2500 tau
  Time-domain setup: pad_factor=1, dt=0.2500 tau, tau/4=0.2500 tau
  Time-domain setup: pad_factor=1, dt=0.2500 tau, tau/4=0.2500 tau
  Time-domain setup: pad_factor=1, dt=0.2500 tau, tau/4=0.2500 tau
  Time-domain setup: pad_factor=1, dt=0.2500 tau, tau/4=0.2500 tau
  Time-domain setup: pad_factor=1, dt=0.2500 tau, tau/4=0.2500 tau
  Time-domain setup: pad_factor=1, dt=0.2500 tau, tau/4=0.2500 tau
  Time-domain setup: pad_factor=1, dt=0.2500 tau, tau/4=0.2500 tau
  Time-domain setup: pad_factor=1, dt=0.2500 tau, tau/4=0.2500 tau
  Time-domain setup: pad_factor=1, dt=0.2500 tau, tau/4=0.2500 tau
  Time-domain setup: pad_factor=1, dt=0.2500 tau, tau/4=0.2500 tau
  Time-domain setup: pad_factor=1, dt=0.2500 tau, tau/4=0.2500 tau
  Time-domain setup: pad_factor=1, dt=0.2500 tau, tau/4=0.2500 tau
  Time-domain setup: pad_factor=1, dt=0.2500 tau, tau/4=0.2500 tau
  Time-domain setup: pad_factor=1, dt=0.2500 tau, tau/4=0.2500 tau
  Time-domain setup: pad_factor=1, dt=0.2500 tau, tau/4=0.2500 tau
  Time-domain setup: pad_factor=1, dt=0.2500 tau, tau/4=0.2500 tau
  Time-domain setup: pad_factor=1, dt=0.2500 tau, tau/4=0.2500 tau
  Time-domain setup: pad_factor=1, dt=0.2500 tau, tau/4=0.2500 tau
  Time-domain setup: pad_factor=1, dt=0.2500 tau, tau/4=0.2500 tau
  Time-domain setup: pad_factor=1, dt=0.2500 tau, tau/4=0.2500 tau
  Time-domain setup: pad_factor=1, dt=0.2500 tau, tau/4=0.2500 tau
  Time-domain setup: pad_factor=1, dt=0.2500 tau, tau/4=0.2500 tau
  Time-domain setup: pad_factor=1, dt=0.2500 tau, tau/4=0.2500 tau
  Time-domain setup: pad_factor=1, dt=0.2500 tau, tau/4=0.2500 tau
  Time-domain setup: pad_factor=1, dt=0.2500 tau, tau/4=0.2500 tau
  Time-domain setup: pad_factor=1, dt=0.2500 tau, tau/4=0.2500 tau
  Time-domain setup: pad_factor=1, dt=0.2500 tau, tau/4=0.2500 tau
  Time-domain setup: pad_factor=1, dt=0.2500 tau, tau/4=0.2500 tau
  Time-domain setup: pad_factor=1, dt=0.2500 tau, tau/4=0.2500 tau
  Time-domain setup: pad_factor=1, dt=0.2500 tau, tau/4=0.2500 tau
  Time-domain setup: pad_factor=1, dt=0.2500 tau, tau/4=0.2500 tau
  Time-domain setup: pad_factor=1, dt=0.2500 tau, tau/4=0.2500 tau
  Time-domain setup: pad_factor=1, dt=0.2500 tau, tau/4=0.2500 tau
  Time-domain setup: pad_factor=1, dt=0.2500 tau, tau/4=0.2500 tau
  Time-domain setup: pad_factor=1, dt=0.2500 tau, tau/4=0.2500 tau
  Time-domain setup: pad_factor=1, dt=0.2500 tau, tau/4=0.2500 tau
  Time-domain setup: pad_factor=1, dt=0.2500 tau, tau/4=0.2500 tau
  Time-domain setup: pad_factor=1, dt=0.2500 tau, tau/4=0.2500 tau
  Time-domain setup: pad_factor=1, dt=0.2500 tau, tau/4=0.2500 tau
  Time-domain setup: pad_factor=1, dt=0.2500 tau, tau/4=0.2500 tau
  Time-domain setup: pad_factor=1, dt=0.2500 tau, tau/4=0.2500 tau
  Time-domain setup: pad_factor=1, dt=0.2500 tau, tau/4=0.2500 tau
  Time-domain setup: pad_factor=1, dt=0.2500 tau, tau/4=0.2500 tau
  Time-domain setup: pad_factor=1, dt=0.2500 tau, tau/4=0.2500 tau
  Time-domain setup: pad_factor=1, dt=0.2500 tau, tau/4=0.2500 tau
  Time-domain setup: pad_factor=1, dt=0.2500 tau, tau/4=0.2500 tau
  Time-domain setup: pad_factor=1, dt=0.2500 tau, tau/4=0.2500 tau
  Time-domain setup: pad_factor=1, dt=0.2500 tau, tau/4=0.2500 tau
  Time-domain setup: pad_factor=1, dt=0.2500 tau, tau/4=0.2500 tau
  Time-domain setup: pad_factor=1, dt=0.2500 tau, tau/4=0.2500 tau
  Time-domain setup: pad_factor=1, dt=0.2500 tau, tau/4=0.2500 tau
  Time-domain setup: pad_factor=1, dt=0.2500 tau, tau/4=0.2500 tau
  Time-domain setup: pad_factor=1, dt=0.2500 tau, tau/4=0.2500 tau
  Time-domain setup: pad_factor=1, dt=0.2500 tau, tau/4=0.2500 tau
  Time-domain setup: pad_factor=1, dt=0.2500 tau, tau/4=0.2500 tau
  Time-domain setup: pad_factor=1, dt=0.2500 tau, tau/4=0.2500 tau
  Time-domain setup: pad_factor=1, dt=0.2500 tau, tau/4=0.2500 tau
  Time-domain setup: pad_factor=1, dt=0.2500 tau, tau/4=0.2500 tau
  Time-domain setup: pad_factor=1, dt=0.2500 tau, tau/4=0.2500 tau
  Time-domain setup: pad_factor=1, dt=0.2500 tau, tau/4=0.2500 tau
  Time-domain setup: pad_factor=1, dt=0.2500 tau, tau/4=0.2500 tau
  Time-domain setup: pad_factor=1, dt=0.2500 tau, tau/4=0.2500 tau
  Time-domain setup: pad_factor=1, dt=0.2500 tau, tau/4=0.2500 tau
  Time-domain setup: pad_factor=1, dt=0.2500 tau, tau/4=0.2500 tau
  Time-domain setup: pad_factor=1, dt=0.2500 tau, tau/4=0.2500 tau
  Time-domain setup: pad_factor=1, dt=0.2500 tau, tau/4=0.2500 tau
  Time-domain setup: pad_factor=1, dt=0.2500 tau, tau/4=0.2500 tau
  Time-domain setup: pad_factor=1, dt=0.2500 tau, tau/4=0.2500 tau
  Time-domain setup: pad_factor=1, dt=0.2500 tau, tau/4=0.2500 tau
  Time-domain setup: pad_factor=1, dt=0.2500 tau, tau/4=0.2500 tau
  Time-domain setup: pad_factor=1, dt=0.2500 tau, tau/4=0.2500 tau
  Time-domain setup: pad_factor=1, dt=0.2500 tau, tau/4=0.2500 tau
  Time-domain setup: pad_factor=1, dt=0.2500 tau, tau/4=0.2500 tau
  Time-domain setup: pad_factor=1, dt=0.2500 tau, tau/4=0.2500 tau
  Time-domain setup: pad_factor=1, dt=0.2500 tau, tau/4=0.2500 tau
  Time-domain setup: pad_factor=1, dt=0.2500 tau, tau/4=0.2500 tau
  Time-domain setup: pad_factor=1, dt=0.2500 tau, tau/4=0.2500 tau
  Time-domain setup: pad_factor=1, dt=0.2500 tau, tau/4=0.2500 tau
  Time-domain setup: pad_factor=1, dt=0.2500 tau, tau/4=0.2500 tau
  Time-domain setup: pad_factor=1, dt=0.2500 tau, tau/4=0.2500 tau
  Time-domain setup: pad_factor=1, dt=0.2500 tau, tau/4=0.2500 tau
  Time-domain setup: pad_factor=1, dt=0.2500 tau, tau/4=0.2500 tau
  Time-domain setup: pad_factor=1, dt=0.2500 tau, tau/4=0.2500 tau
  Time-domain setup: pad_factor=1, dt=0.2500 tau, tau/4=0.2500 tau
  Time-domain setup: pad_factor=1, dt=0.2500 tau, tau/4=0.2500 tau
  Time-domain setup: pad_factor=1, dt=0.2500 tau, tau/4=0.2500 tau
  Time-domain setup: pad_factor=1, dt=0.2500 tau, tau/4=0.2500 tau
  Time-domain setup: pad_factor=1, dt=0.2500 tau, tau/4=0.2500 tau
  Time-domain setup: pad_factor=1, dt=0.2500 tau, tau/4=0.2500 tau
  Time-domain setup: pad_factor=1, dt=0.2500 tau, tau/4=0.2500 tau
  Time-domain setup: pad_factor=1, dt=0.2500 tau, tau/4=0.2500 tau
  Time-domain setup: pad_factor=1, dt=0.2500 tau, tau/4=0.2500 tau
  Time-domain setup: pad_factor=1, dt=0.2500 tau, tau/4=0.2500 tau
  Time-domain setup: pad_factor=1, dt=0.2500 tau, tau/4=0.2500 tau
  Time-domain setup: pad_factor=1, dt=0.2500 tau, tau/4=0.2500 tau
  Time-domain setup: pad_factor=1, dt=0.2500 tau, tau/4=0.2500 tau
  Time-domain setup: pad_factor=1, dt=0.2500 tau, tau/4=0.2500 tau
  Time-domain setup: pad_factor=1, dt=0.2500 tau, tau/4=0.2500 tau
  Time-domain setup: pad_factor=1, dt=0.2500 tau, tau/4=0.2500 tau
  Time-domain setup: pad_factor=1, dt=0.2500 tau, tau/4=0.2500 tau
  Time-domain setup: pad_factor=1, dt=0.2500 tau, tau/4=0.2500 tau
  Time-domain setup: pad_factor=1, dt=0.2500 tau, tau/4=0.2500 tau
  Time-domain setup: pad_factor=1, dt=0.2500 tau, tau/4=0.2500 tau
  Time-domain setup: pad_factor=1, dt=0.2500 tau, tau/4=0.2500 tau
  Time-domain setup: pad_factor=1, dt=0.2500 tau, tau/4=0.2500 tau
  Time-domain setup: pad_factor=1, dt=0.2500 tau, tau/4=0.2500 tau
  Time-domain setup: pad_factor=1, dt=0.2500 tau, tau/4=0.2500 tau
  Time-domain setup: pad_factor=1, dt=0.2500 tau, tau/4=0.2500 tau
  Time-domain setup: pad_factor=1, dt=0.2500 tau, tau/4=0.2500 tau
  Time-domain setup: pad_factor=1, dt=0.2500 tau, tau/4=0.2500 tau
  Time-domain setup: pad_factor=1, dt=0.2500 tau, tau/4=0.2500 tau
  Time-domain setup: pad_factor=1, dt=0.2500 tau, tau/4=0.2500 tau
  Time-domain setup: pad_factor=1, dt=0.2500 tau, tau/4=0.2500 tau
  Time-domain setup: pad_factor=1, dt=0.2500 tau, tau/4=0.2500 tau
  Time-domain setup: pad_factor=1, dt=0.2500 tau, tau/4=0.2500 tau
  Time-domain setup: pad_factor=1, dt=0.2500 tau, tau/4=0.2500 tau
  Time-domain setup: pad_factor=1, dt=0.2500 tau, tau/4=0.2500 tau
  Time-domain setup: pad_factor=1, dt=0.2500 tau, tau/4=0.2500 tau
  Time-domain setup: pad_factor=1, dt=0.2500 tau, tau/4=0.2500 tau
  Time-domain setup: pad_factor=1, dt=0.2500 tau, tau/4=0.2500 tau
  Time-domain setup: pad_factor=1, dt=0.2500 tau, tau/4=0.2500 tau
  Time-domain setup: pad_factor=1, dt=0.2500 tau, tau/4=0.2500 tau
  Time-domain setup: pad_factor=1, dt=0.2500 tau, tau/4=0.2500 tau
  Time-domain setup: pad_factor=1, dt=0.2500 tau, tau/4=0.2500 tau
  Time-domain setup: pad_factor=1, dt=0.2500 tau, tau/4=0.2500 tau
  Time-domain setup: pad_factor=1, dt=0.2500 tau, tau/4=0.2500 tau
  Time-domain setup: pad_factor=1, dt=0.2500 tau, tau/4=0.2500 tau
  Time-domain setup: pad_factor=1, dt=0.2500 tau, tau/4=0.2500 tau
  Time-domain setup: pad_factor=1, dt=0.2500 tau, tau/4=0.2500 tau
  Time-domain setup: pad_factor=1, dt=0.2500 tau, tau/4=0.2500 tau
  Time-domain setup: pad_factor=1, dt=0.2500 tau, tau/4=0.2500 tau
  Time-domain setup: pad_factor=1, dt=0.2500 tau, tau/4=0.2500 tau
  Time-domain setup: pad_factor=1, dt=0.2500 tau, tau/4=0.2500 tau
  draw 200/200

Predicted infidelity on the reconstructed spectra (central | median [95% CI]):
  Tg=   320.0 tau  known M=64  mqCDD(n=1, m=1)^64 3.545e-02 | 3.560e-02 [3.319e-02, 3.876e-02]
  Tg=   320.0 tau  opt   M=2   NT(127,149)^2      2.616e-02 | 2.628e-02 [2.375e-02, 3.021e-02]
  Tg=   640.0 tau  known M=128 mqCDD(n=1, m=1)^128 6.885e-02 | 6.914e-02 [6.456e-02, 7.518e-02]
  Tg=   640.0 tau  opt   M=1   NT(528,585)^1      4.783e-02 | 4.973e-02 [4.471e-02, 5.716e-02]
  Tg=  1280.0 tau  known M=32  mqCDD(n=4, m=1)^32 1.498e-01 | 1.502e-01 [1.410e-01, 1.627e-01]
  Tg=  1280.0 tau  opt   M=1   NT(1277,1102)^1    9.648e-02 | 9.684e-02 [8.785e-02, 1.111e-01]
  Tg=  2560.0 tau  known M=64  mqCDD(n=4, m=1)^64 2.605e-01 | 2.611e-01 [2.467e-01, 2.803e-01]
  Tg=  2560.0 tau  opt   M=4   NT(591,622)^4      1.811e-01 | 1.821e-01 [1.653e-01, 2.060e-01]
  Tg=  5120.0 tau  known M=128 mqCDD(n=4, m=1)^128 4.245e-01 | 4.251e-01 [4.069e-01, 4.495e-01]
  Tg=  5120.0 tau  opt   M=32  NT(142,145)^32     2.382e-01 | 2.446e-01 [2.275e-01, 2.852e-01]
  Tg= 10240.0 tau  known M=128 mqCDD(n=5, m=1)^128 6.044e-01 | 6.048e-01 [5.918e-01, 6.230e-01]
  Tg= 10240.0 tau  opt   M=32  NT(282,294)^32     3.390e-01 | 3.472e-01 [3.242e-01, 4.219e-01]

NT-vs-known margin (known / opt, central | median [95% CI]):
  Tg=   320.0 tau  1.35x | 1.35x [1.28x, 1.40x]   (mqCDD(n=1, m=1)^64 vs NT(127,149)^2)
  Tg=   640.0 tau  1.44x | 1.39x [1.31x, 1.44x]   (mqCDD(n=1, m=1)^128 vs NT(528,585)^1)
  Tg=  1280.0 tau  1.55x | 1.55x [1.39x, 1.68x]   (mqCDD(n=4, m=1)^32 vs NT(1277,1102)^1)
  Tg=  2560.0 tau  1.44x | 1.43x [1.30x, 1.55x]   (mqCDD(n=4, m=1)^64 vs NT(591,622)^4)
  Tg=  5120.0 tau  1.78x | 1.73x [1.53x, 1.85x]   (mqCDD(n=4, m=1)^128 vs NT(142,145)^32)
  Tg= 10240.0 tau  1.78x | 1.74x [1.45x, 1.84x]   (mqCDD(n=5, m=1)^128 vs NT(282,294)^32)

Saved ensemble to /home/mqasimk/IdeaProjects/QNS-2Q/DraftRun_SPAM_featured_reference/margin_band_id_uncapped.npz
