[cz] max_pulses=0: pulse count limited only by the minimum separation tau (n <= T_seq/tau - 1 per qubit)
Loading reconstructed spectra from /home/mqasimk/IdeaProjects/QNS-2Q/DraftRun_NoSPAM_showcase_cap/specs.npz
  specs spam_protocol: none
[cz] NOTE: flagged (undetermined) DC points in specs: S112, S11, S12, S212, S22
[cz] control-bandwidth scenario: min pulse separation = 8 tau (n <= T_seq/min_sep - 1 per qubit; applied to library, NT search and inits)
Calculated T2 times (Ideal): Q1=3.10e+03 tau, Q2=3.10e+03 tau
Running CZ Optimization (v2) [seed=20260608]...

Gate Time: 40.0 tau (Tg/T2q1=0.0129, Tg/T2q2=0.0129)
  Time-domain setup: pad_factor=1, dt=0.1250 tau, tau/4=0.2500 tau
  No Pulse (Ideal): 1.594283e-03
  Time-domain setup: pad_factor=1, dt=0.2500 tau, tau/4=0.2500 tau
  Best Known (Char): 7.272963e-04 (CDD(1, 1))
  Best Known (Ideal): 5.760289e-04
  Spectrum-informed windows (characterized): [3]
  Auto-selected pulse counts: [3, 2, 1]
  Optimizing n=(3, 3)...
    New Best Opt: 3.591948e-04
  Optimizing n=(3, 2)...
  Optimizing n=(3, 1)...
  Optimizing n=(2, 3)...
  Optimizing n=(2, 2)...
  Optimizing n=(2, 1)...
  Optimizing n=(1, 3)...
  Optimizing n=(1, 2)...
  Optimizing n=(1, 1)...
  Best Opt (Ideal): 3.510017e-04

Gate Time: 80.0 tau (Tg/T2q1=0.0258, Tg/T2q2=0.0258)
  Time-domain setup: pad_factor=1, dt=0.1250 tau, tau/4=0.2500 tau
  No Pulse (Ideal): 5.267546e-03
  Time-domain setup: pad_factor=1, dt=0.2500 tau, tau/4=0.2500 tau
  Best Known (Char): 1.207906e-03 (CDD(2, 2))
  Best Known (Ideal): 1.210697e-03
  Spectrum-informed windows (characterized): [2, 7]
  Auto-selected pulse counts: [8, 7, 6, 5, 4, 3, 2, 1]
  Optimizing n=(8, 8)...
    New Best Opt: 1.170211e-03
  Optimizing n=(8, 7)...
    New Best Opt: 9.746144e-04
  Optimizing n=(8, 6)...
  Optimizing n=(8, 5)...
  Optimizing n=(8, 4)...
  Optimizing n=(7, 8)...
  Optimizing n=(7, 7)...
    New Best Opt: 5.917139e-04
  Optimizing n=(7, 6)...
  Optimizing n=(7, 5)...
  Optimizing n=(7, 4)...
  Optimizing n=(7, 3)...
  Optimizing n=(6, 8)...
  Optimizing n=(6, 7)...
  Optimizing n=(6, 6)...
  Optimizing n=(6, 5)...
  Optimizing n=(6, 4)...
  Optimizing n=(6, 3)...
  Optimizing n=(6, 2)...
  Optimizing n=(5, 8)...
  Optimizing n=(5, 7)...
  Optimizing n=(5, 6)...
  Optimizing n=(5, 5)...
  Optimizing n=(5, 4)...
  Optimizing n=(5, 3)...
  Optimizing n=(5, 2)...
  Optimizing n=(5, 1)...
  Optimizing n=(4, 8)...
  Optimizing n=(4, 7)...
  Optimizing n=(4, 6)...
  Optimizing n=(4, 5)...
  Optimizing n=(4, 4)...
  Optimizing n=(4, 3)...
  Optimizing n=(4, 2)...
  Optimizing n=(4, 1)...
  Optimizing n=(3, 7)...
  Optimizing n=(3, 6)...
  Optimizing n=(3, 5)...
  Optimizing n=(3, 4)...
  Optimizing n=(3, 3)...
  Optimizing n=(3, 2)...
  Optimizing n=(3, 1)...
  Optimizing n=(2, 6)...
  Optimizing n=(2, 5)...
  Optimizing n=(2, 4)...
  Optimizing n=(2, 3)...
  Optimizing n=(2, 2)...
  Optimizing n=(2, 1)...
  Optimizing n=(1, 5)...
  Optimizing n=(1, 4)...
  Optimizing n=(1, 3)...
  Optimizing n=(1, 2)...
  Optimizing n=(1, 1)...
  Best Opt (Ideal): 3.935393e-04

Gate Time: 160.0 tau (Tg/T2q1=0.0516, Tg/T2q2=0.0516)
  Time-domain setup: pad_factor=1, dt=0.1250 tau, tau/4=0.2500 tau
  No Pulse (Ideal): 1.839471e-02
  Time-domain setup: pad_factor=1, dt=0.2500 tau, tau/4=0.2500 tau
  Best Known (Char): 2.857331e-03 (CDD(3, 3))
  Best Known (Ideal): 2.795800e-03
  Spectrum-informed windows (characterized): [2, 5, 14]
  Auto-selected pulse counts: [18, 17, 16, 15, 14, 13, 10, 9, 8, 6, 5, 4, 3, 2, 1]
  Optimizing n=(18, 18)...
    New Best Opt: 2.744862e-03
  Optimizing n=(18, 17)...
    New Best Opt: 2.588688e-03
  Optimizing n=(18, 16)...
    New Best Opt: 1.935306e-03
  Optimizing n=(18, 15)...
    New Best Opt: 1.727623e-03
  Optimizing n=(18, 14)...
    New Best Opt: 1.644127e-03
  Optimizing n=(17, 18)...
  Optimizing n=(17, 17)...
  Optimizing n=(17, 16)...
  Optimizing n=(17, 15)...
  Optimizing n=(17, 14)...
  Optimizing n=(17, 13)...
  Optimizing n=(16, 18)...
  Optimizing n=(16, 17)...
  Optimizing n=(16, 16)...
  Optimizing n=(16, 15)...
    New Best Opt: 1.164357e-03
  Optimizing n=(16, 14)...
    New Best Opt: 1.006725e-03
  Optimizing n=(16, 13)...
  Optimizing n=(15, 18)...
  Optimizing n=(15, 17)...
  Optimizing n=(15, 16)...
  Optimizing n=(15, 15)...
    New Best Opt: 7.773201e-04
  Optimizing n=(15, 14)...
    New Best Opt: 6.989130e-04
  Optimizing n=(15, 13)...
  Optimizing n=(14, 18)...
  Optimizing n=(14, 17)...
  Optimizing n=(14, 16)...
  Optimizing n=(14, 15)...
  Optimizing n=(14, 14)...
    New Best Opt: 5.219187e-04
  Optimizing n=(14, 13)...
  Optimizing n=(14, 10)...
  Optimizing n=(13, 17)...
  Optimizing n=(13, 16)...
  Optimizing n=(13, 15)...
  Optimizing n=(13, 14)...
  Optimizing n=(13, 13)...
  Optimizing n=(13, 10)...
  Optimizing n=(13, 9)...
  Optimizing n=(10, 14)...
  Optimizing n=(10, 13)...
  Optimizing n=(10, 10)...
  Optimizing n=(10, 9)...
  Optimizing n=(10, 8)...
  Optimizing n=(10, 6)...
  Optimizing n=(9, 13)...
  Optimizing n=(9, 10)...
  Optimizing n=(9, 9)...
  Optimizing n=(9, 8)...
  Optimizing n=(9, 6)...
  Optimizing n=(9, 5)...
  Optimizing n=(8, 10)...
  Optimizing n=(8, 9)...
  Optimizing n=(8, 8)...
  Optimizing n=(8, 6)...
  Optimizing n=(8, 5)...
  Optimizing n=(8, 4)...
  Optimizing n=(6, 10)...
  Optimizing n=(6, 9)...
  Optimizing n=(6, 8)...
  Optimizing n=(6, 6)...
  Optimizing n=(6, 5)...
  Optimizing n=(6, 4)...
  Optimizing n=(6, 3)...
  Optimizing n=(6, 2)...
  Optimizing n=(5, 9)...
  Optimizing n=(5, 8)...
  Optimizing n=(5, 6)...
  Optimizing n=(5, 5)...
  Optimizing n=(5, 4)...
  Optimizing n=(5, 3)...
  Optimizing n=(5, 2)...
  Optimizing n=(5, 1)...
  Optimizing n=(4, 8)...
  Optimizing n=(4, 6)...
  Optimizing n=(4, 5)...
  Optimizing n=(4, 4)...
  Optimizing n=(4, 3)...
  Optimizing n=(4, 2)...
  Optimizing n=(4, 1)...
  Optimizing n=(3, 6)...
  Optimizing n=(3, 5)...
  Optimizing n=(3, 4)...
  Optimizing n=(3, 3)...
  Optimizing n=(3, 2)...
  Optimizing n=(3, 1)...
  Optimizing n=(2, 6)...
  Optimizing n=(2, 5)...
  Optimizing n=(2, 4)...
  Optimizing n=(2, 3)...
  Optimizing n=(2, 2)...
  Optimizing n=(2, 1)...
  Optimizing n=(1, 5)...
  Optimizing n=(1, 4)...
  Optimizing n=(1, 3)...
  Optimizing n=(1, 2)...
  Optimizing n=(1, 1)...
  Best Opt (Ideal): 3.747899e-04

Gate Time: 1280.0 tau (Tg/T2q1=0.4128, Tg/T2q2=0.4127)
  Time-domain setup: pad_factor=1, dt=0.1250 tau, tau/4=0.2500 tau
  No Pulse (Ideal): 3.914388e-01
  Time-domain setup: pad_factor=1, dt=0.2500 tau, tau/4=0.2500 tau
  Best Known (Char): 2.143051e-02 (CDD(6, 6))
  Best Known (Ideal): 2.120982e-02
  Spectrum-informed windows (characterized): [112, 115, 118]
  Auto-selected pulse counts: [158, 157, 156, 119, 118, 117, 116, 115, 114, 113, 112, 111, 80, 79, 78]
  Optimizing n=(158, 158)...
    New Best Opt: 2.049638e-02
  Optimizing n=(158, 157)...
    New Best Opt: 2.041769e-02
  Optimizing n=(158, 156)...
  Optimizing n=(157, 158)...
  Optimizing n=(157, 157)...
  Optimizing n=(157, 156)...
  Optimizing n=(156, 158)...
  Optimizing n=(156, 157)...
  Optimizing n=(156, 156)...
  Optimizing n=(119, 119)...
    New Best Opt: 1.027145e-03
  Optimizing n=(119, 118)...
    New Best Opt: 7.862020e-04
  Optimizing n=(119, 117)...
  Optimizing n=(119, 116)...
  Optimizing n=(119, 115)...
  Optimizing n=(118, 119)...
  Optimizing n=(118, 118)...
  Optimizing n=(118, 117)...
  Optimizing n=(118, 116)...
  Optimizing n=(118, 115)...
  Optimizing n=(118, 114)...
  Optimizing n=(117, 119)...
  Optimizing n=(117, 118)...
  Optimizing n=(117, 117)...
  Optimizing n=(117, 116)...
  Optimizing n=(117, 115)...
  Optimizing n=(117, 114)...
  Optimizing n=(117, 113)...
  Optimizing n=(116, 119)...
  Optimizing n=(116, 118)...
  Optimizing n=(116, 117)...
  Optimizing n=(116, 116)...
  Optimizing n=(116, 115)...
  Optimizing n=(116, 114)...
  Optimizing n=(116, 113)...
  Optimizing n=(116, 112)...
  Optimizing n=(115, 119)...
  Optimizing n=(115, 118)...
  Optimizing n=(115, 117)...
  Optimizing n=(115, 116)...
  Optimizing n=(115, 115)...
  Optimizing n=(115, 114)...
  Optimizing n=(115, 113)...
  Optimizing n=(115, 112)...
  Optimizing n=(115, 111)...
  Optimizing n=(114, 118)...
  Optimizing n=(114, 117)...
  Optimizing n=(114, 116)...
  Optimizing n=(114, 115)...
  Optimizing n=(114, 114)...
  Optimizing n=(114, 113)...
  Optimizing n=(114, 112)...
  Optimizing n=(114, 111)...
  Optimizing n=(113, 117)...
  Optimizing n=(113, 116)...
  Optimizing n=(113, 115)...
  Optimizing n=(113, 114)...
  Optimizing n=(113, 113)...
  Optimizing n=(113, 112)...
  Optimizing n=(113, 111)...
  Optimizing n=(112, 116)...
  Optimizing n=(112, 115)...
  Optimizing n=(112, 114)...
  Optimizing n=(112, 113)...
  Optimizing n=(112, 112)...
  Optimizing n=(112, 111)...
  Optimizing n=(111, 115)...
  Optimizing n=(111, 114)...
  Optimizing n=(111, 113)...
  Optimizing n=(111, 112)...
  Optimizing n=(111, 111)...
  Optimizing n=(80, 80)...
  Optimizing n=(80, 79)...
  Optimizing n=(80, 78)...
  Optimizing n=(79, 80)...
  Optimizing n=(79, 79)...
  Optimizing n=(79, 78)...
  Optimizing n=(78, 80)...
  Optimizing n=(78, 79)...
  Optimizing n=(78, 78)...
  Best Opt (Ideal): 5.966721e-04
Saved all plotting data to /home/mqasimk/IdeaProjects/QNS-2Q/DraftRun_NoSPAM_showcase_cap/plotting_data/plotting_data_cz_v2_cap_short.npz

To generate plots, run:
  python plot_optimization.py --data-dir /home/mqasimk/IdeaProjects/QNS-2Q/DraftRun_NoSPAM_showcase_cap --gate-type cz
