=== SPAM 4-ARM RE-RUN on anchored model (T2*=800tau, featured) — Wed Jun 10 10:25:18 AM EDT 2026 ===
--- arm: reference (experiments, --medium) — Wed Jun 10 10:25:18 AM EDT 2026 ---
[spam] protocol=reference reduced=False medium=True strong=False -> DraftRun_SPAM_featured_reference
Running QNS experiments [seed=20260608]...
SPAM protocol: none
Running experiment: C_12_0_MT_1
--- C_12_0_MT_1 completed in 174.57s ---
Running experiment: C_12_0_MT_2
--- C_12_0_MT_2 completed in 174.45s ---
Running experiment: C_12_0_MT_3
--- C_12_0_MT_3 completed in 170.34s ---
Running experiment: C_12_12_MT_1
--- C_12_12_MT_1 completed in 170.47s ---
Running experiment: C_12_12_MT_2
--- C_12_12_MT_2 completed in 170.35s ---
Running experiment: C_1_0_MT_1
--- C_1_0_MT_1 completed in 87.21s ---
Running experiment: C_2_0_MT_1
--- C_2_0_MT_1 completed in 85.61s ---
Running experiment: C_12_0_MT_4
--- C_12_0_MT_4 completed in 170.47s ---
Running experiment: C_1_2_MT_1
--- C_1_2_MT_1 completed in 85.40s ---
Running experiment: C_1_2_MT_2
--- C_1_2_MT_2 completed in 86.68s ---
Running experiment: C_2_1_MT_1
--- C_2_1_MT_1 completed in 85.39s ---
Running experiment: C_2_1_MT_2
--- C_2_1_MT_2 completed in 85.91s ---
Running DC sweep: C_1_0_FIDCDD3 over m=[1, 2, 3, 4, 5, 6, 7, 8, 9, 10]
--- C_1_0_FIDCDD3 sweep done in 64.29s ---
Running DC sweep: C_2_0_CDD3FID over m=[1, 2, 3, 4, 5, 6, 7, 8, 9, 10]
--- C_2_0_CDD3FID sweep done in 42.05s ---
Running DC sweep: C_1_0_FIDFID over m=[1, 2, 3, 4, 5, 6, 7, 8, 9, 10]
--- C_1_0_FIDFID sweep done in 42.46s ---
Running DC sweep: C_2_0_FIDFID over m=[1, 2, 3, 4, 5, 6, 7, 8, 9, 10]
--- C_2_0_FIDFID sweep done in 43.65s ---
Running DC sweep: C_12_0_FID_FID over m=[1, 2, 3, 4, 5, 6, 7, 8, 9, 10]
--- C_12_0_FID_FID sweep done in 84.46s ---
Running DC sweep: C_12_12_FID over m=[1, 2, 3, 4, 5, 6, 7, 8, 9, 10]
--- C_12_12_FID sweep done in 83.87s ---
Running DC sweep: C_1_12_FID over m=[1, 2, 3, 4, 5, 6, 7, 8, 9, 10]
--- C_1_12_FID sweep done in 42.05s ---
Running DC sweep: C_2_12_FID over m=[1, 2, 3, 4, 5, 6, 7, 8, 9, 10]
--- C_2_12_FID sweep done in 42.04s ---
Results saved to /home/mqasimk/IdeaProjects/QNS-2Q/DraftRun_SPAM_featured_reference
--- arm: reference (reconstruct) — Wed Jun 10 10:58:32 AM EDT 2026 ---
DC values (reliable?): S_11(0)=2.714e-03(True), S_22(0)=2.735e-03(True), S_1212(0)=4.533e-04(False)
[systematic] folded sigma_sys per spectrum (forward-model comb bias; RMS over harmonics, |DC bias|):
       S11: harmonic RMS =  4.715e-05  |DC bias| =  1.185e-05
       S22: harmonic RMS =  7.032e-05  |DC bias| =  1.196e-05
     S1212: harmonic RMS =  3.931e-06  |DC bias| =  2.474e-06  [DC flagged: not determined]
       S12: harmonic RMS =  3.769e-05  |DC bias| =  1.982e-05  [DC flagged: not determined]
      S112: harmonic RMS =  1.677e-05  |DC bias| =  6.825e-06
      S212: harmonic RMS =  1.650e-05  |DC bias| =  1.265e-06  [DC flagged: not determined]
Saved combined spectra plot to /home/mqasimk/IdeaProjects/QNS-2Q/DraftRun_SPAM_featured_reference/figures/reconstruction/spectral_reconstruction_all_pub.pdf
Saved cross-spectra plot to /home/mqasimk/IdeaProjects/QNS-2Q/DraftRun_SPAM_featured_reference/figures/reconstruction/spectral_reconstruction_cross_pub.pdf
--- arm: raw (experiments, --medium) — Wed Jun 10 10:59:15 AM EDT 2026 ---
[spam] protocol=raw reduced=False medium=True strong=False -> DraftRun_SPAM_featured_raw
Running QNS experiments [seed=20260608]...
SPAM protocol: raw
Running experiment: C_12_0_MT_1
--- C_12_0_MT_1 completed in 176.54s ---
Running experiment: C_12_0_MT_2
--- C_12_0_MT_2 completed in 181.18s ---
Running experiment: C_12_0_MT_3
--- C_12_0_MT_3 completed in 171.32s ---
Running experiment: C_12_12_MT_1
--- C_12_12_MT_1 completed in 171.08s ---
Running experiment: C_12_12_MT_2
--- C_12_12_MT_2 completed in 171.64s ---
Running experiment: C_1_0_MT_1
--- C_1_0_MT_1 completed in 88.96s ---
Running experiment: C_2_0_MT_1
--- C_2_0_MT_1 completed in 85.78s ---
Running experiment: C_12_0_MT_4
--- C_12_0_MT_4 completed in 170.51s ---
Running experiment: C_1_2_MT_1
--- C_1_2_MT_1 completed in 85.39s ---
Running experiment: C_1_2_MT_2
--- C_1_2_MT_2 completed in 86.64s ---
Running experiment: C_2_1_MT_1
--- C_2_1_MT_1 completed in 85.49s ---
Running experiment: C_2_1_MT_2
--- C_2_1_MT_2 completed in 85.91s ---
Running DC sweep: C_1_0_FIDCDD3 over m=[1, 2, 3, 4, 5, 6, 7, 8, 9, 10]
--- C_1_0_FIDCDD3 sweep done in 63.76s ---
Running DC sweep: C_2_0_CDD3FID over m=[1, 2, 3, 4, 5, 6, 7, 8, 9, 10]
--- C_2_0_CDD3FID sweep done in 42.04s ---
Running DC sweep: C_1_0_FIDFID over m=[1, 2, 3, 4, 5, 6, 7, 8, 9, 10]
--- C_1_0_FIDFID sweep done in 42.01s ---
Running DC sweep: C_2_0_FIDFID over m=[1, 2, 3, 4, 5, 6, 7, 8, 9, 10]
--- C_2_0_FIDFID sweep done in 42.03s ---
Running DC sweep: C_12_0_FID_FID over m=[1, 2, 3, 4, 5, 6, 7, 8, 9, 10]
--- C_12_0_FID_FID sweep done in 83.93s ---
Running DC sweep: C_12_12_FID over m=[1, 2, 3, 4, 5, 6, 7, 8, 9, 10]
--- C_12_12_FID sweep done in 83.87s ---
Running DC sweep: C_1_12_FID over m=[1, 2, 3, 4, 5, 6, 7, 8, 9, 10]
--- C_1_12_FID sweep done in 42.01s ---
Running DC sweep: C_2_12_FID over m=[1, 2, 3, 4, 5, 6, 7, 8, 9, 10]
--- C_2_12_FID sweep done in 42.10s ---
Results saved to /home/mqasimk/IdeaProjects/QNS-2Q/DraftRun_SPAM_featured_raw
--- arm: raw (reconstruct) — Wed Jun 10 11:32:39 AM EDT 2026 ---
DC values (reliable?): S_11(0)=2.412e-03(True), S_22(0)=2.942e-03(False), S_1212(0)=3.483e-04(False)
[systematic] folded sigma_sys per spectrum (forward-model comb bias; RMS over harmonics, |DC bias|):
       S11: harmonic RMS =  4.715e-05  |DC bias| =  1.185e-05
       S22: harmonic RMS =  7.032e-05  |DC bias| =  1.196e-05  [DC flagged: not determined]
     S1212: harmonic RMS =  3.931e-06  |DC bias| =  2.474e-06  [DC flagged: not determined]
       S12: harmonic RMS =  3.769e-05  |DC bias| =  1.982e-05  [DC flagged: not determined]
      S112: harmonic RMS =  1.677e-05  |DC bias| =  6.825e-06  [DC flagged: not determined]
      S212: harmonic RMS =  1.650e-05  |DC bias| =  1.265e-06  [DC flagged: not determined]
Saved combined spectra plot to /home/mqasimk/IdeaProjects/QNS-2Q/DraftRun_SPAM_featured_raw/figures/reconstruction/spectral_reconstruction_all_pub.pdf
Saved cross-spectra plot to /home/mqasimk/IdeaProjects/QNS-2Q/DraftRun_SPAM_featured_raw/figures/reconstruction/spectral_reconstruction_cross_pub.pdf
--- arm: mitigated (experiments, --medium) — Wed Jun 10 11:33:21 AM EDT 2026 ---
[spam] protocol=mitigated reduced=False medium=True strong=False -> DraftRun_SPAM_featured_mitigated
Running QNS experiments [seed=20260608]...
SPAM protocol: mitigated
Running experiment: C_12_0_MT_1
--- C_12_0_MT_1 completed in 174.50s ---
Running experiment: C_12_0_MT_2
--- C_12_0_MT_2 completed in 174.54s ---
Running experiment: C_12_0_MT_3
--- C_12_0_MT_3 completed in 170.39s ---
Running experiment: C_12_12_MT_1
--- C_12_12_MT_1 completed in 170.65s ---
Running experiment: C_12_12_MT_2
--- C_12_12_MT_2 completed in 170.41s ---
Running experiment: C_1_0_MT_1
--- C_1_0_MT_1 completed in 87.25s ---
Running experiment: C_2_0_MT_1
--- C_2_0_MT_1 completed in 85.64s ---
Running experiment: C_12_0_MT_4
--- C_12_0_MT_4 completed in 170.53s ---
Running experiment: C_1_2_MT_1
--- C_1_2_MT_1 completed in 85.44s ---
Running experiment: C_1_2_MT_2
--- C_1_2_MT_2 completed in 86.71s ---
Running experiment: C_2_1_MT_1
--- C_2_1_MT_1 completed in 85.41s ---
Running experiment: C_2_1_MT_2
--- C_2_1_MT_2 completed in 85.99s ---
Running DC sweep: C_1_0_FIDCDD3 over m=[1, 2, 3, 4, 5, 6, 7, 8, 9, 10]
--- C_1_0_FIDCDD3 sweep done in 64.00s ---
Running DC sweep: C_2_0_CDD3FID over m=[1, 2, 3, 4, 5, 6, 7, 8, 9, 10]
--- C_2_0_CDD3FID sweep done in 42.06s ---
Running DC sweep: C_1_0_FIDFID over m=[1, 2, 3, 4, 5, 6, 7, 8, 9, 10]
--- C_1_0_FIDFID sweep done in 42.03s ---
Running DC sweep: C_2_0_FIDFID over m=[1, 2, 3, 4, 5, 6, 7, 8, 9, 10]
--- C_2_0_FIDFID sweep done in 42.03s ---
Running DC sweep: C_12_0_FID_FID over m=[1, 2, 3, 4, 5, 6, 7, 8, 9, 10]
--- C_12_0_FID_FID sweep done in 84.36s ---
Running DC sweep: C_12_12_FID over m=[1, 2, 3, 4, 5, 6, 7, 8, 9, 10]
--- C_12_12_FID sweep done in 85.24s ---
Running DC sweep: C_1_12_FID over m=[1, 2, 3, 4, 5, 6, 7, 8, 9, 10]
--- C_1_12_FID sweep done in 42.03s ---
Running DC sweep: C_2_12_FID over m=[1, 2, 3, 4, 5, 6, 7, 8, 9, 10]
--- C_2_12_FID sweep done in 42.02s ---
Results saved to /home/mqasimk/IdeaProjects/QNS-2Q/DraftRun_SPAM_featured_mitigated
--- arm: mitigated (reconstruct) — Wed Jun 10 12:06:35 PM EDT 2026 ---
DC values (reliable?): S_11(0)=2.716e-03(True), S_22(0)=2.739e-03(True), S_1212(0)=4.424e-04(False)
[systematic] folded sigma_sys per spectrum (forward-model comb bias; RMS over harmonics, |DC bias|):
       S11: harmonic RMS =  4.715e-05  |DC bias| =  1.185e-05
       S22: harmonic RMS =  7.032e-05  |DC bias| =  1.196e-05
     S1212: harmonic RMS =  3.931e-06  |DC bias| =  2.474e-06  [DC flagged: not determined]
       S12: harmonic RMS =  3.769e-05  |DC bias| =  1.982e-05  [DC flagged: not determined]
      S112: harmonic RMS =  1.677e-05  |DC bias| =  6.825e-06
      S212: harmonic RMS =  1.650e-05  |DC bias| =  1.265e-06  [DC flagged: not determined]
Saved combined spectra plot to /home/mqasimk/IdeaProjects/QNS-2Q/DraftRun_SPAM_featured_mitigated/figures/reconstruction/spectral_reconstruction_all_pub.pdf
Saved cross-spectra plot to /home/mqasimk/IdeaProjects/QNS-2Q/DraftRun_SPAM_featured_mitigated/figures/reconstruction/spectral_reconstruction_cross_pub.pdf
--- arm: robust (experiments, --medium) — Wed Jun 10 12:07:17 PM EDT 2026 ---
[spam] protocol=robust reduced=False medium=True strong=False -> DraftRun_SPAM_featured_robust
Running QNS experiments [seed=20260608]...
SPAM protocol: robust
Running experiment: C_12_0_MT_1 [M=6]
--- C_12_0_MT_1 [M=6] completed in 340.99s ---
Running experiment: C_12_0_MT_1 [M=8]
--- C_12_0_MT_1 [M=8] completed in 341.60s ---
Running experiment: C_12_0_MT_1 [M=10]
--- C_12_0_MT_1 [M=10] completed in 343.87s ---
Running experiment: C_12_0_MT_2 [M=6]
--- C_12_0_MT_2 [M=6] completed in 341.07s ---
Running experiment: C_12_0_MT_2 [M=8]
--- C_12_0_MT_2 [M=8] completed in 339.58s ---
Running experiment: C_12_0_MT_2 [M=10]
--- C_12_0_MT_2 [M=10] completed in 343.02s ---
Running experiment: C_12_0_MT_3 [M=6]
--- C_12_0_MT_3 [M=6] completed in 336.89s ---
Running experiment: C_12_0_MT_3 [M=8]
--- C_12_0_MT_3 [M=8] completed in 339.08s ---
Running experiment: C_12_0_MT_3 [M=10]
--- C_12_0_MT_3 [M=10] completed in 341.29s ---
Running experiment: C_12_0_MT_4 [M=6]
--- C_12_0_MT_4 [M=6] completed in 338.55s ---
Running experiment: C_12_0_MT_4 [M=8]
--- C_12_0_MT_4 [M=8] completed in 339.37s ---
Running experiment: C_12_0_MT_4 [M=10]
--- C_12_0_MT_4 [M=10] completed in 341.55s ---
Running experiment: C_1_0_MT_1 [M=6]
--- C_1_0_MT_1 [M=6] completed in 169.06s ---
Running experiment: C_1_0_MT_1 [M=8]
--- C_1_0_MT_1 [M=8] completed in 169.64s ---
Running experiment: C_1_0_MT_1 [M=10]
--- C_1_0_MT_1 [M=10] completed in 170.78s ---
Running experiment: C_2_0_MT_1 [M=6]
--- C_2_0_MT_1 [M=6] completed in 168.52s ---
Running experiment: C_2_0_MT_1 [M=8]
--- C_2_0_MT_1 [M=8] completed in 169.63s ---
Running experiment: C_2_0_MT_1 [M=10]
--- C_2_0_MT_1 [M=10] completed in 171.38s ---
Running experiment: C_12_12_MT_1
--- C_12_12_MT_1 completed in 341.48s ---
Running experiment: C_12_12_MT_2
--- C_12_12_MT_2 completed in 341.41s ---
Running DC sweep: C_1_0_FIDCDD3 over m=[1, 2, 3, 4, 5, 6, 7, 8, 9, 10]
--- C_1_0_FIDCDD3 sweep done in 101.42s ---
Running DC sweep: C_2_0_CDD3FID over m=[1, 2, 3, 4, 5, 6, 7, 8, 9, 10]
--- C_2_0_CDD3FID sweep done in 83.95s ---
Running DC sweep: C_1_0_FIDFID over m=[1, 2, 3, 4, 5, 6, 7, 8, 9, 10]
--- C_1_0_FIDFID sweep done in 83.95s ---
Running DC sweep: C_2_0_FIDFID over m=[1, 2, 3, 4, 5, 6, 7, 8, 9, 10]
--- C_2_0_FIDFID sweep done in 83.99s ---
Running DC sweep: C_12_0_FID_FID over m=[1, 2, 3, 4, 5, 6, 7, 8, 9, 10]
--- C_12_0_FID_FID sweep done in 168.09s ---
Running DC sweep: C_12_12_FID over m=[1, 2, 3, 4, 5, 6, 7, 8, 9, 10]
--- C_12_12_FID sweep done in 168.10s ---
Results saved to /home/mqasimk/IdeaProjects/QNS-2Q/DraftRun_SPAM_featured_robust
--- arm: robust (reconstruct) — Wed Jun 10 01:55:18 PM EDT 2026 ---
[robust] S_1_12 / S_2_12 are not accessible under the SPAM-robust protocol; quoting NaN.
DC values (reliable?): S_11(0)=2.554e-03(True), S_22(0)=2.739e-03(True), S_1212(0)=5.757e-04(False)
[systematic] folded sigma_sys per spectrum (forward-model comb bias; RMS over harmonics, |DC bias|):
       S11: harmonic RMS =  4.715e-05  |DC bias| =  1.185e-05
       S22: harmonic RMS =  7.032e-05  |DC bias| =  1.196e-05
     S1212: harmonic RMS =  3.931e-06  |DC bias| =  2.474e-06  [DC flagged: not determined]
       S12: harmonic RMS =  3.769e-05  |DC bias| =  1.982e-05  [DC flagged: not determined]
      S112: harmonic RMS =  1.677e-05  |DC bias| =  6.825e-06  [DC flagged: not determined]
      S212: harmonic RMS =  1.650e-05  |DC bias| =  1.265e-06  [DC flagged: not determined]
Saved combined spectra plot to /home/mqasimk/IdeaProjects/QNS-2Q/DraftRun_SPAM_featured_robust/figures/reconstruction/spectral_reconstruction_all_pub.pdf
Saved cross-spectra plot to /home/mqasimk/IdeaProjects/QNS-2Q/DraftRun_SPAM_featured_robust/figures/reconstruction/spectral_reconstruction_cross_pub.pdf
=== protocol comparison — Wed Jun 10 01:55:54 PM EDT 2026 ===
spectrum |              reference |                    raw |              mitigated |                 robust
         |     med rel.dev / pull |     med rel.dev / pull |     med rel.dev / pull |     med rel.dev / pull
--------------------------------------------------------------------------------------------------------------
     S11 |        1.81% /    0.84 |        1.95% /    0.91 |        1.81% /    0.84 |        1.86% /    0.70
     S22 |        1.43% /    0.97 |        1.18% /    0.88 |        1.43% /    0.97 |        1.54% /    1.07
   S1212 |        6.53% /    0.86 |        5.44% /    0.86 |        6.53% /    0.88 |       11.23% /    1.10
     S12 |        5.44% /    1.05 |        5.45% /    0.98 |        5.44% /    1.06 |        3.89% /    0.90
    S112 |        5.17% /    0.63 |        4.90% /    0.80 |        5.10% /    0.64 |   n/a (not accessible)
    S212 |       30.89% /    0.82 |       30.96% /    0.86 |       30.84% /    0.82 |   n/a (not accessible)

Saved comparison figure to /home/mqasimk/IdeaProjects/QNS-2Q/DraftRun_SPAM_featured_mitigated/figures/spam_protocol_comparison.pdf
=== SPAM RE-RUN COMPLETE — Wed Jun 10 01:55:56 PM EDT 2026 ===
