=== RE-RECORD 64k (echo DC observables; t_grain 1200, w_grain 500) ===
Running QNS experiments [seed=20260608]...
SPAM protocol: none
[dataset] recording phase coefficients -> /home/mqasimk/IdeaProjects/QNS-2Q/DraftRun_SPAM_featured_reference/phases.npz
Running experiment: C_12_0_MT_1
--- C_12_0_MT_1 completed in 35.61s ---
Running experiment: C_12_0_MT_2
--- C_12_0_MT_2 completed in 33.04s ---
Running experiment: C_12_0_MT_3
--- C_12_0_MT_3 completed in 28.91s ---
Running experiment: C_12_12_MT_1
--- C_12_12_MT_1 completed in 29.03s ---
Running experiment: C_12_12_MT_2
--- C_12_12_MT_2 completed in 28.91s ---
Running experiment: C_1_0_MT_1
--- C_1_0_MT_1 completed in 16.51s ---
Running experiment: C_2_0_MT_1
--- C_2_0_MT_1 completed in 14.97s ---
Running experiment: C_12_0_MT_4
--- C_12_0_MT_4 completed in 28.99s ---
Running experiment: C_1_2_MT_1
--- C_1_2_MT_1 completed in 14.68s ---
Running experiment: C_1_2_MT_2
--- C_1_2_MT_2 completed in 16.14s ---
Running experiment: C_2_1_MT_1
--- C_2_1_MT_1 completed in 14.83s ---
Running experiment: C_2_1_MT_2
--- C_2_1_MT_2 completed in 15.23s ---
Running DC sweep: C_1_0_FIDCDD3 over m=[1, 2, 3, 4, 5, 6, 7, 8, 9, 10]
--- C_1_0_FIDCDD3 sweep done in 7.98s ---
Running DC sweep: C_2_0_CDD3FID over m=[1, 2, 3, 4, 5, 6, 7, 8, 9, 10]
--- C_2_0_CDD3FID sweep done in 7.23s ---
Running DC sweep: C_1_0_FIDFID over m=[1, 2, 3, 4, 5, 6, 7, 8, 9, 10]
--- C_1_0_FIDFID sweep done in 7.21s ---
Running DC sweep: C_2_0_FIDFID over m=[1, 2, 3, 4, 5, 6, 7, 8, 9, 10]
--- C_2_0_FIDFID sweep done in 7.21s ---
Running DC sweep: C_12_0_FID_FID over m=[1, 2, 3, 4, 5, 6, 7, 8, 9, 10]
--- C_12_0_FID_FID sweep done in 14.23s ---
Running DC sweep: C_12_12_FID over m=[1, 2, 3, 4, 5, 6, 7, 8, 9, 10]
--- C_12_12_FID sweep done in 14.23s ---
Running DC sweep: C_1_12_FID over m=[1, 2, 3, 4, 5, 6, 7, 8, 9, 10]
--- C_1_12_FID sweep done in 7.21s ---
Running DC sweep: C_2_12_FID over m=[1, 2, 3, 4, 5, 6, 7, 8, 9, 10]
--- C_2_12_FID sweep done in 7.21s ---
Running DC sweep: C_1_0_CDD1CDD1 over m=[1, 2, 3, 4, 5, 6, 7, 8, 9, 10]
--- C_1_0_CDD1CDD1 sweep done in 8.03s ---
Running DC sweep: C_1_0_CDD1CPMG over m=[1, 2, 3, 4, 5, 6, 7, 8, 9, 10]
--- C_1_0_CDD1CPMG sweep done in 8.12s ---
Results saved to /home/mqasimk/IdeaProjects/QNS-2Q/DraftRun_SPAM_featured_reference
Phase dataset saved to /home/mqasimk/IdeaProjects/QNS-2Q/DraftRun_SPAM_featured_reference/phases.npz (960 calls)
RECORDING COMPLETE in 6.1 min
