=== STRONG-SPAM TUNED RUN (raw+mitigated at --strong; reference SPAM-free) — Wed Jun 10 02:21:24 PM EDT 2026 ===
--- arm: reference  (experiments, --tuned) — Wed Jun 10 02:21:24 PM EDT 2026 ---
[spam] protocol=reference reduced=False medium=False tuned=True strong=False -> DraftRun_SPAM_featured_reference
Running QNS experiments [seed=20260608]...
SPAM protocol: none
Running experiment: C_12_0_MT_1
--- C_12_0_MT_1 completed in 196.92s ---
Running experiment: C_12_0_MT_2
--- C_12_0_MT_2 completed in 196.62s ---
Running experiment: C_12_0_MT_3
--- C_12_0_MT_3 completed in 192.48s ---
Running experiment: C_12_12_MT_1
--- C_12_12_MT_1 completed in 194.20s ---
Running experiment: C_12_12_MT_2
--- C_12_12_MT_2 completed in 192.51s ---
Running experiment: C_1_0_MT_1
--- C_1_0_MT_1 completed in 98.34s ---
Running experiment: C_2_0_MT_1
--- C_2_0_MT_1 completed in 96.76s ---
Running experiment: C_12_0_MT_4
--- C_12_0_MT_4 completed in 192.62s ---
Running experiment: C_1_2_MT_1
--- C_1_2_MT_1 completed in 96.50s ---
Running experiment: C_1_2_MT_2
--- C_1_2_MT_2 completed in 97.75s ---
Running experiment: C_2_1_MT_1
--- C_2_1_MT_1 completed in 96.54s ---
Running experiment: C_2_1_MT_2
--- C_2_1_MT_2 completed in 97.01s ---
Running DC sweep: C_1_0_FIDCDD3 over m=[1, 2, 3, 4, 5, 6, 7, 8, 9, 10]
--- C_1_0_FIDCDD3 sweep done in 68.65s ---
Running DC sweep: C_2_0_CDD3FID over m=[1, 2, 3, 4, 5, 6, 7, 8, 9, 10]
--- C_2_0_CDD3FID sweep done in 47.77s ---
Running DC sweep: C_1_0_FIDFID over m=[1, 2, 3, 4, 5, 6, 7, 8, 9, 10]
--- C_1_0_FIDFID sweep done in 47.77s ---
Running DC sweep: C_2_0_FIDFID over m=[1, 2, 3, 4, 5, 6, 7, 8, 9, 10]
--- C_2_0_FIDFID sweep done in 47.74s ---
Running DC sweep: C_12_0_FID_FID over m=[1, 2, 3, 4, 5, 6, 7, 8, 9, 10]
--- C_12_0_FID_FID sweep done in 95.26s ---
Running DC sweep: C_12_12_FID over m=[1, 2, 3, 4, 5, 6, 7, 8, 9, 10]
--- C_12_12_FID sweep done in 95.26s ---
Running DC sweep: C_1_12_FID over m=[1, 2, 3, 4, 5, 6, 7, 8, 9, 10]
--- C_1_12_FID sweep done in 47.75s ---
Running DC sweep: C_2_12_FID over m=[1, 2, 3, 4, 5, 6, 7, 8, 9, 10]
--- C_2_12_FID sweep done in 47.73s ---
Results saved to /home/mqasimk/IdeaProjects/QNS-2Q/DraftRun_SPAM_featured_reference
--- arm: reference (reconstruct) — Wed Jun 10 02:58:53 PM EDT 2026 ---
DC values (reliable?): S_11(0)=2.548e-03(True), S_22(0)=2.635e-03(True), S_1212(0)=1.452e-04(False)
[systematic] folded sigma_sys per spectrum (forward-model comb bias; RMS over harmonics, |DC bias|):
       S11: harmonic RMS =  4.793e-05  |DC bias| =  1.185e-05
       S22: harmonic RMS =  7.150e-05  |DC bias| =  1.196e-05
     S1212: harmonic RMS =  3.981e-06  |DC bias| =  2.474e-06  [DC flagged: not determined]
       S12: harmonic RMS =  3.540e-05  |DC bias| =  1.982e-05  [DC flagged: not determined]
      S112: harmonic RMS =  1.669e-05  |DC bias| =  6.825e-06
      S212: harmonic RMS =  1.643e-05  |DC bias| =  1.265e-06  [DC flagged: not determined]
Saved combined spectra plot to /home/mqasimk/IdeaProjects/QNS-2Q/DraftRun_SPAM_featured_reference/figures/reconstruction/spectral_reconstruction_all_pub.pdf
Saved cross-spectra plot to /home/mqasimk/IdeaProjects/QNS-2Q/DraftRun_SPAM_featured_reference/figures/reconstruction/spectral_reconstruction_cross_pub.pdf
--- arm: raw --strong (experiments, --tuned) — Wed Jun 10 02:59:36 PM EDT 2026 ---
