=== QUICK STRONG RUN (4000 shots, t_grain 1200, w_grain 500) — Wed Jun 10 04:27:20 PM EDT 2026 ===
Running QNS experiments [seed=20260608]...
SPAM protocol: none
[dataset] recording phase coefficients -> /home/mqasimk/IdeaProjects/QNS-2Q/DraftRun_SPAM_featured_reference/phases.npz
Running experiment: C_12_0_MT_1
--- C_12_0_MT_1 completed in 7.17s ---
Running experiment: C_12_0_MT_2
--- C_12_0_MT_2 completed in 7.06s ---
Running experiment: C_12_0_MT_3
--- C_12_0_MT_3 completed in 2.89s ---
Running experiment: C_12_12_MT_1
--- C_12_12_MT_1 completed in 2.96s ---
Running experiment: C_12_12_MT_2
--- C_12_12_MT_2 completed in 2.86s ---
Running experiment: C_1_0_MT_1
--- C_1_0_MT_1 completed in 3.39s ---
Running experiment: C_2_0_MT_1
--- C_2_0_MT_1 completed in 1.86s ---
Running experiment: C_12_0_MT_4
--- C_12_0_MT_4 completed in 2.93s ---
Running experiment: C_1_2_MT_1
--- C_1_2_MT_1 completed in 1.58s ---
Running experiment: C_1_2_MT_2
--- C_1_2_MT_2 completed in 2.85s ---
Running experiment: C_2_1_MT_1
--- C_2_1_MT_1 completed in 1.59s ---
Running experiment: C_2_1_MT_2
--- C_2_1_MT_2 completed in 2.10s ---
Running DC sweep: C_1_0_FIDCDD3 over m=[1, 2, 3, 4, 5, 6, 7, 8, 9, 10]
--- C_1_0_FIDCDD3 sweep done in 1.40s ---
Running DC sweep: C_2_0_CDD3FID over m=[1, 2, 3, 4, 5, 6, 7, 8, 9, 10]
--- C_2_0_CDD3FID sweep done in 0.70s ---
Running DC sweep: C_1_0_FIDFID over m=[1, 2, 3, 4, 5, 6, 7, 8, 9, 10]
--- C_1_0_FIDFID sweep done in 0.67s ---
Running DC sweep: C_2_0_FIDFID over m=[1, 2, 3, 4, 5, 6, 7, 8, 9, 10]
--- C_2_0_FIDFID sweep done in 0.67s ---
Running DC sweep: C_12_0_FID_FID over m=[1, 2, 3, 4, 5, 6, 7, 8, 9, 10]
--- C_12_0_FID_FID sweep done in 1.22s ---
Running DC sweep: C_12_12_FID over m=[1, 2, 3, 4, 5, 6, 7, 8, 9, 10]
--- C_12_12_FID sweep done in 1.21s ---
Running DC sweep: C_1_12_FID over m=[1, 2, 3, 4, 5, 6, 7, 8, 9, 10]
--- C_1_12_FID sweep done in 0.67s ---
Running DC sweep: C_2_12_FID over m=[1, 2, 3, 4, 5, 6, 7, 8, 9, 10]
--- C_2_12_FID sweep done in 0.67s ---
Results saved to /home/mqasimk/IdeaProjects/QNS-2Q/DraftRun_SPAM_featured_reference
Phase dataset saved to /home/mqasimk/IdeaProjects/QNS-2Q/DraftRun_SPAM_featured_reference/phases.npz (920 calls)
Running QNS experiments [seed=20260608]...
SPAM protocol: raw
[dataset] replaying phase coefficients <- /home/mqasimk/IdeaProjects/QNS-2Q/DraftRun_SPAM_featured_reference/phases.npz (920 calls)
Running experiment: C_12_0_MT_1
--- C_12_0_MT_1 completed in 0.48s ---
Running experiment: C_12_0_MT_2
--- C_12_0_MT_2 completed in 0.39s ---
Running experiment: C_12_0_MT_3
--- C_12_0_MT_3 completed in 0.37s ---
Running experiment: C_12_12_MT_1
--- C_12_12_MT_1 completed in 0.47s ---
Running experiment: C_12_12_MT_2
--- C_12_12_MT_2 completed in 0.40s ---
Running experiment: C_1_0_MT_1
--- C_1_0_MT_1 completed in 0.61s ---
Running experiment: C_2_0_MT_1
--- C_2_0_MT_1 completed in 0.60s ---
Running experiment: C_12_0_MT_4
--- C_12_0_MT_4 completed in 0.48s ---
Running experiment: C_1_2_MT_1
--- C_1_2_MT_1 completed in 0.35s ---
Running experiment: C_1_2_MT_2
--- C_1_2_MT_2 completed in 0.85s ---
Running experiment: C_2_1_MT_1
--- C_2_1_MT_1 completed in 0.34s ---
Running experiment: C_2_1_MT_2
--- C_2_1_MT_2 completed in 0.85s ---
Running DC sweep: C_1_0_FIDCDD3 over m=[1, 2, 3, 4, 5, 6, 7, 8, 9, 10]
--- C_1_0_FIDCDD3 sweep done in 0.14s ---
Running DC sweep: C_2_0_CDD3FID over m=[1, 2, 3, 4, 5, 6, 7, 8, 9, 10]
--- C_2_0_CDD3FID sweep done in 0.14s ---
Running DC sweep: C_1_0_FIDFID over m=[1, 2, 3, 4, 5, 6, 7, 8, 9, 10]
--- C_1_0_FIDFID sweep done in 0.12s ---
Running DC sweep: C_2_0_FIDFID over m=[1, 2, 3, 4, 5, 6, 7, 8, 9, 10]
--- C_2_0_FIDFID sweep done in 0.12s ---
Running DC sweep: C_12_0_FID_FID over m=[1, 2, 3, 4, 5, 6, 7, 8, 9, 10]
--- C_12_0_FID_FID sweep done in 0.12s ---
Running DC sweep: C_12_12_FID over m=[1, 2, 3, 4, 5, 6, 7, 8, 9, 10]
--- C_12_12_FID sweep done in 0.12s ---
Running DC sweep: C_1_12_FID over m=[1, 2, 3, 4, 5, 6, 7, 8, 9, 10]
--- C_1_12_FID sweep done in 0.12s ---
Running DC sweep: C_2_12_FID over m=[1, 2, 3, 4, 5, 6, 7, 8, 9, 10]
--- C_2_12_FID sweep done in 0.12s ---
Results saved to /home/mqasimk/IdeaProjects/QNS-2Q/DraftRun_SPAM_featured_raw
Running QNS experiments [seed=20260608]...
SPAM protocol: mitigated
[dataset] replaying phase coefficients <- /home/mqasimk/IdeaProjects/QNS-2Q/DraftRun_SPAM_featured_reference/phases.npz (920 calls)
Running experiment: C_12_0_MT_1
--- C_12_0_MT_1 completed in 0.49s ---
Running experiment: C_12_0_MT_2
--- C_12_0_MT_2 completed in 0.39s ---
Running experiment: C_12_0_MT_3
--- C_12_0_MT_3 completed in 0.39s ---
Running experiment: C_12_12_MT_1
--- C_12_12_MT_1 completed in 0.48s ---
Running experiment: C_12_12_MT_2
--- C_12_12_MT_2 completed in 0.39s ---
Running experiment: C_1_0_MT_1
--- C_1_0_MT_1 completed in 0.59s ---
Running experiment: C_2_0_MT_1
--- C_2_0_MT_1 completed in 0.58s ---
Running experiment: C_12_0_MT_4
--- C_12_0_MT_4 completed in 0.47s ---
Running experiment: C_1_2_MT_1
--- C_1_2_MT_1 completed in 0.34s ---
Running experiment: C_1_2_MT_2
--- C_1_2_MT_2 completed in 0.84s ---
Running experiment: C_2_1_MT_1
--- C_2_1_MT_1 completed in 0.34s ---
Running experiment: C_2_1_MT_2
--- C_2_1_MT_2 completed in 0.84s ---
Running DC sweep: C_1_0_FIDCDD3 over m=[1, 2, 3, 4, 5, 6, 7, 8, 9, 10]
--- C_1_0_FIDCDD3 sweep done in 0.14s ---
Running DC sweep: C_2_0_CDD3FID over m=[1, 2, 3, 4, 5, 6, 7, 8, 9, 10]
--- C_2_0_CDD3FID sweep done in 0.14s ---
Running DC sweep: C_1_0_FIDFID over m=[1, 2, 3, 4, 5, 6, 7, 8, 9, 10]
--- C_1_0_FIDFID sweep done in 0.12s ---
Running DC sweep: C_2_0_FIDFID over m=[1, 2, 3, 4, 5, 6, 7, 8, 9, 10]
--- C_2_0_FIDFID sweep done in 0.12s ---
Running DC sweep: C_12_0_FID_FID over m=[1, 2, 3, 4, 5, 6, 7, 8, 9, 10]
--- C_12_0_FID_FID sweep done in 0.12s ---
Running DC sweep: C_12_12_FID over m=[1, 2, 3, 4, 5, 6, 7, 8, 9, 10]
--- C_12_12_FID sweep done in 0.12s ---
Running DC sweep: C_1_12_FID over m=[1, 2, 3, 4, 5, 6, 7, 8, 9, 10]
--- C_1_12_FID sweep done in 0.12s ---
Running DC sweep: C_2_12_FID over m=[1, 2, 3, 4, 5, 6, 7, 8, 9, 10]
--- C_2_12_FID sweep done in 0.12s ---
Results saved to /home/mqasimk/IdeaProjects/QNS-2Q/DraftRun_SPAM_featured_mitigated
DC values (reliable?): S_11(0)=2.708e-03(True), S_22(0)=2.741e-03(True), S_1212(0)=4.455e-04(False)
[systematic] folded sigma_sys per spectrum (forward-model comb bias; RMS over harmonics, |DC bias|):
       S11: harmonic RMS =  4.776e-05  |DC bias| =  1.185e-05
       S22: harmonic RMS =  7.071e-05  |DC bias| =  1.196e-05
     S1212: harmonic RMS =  3.927e-06  |DC bias| =  2.474e-06  [DC flagged: not determined]
       S12: harmonic RMS =  3.893e-05  |DC bias| =  1.982e-05  [DC flagged: not determined]
      S112: harmonic RMS =  1.661e-05  |DC bias| =  6.825e-06
      S212: harmonic RMS =  1.635e-05  |DC bias| =  1.265e-06  [DC flagged: not determined]
Saved combined spectra plot to /home/mqasimk/IdeaProjects/QNS-2Q/DraftRun_SPAM_featured_reference/figures/reconstruction/spectral_reconstruction_all_pub.pdf
Saved cross-spectra plot to /home/mqasimk/IdeaProjects/QNS-2Q/DraftRun_SPAM_featured_reference/figures/reconstruction/spectral_reconstruction_cross_pub.pdf
DC values (reliable?): S_11(0)=2.069e-03(True), S_22(0)=3.280e-03(False), S_1212(0)=3.333e-04(False)
[systematic] folded sigma_sys per spectrum (forward-model comb bias; RMS over harmonics, |DC bias|):
       S11: harmonic RMS =  4.776e-05  |DC bias| =  1.185e-05
       S22: harmonic RMS =  7.071e-05  |DC bias| =  1.196e-05  [DC flagged: not determined]
     S1212: harmonic RMS =  3.927e-06  |DC bias| =  2.474e-06  [DC flagged: not determined]
       S12: harmonic RMS =  3.893e-05  |DC bias| =  1.982e-05  [DC flagged: not determined]
      S112: harmonic RMS =  1.661e-05  |DC bias| =  6.825e-06  [DC flagged: not determined]
      S212: harmonic RMS =  1.635e-05  |DC bias| =  1.265e-06  [DC flagged: not determined]
Saved combined spectra plot to /home/mqasimk/IdeaProjects/QNS-2Q/DraftRun_SPAM_featured_raw/figures/reconstruction/spectral_reconstruction_all_pub.pdf
Saved cross-spectra plot to /home/mqasimk/IdeaProjects/QNS-2Q/DraftRun_SPAM_featured_raw/figures/reconstruction/spectral_reconstruction_cross_pub.pdf
DC values (reliable?): S_11(0)=2.712e-03(True), S_22(0)=2.741e-03(True), S_1212(0)=4.426e-04(False)
[systematic] folded sigma_sys per spectrum (forward-model comb bias; RMS over harmonics, |DC bias|):
       S11: harmonic RMS =  4.776e-05  |DC bias| =  1.185e-05
       S22: harmonic RMS =  7.071e-05  |DC bias| =  1.196e-05
     S1212: harmonic RMS =  3.927e-06  |DC bias| =  2.474e-06  [DC flagged: not determined]
       S12: harmonic RMS =  3.893e-05  |DC bias| =  1.982e-05  [DC flagged: not determined]
      S112: harmonic RMS =  1.661e-05  |DC bias| =  6.825e-06
      S212: harmonic RMS =  1.635e-05  |DC bias| =  1.265e-06  [DC flagged: not determined]
Saved combined spectra plot to /home/mqasimk/IdeaProjects/QNS-2Q/DraftRun_SPAM_featured_mitigated/figures/reconstruction/spectral_reconstruction_all_pub.pdf
Saved cross-spectra plot to /home/mqasimk/IdeaProjects/QNS-2Q/DraftRun_SPAM_featured_mitigated/figures/reconstruction/spectral_reconstruction_cross_pub.pdf
=== comparison — Wed Jun 10 04:30:37 PM EDT 2026 ===
spectrum |        no SPAM (reference) |          SPAM, unmitigated |             SPAM-mitigated |
         |     rel.dev / pull / <2sig |     rel.dev / pull / <2sig |     rel.dev / pull / <2sig |
-------------------------------------------------------------------------------------------------
     S11 |   9.56% / 0.89 / 100% |  17.27% / 1.17 /  81% |   9.56% / 0.89 / 100% |
     S22 |   9.86% / 0.94 /  86% |  10.09% / 0.89 /  76% |   9.86% / 0.97 /  86% |
   S1212 |  19.60% / 0.87 / 100% |  16.30% / 0.89 / 100% |  20.37% / 0.90 / 100% |
     S12 |  19.53% / 0.72 / 100% |  19.07% / 0.70 / 100% |  19.53% / 0.71 / 100% |
    S112 |  17.94% / 0.78 / 100% |  24.14% / 1.13 /  76% |  19.63% / 0.76 / 100% |
    S212 |  37.69% / 0.86 /  95% |  40.77% / 0.93 / 100% |  37.35% / 0.87 /  95% |

Saved comparison figure to /home/mqasimk/IdeaProjects/QNS-2Q/DraftRun_SPAM_featured_mitigated/figures/spam_protocol_comparison.pdf
Saved pulls figure to /home/mqasimk/IdeaProjects/QNS-2Q/DraftRun_SPAM_featured_mitigated/figures/spam_protocol_pulls.pdf
=== QUICK RUN COMPLETE — Wed Jun 10 04:30:40 PM EDT 2026 ===
