=== REPLAY raw (strong SPAM, 64k, echo observables) ===
Running QNS experiments [seed=20260608]...
SPAM protocol: raw
[dataset] replaying phase coefficients <- /home/mqasimk/IdeaProjects/QNS-2Q/DraftRun_SPAM_featured_reference/phases.npz (960 calls)
Running experiment: C_12_0_MT_1
--- C_12_0_MT_1 completed in 2.35s ---
Running experiment: C_12_0_MT_2
--- C_12_0_MT_2 completed in 4.67s ---
Running experiment: C_12_0_MT_3
--- C_12_0_MT_3 completed in 0.55s ---
Running experiment: C_12_12_MT_1
--- C_12_12_MT_1 completed in 0.67s ---
Running experiment: C_12_12_MT_2
--- C_12_12_MT_2 completed in 0.60s ---
Running experiment: C_1_0_MT_1
--- C_1_0_MT_1 completed in 2.36s ---
Running experiment: C_2_0_MT_1
--- C_2_0_MT_1 completed in 0.77s ---
Running experiment: C_12_0_MT_4
--- C_12_0_MT_4 completed in 0.71s ---
Running experiment: C_1_2_MT_1
--- C_1_2_MT_1 completed in 0.60s ---
Running experiment: C_1_2_MT_2
--- C_1_2_MT_2 completed in 2.01s ---
Running experiment: C_2_1_MT_1
--- C_2_1_MT_1 completed in 0.53s ---
Running experiment: C_2_1_MT_2
--- C_2_1_MT_2 completed in 1.08s ---
Running DC sweep: C_1_0_FIDCDD3 over m=[1, 2, 3, 4, 5, 6, 7, 8, 9, 10]
--- C_1_0_FIDCDD3 sweep done in 0.53s ---
Running DC sweep: C_2_0_CDD3FID over m=[1, 2, 3, 4, 5, 6, 7, 8, 9, 10]
--- C_2_0_CDD3FID sweep done in 0.22s ---
Running DC sweep: C_1_0_FIDFID over m=[1, 2, 3, 4, 5, 6, 7, 8, 9, 10]
--- C_1_0_FIDFID sweep done in 0.20s ---
Running DC sweep: C_2_0_FIDFID over m=[1, 2, 3, 4, 5, 6, 7, 8, 9, 10]
--- C_2_0_FIDFID sweep done in 0.23s ---
Running DC sweep: C_12_0_FID_FID over m=[1, 2, 3, 4, 5, 6, 7, 8, 9, 10]
--- C_12_0_FID_FID sweep done in 0.20s ---
Running DC sweep: C_12_12_FID over m=[1, 2, 3, 4, 5, 6, 7, 8, 9, 10]
--- C_12_12_FID sweep done in 0.19s ---
Running DC sweep: C_1_12_FID over m=[1, 2, 3, 4, 5, 6, 7, 8, 9, 10]
--- C_1_12_FID sweep done in 0.20s ---
Running DC sweep: C_2_12_FID over m=[1, 2, 3, 4, 5, 6, 7, 8, 9, 10]
--- C_2_12_FID sweep done in 0.19s ---
Running DC sweep: C_1_0_CDD1CDD1 over m=[1, 2, 3, 4, 5, 6, 7, 8, 9, 10]
--- C_1_0_CDD1CDD1 sweep done in 1.02s ---
Running DC sweep: C_1_0_CDD1CPMG over m=[1, 2, 3, 4, 5, 6, 7, 8, 9, 10]
--- C_1_0_CDD1CPMG sweep done in 1.10s ---
Results saved to /home/mqasimk/IdeaProjects/QNS-2Q/DraftRun_SPAM_featured_raw
REPLAY raw COMPLETE in 0.4 min
=== REPLAY mitigated (strong SPAM, 64k, echo observables) ===
Running QNS experiments [seed=20260608]...
SPAM protocol: mitigated
[dataset] replaying phase coefficients <- /home/mqasimk/IdeaProjects/QNS-2Q/DraftRun_SPAM_featured_reference/phases.npz (960 calls)
Running experiment: C_12_0_MT_1
--- C_12_0_MT_1 completed in 0.67s ---
Running experiment: C_12_0_MT_2
--- C_12_0_MT_2 completed in 0.54s ---
Running experiment: C_12_0_MT_3
--- C_12_0_MT_3 completed in 0.55s ---
Running experiment: C_12_12_MT_1
--- C_12_12_MT_1 completed in 0.67s ---
Running experiment: C_12_12_MT_2
--- C_12_12_MT_2 completed in 0.55s ---
Running experiment: C_1_0_MT_1
--- C_1_0_MT_1 completed in 0.76s ---
Running experiment: C_2_0_MT_1
--- C_2_0_MT_1 completed in 0.75s ---
Running experiment: C_12_0_MT_4
--- C_12_0_MT_4 completed in 0.64s ---
Running experiment: C_1_2_MT_1
--- C_1_2_MT_1 completed in 0.49s ---
Running experiment: C_1_2_MT_2
--- C_1_2_MT_2 completed in 1.02s ---
Running experiment: C_2_1_MT_1
--- C_2_1_MT_1 completed in 0.50s ---
Running experiment: C_2_1_MT_2
--- C_2_1_MT_2 completed in 1.03s ---
Running DC sweep: C_1_0_FIDCDD3 over m=[1, 2, 3, 4, 5, 6, 7, 8, 9, 10]
--- C_1_0_FIDCDD3 sweep done in 0.22s ---
Running DC sweep: C_2_0_CDD3FID over m=[1, 2, 3, 4, 5, 6, 7, 8, 9, 10]
--- C_2_0_CDD3FID sweep done in 0.21s ---
Running DC sweep: C_1_0_FIDFID over m=[1, 2, 3, 4, 5, 6, 7, 8, 9, 10]
--- C_1_0_FIDFID sweep done in 0.19s ---
Running DC sweep: C_2_0_FIDFID over m=[1, 2, 3, 4, 5, 6, 7, 8, 9, 10]
--- C_2_0_FIDFID sweep done in 0.20s ---
Running DC sweep: C_12_0_FID_FID over m=[1, 2, 3, 4, 5, 6, 7, 8, 9, 10]
--- C_12_0_FID_FID sweep done in 0.19s ---
Running DC sweep: C_12_12_FID over m=[1, 2, 3, 4, 5, 6, 7, 8, 9, 10]
--- C_12_12_FID sweep done in 0.19s ---
Running DC sweep: C_1_12_FID over m=[1, 2, 3, 4, 5, 6, 7, 8, 9, 10]
--- C_1_12_FID sweep done in 0.19s ---
Running DC sweep: C_2_12_FID over m=[1, 2, 3, 4, 5, 6, 7, 8, 9, 10]
--- C_2_12_FID sweep done in 0.20s ---
Running DC sweep: C_1_0_CDD1CDD1 over m=[1, 2, 3, 4, 5, 6, 7, 8, 9, 10]
--- C_1_0_CDD1CDD1 sweep done in 1.00s ---
Running DC sweep: C_1_0_CDD1CPMG over m=[1, 2, 3, 4, 5, 6, 7, 8, 9, 10]
--- C_1_0_CDD1CPMG sweep done in 1.02s ---
Results saved to /home/mqasimk/IdeaProjects/QNS-2Q/DraftRun_SPAM_featured_mitigated
REPLAY mitigated COMPLETE in 0.2 min
ALL REPLAYS DONE
